Rise: 65.00
Rise: 115.00
Rise: 192.00
Rise: 301.00
Rise: 412.00
Rise: 521.00
Rise: 634.00
Rise: 746.00
Rise: 864.00
Rise: 976.00
Rise: 1089.00
Rise: 1203.00
Rise: 1318.00
Rise: 1419.00
Rise: 1531.00
Rise: 1645.00
Rise: 1753.00
Rise: 1863.00
Rise: 1975.00
Rise: 2080.00
Rise: 2192.00
Rise: 2303.00
Rise: 2412.00
Rise: 2523.00
Rise: 2625.00
Rise: 2735.00
Rise: 2850.00
Rise: 2972.00
Rise: 3082.00
Rise: 3195.00
Rise: 3300.00
Rise: 3404.00
Rise: 3520.00
Rise: 3629.00
Rise: 3740.00
Rise: 3855.00
Rise: 3964.00
Rise: 4070.00
Rise: 4120.00
Rise: 4244.00
