Rise: 65.00
Rise: 65.00
Rise: 65.00
Rise: 65.00
Rise: 66.00
Rise: 104.00
Rise: 189.00
Rise: 204.00
Rise: 301.00
Rise: 304.00
Rise: 416.00
Rise: 416.00
Rise: 525.00
Rise: 525.00
Rise: 554.00
Rise: 636.00
Rise: 654.00
Rise: 744.00
Rise: 754.00
Rise: 855.00
Rise: 855.00
Rise: 965.00
Rise: 965.00
Rise: 1070.00
Rise: 1070.00
Rise: 1179.00
Rise: 1179.00
Rise: 1204.00
Rise: 1288.00
Rise: 1304.00
Rise: 1394.00
Rise: 1404.00
Rise: 1507.00
Rise: 1507.00
Rise: 1618.00
Rise: 1618.00
Rise: 1724.00
Rise: 1724.00
Rise: 1754.00
Rise: 1831.00
Rise: 1854.00
Rise: 1942.00
Rise: 1954.00
Rise: 2055.00
Rise: 2055.00
Rise: 2160.00
Rise: 2160.00
Rise: 2269.00
Rise: 2269.00
Rise: 2376.00
Rise: 2376.00
Rise: 2404.00
Rise: 2480.00
Rise: 2504.00
Rise: 2587.00
Rise: 2604.00
Rise: 2693.00
Rise: 2704.00
Rise: 2804.00
Rise: 2804.00
Rise: 2914.00
Rise: 2914.00
Rise: 2954.00
Rise: 3004.00
