Rise: 1.00
Rise: 234.00
Rise: 441.00
Rise: 651.00
Rise: 856.00
Rise: 1065.00
Rise: 1268.00
Rise: 1400.00
Rise: 1600.00
Rise: 1800.00
Rise: 2000.00
Rise: 2200.00
Rise: 2459.00
Rise: 2600.00
Rise: 2800.00
Rise: 3001.00
Rise: 3251.00
Rise: 3400.00
Rise: 3600.00
Rise: 3801.00
Rise: 4042.00
Rise: 4200.00
Rise: 4400.00
Rise: 4601.00
Rise: 4829.00
Rise: 5000.00
Rise: 5200.00
Rise: 5401.00
Rise: 5616.00
Rise: 5800.00
Rise: 6000.00
Rise: 6201.00
Rise: 6403.00
Rise: 6665.00
Rise: 6800.00
Rise: 7000.00
Rise: 7201.00
Rise: 7453.00
Rise: 7600.00
Rise: 7800.00
Rise: 8001.00
Rise: 8247.00
Rise: 8400.00
Rise: 8600.00
Rise: 8801.00
Rise: 9045.00
Rise: 9200.00
Rise: 9400.00
Rise: 9601.00
Rise: 9844.00
Rise: 10000.00
Rise: 10200.00
Rise: 10401.00
Rise: 10633.00
Rise: 10800.00
Rise: 11000.00
Rise: 11201.00
Rise: 11426.00
Rise: 11600.00
Rise: 11800.00
Rise: 12001.00
Rise: 12216.00
Rise: 12400.00
Rise: 12600.00
Rise: 12801.00
Rise: 13004.00
Rise: 13270.00
Rise: 13400.00
Rise: 13600.00
Rise: 13801.00
Rise: 14063.00
Rise: 14200.00
Rise: 14400.00
Rise: 14601.00
Rise: 14850.00
Rise: 15000.00
Rise: 15200.00
Rise: 15401.00
Rise: 15642.00
Rise: 15800.00
Rise: 16000.00
Rise: 16201.00
Rise: 16432.00
Rise: 16600.00
Rise: 16800.00
Rise: 17001.00
Rise: 17224.00
Rise: 17400.00
Rise: 17600.00
Rise: 17801.00
Rise: 18015.00
Rise: 18200.00
Rise: 18400.00
Rise: 18601.00
Rise: 18808.00
Rise: 19000.00
Rise: 19200.00
Rise: 19401.00
Rise: 19605.00
Rise: 19870.00
Rise: 20000.00
Rise: 20200.00
Rise: 20402.00
Rise: 20665.00
Rise: 20800.00
Rise: 21000.00
Rise: 21201.00
Rise: 21462.00
Rise: 21600.00
Rise: 21800.00
Rise: 22001.00
Rise: 22251.00
Rise: 22400.00
Rise: 22600.00
Rise: 22801.00
Rise: 23043.00
Rise: 23200.00
Rise: 23400.00
Rise: 23601.00
Rise: 23831.00
Rise: 24000.00
Rise: 24200.00
Rise: 24401.00
Rise: 24625.00
Rise: 24800.00
Rise: 25000.00
Rise: 25201.00
Rise: 25418.00
Rise: 25600.00
Rise: 25800.00
Rise: 26001.00
Rise: 26210.00
Rise: 26400.00
Rise: 26600.00
Rise: 26801.00
Rise: 27005.00
Rise: 27271.00
Rise: 27400.00
Rise: 27600.00
Rise: 27801.00
Rise: 28058.00
Rise: 28200.00
Rise: 28400.00
Rise: 28601.00
Rise: 28848.00
Rise: 29000.00
Rise: 29200.00
Rise: 29401.00
Rise: 29638.00
Rise: 29800.00
Rise: 30000.00
Rise: 30201.00
Rise: 30430.00
Rise: 30600.00
Rise: 30800.00
Rise: 31001.00
Rise: 31221.00
Rise: 31400.00
Rise: 31600.00
Rise: 31801.00
Rise: 32014.00
Rise: 32200.00
Rise: 32400.00
Rise: 32600.00
Rise: 32802.00
Rise: 33066.00
Rise: 33200.00
Rise: 33400.00
Rise: 33601.00
Rise: 33858.00
Rise: 34000.00
Rise: 34200.00
Rise: 34401.00
Rise: 34649.00
Rise: 34800.00
Rise: 35000.00
Rise: 35201.00
Rise: 35439.00
Rise: 35600.00
Rise: 35800.00
Rise: 36001.00
Rise: 36235.00
Rise: 36400.00
Rise: 36600.00
Rise: 36801.00
Rise: 37029.00
Rise: 37200.00
Rise: 37400.00
Rise: 37601.00
Rise: 37819.00
Rise: 38000.00
Rise: 38200.00
Rise: 38401.00
Rise: 38610.00
Rise: 38800.00
Rise: 39000.00
Rise: 39201.00
Rise: 39403.00
Rise: 39665.00
Rise: 39800.00
Rise: 40000.00
Rise: 40201.00
Rise: 40459.00
Rise: 40600.00
Rise: 40800.00
Rise: 41001.00
Rise: 41253.00
Rise: 41400.00
Rise: 41600.00
Rise: 41801.00
Rise: 42045.00
Rise: 42200.00
Rise: 42400.00
Rise: 42601.00
Rise: 42837.00
Rise: 43000.00
Rise: 43200.00
Rise: 43401.00
Rise: 43625.00
Rise: 43800.00
Rise: 44000.00
Rise: 44201.00
Rise: 44420.00
Rise: 44600.00
Rise: 44800.00
Rise: 45001.00
Rise: 45221.00
Rise: 45400.00
Rise: 45600.00
Rise: 45801.00
Rise: 46018.00
Rise: 46200.00
Rise: 46400.00
Rise: 46601.00
Rise: 46815.00
Rise: 47000.00
Rise: 47203.00
Rise: 47400.00
Rise: 47600.00
Rise: 47801.00
Rise: 48019.00
Rise: 48200.00
Rise: 48400.00
Rise: 48601.00
Rise: 48811.00
Rise: 49074.00
Rise: 49200.00
Rise: 49400.00
Rise: 49601.00
Rise: 49863.00
Rise: 50000.00
Rise: 50200.00
Rise: 50401.00
Rise: 50658.00
Rise: 50800.00
Rise: 51000.00
Rise: 51201.00
Rise: 51452.00
Rise: 51600.00
Rise: 51800.00
Rise: 52001.00
Rise: 52239.00
Rise: 52400.00
Rise: 52600.00
Rise: 52801.00
Rise: 53038.00
Rise: 53200.00
Rise: 53400.00
Rise: 53601.00
Rise: 53821.00
Rise: 54000.00
Rise: 54200.00
Rise: 54401.00
Rise: 54615.00
Rise: 54800.00
Rise: 55000.00
Rise: 55201.00
Rise: 55409.00
Rise: 55672.00
Rise: 55800.00
Rise: 56000.00
Rise: 56201.00
Rise: 56463.00
Rise: 56600.00
Rise: 56800.00
Rise: 57001.00
Rise: 57260.00
Rise: 57400.00
Rise: 57600.00
Rise: 57801.00
Rise: 58047.00
Rise: 58200.00
Rise: 58400.00
Rise: 58601.00
Rise: 58847.00
Rise: 59000.00
Rise: 59200.00
Rise: 59401.00
Rise: 59641.00
Rise: 59800.00
Rise: 60000.00
Rise: 60201.00
Rise: 60430.00
Rise: 60600.00
Rise: 60800.00
Rise: 61001.00
Rise: 61224.00
Rise: 61400.00
Rise: 61600.00
Rise: 61801.00
Rise: 62008.00
Rise: 62272.00
Rise: 62400.00
Rise: 62600.00
Rise: 62801.00
Rise: 63065.00
Rise: 63200.00
Rise: 63400.00
Rise: 63601.00
Rise: 63858.00
Rise: 64000.00
Rise: 64200.00
Rise: 64401.00
Rise: 64653.00
Rise: 64800.00
Rise: 65000.00
Rise: 65201.00
Rise: 65440.00
Rise: 65600.00
Rise: 65800.00
Rise: 66001.00
Rise: 66236.00
Rise: 66400.00
Rise: 66600.00
Rise: 66801.00
Rise: 67035.00
Rise: 67200.00
Rise: 67400.00
Rise: 67601.00
Rise: 67831.00
Rise: 68000.00
Rise: 68200.00
Rise: 68401.00
Rise: 68624.00
Rise: 68800.00
Rise: 69000.00
Rise: 69201.00
Rise: 69415.00
Rise: 69600.00
Rise: 69800.00
Rise: 70001.00
Rise: 70207.00
Rise: 70471.00
Rise: 70600.00
Rise: 70800.00
Rise: 71001.00
Rise: 71258.00
Rise: 71400.00
Rise: 71600.00
Rise: 71801.00
Rise: 72053.00
Rise: 72200.00
Rise: 72400.00
Rise: 72601.00
Rise: 72847.00
Rise: 73000.00
Rise: 73200.00
Rise: 73401.00
Rise: 73640.00
Rise: 73800.00
Rise: 74000.00
Rise: 74201.00
Rise: 74429.00
Rise: 74600.00
Rise: 74800.00
Rise: 75001.00
Rise: 75224.00
Rise: 75400.00
Rise: 75600.00
Rise: 75801.00
Rise: 76011.00
Rise: 76275.00
Rise: 76400.00
Rise: 76600.00
Rise: 76802.00
Rise: 77067.00
Rise: 77200.00
Rise: 77400.00
Rise: 77601.00
Rise: 77852.00
Rise: 78000.00
Rise: 78200.00
Rise: 78401.00
Rise: 78642.00
Rise: 78800.00
Rise: 79000.00
Rise: 79201.00
Rise: 79433.00
Rise: 79600.00
Rise: 79800.00
Fall: 80001.00
Fall: 80100.00
Fall: 80226.00
Fall: 80300.00
Fall: 80400.00
Fall: 80501.00
Fall: 80600.00
Fall: 80750.00
Fall: 80800.00
Fall: 80900.00
Fall: 81017.00
Fall: 81100.00
Fall: 81200.00
Fall: 81301.00
Fall: 81400.00
Fall: 81548.00
Fall: 81600.00
Fall: 81700.00
Fall: 81810.00
Fall: 81900.00
Fall: 82074.00
Fall: 82100.00
Fall: 82200.00
Fall: 82337.00
Fall: 82400.00
Fall: 82500.00
Fall: 82602.00
Fall: 82700.00
Fall: 82868.00
Fall: 82900.00
Fall: 83000.00
Fall: 83129.00
Fall: 83200.00
Fall: 83300.00
Fall: 83401.00
Fall: 83500.00
Fall: 83657.00
Fall: 83700.00
Fall: 83800.00
Fall: 83920.00
Fall: 84000.00
Fall: 84100.00
Fall: 84201.00
Fall: 84300.00
Fall: 84449.00
Fall: 84500.00
Fall: 84600.00
Fall: 84717.00
Fall: 84800.00
Fall: 84900.00
Fall: 85001.00
Fall: 85100.00
Fall: 85242.00
Fall: 85300.00
Fall: 85400.00
Fall: 85506.00
Fall: 85600.00
Fall: 85767.00
Fall: 85800.00
Fall: 85900.00
Fall: 86034.00
Fall: 86100.00
Fall: 86200.00
Fall: 86301.00
Fall: 86400.00
Fall: 86563.00
Fall: 86600.00
Fall: 86700.00
Fall: 86823.00
Fall: 86900.00
Fall: 87000.00
Fall: 87101.00
Fall: 87200.00
Fall: 87349.00
Fall: 87400.00
Fall: 87500.00
Fall: 87612.00
Fall: 87700.00
Fall: 87875.00
Fall: 87900.00
Fall: 88000.00
Fall: 88136.00
Fall: 88200.00
Fall: 88300.00
Fall: 88401.00
Fall: 88500.00
Fall: 88665.00
Fall: 88700.00
Fall: 88800.00
Fall: 88932.00
Fall: 89000.00
Fall: 89100.00
Fall: 89201.00
Fall: 89300.00
Fall: 89459.00
Fall: 89500.00
Fall: 89600.00
Fall: 89721.00
Fall: 89800.00
Fall: 89900.00
Fall: 90001.00
Fall: 90100.00
Fall: 90246.00
Fall: 90300.00
Fall: 90400.00
Fall: 90513.00
Fall: 90600.00
Fall: 90773.00
Fall: 90800.00
Fall: 90900.00
Fall: 91034.00
Fall: 91100.00
Fall: 91200.00
Fall: 91301.00
Fall: 91400.00
Fall: 91569.00
Fall: 91600.00
Fall: 91700.00
Fall: 91830.00
Fall: 91900.00
Fall: 92000.00
Fall: 92101.00
Fall: 92200.00
Fall: 92362.00
Fall: 92400.00
Fall: 92500.00
Fall: 92627.00
Fall: 92700.00
Fall: 92800.00
Fall: 92901.00
Fall: 93000.00
Fall: 93158.00
Fall: 93200.00
Fall: 93300.00
Fall: 93425.00
Fall: 93500.00
Fall: 93600.00
Fall: 93701.00
Fall: 93800.00
Fall: 93948.00
Fall: 94000.00
Fall: 94100.00
Fall: 94216.00
Fall: 94300.00
Fall: 94400.00
Fall: 94501.00
Fall: 94600.00
Fall: 94754.00
Fall: 94800.00
Fall: 94900.00
Fall: 95018.00
Fall: 95100.00
Fall: 95200.00
Fall: 95301.00
Fall: 95400.00
Fall: 95548.00
Fall: 95600.00
Fall: 95700.00
Fall: 95811.00
Fall: 95900.00
Fall: 96000.00
Fall: 96101.00
Fall: 96200.00
Fall: 96338.00
Fall: 96400.00
Fall: 96500.00
Fall: 96602.00
Fall: 96700.00
Fall: 96868.00
Fall: 96900.00
Fall: 97000.00
Fall: 97131.00
Fall: 97200.00
Fall: 97300.00
Fall: 97401.00
Fall: 97500.00
Fall: 97662.00
Fall: 97700.00
Fall: 97800.00
Fall: 97929.00
Fall: 98000.00
Fall: 98100.00
Fall: 98201.00
Fall: 98300.00
Fall: 98461.00
Fall: 98500.00
Fall: 98600.00
Fall: 98728.00
Fall: 98800.00
Fall: 98900.00
Fall: 99066.00
Fall: 99100.00
Fall: 99267.00
Fall: 99300.00
Fall: 99400.00
Fall: 99529.00
Fall: 99600.00
Fall: 99700.00
Fall: 99801.00
Fall: 99900.00
Fall: 100054.00
Fall: 100100.00
Fall: 100200.00
Fall: 100325.00
Fall: 100400.00
Fall: 100500.00
Fall: 100601.00
Fall: 100700.00
Fall: 100858.00
Fall: 100900.00
Fall: 101000.00
Fall: 101124.00
Fall: 101200.00
Fall: 101300.00
Fall: 101401.00
Fall: 101500.00
Fall: 101651.00
Fall: 101700.00
Fall: 101800.00
Fall: 101914.00
Fall: 102000.00
Fall: 102174.00
Fall: 102200.00
Fall: 102300.00
Fall: 102437.00
Fall: 102500.00
Fall: 102600.00
Fall: 102701.00
Fall: 102800.00
Fall: 102965.00
Fall: 103000.00
Fall: 103100.00
Fall: 103230.00
Fall: 103300.00
Fall: 103400.00
Fall: 103501.00
Fall: 103600.00
Fall: 103751.00
Fall: 103800.00
Fall: 103900.00
Fall: 104016.00
Fall: 104100.00
Fall: 104200.00
Fall: 104301.00
Fall: 104400.00
Fall: 104539.00
Fall: 104600.00
Fall: 104700.00
Fall: 104801.00
Fall: 104900.00
Fall: 105065.00
Fall: 105100.00
Fall: 105200.00
Fall: 105328.00
Fall: 105400.00
Fall: 105500.00
Fall: 105601.00
Fall: 105700.00
Fall: 105860.00
Fall: 105900.00
Fall: 106000.00
Fall: 106122.00
Fall: 106200.00
Fall: 106300.00
Fall: 106401.00
Fall: 106500.00
Fall: 106646.00
Fall: 106700.00
Fall: 106800.00
Fall: 106907.00
Fall: 107000.00
Fall: 107100.00
Fall: 107200.00
Fall: 107300.00
Fall: 107400.00
Fall: 107500.00
Fall: 107600.00
Fall: 107700.00
Fall: 107800.00
Fall: 107900.00
Fall: 108000.00
Fall: 108100.00
Fall: 108200.00
Fall: 108301.00
Fall: 108401.00
Fall: 108503.00
Fall: 108612.00
Fall: 108712.00
Fall: 108812.00
Fall: 108914.00
Fall: 109018.00
Fall: 109120.00
Fall: 109224.00
Fall: 109324.00
Fall: 109423.00
Fall: 109529.00
Fall: 109628.00
Fall: 109752.00
Fall: 109800.00
Fall: 109900.00
Fall: 110000.00
Fall: 110100.00
Fall: 110200.00
Fall: 110300.00
Fall: 110400.00
Fall: 110500.00
Fall: 110600.00
Fall: 110700.00
Fall: 110800.00
Fall: 110947.00
Fall: 111000.00
Fall: 111100.00
Fall: 111212.00
Fall: 111300.00
Fall: 111400.00
Fall: 111501.00
Fall: 111600.00
Fall: 111739.00
Fall: 111800.00
Fall: 111900.00
Fall: 112003.00
Fall: 112100.00
Fall: 112268.00
Fall: 112300.00
Fall: 112400.00
Fall: 112531.00
Fall: 112600.00
Fall: 112700.00
Fall: 112801.00
Fall: 112900.00
Fall: 113059.00
Fall: 113100.00
Fall: 113200.00
Fall: 113325.00
Fall: 113400.00
Fall: 113500.00
Fall: 113601.00
Fall: 113700.00
Fall: 113847.00
Fall: 113900.00
Fall: 114000.00
Fall: 114109.00
Fall: 114200.00
Fall: 114374.00
Fall: 114400.00
Fall: 114500.00
Fall: 114635.00
Fall: 114700.00
Fall: 114800.00
Fall: 114901.00
Fall: 115000.00
Fall: 115163.00
Fall: 115200.00
Fall: 115300.00
Fall: 115424.00
Fall: 115500.00
Fall: 115600.00
Fall: 115701.00
Fall: 115800.00
Fall: 115950.00
Fall: 116000.00
Fall: 116100.00
Fall: 116215.00
Fall: 116300.00
Fall: 116400.00
Fall: 116501.00
Fall: 116600.00
Fall: 116748.00
Fall: 116800.00
Fall: 116900.00
Fall: 117016.00
Fall: 117100.00
Fall: 117200.00
Fall: 117301.00
Fall: 117400.00
Fall: 117540.00
Fall: 117600.00
Fall: 117700.00
Fall: 117801.00
Fall: 117900.00
Fall: 118067.00
Fall: 118100.00
Fall: 118200.00
Fall: 118335.00
Fall: 118400.00
Fall: 118500.00
Fall: 118601.00
Fall: 118700.00
Fall: 118862.00
Fall: 118900.00
Fall: 119000.00
Fall: 119123.00
Fall: 119200.00
Fall: 119300.00
Fall: 119401.00
Fall: 119500.00
Fall: 119652.00
Fall: 119700.00
Fall: 119800.00
Fall: 119914.00
2
Rise: 120100.00
Rise: 120300.00
Rise: 120501.00
Rise: 120705.00
Rise: 120969.00
Rise: 121100.00
Rise: 121300.00
Rise: 121501.00
Rise: 121757.00
Rise: 121900.00
Rise: 122100.00
Rise: 122301.00
Rise: 122551.00
Rise: 122700.00
Rise: 122900.00
Rise: 123101.00
Rise: 123340.00
Rise: 123500.00
Rise: 123700.00
Rise: 123901.00
Rise: 124135.00
Rise: 124300.00
Rise: 124500.00
Rise: 124701.00
Rise: 124934.00
Rise: 125100.00
Rise: 125300.00
Rise: 125501.00
Rise: 125729.00
Rise: 125900.00
Rise: 126100.00
Rise: 126301.00
Rise: 126525.00
Rise: 126700.00
Rise: 126900.00
Rise: 127101.00
Rise: 127314.00
Rise: 127500.00
Rise: 127700.00
Rise: 127901.00
Rise: 128112.00
Rise: 128300.00
Rise: 128500.00
Rise: 128701.00
Rise: 128906.00
Rise: 129172.00
Rise: 129300.00
Rise: 129500.00
Rise: 129701.00
Rise: 129963.00
Rise: 130100.00
Rise: 130300.00
Rise: 130501.00
Rise: 130700.00
Rise: 130900.00
Rise: 131101.00
Rise: 131330.00
Rise: 131500.00
Rise: 131700.00
Rise: 131900.00
Rise: 132100.00
Rise: 132300.00
Rise: 132500.00
Rise: 132700.00
Rise: 132900.00
Rise: 133101.00
Rise: 133301.00
Rise: 133501.00
Rise: 133705.00
Rise: 133909.00
Rise: 134111.00
Rise: 134315.00
Rise: 134518.00
Rise: 134727.00
Rise: 134928.00
Rise: 135132.00
Rise: 135337.00
Rise: 135542.00
Rise: 135748.00
Rise: 135954.00
Rise: 136101.00
Rise: 254356.00
Rise: 254502.00
Rise: 254750.00
Rise: 254955.00
Rise: 255163.00
Rise: 255370.00
Rise: 255501.00
Rise: 255701.00
Rise: 255901.00
Rise: 256101.00
Rise: 256301.00
Rise: 256513.00
Rise: 256701.00
Rise: 256900.00
Rise: 257100.00
Rise: 257300.00
Rise: 257500.00
Rise: 257700.00
Rise: 257900.00
Rise: 258101.00
Rise: 258330.00
Rise: 258500.00
Rise: 258700.00
Rise: 258901.00
Rise: 259119.00
Rise: 259300.00
Rise: 259500.00
Rise: 259701.00
Rise: 259911.00
Rise: 260174.00
Rise: 260300.00
Rise: 260501.00
Rise: 260702.00
Rise: 260971.00
Rise: 261100.00
Rise: 261300.00
Rise: 261501.00
Rise: 261700.00
Rise: 261900.00
Rise: 262100.00
Rise: 262300.00
Rise: 262500.00
Rise: 262700.00
Rise: 262904.00
Rise: 263109.00
Rise: 263317.00
Rise: 263523.00
Rise: 279701.00
Rise: 279928.00
Rise: 280138.00
Rise: 280342.00
Rise: 280500.00
Rise: 280700.00
Rise: 280900.00
Rise: 281100.00
Rise: 281300.00
Rise: 281537.00
Rise: 281700.00
Rise: 281900.00
Rise: 282101.00
Rise: 282327.00
Rise: 282500.00
Rise: 282700.00
Rise: 282901.00
Rise: 283125.00
Rise: 283300.00
Rise: 283500.00
Rise: 283701.00
Rise: 283922.00
Rise: 284100.00
Rise: 284300.00
Rise: 284501.00
Rise: 284713.00
Rise: 284900.00
Rise: 285100.00
Rise: 285300.00
Rise: 285500.00
Rise: 285700.00
Rise: 285900.00
Rise: 286105.00
Rise: 286304.00
Rise: 286509.00
