50.00
50.00
200000.00
40000.00
50.00
50.00
200000.00
40000.00
50.00
50.00
200000.00
40000.00
50.00
50.00
200000.00
40000.00
50.00
50.00
200000.00
40000.00
50.00
50.00
200000.00
40000.00
50.00
50.00
200000.00
40000.00
50.00
50.00
200000.00
40000.00
50.00
50.00
200000.00
40000.00
50.00
50.00
200000.00
40000.00
50.00
50.00
200000.00
40000.00
50.00
50.00
200000.00
40000.00
50.00
50.00
200000.00
40000.00
50.00
50.00
200000.00
40000.00
50.00
50.00
200000.00
40000.00
50.00
50.00
200000.00
40000.00
50.00
50.00
200000.00
40000.00
50.00
50.00
200000.00
40000.00
50.00
50.00
200000.00
40000.00
50.00
50.00
200000.00
40000.00
50.00
50.00
200000.00
40000.00
50.00
50.00
200000.00
40000.00
50.00
50.00
200000.00
40000.00
50.00
50.00
200000.00
40000.00
50.00
50.00
200000.00
40000.00
50.00
50.00
200000.00
40000.00
50.00
50.00
200000.00
40000.00
50.00
50.00
200000.00
40000.00
50.00
50.00
200000.00
40000.00
50.00
50.00
200000.00
40000.00
50.00
50.00
200000.00
40000.00
50.00
50.00
200000.00
40000.00
50.00
50.00
200000.00
40000.00
50.00
50.00
200000.00
40000.00
50.00
50.00
200000.00
40000.00
50.00
50.00
200000.00
40000.00
50.00
50.00
200000.00
40000.00
50.00
50.00
200000.00
40000.00
50.00
50.00
200000.00
40000.00
50.00
50.00
200000.00
40000.00
50.00
50.00
200000.00
40000.00
50.00
50.00
200000.00
40000.00
50.00
50.00
200000.00
40000.00
50.00
50.00
200000.00
40000.00
50.00
50.00
200000.00
40000.00
50.00
50.00
200000.00
40000.00
50.00
50.00
200000.00
40000.00
50.00
50.00
200000.00
40000.00
50.00
50.00
200000.00
40000.00
50.00
50.00
200000.00
40000.00
50.00
50.00
200000.00
40000.00
50.00
50.00
200000.00
40000.00
50.00
50.00
200000.00
40000.00
Rise: 0.08
1
Rise: 0.19
1
Rise: 0.29
1
Rise: 0.40
1
Rise: 0.50
1
Rise: 0.61
1
Rise: 0.66
1
Rise: 0.71
1
Rise: 0.76
1
Rise: 0.81
1
Rise: 0.86
1
Rise: 0.91
1
Rise: 0.96
1
Rise: 1.01
1
Rise: 1.06
1
Rise: 1.11
1
Rise: 1.16
1
Rise: 1.21
1
Rise: 1.26
1
Rise: 1.31
1
Rise: 1.36
1
Rise: 1.41
1
Rise: 1.46
1
Rise: 1.51
1
Rise: 1.56
1
Rise: 1.61
1
Rise: 1.66
1
Rise: 1.71
1
Rise: 1.76
1
Rise: 1.81
1
Rise: 1.86
1
Rise: 1.95
1
Rise: 2.00
1
Rise: 2.05
1
Rise: 2.10
1
Rise: 2.21
1
Rise: 2.26
1
Rise: 2.31
1
Rise: 2.36
1
Rise: 2.47
1
Rise: 2.52
1
Rise: 2.57
1
Rise: 2.62
1
Rise: 2.74
1
Rise: 2.79
1
Rise: 2.84
1
Rise: 2.89
1
Rise: 3.00
1
Rise: 3.05
1
Rise: 3.10
1
Rise: 3.15
1
Rise: 3.26
1
Rise: 3.31
1
Rise: 3.36
1
Rise: 3.41
1
Rise: 3.52
1
Rise: 3.57
1
Rise: 3.62
1
Rise: 3.67
1
Rise: 3.78
1
Rise: 3.83
1
Rise: 3.88
1
Rise: 3.93
1
Rise: 4.05
1
Rise: 4.10
1
Rise: 4.15
1
Rise: 4.20
1
Rise: 4.32
1
Rise: 4.37
1
Rise: 4.41
1
Rise: 4.46
1
Rise: 4.58
1
Rise: 4.63
1
Rise: 4.68
1
Rise: 4.73
1
Rise: 4.84
1
Rise: 4.89
1
Rise: 4.94
1
Rise: 4.99
1
Rise: 5.11
1
Rise: 5.16
1
Rise: 5.20
1
Rise: 5.25
1
Rise: 5.38
1
Rise: 5.43
1
Rise: 5.48
1
Rise: 5.53
1
Rise: 5.64
1
Rise: 5.69
1
Rise: 5.74
1
Rise: 5.79
1
Rise: 5.90
1
Rise: 5.95
1
Rise: 6.00
1
Rise: 6.05
1
Rise: 6.17
1
Rise: 6.22
1
Rise: 6.27
1
Rise: 6.32
1
Rise: 6.43
1
Rise: 6.48
1
Rise: 6.53
1
Rise: 6.58
1
Rise: 6.70
1
Rise: 6.75
1
Rise: 6.80
1
Rise: 6.85
1
Rise: 6.96
1
Rise: 7.01
1
Rise: 7.06
1
Rise: 7.11
1
Rise: 7.22
1
Rise: 7.27
1
Rise: 7.32
1
Rise: 7.37
1
Rise: 7.49
1
Rise: 7.54
1
Rise: 7.58
1
Rise: 7.63
1
Rise: 7.75
1
Rise: 7.80
1
Rise: 7.85
1
Rise: 7.90
1
Rise: 8.01
1
Rise: 8.06
1
Rise: 8.11
1
Rise: 8.16
1
Rise: 8.27
1
Rise: 8.32
1
Rise: 8.37
1
Rise: 8.42
1
Rise: 8.53
1
Rise: 8.58
1
Rise: 8.63
1
Rise: 8.68
1
Rise: 8.79
1
Rise: 8.84
1
Rise: 8.89
1
Rise: 8.94
1
Rise: 9.06
1
Rise: 9.11
1
Rise: 9.16
1
Rise: 9.21
1
Rise: 9.32
1
Rise: 9.37
1
Rise: 9.42
1
Rise: 9.47
1
Rise: 9.58
1
Rise: 9.63
1
Rise: 9.68
1
Rise: 9.73
1
Rise: 9.85
1
Rise: 9.90
1
Rise: 9.95
1
Rise: 10.00
1
Rise: 10.11
1
Rise: 10.16
1
Rise: 10.21
1
Rise: 10.26
1
Rise: 10.38
1
Rise: 10.43
1
Rise: 10.48
1
Rise: 10.53
1
Rise: 10.64
1
Rise: 10.69
1
Rise: 10.74
1
Rise: 10.79
1
Rise: 10.90
1
Rise: 10.95
1
Rise: 11.00
1
Rise: 11.05
1
Rise: 11.17
1
Rise: 11.22
1
Rise: 11.27
1
Rise: 11.32
1
Rise: 11.43
1
Rise: 11.48
1
Rise: 11.53
1
Rise: 11.58
1
Rise: 11.70
1
Rise: 11.75
1
Rise: 11.80
1
Rise: 11.85
1
Rise: 11.96
1
Rise: 12.01
1
Rise: 12.06
1
Rise: 12.11
1
Rise: 12.23
1
Rise: 12.28
1
Rise: 12.33
1
Rise: 12.38
1
Rise: 12.49
1
Rise: 12.54
1
Rise: 12.59
1
Rise: 12.64
1
Rise: 12.76
1
Rise: 12.81
1
Rise: 12.86
1
Rise: 12.91
1
Rise: 13.02
1
Rise: 13.07
1
Rise: 13.12
1
Rise: 13.17
1
Rise: 13.29
1
Rise: 13.34
1
Rise: 13.39
1
Rise: 13.44
1
Rise: 13.55
1
Rise: 13.60
1
Rise: 13.65
1
Rise: 13.70
1
Rise: 13.81
1
Rise: 13.86
1
Rise: 13.91
1
Rise: 13.96
1
Rise: 14.07
1
Rise: 14.12
1
Rise: 14.17
1
Rise: 14.22
1
Rise: 14.34
1
Rise: 14.39
1
Rise: 14.44
1
Rise: 14.49
1
Rise: 14.60
1
Rise: 14.65
1
Rise: 14.70
1
Rise: 14.75
1
Rise: 14.86
1
Rise: 14.91
1
Rise: 14.96
1
Rise: 15.01
1
Rise: 15.13
1
Rise: 15.18
1
Rise: 15.23
1
Rise: 15.28
1
Rise: 15.39
1
Rise: 15.44
1
Rise: 15.49
1
Rise: 15.54
1
Rise: 15.65
1
Rise: 15.70
1
Rise: 15.75
1
Rise: 15.80
1
Rise: 15.92
1
Rise: 15.97
1
Rise: 16.02
1
Rise: 16.07
1
Rise: 16.18
1
Rise: 16.23
1
Rise: 16.28
1
Rise: 16.33
1
Rise: 16.45
1
Rise: 16.50
1
Rise: 16.55
1
Rise: 16.60
1
Rise: 16.71
1
Rise: 16.76
1
Rise: 16.81
1
Rise: 16.86
1
Rise: 16.98
1
Rise: 17.02
1
Rise: 17.07
1
Rise: 17.12
1
Rise: 17.24
1
Rise: 17.29
1
Rise: 17.34
1
Rise: 17.39
1
Rise: 17.50
1
Rise: 17.55
1
Rise: 17.60
1
Rise: 17.65
1
Rise: 17.76
1
Rise: 17.81
1
Rise: 17.86
1
Rise: 17.91
1
Rise: 18.02
1
Rise: 18.07
1
Rise: 18.12
1
Rise: 18.17
1
Rise: 18.29
1
Rise: 18.34
1
Rise: 18.39
1
Rise: 18.44
1
Rise: 18.55
1
Rise: 18.60
1
Rise: 18.65
1
Rise: 18.70
1
Rise: 18.81
1
Rise: 18.86
1
Rise: 18.91
1
Rise: 18.96
1
Rise: 19.08
1
Rise: 19.13
1
Rise: 19.18
1
Rise: 19.23
1
Rise: 19.34
1
Rise: 19.39
1
Rise: 19.44
1
Rise: 19.49
1
Rise: 19.61
1
Rise: 19.66
1
Rise: 19.71
1
Rise: 19.76
1
Rise: 19.87
1
Rise: 19.92
1
Rise: 19.97
1
Fall: 20.02
1
Fall: 20.14
1
Fall: 20.19
1
Fall: 20.24
1
Fall: 20.29
1
Fall: 20.40
1
Fall: 20.45
1
Fall: 20.50
1
Fall: 20.55
1
Fall: 20.66
1
Fall: 20.71
1
Fall: 20.76
1
Fall: 20.81
1
Fall: 20.92
1
Fall: 20.97
1
Fall: 21.02
1
Fall: 21.07
1
Fall: 21.18
1
Fall: 21.23
1
Fall: 21.28
1
Fall: 21.33
1
Fall: 21.45
1
Fall: 21.50
1
Fall: 21.55
1
Fall: 21.60
1
Fall: 21.71
1
Fall: 21.76
1
Fall: 21.81
1
Fall: 21.86
1
Fall: 21.98
1
Fall: 22.02
1
Fall: 22.07
1
Fall: 22.12
1
Fall: 22.24
1
Fall: 22.29
1
Fall: 22.34
1
Fall: 22.39
1
Fall: 22.50
1
Fall: 22.55
1
Fall: 22.60
1
Fall: 22.65
1
Fall: 22.77
1
Fall: 22.82
1
Fall: 22.87
1
Fall: 22.92
1
Fall: 23.03
1
Fall: 23.08
1
Fall: 23.13
1
Fall: 23.18
1
Fall: 23.29
1
Fall: 23.34
1
Fall: 23.39
1
Fall: 23.44
1
Fall: 23.55
1
Fall: 23.60
1
Fall: 23.65
1
Fall: 23.70
1
Fall: 23.81
1
Fall: 23.86
1
Fall: 23.91
1
Fall: 23.96
1
Fall: 24.08
1
Fall: 24.13
1
Fall: 24.18
1
Fall: 24.23
1
Fall: 24.34
1
Fall: 24.39
1
Fall: 24.44
1
Fall: 24.49
1
Fall: 24.60
1
Fall: 24.65
1
Fall: 24.70
1
Fall: 24.75
1
Fall: 24.86
1
Fall: 24.91
1
Fall: 24.96
1
Fall: 25.01
1
Fall: 25.13
1
Fall: 25.18
1
Fall: 25.23
1
Fall: 25.28
1
Fall: 25.39
1
Fall: 25.44
1
Fall: 25.49
1
Fall: 25.54
1
Fall: 25.65
1
Fall: 25.70
1
Fall: 25.75
1
Fall: 25.80
1
Fall: 25.91
1
Fall: 25.96
1
Fall: 26.01
1
Fall: 26.06
1
Fall: 26.18
1
Fall: 26.23
1
Fall: 26.28
1
Fall: 26.33
1
Fall: 26.44
1
Fall: 26.49
1
Fall: 26.54
1
Fall: 26.59
1
Fall: 26.70
1
Fall: 26.75
1
Fall: 26.80
1
Fall: 26.85
1
Fall: 26.96
1
Fall: 27.01
1
Fall: 27.06
1
Fall: 27.11
1
Fall: 27.23
1
Fall: 27.28
1
Fall: 27.33
1
Fall: 27.38
1
Fall: 27.49
1
Fall: 27.54
1
Fall: 27.59
1
Fall: 27.64
1
Fall: 27.75
1
Fall: 27.80
1
Fall: 27.85
1
Fall: 27.90
1
Fall: 28.02
1
Fall: 28.07
1
Fall: 28.12
1
Fall: 28.17
1
Fall: 28.28
1
Fall: 28.33
1
Fall: 28.38
1
Fall: 28.43
1
Fall: 28.54
1
Fall: 28.59
1
Fall: 28.64
1
Fall: 28.69
1
Fall: 28.81
1
Fall: 28.86
1
Fall: 28.91
1
Fall: 28.96
1
Fall: 29.07
1
Fall: 29.12
1
Fall: 29.17
1
Fall: 29.22
1
Fall: 29.33
1
Fall: 29.38
1
Fall: 29.43
1
Fall: 29.48
1
Fall: 29.59
1
Fall: 29.64
1
Fall: 29.69
1
Fall: 29.74
1
Fall: 29.85
1
Fall: 29.90
1
Fall: 29.95
1
Fall: 30.00
1
Fall: 30.12
1
Fall: 30.17
1
Fall: 30.22
1
Fall: 30.27
1
Fall: 30.39
1
Fall: 30.43
1
Fall: 30.48
1
Fall: 30.53
1
Fall: 30.64
1
Fall: 30.69
1
Fall: 30.74
1
Fall: 30.79
1
Fall: 30.91
1
Fall: 30.96
1
Fall: 31.01
1
Fall: 31.06
1
Fall: 31.17
1
Fall: 31.22
1
Fall: 31.27
1
Fall: 31.32
1
Fall: 31.43
1
Fall: 31.48
1
Fall: 31.53
1
Fall: 31.58
1
Fall: 31.70
1
Fall: 31.75
1
Fall: 31.80
1
Fall: 31.85
1
Fall: 31.96
1
Fall: 32.01
1
Fall: 32.06
1
Fall: 32.11
1
Fall: 32.23
1
Fall: 32.28
1
Fall: 32.33
1
Fall: 32.38
1
Fall: 32.49
1
Fall: 32.54
1
Fall: 32.59
1
Fall: 32.64
1
Fall: 32.75
1
Fall: 32.80
1
Fall: 32.85
1
Fall: 32.90
1
Fall: 33.01
1
Fall: 33.06
1
Fall: 33.11
1
Fall: 33.16
1
Fall: 33.27
1
Fall: 33.32
1
Fall: 33.37
1
Fall: 33.42
1
Fall: 33.54
1
Fall: 33.59
1
Fall: 33.64
1
Fall: 33.69
1
Fall: 33.80
1
Fall: 33.85
1
Fall: 33.90
1
Fall: 33.95
1
Fall: 34.06
1
Fall: 34.11
1
Fall: 34.16
1
Fall: 34.21
1
Fall: 34.32
1
Fall: 34.37
1
Fall: 34.42
1
Fall: 34.47
1
Fall: 34.59
1
Fall: 34.64
1
Fall: 34.69
1
Fall: 34.74
1
Fall: 34.85
1
Fall: 34.90
1
Fall: 34.95
1
Fall: 35.00
1
Fall: 35.11
1
Fall: 35.16
1
Fall: 35.21
1
Fall: 35.26
1
Fall: 35.37
1
Fall: 35.42
1
Fall: 35.47
1
Fall: 35.52
1
Fall: 35.64
1
Fall: 35.69
1
Fall: 35.74
1
Fall: 35.79
1
Fall: 35.90
1
Fall: 35.95
1
Fall: 36.00
1
Fall: 36.05
1
Fall: 36.16
1
Fall: 36.21
1
Fall: 36.26
1
Fall: 36.31
1
Fall: 36.42
1
Fall: 36.47
1
Fall: 36.52
1
Fall: 36.57
1
Fall: 36.69
1
Fall: 36.74
1
Fall: 36.79
1
Fall: 36.84
1
Fall: 36.95
1
Fall: 37.00
1
Fall: 37.05
1
Fall: 37.10
1
Fall: 37.21
1
Fall: 37.26
1
Fall: 37.31
1
Fall: 37.36
1
Fall: 37.48
1
Fall: 37.53
1
Fall: 37.58
1
Fall: 37.63
1
Fall: 37.74
1
Fall: 37.79
1
Fall: 37.84
1
Fall: 37.89
1
Fall: 38.00
1
Fall: 38.05
1
Fall: 38.10
1
Fall: 38.15
1
Fall: 38.26
1
Fall: 38.31
1
Fall: 38.36
1
Fall: 38.41
1
Fall: 38.53
1
Fall: 38.58
1
Fall: 38.63
1
Fall: 38.68
1
Fall: 38.79
1
Fall: 38.84
1
Fall: 38.89
1
Fall: 38.94
1
Fall: 39.05
1
Fall: 39.10
1
Fall: 39.15
1
Fall: 39.20
1
Fall: 39.32
1
Fall: 39.37
1
Fall: 39.42
1
Fall: 39.47
1
Fall: 39.58
1
Fall: 39.63
1
Fall: 39.68
1
Fall: 39.73
1
Fall: 39.85
1
Fall: 39.90
1
Fall: 39.95
1
Fall: 40.00
1
6
