Rise: 1.00
Rise: 126.00
Rise: 265.00
Rise: 300.00
Rise: 401.00
Rise: 501.00
Rise: 601.00
Rise: 701.00
Rise: 801.00
Rise: 901.00
Rise: 1001.00
Rise: 1101.00
Rise: 1201.00
Rise: 1301.00
Rise: 1401.00
Rise: 1501.00
Rise: 1606.00
Rise: 1708.00
Rise: 1813.00
Rise: 1916.00
Rise: 2021.00
Rise: 2126.00
Rise: 2225.00
Rise: 2328.00
Rise: 2429.00
Rise: 2533.00
Rise: 2631.00
Rise: 2733.00
Rise: 2837.00
Rise: 2941.00
Rise: 3043.00
Rise: 3149.00
Rise: 3255.00
Rise: 3362.00
Rise: 3466.00
Rise: 3571.00
Rise: 3600.00
Rise: 3701.00
Rise: 3801.00
Rise: 3901.00
Rise: 4001.00
Rise: 4101.00
Rise: 4201.00
