Rise: 26.00
Rise: 0.00
Rise: 102.00
Rise: 102.00
Rise: 204.00
Rise: 204.00
Rise: 312.00
Rise: 312.00
Rise: 418.00
Rise: 418.00
Rise: 520.00
Rise: 520.00
Rise: 619.00
Rise: 619.00
Rise: 719.00
Rise: 719.00
Rise: 750.00
Rise: 828.00
Rise: 850.00
Rise: 932.00
Rise: 950.00
Rise: 1042.00
Rise: 1050.00
Rise: 1145.00
Rise: 1150.00
Rise: 1246.00
Rise: 1250.00
Rise: 1354.00
Rise: 1354.00
Rise: 1454.00
Rise: 1454.00
Rise: 1554.00
Rise: 1554.00
Rise: 1657.00
Rise: 1657.00
Rise: 1763.00
Rise: 1763.00
Rise: 1866.00
Rise: 1866.00
Rise: 1968.00
Rise: 1968.00
Rise: 2066.00
Rise: 2066.00
Rise: 2169.00
Rise: 2169.00
Rise: 2268.00
Rise: 2268.00
Rise: 2372.00
Rise: 2372.00
Rise: 2400.00
Rise: 2481.00
Rise: 2500.00
Rise: 2584.00
Rise: 2600.00
Rise: 2684.00
Rise: 2700.00
Rise: 2782.00
Rise: 2800.00
Rise: 2887.00
Rise: 2900.00
Rise: 2993.00
Rise: 3000.00
Rise: 3096.00
Rise: 3100.00
Rise: 3201.00
Rise: 3201.00
Rise: 3301.00
Rise: 3301.00
Rise: 3401.00
Rise: 3401.00
Rise: 3502.00
Rise: 3502.00
Rise: 3608.00
Rise: 3608.00
Rise: 3719.00
Rise: 3719.00
Rise: 3816.00
Rise: 3816.00
Rise: 3919.00
Rise: 3919.00
Rise: 3950.00
Rise: 4026.00
Rise: 4050.00
Rise: 4130.00
Rise: 4150.00
Rise: 4272.00
Rise: 4272.00
Rise: 4300.00
