Rise: 67.00
Rise: 188.00
Rise: 292.00
Rise: 396.00
Rise: 495.00
Rise: 599.00
Rise: 699.00
Rise: 804.00
Rise: 910.00
Rise: 1008.00
Rise: 1117.00
Rise: 1216.00
Rise: 1319.00
Rise: 1428.00
Rise: 1530.00
Rise: 1635.00
Rise: 1736.00
Rise: 1839.00
Rise: 1938.00
Rise: 2047.00
Rise: 2151.00
Rise: 2256.00
Rise: 2360.00
Rise: 2465.00
Rise: 2569.00
Rise: 2674.00
Rise: 2774.00
Rise: 2875.00
Rise: 2983.00
Rise: 3094.00
Rise: 3197.00
Rise: 3301.00
Rise: 3404.00
Rise: 3503.00
Rise: 3606.00
Rise: 3707.00
Rise: 3810.00
Rise: 3912.00
Rise: 4022.00
Rise: 4121.00
Rise: 4223.00
Rise: 4324.00
Rise: 4422.00
Rise: 4521.00
Rise: 4634.00
Rise: 4735.00
Rise: 4833.00
Rise: 4937.00
Rise: 5038.00
Rise: 5140.00
Rise: 5236.00
Rise: 5338.00
Rise: 5439.00
Rise: 5541.00
Rise: 5646.00
Rise: 5745.00
Rise: 5849.00
Rise: 5952.00
Rise: 6052.00
Rise: 6156.00
Rise: 6258.00
Rise: 6364.00
Rise: 6473.00
Rise: 6580.00
Rise: 6685.00
Rise: 6793.00
Rise: 6897.00
Rise: 6996.00
Rise: 7095.00
Rise: 7200.00
Rise: 7298.00
Rise: 7402.00
Rise: 7499.00
Rise: 7609.00
Rise: 7715.00
Rise: 7822.00
Rise: 7922.00
Rise: 8020.00
Rise: 8123.00
Rise: 8224.00
Rise: 8323.00
Rise: 8426.00
Rise: 8531.00
Rise: 8630.00
Rise: 8733.00
Rise: 8836.00
Rise: 8936.00
Rise: 9032.00
Rise: 9135.00
Rise: 9242.00
Rise: 9342.00
Rise: 9443.00
Rise: 9542.00
Rise: 9645.00
Rise: 9753.00
Rise: 9862.00
Rise: 9967.00
Rise: 10071.00
Rise: 10170.00
Rise: 10280.00
Rise: 10384.00
Rise: 10486.00
Rise: 10586.00
Rise: 10688.00
Rise: 10788.00
Rise: 10890.00
Rise: 10993.00
Rise: 11092.00
Rise: 11193.00
Rise: 11296.00
Rise: 11402.00
Rise: 11513.00
Rise: 11616.00
Rise: 11721.00
Rise: 11822.00
Rise: 11923.00
Rise: 12020.00
Rise: 12117.00
Rise: 12223.00
Rise: 12332.00
Rise: 12440.00
Rise: 12544.00
Rise: 12653.00
Rise: 12760.00
Rise: 12873.00
Rise: 12977.00
Rise: 13084.00
Rise: 13189.00
Rise: 13289.00
Rise: 13393.00
Rise: 13494.00
Rise: 13600.00
Rise: 13699.00
Rise: 13809.00
Rise: 13912.00
Rise: 14013.00
Rise: 14114.00
Rise: 14224.00
Rise: 14328.00
Rise: 14430.00
Rise: 14532.00
Rise: 14637.00
Rise: 14742.00
Rise: 14843.00
Rise: 14946.00
Rise: 15050.00
Rise: 15159.00
Rise: 15267.00
Rise: 15370.00
Rise: 15476.00
Rise: 15574.00
Rise: 15673.00
Rise: 15775.00
Rise: 15880.00
Rise: 15981.00
Rise: 16085.00
Rise: 16195.00
Rise: 16295.00
Rise: 16392.00
Rise: 16491.00
Rise: 16590.00
Rise: 16700.00
Rise: 16806.00
Rise: 16900.00
Rise: 17001.00
Rise: 17110.00
Rise: 17212.00
Rise: 17315.00
Rise: 17417.00
Rise: 17517.00
Rise: 17619.00
Rise: 17723.00
Rise: 17828.00
Rise: 17931.00
Rise: 18035.00
Rise: 18136.00
Rise: 18239.00
Rise: 18339.00
Rise: 18442.00
Rise: 18545.00
Rise: 18650.00
Rise: 18750.00
Rise: 18850.00
Rise: 18957.00
Rise: 19062.00
Rise: 19170.00
