Rise: 1.00
Rise: 123.00
Rise: 266.00
Rise: 300.00
Rise: 474.00
Rise: 500.00
Rise: 601.00
Rise: 701.00
Rise: 801.00
Rise: 901.00
Rise: 1001.00
Rise: 1101.00
Rise: 1201.00
Rise: 1305.00
Rise: 1408.00
Rise: 1508.00
Rise: 1612.00
Rise: 1714.00
Rise: 1821.00
Rise: 1922.00
Rise: 2018.00
Rise: 2124.00
Rise: 2227.00
Rise: 2326.00
Rise: 2427.00
Rise: 2532.00
Rise: 2634.00
Rise: 2737.00
Rise: 2842.00
Rise: 2943.00
Rise: 3043.00
Rise: 3144.00
Rise: 3245.00
Rise: 3342.00
Rise: 3445.00
Rise: 3546.00
Rise: 3644.00
Rise: 3743.00
Rise: 3848.00
Rise: 3951.00
Rise: 4054.00
Rise: 4154.00
Rise: 4257.00
Rise: 4362.00
Rise: 4464.00
Rise: 4568.00
Rise: 4669.00
Rise: 4700.00
Rise: 4801.00
Rise: 4901.00
Rise: 5001.00
Rise: 5101.00
Rise: 5201.00
Rise: 5301.00
Rise: 5401.00
Rise: 5501.00
Rise: 5605.00
Rise: 5708.00
Rise: 5814.00
Rise: 5917.00
Rise: 6023.00
Rise: 6122.00
Rise: 6230.00
Rise: 6329.00
Rise: 6429.00
Rise: 6530.00
Rise: 6631.00
Rise: 6734.00
Rise: 6836.00
Rise: 6937.00
Rise: 7041.00
Rise: 7144.00
Rise: 7243.00
Rise: 7347.00
Rise: 7451.00
Rise: 7549.00
Rise: 7649.00
Rise: 7749.00
Rise: 7853.00
Rise: 7951.00
Rise: 8060.00
Rise: 8161.00
Rise: 8263.00
Rise: 8361.00
Rise: 8469.00
Rise: 8571.00
Rise: 8671.00
Rise: 8700.00
Rise: 8875.00
Rise: 8900.00
Rise: 9072.00
Rise: 9100.00
Rise: 9201.00
Rise: 9301.00
Rise: 9401.00
Rise: 9501.00
Rise: 9601.00
Rise: 9701.00
