E (14896) task_wdt: Task watchdog got triggered. The following tasks did not reset the watchdog in time:
E (14896) task_wdt:  - IDLE0 (CPU 0)
E (14896) task_wdt: Tasks currently running:
E (14896) task_wdt: CPU 0: TaskPID
E (14896) task_wdt: CPU 1: TaskDisplay
E (14896) task_wdt: Aborting.

abort() was called at PC 0x420190d0 on core 0


Backtrace: 0x40377766:0x3fc92d50 0x4037aaa1:0x3fc92d70 0x40380229:0x3fc92d90 0x420190d0:0x3fc92e10 0x403788a1:0x3fc92e30 0x420395d5:0x3fc9ff50




ELF file SHA256: fe1501590e9b4a4e

Rebooting...
ESP-ROM:esp32s3-20210327
Build:Mar 27 2021
rst:0xc (RTC_SW_CPU_RST),boot:0x8 (SPI_FAST_FLASH_BOOT)
Saved PC:0x40377374
SPIWP:0xee
mode:DIO, clock div:1
load:0x3fce3808,len:0x4bc
load:0x403c9700,len:0xbd8
load:0x403cc700,len:0x2a0c
entry 0x403c98d0
[  2505][E][esp32-hal-cpu.c:110] addApbChangeCallback(): duplicate func=0x4200f6cc arg=0x3fc91e64
E (14902) task_wdt: Task watchdog got triggered. The following tasks did not reset the watchdog in time:
E (14902) task_wdt:  - IDLE0 (CPU 0)
E (14902) task_wdt: Tasks currently running:
E (14902) task_wdt: CPU 0: TaskPID
E (14902) task_wdt: CPU 1: TaskDisplay
E (14902) task_wdt: Aborting.

abort() was called at PC 0x420190d0 on core 0


Backtrace: 0x40377766:0x3fc92d50 0x4037aaa1:0x3fc92d70 0x40380229:0x3fc92d90 0x420190d0:0x3fc92e10 0x403788a1:0x3fc92e30 0x420395d8:0x3fc9ff30 0x42002437:0x3fc9ff50




ELF file SHA256: fe1501590e9b4a4e

Rebooting...
ESP-ROM:esp32s3-20210327
Build:Mar 27 2021
rst:0xc (RTC_SW_CPU_RST),boot:0x8 (SPI_FAST_FLASH_BOOT)
Saved PC:0x40377374
SPIWP:0xee
mode:DIO, clock div:1
load:0x3fce3808,len:0x4bc
load:0x403c9700,len:0xbd8
load:0x403cc700,len:0x2a0c
entry 0x403c98d0
[  2505][E][esp32-hal-cpu.c:110] addApbChangeCallback(): duplicate func=0x4200f6cc arg=0x3fc91e64
E (14902) task_wdt: Task watchdog got triggered. The following tasks did not reset the watchdog in time:
E (14902) task_wdt:  - IDLE0 (CPU 0)
E (14902) task_wdt: Tasks currently running:
E (14902) task_wdt: CPU 0: TaskPID
E (14902) task_wdt: CPU 1: TaskDisplay
E (14902) task_wdt: Aborting.

abort() was called at PC 0x420190d0 on core 0


Backtrace: 0x40377766:0x3fc92d50 0x4037aaa1:0x3fc92d70 0x40380229:0x3fc92d90 0x420190d0:0x3fc92e10 0x403788a1:0x3fc92e30 0x420023bf:0x3fc9ff50




ELF file SHA256: fe1501590e9b4a4e

Rebooting...
ESP-ROM:esp32s3-20210327
Build:Mar 27 2021
rst:0xc (RTC_SW_CPU_RST),boot:0x8 (SPI_FAST_FLASH_BOOT)
Saved PC:0x40377374
SPIWP:0xee
mode:DIO, clock div:1
load:0x3fce3808,len:0x4bc
load:0x403c9700,len:0xbd8
load:0x403cc700,len:0x2a0c
entry 0x403c98d0
[  2504][E][esp32-hal-cpu.c:110] addApbChangeCallback(): duplicate func=0x4200f6cc arg=0x3fc91e64
