Rise: 67.00
Rise: 93.00
Rise: 188.00
Rise: 214.00
Rise: 291.00
Rise: 391.00
Rise: 492.00
Rise: 518.00
Rise: 596.00
Rise: 622.00
Rise: 701.00
Rise: 727.00
Rise: 809.00
Rise: 835.00
Rise: 914.00
Rise: 1015.00
Rise: 1114.00
Rise: 1214.00
Rise: 1239.00
Rise: 1316.00
Rise: 1342.00
Rise: 1420.00
Rise: 1446.00
Rise: 1524.00
Rise: 1550.00
Rise: 1627.00
Rise: 1653.00
Rise: 1730.00
Rise: 1756.00
Rise: 1834.00
Rise: 1860.00
Rise: 1947.00
Rise: 2044.00
Rise: 2069.00
Rise: 2146.00
Rise: 2172.00
Rise: 2251.00
Rise: 2277.00
Rise: 2354.00
Rise: 2380.00
Rise: 2463.00
Rise: 2489.00
Rise: 2571.00
Rise: 2668.00
Rise: 2694.00
Rise: 2771.00
Rise: 2796.00
Rise: 2873.00
Rise: 2899.00
Rise: 2986.00
Rise: 3012.00
Rise: 3093.00
Rise: 3119.00
Rise: 3200.00
Rise: 3226.00
Rise: 3312.00
Rise: 3408.00
Rise: 3434.00
Rise: 3512.00
Rise: 3538.00
Rise: 3619.00
Rise: 3719.00
Rise: 3815.00
Rise: 3841.00
Rise: 3920.00
Rise: 3946.00
Rise: 4029.00
Rise: 4127.00
Rise: 4153.00
Rise: 4230.00
Rise: 4330.00
Rise: 4431.00
Rise: 4531.00
Rise: 4630.00
Rise: 4731.00
Rise: 4757.00
Rise: 4839.00
Rise: 4940.00
Rise: 4965.00
Rise: 5042.00
Rise: 5068.00
Rise: 5154.00
Rise: 5179.00
Rise: 5256.00
Rise: 5282.00
Rise: 5362.00
Rise: 5462.00
Rise: 5561.00
Rise: 5587.00
Rise: 5668.00
Rise: 5768.00
Rise: 5794.00
Rise: 5875.00
Rise: 5901.00
Rise: 5980.00
Rise: 6006.00
Rise: 6083.00
Rise: 6183.00
Rise: 6282.00
Rise: 6383.00
Rise: 6483.00
Rise: 6509.00
Rise: 6587.00
Rise: 6613.00
Rise: 6693.00
Rise: 6719.00
Rise: 6799.00
Rise: 6898.00
Rise: 6924.00
Rise: 7002.00
Rise: 7028.00
Rise: 7109.00
Rise: 7135.00
Rise: 7218.00
Rise: 7244.00
Rise: 7321.00
Rise: 7347.00
Rise: 7425.00
Rise: 7451.00
Rise: 7535.00
Rise: 7561.00
Rise: 7639.00
Rise: 7740.00
Rise: 7766.00
Rise: 7847.00
Rise: 7872.00
Rise: 7949.00
Rise: 7975.00
Rise: 8052.00
Rise: 8078.00
Rise: 8158.00
Rise: 8183.00
Rise: 8260.00
Rise: 8286.00
Rise: 8369.00
Rise: 8394.00
Rise: 8471.00
Rise: 8496.00
Rise: 8573.00
Rise: 8599.00
Rise: 8680.00
Rise: 8778.00
Rise: 8875.00
Rise: 8976.00
Rise: 9075.00
Rise: 9101.00
Rise: 9178.00
Rise: 9276.00
Rise: 9302.00
Rise: 9385.00
Rise: 9484.00
Rise: 9510.00
Rise: 9588.00
Rise: 9614.00
Rise: 9693.00
Rise: 9719.00
Rise: 9796.00
Rise: 9822.00
Rise: 9907.00
Rise: 10004.00
Rise: 10030.00
Rise: 10110.00
Rise: 10210.00
Rise: 10310.00
Rise: 10336.00
Rise: 10422.00
Rise: 10448.00
Rise: 10534.00
Rise: 10560.00
Rise: 10637.00
Rise: 10663.00
Rise: 10751.00
Rise: 10777.00
Rise: 10854.00
Rise: 10880.00
Rise: 10959.00
Rise: 10985.00
Rise: 11069.00
Rise: 11095.00
Rise: 11174.00
Rise: 11200.00
Rise: 11280.00
Rise: 11306.00
Rise: 11383.00
Rise: 11409.00
Rise: 11490.00
Rise: 11516.00
Rise: 11594.00
Rise: 11695.00
Rise: 11721.00
Rise: 11798.00
Rise: 11824.00
Rise: 11903.00
Rise: 11929.00
Rise: 12011.00
Rise: 12037.00
Rise: 12117.00
Rise: 12143.00
Rise: 12222.00
Rise: 12323.00
Rise: 12349.00
Rise: 12429.00
Rise: 12455.00
Rise: 12535.00
Rise: 12561.00
Rise: 12643.00
Rise: 12743.00
Rise: 12769.00
Rise: 12851.00
Rise: 12877.00
Rise: 12958.00
Rise: 13059.00
Rise: 13085.00
Rise: 13168.00
Rise: 13194.00
Rise: 13272.00
Rise: 13298.00
Rise: 13380.00
Rise: 13406.00
Rise: 13483.00
Rise: 13509.00
Rise: 13596.00
Rise: 13622.00
Rise: 13701.00
Rise: 13800.00
Rise: 13899.00
Rise: 13924.00
Rise: 14001.00
Rise: 14100.00
Rise: 14197.00
Rise: 14298.00
Rise: 14324.00
Rise: 14405.00
Rise: 14503.00
Rise: 14602.00
Rise: 14702.00
Rise: 14728.00
Rise: 14807.00
Rise: 14908.00
Rise: 14934.00
Rise: 15016.00
Rise: 15042.00
Rise: 15120.00
Rise: 15146.00
Rise: 15223.00
Rise: 15249.00
Rise: 15330.00
Rise: 15356.00
Rise: 15435.00
Rise: 15461.00
Rise: 15544.00
Rise: 15570.00
Rise: 15652.00
Rise: 15753.00
Rise: 15779.00
Rise: 15856.00
Rise: 15957.00
Rise: 15983.00
Rise: 16062.00
Rise: 16088.00
Rise: 16172.00
Rise: 16197.00
Rise: 16274.00
Rise: 16299.00
Rise: 16376.00
Rise: 16477.00
Rise: 16577.00
Rise: 16603.00
Rise: 16683.00
Rise: 16709.00
Rise: 16796.00
Rise: 16822.00
Rise: 16905.00
Rise: 16931.00
Rise: 17017.00
Rise: 17043.00
Rise: 17121.00
Rise: 17147.00
Rise: 17225.00
Rise: 17251.00
Rise: 17335.00
Rise: 17361.00
Rise: 17438.00
Rise: 17538.00
Rise: 17564.00
Rise: 17642.00
Rise: 17667.00
Rise: 17744.00
Rise: 17844.00
Rise: 17943.00
Rise: 17969.00
Rise: 18047.00
Rise: 18073.00
Rise: 18152.00
Rise: 18178.00
Rise: 18257.00
Rise: 18283.00
Rise: 18361.00
Rise: 18387.00
Rise: 18473.00
Rise: 18573.00
Rise: 18673.00
Rise: 18774.00
Rise: 18800.00
Rise: 18884.00
Rise: 18910.00
Rise: 18990.00
Rise: 19015.00
Rise: 19092.00
Rise: 19118.00
Rise: 19198.00
Rise: 19224.00
Rise: 19308.00
Rise: 19333.00
Rise: 19410.00
Rise: 19509.00
Rise: 19534.00
Rise: 19611.00
Rise: 19637.00
Rise: 19718.00
Rise: 19818.00
Rise: 19844.00
Rise: 19924.00
Rise: 19950.00
Rise: 20027.00
2
Rise: 20053.00
Rise: 20132.00
Rise: 20232.00
Rise: 20257.00
Rise: 20334.00
Rise: 20360.00
Rise: 20448.00
Rise: 20473.00
Rise: 20550.00
Rise: 20651.00
Rise: 20752.00
Rise: 20778.00
Rise: 20859.00
Rise: 20885.00
Rise: 20967.00
Rise: 21068.00
Rise: 21168.00
Rise: 21194.00
Rise: 21271.00
Rise: 21297.00
Rise: 21382.00
Rise: 21481.00
Rise: 21579.00
Rise: 21679.00
Rise: 21780.00
Rise: 21805.00
Rise: 21882.00
Rise: 21908.00
Rise: 21987.00
Rise: 22012.00
Rise: 22089.00
Rise: 22115.00
Rise: 22193.00
Rise: 22218.00
Rise: 22295.00
Rise: 22395.00
Rise: 22492.00
Rise: 22517.00
Rise: 22594.00
Rise: 22620.00
Rise: 22702.00
Rise: 22728.00
Rise: 22811.00
Rise: 22837.00
Rise: 22915.00
Rise: 22941.00
Rise: 23024.00
Rise: 23123.00
Rise: 23224.00
Rise: 23250.00
Rise: 23327.00
Rise: 23352.00
Rise: 23429.00
Rise: 23528.00
Rise: 23554.00
Rise: 23634.00
Rise: 23660.00
Rise: 23743.00
Rise: 23769.00
Rise: 23849.00
Rise: 23874.00
Rise: 23951.00
Rise: 23977.00
Rise: 24055.00
Rise: 24081.00
Rise: 24159.00
Rise: 24185.00
Rise: 24262.00
Rise: 24288.00
Rise: 24365.00
Rise: 24391.00
Rise: 24470.00
Rise: 24496.00
Rise: 24575.00
Rise: 24601.00
Rise: 24682.00
Rise: 24707.00
Rise: 24784.00
Rise: 24810.00
Rise: 24888.00
Rise: 24986.00
Rise: 25012.00
Rise: 25092.00
Rise: 25193.00
Rise: 25294.00
Rise: 25320.00
Rise: 25398.00
Rise: 25423.00
Rise: 25500.00
Rise: 25600.00
Rise: 25701.00
Rise: 25727.00
Rise: 25810.00
Rise: 25836.00
Rise: 25917.00
Rise: 26016.00
Rise: 26117.00
Rise: 26143.00
Rise: 26221.00
Rise: 26318.00
Rise: 26344.00
Rise: 26421.00
Rise: 26446.00
Rise: 26523.00
Rise: 26549.00
Rise: 26627.00
Rise: 26653.00
Rise: 26734.00
Rise: 26760.00
Rise: 26840.00
Rise: 26866.00
Rise: 26945.00
Rise: 26971.00
Rise: 27049.00
Rise: 27148.00
Rise: 27174.00
Rise: 27253.00
Rise: 27279.00
Rise: 27357.00
Rise: 27383.00
Rise: 27460.00
Rise: 27485.00
Rise: 27562.00
Rise: 27663.00
Rise: 27764.00
Rise: 27790.00
Rise: 27870.00
Rise: 27896.00
Rise: 27974.00
Rise: 28075.00
Rise: 28100.00
Rise: 28177.00
Rise: 28203.00
Rise: 28282.00
Rise: 28380.00
Rise: 28406.00
Rise: 28483.00
Rise: 28509.00
Rise: 28588.00
Rise: 28614.00
Rise: 28692.00
Rise: 28718.00
Rise: 28797.00
Rise: 28822.00
Rise: 28899.00
Rise: 29000.00
Rise: 29026.00
Rise: 29108.00
Rise: 29209.00
Rise: 29235.00
Rise: 29312.00
Rise: 29337.00
Rise: 29414.00
Rise: 29439.00
Rise: 29516.00
Rise: 29542.00
Rise: 29622.00
Rise: 29648.00
Rise: 29726.00
Rise: 29825.00
Rise: 29851.00
Rise: 29936.00
Rise: 29962.00
Rise: 30041.00
Rise: 30139.00
Rise: 30165.00
Rise: 30242.00
Rise: 30268.00
Rise: 30348.00
Rise: 30373.00
Rise: 30450.00
Rise: 30551.00
Rise: 30577.00
Rise: 30655.00
Rise: 30756.00
Rise: 30854.00
Rise: 30954.00
Rise: 30980.00
Rise: 31062.00
Rise: 31088.00
Rise: 31165.00
Rise: 31191.00
Rise: 31273.00
Rise: 31299.00
Rise: 31381.00
Rise: 31406.00
Rise: 31483.00
Rise: 31583.00
Rise: 31609.00
Rise: 31688.00
Rise: 31714.00
Rise: 31791.00
Rise: 31817.00
Rise: 31896.00
Rise: 31993.00
Rise: 32094.00
Rise: 32120.00
Rise: 32200.00
Rise: 32226.00
Rise: 32304.00
Rise: 32330.00
Rise: 32409.00
Rise: 32434.00
Rise: 32511.00
Rise: 32537.00
Rise: 32620.00
Rise: 32720.00
Rise: 32746.00
Rise: 32829.00
Rise: 32927.00
Rise: 33025.00
Rise: 33051.00
Rise: 33131.00
Rise: 33157.00
Rise: 33236.00
Rise: 33335.00
Rise: 33434.00
Rise: 33533.00
Rise: 33630.00
Rise: 33656.00
Rise: 33738.00
Rise: 33764.00
Rise: 33848.00
Rise: 33874.00
Rise: 33960.00
Rise: 33985.00
Rise: 34062.00
Rise: 34088.00
Rise: 34171.00
Rise: 34271.00
Rise: 34297.00
Rise: 34374.00
Rise: 34472.00
Rise: 34569.00
Rise: 34595.00
Rise: 34676.00
Rise: 34702.00
Rise: 34780.00
Rise: 34806.00
Rise: 34883.00
Rise: 34909.00
Rise: 34987.00
Rise: 35013.00
Rise: 35094.00
Rise: 35119.00
Rise: 35196.00
Rise: 35222.00
Rise: 35299.00
Rise: 35325.00
Rise: 35404.00
Rise: 35430.00
Rise: 35508.00
Rise: 35534.00
Rise: 35617.00
Rise: 35642.00
Rise: 35719.00
Rise: 35744.00
Rise: 35821.00
Rise: 35847.00
Rise: 35930.00
Rise: 36031.00
Rise: 36132.00
Rise: 36158.00
Rise: 36237.00
Rise: 36263.00
Rise: 36346.00
Rise: 36372.00
Rise: 36449.00
Rise: 36475.00
Rise: 36553.00
Rise: 36579.00
Rise: 36658.00
Rise: 36684.00
Rise: 36763.00
Rise: 36864.00
Rise: 36890.00
Rise: 36969.00
Rise: 36994.00
Rise: 37071.00
Rise: 37097.00
Rise: 37174.00
Rise: 37200.00
Rise: 37277.00
Rise: 37303.00
Rise: 37386.00
Rise: 37412.00
Rise: 37493.00
Rise: 37593.00
Rise: 37619.00
Rise: 37698.00
Rise: 37724.00
Rise: 37809.00
Rise: 37834.00
Rise: 37911.00
Rise: 37937.00
Rise: 38017.00
Rise: 38043.00
Rise: 38122.00
Rise: 38148.00
Rise: 38232.00
Rise: 38258.00
Rise: 38341.00
Rise: 38367.00
Rise: 38445.00
Rise: 38471.00
Rise: 38557.00
Rise: 38583.00
Rise: 38666.00
Rise: 38692.00
Rise: 38769.00
Rise: 38795.00
Rise: 38873.00
Rise: 38899.00
Rise: 38981.00
Rise: 39007.00
Rise: 39084.00
Rise: 39110.00
Rise: 39188.00
Rise: 39287.00
Rise: 39386.00
Rise: 39412.00
Rise: 39489.00
Rise: 39515.00
Rise: 39594.00
Rise: 39620.00
Rise: 39697.00
Rise: 39723.00
Rise: 39802.00
Rise: 39828.00
Rise: 39912.00
Rise: 39937.00
Rise: 40014.00
Fall: 40114.00
3
Rise: 40140.00
Rise: 40218.00
Rise: 40244.00
Rise: 40323.00
Rise: 40349.00
Rise: 40431.00
Rise: 40532.00
Rise: 40557.00
Rise: 40634.00
Rise: 40660.00
Rise: 40737.00
Rise: 40763.00
Rise: 40844.00
Rise: 40870.00
Rise: 40950.00
Rise: 41049.00
Rise: 41146.00
Rise: 41172.00
Rise: 41253.00
Rise: 41279.00
Rise: 41357.00
Rise: 41383.00
Rise: 41464.00
Rise: 41490.00
Rise: 41568.00
Rise: 41594.00
Rise: 41679.00
Rise: 41705.00
Rise: 41782.00
Rise: 41808.00
Rise: 41891.00
Rise: 41917.00
Rise: 42000.00
Rise: 42026.00
Rise: 42107.00
Rise: 42133.00
Rise: 42211.00
Rise: 42237.00
Rise: 42321.00
Rise: 42347.00
Rise: 42433.00
Rise: 42459.00
Rise: 42540.00
Rise: 42566.00
Rise: 42645.00
Rise: 42670.00
Rise: 42747.00
Rise: 42773.00
Rise: 42854.00
Rise: 42880.00
Rise: 42960.00
Rise: 43061.00
Rise: 43087.00
Rise: 43165.00
Rise: 43190.00
Rise: 43267.00
Rise: 43293.00
Rise: 43374.00
Rise: 43472.00
Rise: 43498.00
Rise: 43581.00
Rise: 43607.00
Rise: 43684.00
Rise: 43710.00
Rise: 43787.00
Rise: 43813.00
Rise: 43894.00
Rise: 43920.00
Rise: 44006.00
Rise: 44032.00
Rise: 44109.00
Rise: 44135.00
Rise: 44214.00
Rise: 44240.00
Rise: 44321.00
Rise: 44347.00
Rise: 44433.00
Rise: 44459.00
Rise: 44536.00
Rise: 44562.00
Rise: 44650.00
Rise: 44676.00
Rise: 44754.00
Rise: 44780.00
Rise: 44865.00
Rise: 44891.00
Rise: 44971.00
Rise: 45072.00
Rise: 45170.00
Rise: 45196.00
Rise: 45280.00
Rise: 45306.00
Rise: 45386.00
Rise: 45412.00
Rise: 45495.00
Rise: 45521.00
Rise: 45599.00
Rise: 45625.00
Rise: 45704.00
Rise: 45803.00
Rise: 45829.00
Rise: 45906.00
Rise: 45932.00
Rise: 46012.00
Rise: 46113.00
Rise: 46139.00
Rise: 46216.00
Rise: 46241.00
Rise: 46318.00
Rise: 46344.00
Rise: 46427.00
Rise: 46526.00
Rise: 46625.00
Rise: 46651.00
Rise: 46734.00
Rise: 46760.00
Rise: 46842.00
Rise: 46868.00
Rise: 46953.00
Rise: 46979.00
Rise: 47065.00
Rise: 47090.00
Rise: 47167.00
Rise: 47193.00
Rise: 47274.00
Rise: 47300.00
Rise: 47377.00
Rise: 47403.00
Rise: 47486.00
Rise: 47512.00
Rise: 47594.00
Rise: 47620.00
Rise: 47700.00
Rise: 47800.00
Rise: 47826.00
Rise: 47916.00
Rise: 47942.00
Rise: 48019.00
Rise: 48045.00
Rise: 48122.00
Rise: 48148.00
Rise: 48226.00
Rise: 48325.00
Rise: 48350.00
Rise: 48427.00
Rise: 48453.00
Rise: 48534.00
Rise: 48635.00
Rise: 48732.00
Rise: 48758.00
Rise: 48839.00
Rise: 48865.00
Rise: 48945.00
Rise: 48971.00
Rise: 49050.00
Rise: 49076.00
Rise: 49158.00
Rise: 49184.00
Rise: 49271.00
Rise: 49297.00
Rise: 49374.00
Rise: 49400.00
Rise: 49477.00
Rise: 49503.00
Rise: 49580.00
Rise: 49606.00
Rise: 49688.00
Rise: 49714.00
Rise: 49792.00
Rise: 49818.00
Rise: 49899.00
Rise: 49925.00
Rise: 50006.00
Rise: 50031.00
Rise: 50108.00
Rise: 50134.00
Rise: 50212.00
Rise: 50238.00
Rise: 50319.00
Rise: 50345.00
Rise: 50426.00
Rise: 50452.00
Rise: 50532.00
Rise: 50558.00
Rise: 50640.00
Rise: 50666.00
Rise: 50747.00
Rise: 50773.00
Rise: 50850.00
Rise: 50876.00
Rise: 50955.00
Rise: 51055.00
Rise: 51080.00
Rise: 51157.00
Rise: 51183.00
Rise: 51270.00
Rise: 51295.00
Rise: 51372.00
Rise: 51397.00
Rise: 51474.00
Rise: 51574.00
Rise: 51600.00
Rise: 51678.00
Rise: 51779.00
Rise: 51804.00
Rise: 51881.00
Rise: 51907.00
Rise: 51991.00
Rise: 52017.00
Rise: 52097.00
Rise: 52123.00
Rise: 52200.00
Rise: 52226.00
Rise: 52306.00
Rise: 52332.00
Rise: 52411.00
Rise: 52437.00
Rise: 52517.00
Rise: 52543.00
Rise: 52624.00
Rise: 52650.00
Rise: 52736.00
Rise: 52833.00
Rise: 52932.00
Rise: 53031.00
Rise: 53057.00
Rise: 53137.00
Rise: 53162.00
Rise: 53239.00
Rise: 53264.00
Rise: 53341.00
Rise: 53367.00
Rise: 53447.00
Rise: 53473.00
Rise: 53550.00
Rise: 53576.00
Rise: 53663.00
Rise: 53764.00
Rise: 53790.00
Rise: 53874.00
Rise: 53975.00
Rise: 54072.00
Rise: 54173.00
Rise: 54198.00
Rise: 54275.00
Rise: 54301.00
Rise: 54384.00
Rise: 54485.00
Rise: 54511.00
Rise: 54595.00
Rise: 54621.00
Rise: 54706.00
Rise: 54732.00
Rise: 54812.00
Rise: 54838.00
Rise: 54921.00
Rise: 54947.00
Rise: 55027.00
Rise: 55053.00
Rise: 55130.00
Rise: 55155.00
Rise: 55232.00
Rise: 55258.00
Rise: 55340.00
Rise: 55440.00
Rise: 55466.00
Rise: 55547.00
Rise: 55573.00
Rise: 55658.00
Rise: 55684.00
Rise: 55763.00
Rise: 55864.00
Rise: 55964.00
Rise: 55990.00
Rise: 56069.00
Rise: 56095.00
Rise: 56175.00
Rise: 56201.00
Rise: 56282.00
Rise: 56307.00
Rise: 56384.00
Rise: 56482.00
Rise: 56508.00
Rise: 56587.00
Rise: 56688.00
Rise: 56714.00
Rise: 56791.00
Rise: 56817.00
Rise: 56898.00
Rise: 56924.00
Rise: 57010.00
Rise: 57036.00
Rise: 57114.00
Rise: 57139.00
Rise: 57216.00
Rise: 57242.00
Rise: 57322.00
Rise: 57348.00
Rise: 57430.00
Rise: 57531.00
Rise: 57556.00
Rise: 57633.00
Rise: 57659.00
Rise: 57743.00
Rise: 57843.00
Rise: 57869.00
Rise: 57949.00
Rise: 58050.00
Rise: 58149.00
Rise: 58245.00
Rise: 58270.00
Rise: 58347.00
Rise: 58373.00
Rise: 58455.00
Rise: 58556.00
Rise: 58582.00
Rise: 58664.00
Rise: 58763.00
Rise: 58864.00
Rise: 58965.00
Rise: 58991.00
Rise: 59073.00
Rise: 59099.00
Rise: 59177.00
Rise: 59203.00
Rise: 59283.00
Rise: 59308.00
Rise: 59385.00
Rise: 59411.00
Rise: 59494.00
Rise: 59520.00
Rise: 59600.00
Rise: 59626.00
Rise: 59707.00
Rise: 59733.00
Rise: 59810.00
Rise: 59835.00
Rise: 59912.00
Rise: 59938.00
Rise: 60021.00
Fall: 60122.00
4
Rise: 60148.00
Rise: 60226.00
Rise: 60252.00
Rise: 60329.00
Rise: 60355.00
Rise: 60432.00
Rise: 60531.00
Rise: 60557.00
Rise: 60638.00
Rise: 60664.00
Rise: 60741.00
Rise: 60842.00
Rise: 60868.00
Rise: 60945.00
Rise: 60971.00
Rise: 61049.00
Rise: 61075.00
Rise: 61155.00
Rise: 61256.00
Rise: 61282.00
Rise: 61359.00
Rise: 61385.00
Rise: 61463.00
Rise: 61489.00
Rise: 61567.00
Rise: 61667.00
Rise: 61693.00
Rise: 61773.00
Rise: 61799.00
Rise: 61878.00
Rise: 61904.00
Rise: 61983.00
Rise: 62009.00
Rise: 62089.00
Rise: 62115.00
Rise: 62199.00
Rise: 62225.00
Rise: 62306.00
Rise: 62332.00
Rise: 62409.00
Rise: 62435.00
Rise: 62513.00
Rise: 62539.00
Rise: 62622.00
Rise: 62648.00
Rise: 62731.00
Rise: 62757.00
Rise: 62841.00
Rise: 62866.00
Rise: 62943.00
Rise: 62969.00
Rise: 63053.00
Rise: 63079.00
Rise: 63162.00
Rise: 63262.00
Rise: 63288.00
Rise: 63368.00
Rise: 63469.00
Rise: 63495.00
Rise: 63578.00
Rise: 63604.00
Rise: 63681.00
Rise: 63782.00
Rise: 63808.00
Rise: 63895.00
Rise: 63921.00
Rise: 63998.00
Rise: 64099.00
Rise: 64200.00
Rise: 64226.00
Rise: 64307.00
Rise: 64405.00
Rise: 64504.00
Rise: 64530.00
Rise: 64607.00
Rise: 64633.00
Rise: 64720.00
Rise: 64819.00
Rise: 64845.00
Rise: 64925.00
Rise: 64950.00
Rise: 65027.00
Rise: 65053.00
Rise: 65133.00
Rise: 65159.00
Rise: 65237.00
Rise: 65333.00
Rise: 65358.00
Rise: 65435.00
Rise: 65461.00
Rise: 65541.00
Rise: 65567.00
Rise: 65644.00
Rise: 65741.00
Rise: 65837.00
Rise: 65862.00
Rise: 65939.00
Rise: 65964.00
Rise: 66041.00
Rise: 66139.00
Rise: 66238.00
Rise: 66264.00
Rise: 66341.00
Rise: 66442.00
Rise: 66542.00
Rise: 66568.00
Rise: 66646.00
Rise: 66672.00
Rise: 66753.00
Rise: 66779.00
Rise: 66860.00
Rise: 66886.00
Rise: 66969.00
Rise: 66995.00
Rise: 67074.00
Rise: 67100.00
Rise: 67180.00
Rise: 67206.00
Rise: 67286.00
Rise: 67312.00
Rise: 67390.00
Rise: 67416.00
Rise: 67497.00
Rise: 67523.00
Rise: 67602.00
Rise: 67628.00
Rise: 67705.00
Rise: 67805.00
Rise: 67831.00
Rise: 67909.00
Rise: 68010.00
Rise: 68111.00
Rise: 68137.00
Rise: 68218.00
Rise: 68244.00
Rise: 68325.00
Rise: 68351.00
Rise: 68431.00
Rise: 68457.00
Rise: 68541.00
Rise: 68640.00
Rise: 68665.00
Rise: 68742.00
Rise: 68768.00
Rise: 68845.00
Rise: 68871.00
Rise: 68950.00
Rise: 68976.00
Rise: 69058.00
Rise: 69084.00
Rise: 69163.00
Rise: 69189.00
Rise: 69266.00
Rise: 69292.00
Rise: 69369.00
Rise: 69395.00
Rise: 69478.00
Rise: 69504.00
Rise: 69583.00
Rise: 69609.00
Rise: 69692.00
Rise: 69718.00
Rise: 69799.00
Rise: 69825.00
Rise: 69909.00
Rise: 69935.00
Rise: 70020.00
Rise: 70046.00
Rise: 70129.00
Rise: 70155.00
Rise: 70233.00
Rise: 70259.00
Rise: 70343.00
Rise: 70443.00
Rise: 70542.00
Rise: 70568.00
Rise: 70650.00
Rise: 70676.00
Rise: 70759.00
Rise: 70785.00
Rise: 70863.00
Rise: 70889.00
Rise: 70973.00
Rise: 71074.00
Rise: 71100.00
Rise: 71177.00
Rise: 71203.00
Rise: 71280.00
Rise: 71306.00
Rise: 71385.00
Rise: 71411.00
Rise: 71489.00
Rise: 71515.00
Rise: 71594.00
Rise: 71693.00
Rise: 71718.00
Rise: 71795.00
Rise: 71896.00
Rise: 71922.00
Rise: 72000.00
Rise: 72097.00
Rise: 72198.00
Rise: 72224.00
Rise: 72302.00
Rise: 72328.00
Rise: 72409.00
Rise: 72435.00
Rise: 72516.00
Rise: 72542.00
Rise: 72623.00
Rise: 72649.00
Rise: 72726.00
Rise: 72752.00
Rise: 72831.00
Rise: 72929.00
Rise: 72955.00
Rise: 73034.00
Rise: 73060.00
Rise: 73138.00
Rise: 73164.00
Rise: 73244.00
Rise: 73270.00
Rise: 73348.00
Rise: 73374.00
Rise: 73454.00
Rise: 73480.00
Rise: 73562.00
Rise: 73663.00
Rise: 73689.00
Rise: 73771.00
Rise: 73797.00
Rise: 73875.00
Rise: 73976.00
Rise: 74002.00
Rise: 74080.00
Rise: 74106.00
Rise: 74185.00
Rise: 74286.00
Rise: 74312.00
Rise: 74389.00
Rise: 74414.00
Rise: 74491.00
Rise: 74517.00
Rise: 74600.00
Rise: 74626.00
Rise: 74707.00
Rise: 74733.00
Rise: 74812.00
Rise: 74838.00
Rise: 74918.00
Rise: 75018.00
Rise: 75044.00
Rise: 75130.00
Rise: 75156.00
Rise: 75237.00
Rise: 75263.00
Rise: 75347.00
Rise: 75373.00
Rise: 75452.00
Rise: 75553.00
Rise: 75653.00
Rise: 75679.00
Rise: 75763.00
Rise: 75789.00
Rise: 75868.00
Rise: 75894.00
Rise: 75973.00
Rise: 75999.00
Rise: 76077.00
Rise: 76103.00
Rise: 76182.00
Rise: 76208.00
Rise: 76294.00
Rise: 76395.00
Rise: 76421.00
Rise: 76504.00
Rise: 76604.00
Rise: 76700.00
Rise: 76726.00
Rise: 76803.00
Rise: 76829.00
Rise: 76912.00
Rise: 76938.00
Rise: 77015.00
Rise: 77041.00
Rise: 77122.00
Rise: 77148.00
Rise: 77225.00
Rise: 77250.00
Rise: 77327.00
Rise: 77353.00
Rise: 77438.00
Rise: 77535.00
Rise: 77634.00
Rise: 77733.00
Rise: 77759.00
Rise: 77839.00
Rise: 77865.00
Rise: 77943.00
Rise: 77969.00
Rise: 78047.00
Rise: 78073.00
Rise: 78151.00
Rise: 78177.00
Rise: 78257.00
Rise: 78283.00
Rise: 78362.00
Rise: 78388.00
Rise: 78466.00
Rise: 78492.00
Rise: 78570.00
Rise: 78596.00
Rise: 78674.00
Rise: 78700.00
Rise: 78783.00
Rise: 78809.00
Rise: 78886.00
Rise: 78983.00
Rise: 79009.00
Rise: 79087.00
Rise: 79113.00
Rise: 79190.00
Rise: 79216.00
Rise: 79293.00
Rise: 79319.00
Rise: 79403.00
Rise: 79429.00
Rise: 79508.00
Rise: 79534.00
Rise: 79615.00
Rise: 79715.00
Rise: 79741.00
Rise: 79819.00
Rise: 79845.00
Rise: 79923.00
Rise: 79948.00
Rise: 80025.00
Fall: 80128.00
5
Rise: 80154.00
Rise: 80236.00
Rise: 80262.00
Rise: 80344.00
Rise: 80369.00
Rise: 80446.00
Rise: 80547.00
Rise: 80573.00
Rise: 80654.00
Rise: 80753.00
Rise: 80779.00
Rise: 80860.00
Rise: 80886.00
Rise: 80969.00
Rise: 80995.00
Rise: 81077.00
Rise: 81102.00
Rise: 81179.00
Rise: 81204.00
Rise: 81281.00
Rise: 81307.00
Rise: 81384.00
Rise: 81409.00
Rise: 81486.00
Rise: 81512.00
Rise: 81595.00
Rise: 81693.00
Rise: 81719.00
Rise: 81801.00
Rise: 81827.00
Rise: 81904.00
Rise: 81930.00
Rise: 82016.00
Rise: 82042.00
Rise: 82120.00
Rise: 82221.00
Rise: 82247.00
Rise: 82325.00
Rise: 82351.00
Rise: 82432.00
Rise: 82458.00
Rise: 82535.00
Rise: 82560.00
Rise: 82637.00
Rise: 82737.00
Rise: 82763.00
Rise: 82849.00
Rise: 82875.00
Rise: 82954.00
Rise: 83055.00
Rise: 83155.00
Rise: 83180.00
Rise: 83257.00
Rise: 83283.00
Rise: 83361.00
Rise: 83387.00
Rise: 83468.00
Rise: 83494.00
Rise: 83577.00
Rise: 83676.00
Rise: 83772.00
Rise: 83798.00
Rise: 83878.00
Rise: 83979.00
Rise: 84005.00
Rise: 84084.00
Rise: 84110.00
Rise: 84195.00
Rise: 84221.00
Rise: 84299.00
Rise: 84399.00
Rise: 84424.00
Rise: 84501.00
Rise: 84526.00
Rise: 84603.00
Rise: 84701.00
Rise: 84727.00
Rise: 84808.00
Rise: 84834.00
Rise: 84914.00
Rise: 84940.00
Rise: 85018.00
Rise: 85044.00
Rise: 85125.00
Rise: 85151.00
Rise: 85230.00
Rise: 85256.00
Rise: 85333.00
Rise: 85359.00
Rise: 85440.00
Rise: 85466.00
Rise: 85549.00
Rise: 85649.00
Rise: 85675.00
Rise: 85754.00
Rise: 85780.00
Rise: 85860.00
Rise: 85886.00
Rise: 85963.00
Rise: 86064.00
Rise: 86165.00
Rise: 86266.00
Rise: 86292.00
Rise: 86376.00
Rise: 86402.00
Rise: 86482.00
Rise: 86508.00
Rise: 86587.00
Rise: 86613.00
Rise: 86696.00
Rise: 86722.00
Rise: 86808.00
Rise: 86907.00
Rise: 86933.00
Rise: 87015.00
Rise: 87041.00
Rise: 87124.00
Rise: 87150.00
Rise: 87237.00
Rise: 87262.00
Rise: 87339.00
Rise: 87440.00
Rise: 87465.00
Rise: 87542.00
Rise: 87568.00
Rise: 87652.00
Rise: 87677.00
Rise: 87754.00
Rise: 87780.00
Rise: 87862.00
Rise: 87888.00
Rise: 87972.00
Rise: 87998.00
Rise: 88075.00
Rise: 88101.00
Rise: 88179.00
Rise: 88205.00
Rise: 88284.00
Rise: 88382.00
Rise: 88482.00
Rise: 88508.00
Rise: 88589.00
Rise: 88614.00
Rise: 88691.00
Rise: 88716.00
Rise: 88793.00
Rise: 88819.00
Rise: 88897.00
Rise: 88996.00
Rise: 89095.00
Rise: 89121.00
Rise: 89203.00
Rise: 89229.00
Rise: 89308.00
Rise: 89334.00
Rise: 89411.00
Rise: 89436.00
Rise: 89513.00
Rise: 89613.00
Rise: 89639.00
Rise: 89717.00
Rise: 89743.00
Rise: 89823.00
Rise: 89923.00
Rise: 89949.00
Rise: 90029.00
Rise: 90055.00
Rise: 90133.00
Rise: 90232.00
Rise: 90257.00
Rise: 90334.00
Rise: 90360.00
Rise: 90437.00
Rise: 90463.00
Rise: 90541.00
Rise: 90566.00
Rise: 90643.00
Rise: 90669.00
Rise: 90748.00
Rise: 90848.00
Rise: 90874.00
Rise: 90955.00
Rise: 90981.00
Rise: 91059.00
Rise: 91085.00
Rise: 91163.00
Rise: 91189.00
Rise: 91268.00
Rise: 91294.00
Rise: 91372.00
Rise: 91472.00
Rise: 91497.00
Rise: 91574.00
Rise: 91600.00
Rise: 91678.00
Rise: 91704.00
Rise: 91787.00
Rise: 91812.00
Rise: 91889.00
Rise: 91915.00
Rise: 91994.00
Rise: 92095.00
Rise: 92121.00
Rise: 92203.00
Rise: 92229.00
Rise: 92313.00
Rise: 92414.00
Rise: 92439.00
Rise: 92516.00
Rise: 92615.00
Rise: 92714.00
Rise: 92814.00
Rise: 92840.00
Rise: 92917.00
Rise: 92943.00
Rise: 93032.00
Rise: 93058.00
Rise: 93141.00
Rise: 93167.00
Rise: 93247.00
Rise: 93272.00
Rise: 93349.00
Rise: 93374.00
Rise: 93451.00
Rise: 93476.00
Rise: 93553.00
Rise: 93651.00
Rise: 93749.00
Rise: 93775.00
Rise: 93853.00
Rise: 93879.00
Rise: 93963.00
Rise: 94061.00
Rise: 94087.00
Rise: 94164.00
Rise: 94265.00
Rise: 94290.00
Rise: 94367.00
Rise: 94393.00
Rise: 94470.00
Rise: 94496.00
Rise: 94573.00
Rise: 94599.00
Rise: 94682.00
Rise: 94708.00
Rise: 94791.00
Rise: 94890.00
Rise: 94916.00
Rise: 94994.00
Rise: 95020.00
Rise: 95100.00
Rise: 95126.00
Rise: 95209.00
Rise: 95235.00
Rise: 95312.00
Rise: 95413.00
Rise: 95439.00
Rise: 95521.00
Rise: 95620.00
Rise: 95646.00
Rise: 95726.00
Rise: 95752.00
Rise: 95835.00
Rise: 95861.00
Rise: 95938.00
Rise: 96037.00
Rise: 96063.00
Rise: 96141.00
Rise: 96167.00
Rise: 96250.00
Rise: 96275.00
Rise: 96352.00
Rise: 96377.00
Rise: 96454.00
Rise: 96480.00
Rise: 96565.00
Rise: 96591.00
Rise: 96674.00
Rise: 96699.00
Rise: 96776.00
Rise: 96802.00
Rise: 96879.00
Rise: 96905.00
Rise: 96984.00
Rise: 97084.00
Rise: 97110.00
Rise: 97190.00
Rise: 97216.00
Rise: 97295.00
Rise: 97321.00
Rise: 97403.00
Rise: 97429.00
Rise: 97512.00
Rise: 97610.00
Rise: 97636.00
Rise: 97720.00
Rise: 97746.00
Rise: 97827.00
Rise: 97928.00
Rise: 97954.00
Rise: 98034.00
Rise: 98060.00
Rise: 98137.00
Rise: 98163.00
Rise: 98248.00
Rise: 98274.00
Rise: 98351.00
Rise: 98376.00
Rise: 98453.00
Rise: 98479.00
Rise: 98558.00
Rise: 98584.00
Rise: 98663.00
Rise: 98689.00
Rise: 98768.00
Rise: 98794.00
Rise: 98879.00
Rise: 98980.00
Rise: 99006.00
Rise: 99086.00
Rise: 99112.00
Rise: 99189.00
Rise: 99215.00
Rise: 99298.00
Rise: 99323.00
Rise: 99400.00
Rise: 99426.00
Rise: 99505.00
Rise: 99531.00
Rise: 99614.00
Rise: 99640.00
Rise: 99721.00
Rise: 99747.00
Rise: 99824.00
Rise: 99850.00
Rise: 99927.00
Rise: 99953.00
Rise: 100030.00
Fall: 100130.00
6
