Rise: 65.00
Rise: 65.00
Rise: 115.00
Rise: 221.00
Rise: 221.00
Rise: 330.00
Rise: 330.00
Rise: 447.00
Rise: 447.00
Rise: 558.00
Rise: 558.00
Rise: 664.00
Rise: 664.00
Rise: 778.00
Rise: 778.00
Rise: 892.00
Rise: 892.00
Rise: 1005.00
Rise: 1005.00
Rise: 1107.00
Rise: 1107.00
Rise: 1214.00
Rise: 1214.00
Rise: 1337.00
Rise: 1337.00
Rise: 1451.00
Rise: 1451.00
Rise: 1560.00
Rise: 1560.00
Rise: 1677.00
Rise: 1677.00
Rise: 1791.00
Rise: 1791.00
Rise: 1905.00
Rise: 1905.00
Rise: 2019.00
Rise: 2019.00
Rise: 2128.00
Rise: 2128.00
Rise: 2235.00
Rise: 2235.00
Rise: 2285.00
