Rise: 67.00
Rise: 68.00
Rise: 177.00
Rise: 178.00
Rise: 285.00
Rise: 286.00
Rise: 391.00
Rise: 392.00
Rise: 493.00
Rise: 494.00
Rise: 593.00
Rise: 596.00
Rise: 691.00
Rise: 698.00
Rise: 793.00
Rise: 799.00
Rise: 901.00
Rise: 902.00
Rise: 1002.00
Rise: 1004.00
Rise: 1100.00
Rise: 1106.00
Rise: 1199.00
Rise: 1208.00
Rise: 1301.00
Rise: 1310.00
Rise: 1404.00
Rise: 1411.00
Rise: 1511.00
Rise: 1512.00
Rise: 1611.00
Rise: 1613.00
Rise: 1713.00
Rise: 1714.00
Rise: 1820.00
Rise: 1821.00
Rise: 1930.00
Rise: 1931.00
Rise: 2033.00
Rise: 2034.00
Rise: 2136.00
Rise: 2137.00
Rise: 2237.00
Rise: 2238.00
Rise: 2346.00
Rise: 2347.00
Rise: 2449.00
Rise: 2450.00
Rise: 2548.00
Rise: 2551.00
Rise: 2656.00
Rise: 2657.00
Rise: 2756.00
Rise: 2758.00
Rise: 2857.00
Rise: 2859.00
Rise: 2963.00
Rise: 2964.00
Rise: 3066.00
Rise: 3067.00
Rise: 3171.00
Rise: 3172.00
Rise: 3270.00
Rise: 3274.00
Rise: 3371.00
Rise: 3375.00
Rise: 3474.00
Rise: 3476.00
Rise: 3576.00
Rise: 3577.00
Rise: 3684.00
Rise: 3685.00
Rise: 3781.00
Rise: 3787.00
Rise: 3882.00
Rise: 3889.00
Rise: 3982.00
Rise: 3991.00
Rise: 4081.00
Rise: 4093.00
Rise: 4189.00
Rise: 4194.00
Rise: 4293.00
Rise: 4295.00
Rise: 4395.00
Rise: 4396.00
Rise: 4496.00
Rise: 4498.00
Rise: 4594.00
Rise: 4600.00
Rise: 4694.00
Rise: 4702.00
Rise: 4794.00
Rise: 4804.00
Rise: 4895.00
Rise: 4906.00
Rise: 4999.00
Rise: 5008.00
Rise: 5098.00
Rise: 5110.00
Rise: 5197.00
Rise: 5212.00
Rise: 5297.00
Rise: 5314.00
Rise: 5405.00
Rise: 5416.00
Rise: 5502.00
Rise: 5518.00
Rise: 5609.00
Rise: 5620.00
Rise: 5717.00
Rise: 5721.00
Rise: 5820.00
Rise: 5822.00
Rise: 5922.00
Rise: 5923.00
Rise: 6026.00
Rise: 6027.00
Rise: 6126.00
Rise: 6128.00
Rise: 6232.00
Rise: 6233.00
Rise: 6339.00
Rise: 6340.00
Rise: 6437.00
Rise: 6442.00
Rise: 6536.00
Rise: 6543.00
Rise: 6644.00
Rise: 6645.00
Rise: 6750.00
Rise: 6751.00
Rise: 6861.00
Rise: 6862.00
Rise: 6963.00
Rise: 6964.00
Rise: 7065.00
Rise: 7066.00
Rise: 7165.00
Rise: 7167.00
Rise: 7277.00
Rise: 7278.00
Rise: 7376.00
Rise: 7380.00
Rise: 7477.00
Rise: 7482.00
Rise: 7575.00
Rise: 7584.00
Rise: 7676.00
Rise: 7686.00
Rise: 7778.00
Rise: 7788.00
Rise: 7877.00
Rise: 7890.00
Rise: 7983.00
Rise: 7992.00
Rise: 8087.00
Rise: 8094.00
Rise: 8191.00
Rise: 8195.00
Rise: 8296.00
Rise: 8297.00
Rise: 8397.00
Rise: 8398.00
Rise: 8498.00
Rise: 8500.00
Rise: 8597.00
Rise: 8601.00
Rise: 8701.00
Rise: 8702.00
Rise: 8802.00
Rise: 8803.00
Rise: 8902.00
Rise: 8904.00
Rise: 9006.00
Rise: 9007.00
Rise: 9109.00
Rise: 9110.00
Rise: 9213.00
Rise: 9214.00
Rise: 9312.00
Rise: 9315.00
Rise: 9415.00
Rise: 9417.00
Rise: 9514.00
Rise: 9519.00
Rise: 9615.00
Rise: 9621.00
Rise: 9717.00
Rise: 9723.00
Rise: 9819.00
Rise: 9824.00
Rise: 9924.00
Rise: 9926.00
Rise: 10022.00
Rise: 10028.00
Rise: 10124.00
Rise: 10130.00
Rise: 10225.00
Rise: 10232.00
Rise: 10329.00
Rise: 10333.00
Rise: 10433.00
Rise: 10435.00
Rise: 10531.00
Rise: 10537.00
Rise: 10629.00
Rise: 10638.00
Rise: 10737.00
Rise: 10739.00
Rise: 10840.00
Rise: 10841.00
Rise: 10947.00
Rise: 10948.00
Rise: 11046.00
Rise: 11049.00
Rise: 11150.00
Rise: 11151.00
Rise: 11254.00
Rise: 11255.00
Rise: 11355.00
Rise: 11357.00
Rise: 11454.00
Rise: 11458.00
Rise: 11558.00
Rise: 11559.00
Rise: 11659.00
Rise: 11660.00
Rise: 11759.00
Rise: 11761.00
Rise: 11862.00
Rise: 11863.00
Rise: 11964.00
Rise: 11965.00
Rise: 12062.00
Rise: 12067.00
Rise: 12164.00
Rise: 12169.00
Rise: 12264.00
Rise: 12270.00
Rise: 12370.00
Rise: 12371.00
Rise: 12473.00
Rise: 12474.00
Rise: 12572.00
Rise: 12575.00
Rise: 12674.00
Rise: 12677.00
Rise: 12772.00
Rise: 12779.00
Rise: 12873.00
Rise: 12881.00
Rise: 12977.00
Rise: 12983.00
Rise: 13078.00
Rise: 13085.00
Rise: 13179.00
Rise: 13187.00
Rise: 13280.00
Rise: 13289.00
Rise: 13382.00
Rise: 13391.00
Rise: 13477.00
Rise: 13493.00
Rise: 13586.00
Rise: 13595.00
Rise: 13686.00
Rise: 13697.00
Rise: 13788.00
Rise: 13799.00
Rise: 13884.00
Rise: 13901.00
Rise: 13991.00
Rise: 14003.00
Rise: 14097.00
Rise: 14104.00
Rise: 14207.00
Rise: 14208.00
Rise: 14318.00
Rise: 14319.00
Rise: 14427.00
Rise: 14428.00
Rise: 14531.00
Rise: 14532.00
Rise: 14638.00
Rise: 14639.00
Rise: 14743.00
Rise: 14744.00
Rise: 14842.00
Rise: 14845.00
Rise: 14947.00
Rise: 14948.00
Rise: 15048.00
Rise: 15049.00
Rise: 15148.00
Rise: 15150.00
Rise: 15251.00
Rise: 15252.00
Rise: 15352.00
Rise: 15353.00
Rise: 15463.00
Rise: 15464.00
Rise: 15561.00
Rise: 15566.00
Rise: 15661.00
Rise: 15668.00
Rise: 15765.00
Rise: 15769.00
Rise: 15869.00
Rise: 15870.00
Rise: 15969.00
Rise: 15972.00
Rise: 16068.00
Rise: 16074.00
Rise: 16166.00
Rise: 16176.00
Rise: 16268.00
Rise: 16278.00
Rise: 16375.00
Rise: 16379.00
Rise: 16478.00
Rise: 16481.00
Rise: 16574.00
Rise: 16583.00
Rise: 16677.00
Rise: 16685.00
Rise: 16782.00
Rise: 16787.00
Rise: 16883.00
Rise: 16889.00
Rise: 16984.00
Rise: 16991.00
Rise: 17083.00
Rise: 17093.00
Rise: 17188.00
Rise: 17195.00
Rise: 17290.00
Rise: 17296.00
Rise: 17395.00
Rise: 17398.00
Rise: 17493.00
Rise: 17500.00
Rise: 17597.00
Rise: 17602.00
Rise: 17699.00
Rise: 17704.00
Rise: 17800.00
Rise: 17805.00
Rise: 17906.00
Rise: 17907.00
Rise: 18010.00
Rise: 18011.00
Rise: 18110.00
Rise: 18112.00
Rise: 18211.00
Rise: 18214.00
Rise: 18311.00
Rise: 18315.00
Rise: 18416.00
Rise: 18417.00
Rise: 18521.00
Rise: 18522.00
Rise: 18617.00
Rise: 18624.00
Rise: 18715.00
Rise: 18726.00
Rise: 18814.00
Rise: 18828.00
Rise: 18913.00
Rise: 18930.00
Rise: 19016.00
Rise: 19032.00
Rise: 19120.00
Rise: 19133.00
Rise: 19233.00
Rise: 19234.00
Rise: 19340.00
Rise: 19341.00
Rise: 19445.00
Rise: 19446.00
Rise: 19549.00
Rise: 19550.00
Rise: 19653.00
Rise: 19654.00
Rise: 19754.00
Rise: 19756.00
Rise: 19852.00
Rise: 19857.00
Rise: 19957.00
Rise: 19958.00
Rise: 20062.00
Rise: 20063.00
Rise: 20164.00
Rise: 20165.00
Rise: 20264.00
Rise: 20266.00
Rise: 20367.00
Rise: 20368.00
Rise: 20467.00
Rise: 20469.00
Rise: 20572.00
Rise: 20573.00
Rise: 20676.00
Rise: 20677.00
Rise: 20773.00
Rise: 20778.00
Rise: 20878.00
Rise: 20879.00
Rise: 20978.00
Rise: 20980.00
Rise: 21080.00
Rise: 21081.00
Rise: 21185.00
Rise: 21186.00
Rise: 21290.00
Rise: 21291.00
Rise: 21397.00
Rise: 21398.00
Rise: 21497.00
Rise: 21499.00
Rise: 21603.00
Rise: 21604.00
Rise: 21705.00
Rise: 21706.00
Rise: 21813.00
Rise: 21814.00
Rise: 21913.00
Rise: 21916.00
Rise: 22013.00
Rise: 22017.00
Rise: 22116.00
Rise: 22119.00
Rise: 22216.00
Rise: 22220.00
Rise: 22323.00
Rise: 22324.00
Rise: 22423.00
Rise: 22426.00
Rise: 22521.00
Rise: 22528.00
Rise: 22621.00
Rise: 22630.00
Rise: 22724.00
Rise: 22732.00
Rise: 22828.00
Rise: 22834.00
Rise: 22929.00
Rise: 22936.00
Rise: 23033.00
Rise: 23037.00
Rise: 23137.00
Rise: 23138.00
Rise: 23242.00
Rise: 23243.00
Rise: 23341.00
Rise: 23344.00
Rise: 23447.00
Rise: 23448.00
Rise: 23548.00
Rise: 23549.00
Rise: 23654.00
Rise: 23655.00
Rise: 23751.00
Rise: 23756.00
Rise: 23856.00
Rise: 23857.00
Rise: 23963.00
Rise: 23964.00
Rise: 24064.00
Rise: 24065.00
Rise: 24165.00
Rise: 24166.00
Rise: 24272.00
Rise: 24273.00
Rise: 24379.00
Rise: 24380.00
Rise: 24482.00
Rise: 24483.00
Rise: 24583.00
Rise: 24584.00
Rise: 24687.00
Rise: 24688.00
Rise: 24784.00
Rise: 24789.00
Rise: 24888.00
Rise: 24890.00
Rise: 24990.00
Rise: 24991.00
Rise: 25091.00
Rise: 25092.00
Rise: 25192.00
Rise: 25194.00
Rise: 25290.00
Rise: 25295.00
Rise: 25396.00
Rise: 25397.00
Rise: 25505.00
Rise: 25506.00
Rise: 25604.00
Rise: 25608.00
Rise: 25702.00
Rise: 25710.00
Rise: 25806.00
Rise: 25811.00
Rise: 25911.00
Rise: 25912.00
Rise: 26013.00
Rise: 26014.00
Rise: 26112.00
Rise: 26115.00
Rise: 26215.00
Rise: 26216.00
Rise: 26318.00
Rise: 26319.00
Rise: 26418.00
Rise: 26420.00
Rise: 26522.00
Rise: 26523.00
Rise: 26626.00
Rise: 26627.00
Rise: 26727.00
Rise: 26728.00
Rise: 26830.00
Rise: 26831.00
Rise: 26931.00
Rise: 26932.00
Rise: 27032.00
Rise: 27034.00
Rise: 27131.00
Rise: 27135.00
Rise: 27234.00
Rise: 27237.00
Rise: 27334.00
Rise: 27338.00
Rise: 27443.00
Rise: 27444.00
Rise: 27546.00
Rise: 27547.00
Rise: 27653.00
Rise: 27654.00
Rise: 27755.00
Rise: 27756.00
Rise: 27861.00
Rise: 27862.00
Rise: 27962.00
Rise: 27963.00
Rise: 28068.00
Rise: 28069.00
Rise: 28167.00
Rise: 28170.00
Rise: 28270.00
Rise: 28271.00
Rise: 28373.00
Rise: 28374.00
Rise: 28470.00
Rise: 28476.00
Rise: 28572.00
Rise: 28577.00
Rise: 28676.00
Rise: 28678.00
Rise: 28781.00
Rise: 28782.00
Rise: 28881.00
Rise: 28884.00
Rise: 28978.00
Rise: 28986.00
Rise: 29075.00
Rise: 29088.00
Rise: 29176.00
Rise: 29190.00
Rise: 29277.00
Rise: 29292.00
Rise: 29377.00
Rise: 29394.00
Rise: 29480.00
Rise: 29496.00
Rise: 29585.00
Rise: 29598.00
Rise: 29686.00
Rise: 29700.00
Rise: 29790.00
Rise: 29802.00
Rise: 29898.00
Rise: 29903.00
Rise: 30005.00
Rise: 30006.00
Rise: 30102.00
Rise: 30108.00
Rise: 30202.00
Rise: 30209.00
Rise: 30310.00
Rise: 30311.00
Rise: 30419.00
Rise: 30420.00
Rise: 30519.00
Rise: 30521.00
Rise: 30621.00
Rise: 30623.00
Rise: 30720.00
Rise: 30725.00
Rise: 30816.00
Rise: 30827.00
Rise: 30920.00
Rise: 30929.00
Rise: 31024.00
Rise: 31030.00
Rise: 31130.00
Rise: 31131.00
Rise: 31232.00
Rise: 31233.00
Rise: 31330.00
Rise: 31334.00
Rise: 31434.00
Rise: 31435.00
Rise: 31535.00
Rise: 31536.00
Rise: 31640.00
Rise: 31641.00
Rise: 31742.00
Rise: 31743.00
Rise: 31847.00
Rise: 31848.00
Rise: 31952.00
Rise: 31953.00
Rise: 32056.00
Rise: 32057.00
Rise: 32162.00
Rise: 32163.00
Rise: 32265.00
Rise: 32266.00
Rise: 32368.00
Rise: 32369.00
Rise: 32469.00
Rise: 32470.00
Rise: 32576.00
Rise: 32577.00
Rise: 32679.00
Rise: 32680.00
Rise: 32783.00
Rise: 32784.00
Rise: 32888.00
Rise: 32889.00
Rise: 32986.00
Rise: 32991.00
Rise: 33084.00
Rise: 33093.00
Rise: 33181.00
Rise: 33195.00
Rise: 33280.00
Rise: 33297.00
Rise: 33378.00
Rise: 33399.00
Rise: 33483.00
Rise: 33501.00
Rise: 33587.00
Rise: 33603.00
Rise: 33694.00
Rise: 33705.00
Rise: 33801.00
Rise: 33806.00
Rise: 33908.00
Rise: 33909.00
Rise: 34006.00
Rise: 34010.00
Rise: 34109.00
Rise: 34112.00
Rise: 34209.00
Rise: 34214.00
Rise: 34311.00
Rise: 34316.00
Rise: 34409.00
Rise: 34418.00
Rise: 34509.00
Rise: 34520.00
Rise: 34608.00
Rise: 34622.00
Rise: 34708.00
Rise: 34724.00
Rise: 34808.00
Rise: 34826.00
Rise: 34909.00
Rise: 34928.00
Rise: 35010.00
Rise: 35030.00
Rise: 35120.00
Rise: 35132.00
Rise: 35222.00
Rise: 35234.00
Rise: 35324.00
Rise: 35336.00
Rise: 35429.00
Rise: 35438.00
Rise: 35530.00
Rise: 35540.00
Rise: 35631.00
Rise: 35642.00
Rise: 35732.00
Rise: 35744.00
Rise: 35831.00
Rise: 35846.00
Rise: 35930.00
Rise: 35948.00
Rise: 36030.00
Rise: 36050.00
Rise: 36133.00
Rise: 36152.00
Rise: 36233.00
Rise: 36254.00
Rise: 36343.00
Rise: 36356.00
Rise: 36447.00
Rise: 36458.00
Rise: 36547.00
Rise: 36560.00
Rise: 36648.00
Rise: 36662.00
Rise: 36749.00
Rise: 36764.00
Rise: 36852.00
Rise: 36866.00
Rise: 36956.00
Rise: 36968.00
Rise: 37054.00
Rise: 37070.00
Rise: 37155.00
Rise: 37172.00
Rise: 37251.00
Rise: 37274.00
Rise: 37360.00
Rise: 37376.00
Rise: 37468.00
Rise: 37478.00
Rise: 37572.00
Rise: 37580.00
Rise: 37677.00
Rise: 37681.00
Rise: 37780.00
Rise: 37782.00
Rise: 37886.00
Rise: 37887.00
Rise: 37993.00
Rise: 37994.00
Rise: 38093.00
Rise: 38095.00
Rise: 38194.00
Rise: 38197.00
Rise: 38293.00
Rise: 38299.00
Rise: 38393.00
Rise: 38401.00
Rise: 38492.00
Rise: 38503.00
Rise: 38597.00
Rise: 38604.00
Rise: 38708.00
Rise: 38709.00
Rise: 38809.00
Rise: 38810.00
Rise: 38916.00
Rise: 38917.00
Rise: 39023.00
Rise: 39024.00
Rise: 39127.00
Rise: 39128.00
Rise: 39232.00
Rise: 39233.00
Rise: 39332.00
Rise: 39334.00
Rise: 39439.00
Rise: 39440.00
Rise: 39545.00
Rise: 39546.00
Rise: 39650.00
Rise: 39651.00
Rise: 39753.00
Rise: 39754.00
Rise: 39856.00
Rise: 39857.00
Rise: 39956.00
Rise: 39958.00
Rise: 40060.00
Rise: 40061.00
Rise: 40165.00
Rise: 40166.00
Rise: 40264.00
Rise: 40268.00
Rise: 40360.00
Rise: 40370.00
Rise: 40462.00
Rise: 40472.00
Rise: 40565.00
Rise: 40574.00
Rise: 40663.00
Rise: 40676.00
Rise: 40766.00
Rise: 40778.00
Rise: 40872.00
Rise: 40880.00
Rise: 40975.00
Rise: 40981.00
Rise: 41081.00
Rise: 41082.00
Rise: 41181.00
Rise: 41183.00
Rise: 41283.00
Rise: 41284.00
Rise: 41383.00
Rise: 41385.00
Rise: 41484.00
Rise: 41486.00
Rise: 41587.00
Rise: 41588.00
Rise: 41689.00
Rise: 41690.00
Rise: 41794.00
Rise: 41795.00
Rise: 41894.00
Rise: 41896.00
Rise: 41996.00
Rise: 41997.00
Rise: 42098.00
Rise: 42099.00
Rise: 42205.00
Rise: 42206.00
Rise: 42306.00
Rise: 42307.00
Rise: 42412.00
Rise: 42413.00
Rise: 42521.00
Rise: 42522.00
Rise: 42623.00
Rise: 42624.00
Rise: 42722.00
Rise: 42725.00
Rise: 42829.00
Rise: 42830.00
Rise: 42928.00
Rise: 42931.00
Rise: 43035.00
Rise: 43036.00
Rise: 43134.00
Rise: 43137.00
Rise: 43240.00
Rise: 43241.00
Rise: 43343.00
Rise: 43344.00
Rise: 43443.00
Rise: 43445.00
Rise: 43546.00
Rise: 43547.00
Rise: 43645.00
Rise: 43648.00
Rise: 43747.00
Rise: 43749.00
Rise: 43849.00
Rise: 43850.00
Rise: 43952.00
Rise: 43953.00
Rise: 44053.00
Rise: 44054.00
Rise: 44158.00
Rise: 44159.00
Rise: 44257.00
Rise: 44260.00
Rise: 44362.00
Rise: 44363.00
Rise: 44468.00
Rise: 44469.00
Rise: 44568.00
Rise: 44570.00
Rise: 44672.00
Rise: 44673.00
Rise: 44775.00
Rise: 44776.00
Rise: 44874.00
Rise: 44878.00
Rise: 44973.00
Rise: 44980.00
Rise: 45069.00
Rise: 45082.00
Rise: 45167.00
Rise: 45184.00
Rise: 45269.00
Rise: 45286.00
Rise: 45370.00
Rise: 45388.00
Rise: 45471.00
Rise: 45490.00
Rise: 45574.00
Rise: 45592.00
Rise: 45673.00
Rise: 45694.00
Rise: 45775.00
Rise: 45796.00
Rise: 45880.00
Rise: 45898.00
Rise: 45985.00
Rise: 46000.00
Rise: 46084.00
Rise: 46102.00
Rise: 46186.00
Rise: 46204.00
Rise: 46291.00
Rise: 46306.00
Rise: 46393.00
Rise: 46408.00
Rise: 46497.00
Rise: 46510.00
Rise: 46599.00
Rise: 46612.00
Rise: 46708.00
Rise: 46713.00
Rise: 46812.00
Rise: 46815.00
Rise: 46911.00
Rise: 46917.00
Rise: 47011.00
Rise: 47019.00
Rise: 47114.00
Rise: 47120.00
Rise: 47220.00
Rise: 47221.00
Rise: 47320.00
Rise: 47322.00
Rise: 47422.00
Rise: 47423.00
Rise: 47524.00
Rise: 47525.00
Rise: 47629.00
Rise: 47630.00
Rise: 47728.00
Rise: 47731.00
Rise: 47839.00
Rise: 47840.00
Rise: 47945.00
Rise: 47946.00
Rise: 48048.00
Rise: 48049.00
Rise: 48152.00
Rise: 48153.00
Rise: 48257.00
Rise: 48258.00
Rise: 48356.00
Rise: 48359.00
Rise: 48461.00
Rise: 48462.00
Rise: 48570.00
Rise: 48571.00
Rise: 48673.00
Rise: 48674.00
Rise: 48776.00
Rise: 48777.00
Rise: 48880.00
Rise: 48881.00
Rise: 48981.00
Rise: 48983.00
Rise: 49080.00
Rise: 49085.00
Rise: 49178.00
Rise: 49186.00
Rise: 49285.00
Rise: 49288.00
Rise: 49384.00
Rise: 49390.00
Rise: 49485.00
Rise: 49492.00
Rise: 49583.00
Rise: 49594.00
Rise: 49686.00
Rise: 49695.00
Rise: 49796.00
Rise: 49797.00
Rise: 49901.00
Rise: 49902.00
Rise: 50004.00
Rise: 50005.00
Rise: 50104.00
Rise: 50107.00
Rise: 50202.00
Rise: 50208.00
Rise: 50309.00
Rise: 50310.00
Rise: 50410.00
Rise: 50411.00
Rise: 50510.00
Rise: 50512.00
Rise: 50613.00
Rise: 50614.00
Rise: 50715.00
Rise: 50716.00
Rise: 50821.00
Rise: 50822.00
Rise: 50921.00
Rise: 50923.00
Rise: 51022.00
Rise: 51024.00
Rise: 51129.00
Rise: 51130.00
Rise: 51237.00
Rise: 51238.00
Rise: 51338.00
Rise: 51339.00
Rise: 51438.00
Rise: 51440.00
Rise: 51545.00
Rise: 51546.00
Rise: 51645.00
Rise: 51648.00
Rise: 51745.00
Rise: 51749.00
Rise: 51849.00
Rise: 51850.00
Rise: 51955.00
Rise: 51956.00
Rise: 52055.00
Rise: 52057.00
Rise: 52157.00
Rise: 52158.00
Rise: 52264.00
Rise: 52265.00
Rise: 52373.00
Rise: 52374.00
Rise: 52475.00
Rise: 52476.00
Rise: 52576.00
Rise: 52577.00
Rise: 52681.00
Rise: 52682.00
Rise: 52785.00
Rise: 52786.00
Rise: 52889.00
Rise: 52890.00
Rise: 52994.00
Rise: 52995.00
Rise: 53093.00
Rise: 53096.00
Rise: 53197.00
Rise: 53198.00
Rise: 53296.00
Rise: 53300.00
Rise: 53395.00
Rise: 53402.00
Rise: 53497.00
Rise: 53504.00
Rise: 53601.00
Rise: 53606.00
Rise: 53701.00
Rise: 53708.00
Rise: 53801.00
Rise: 53810.00
Rise: 53903.00
Rise: 53911.00
Rise: 54010.00
Rise: 54013.00
Rise: 54107.00
Rise: 54115.00
Rise: 54208.00
Rise: 54217.00
Rise: 54305.00
Rise: 54319.00
Rise: 54404.00
Rise: 54421.00
Rise: 54509.00
Rise: 54523.00
Rise: 54612.00
Rise: 54625.00
Rise: 54718.00
Rise: 54727.00
Rise: 54820.00
Rise: 54829.00
Rise: 54919.00
Rise: 54931.00
Rise: 55021.00
Rise: 55033.00
Rise: 55121.00
Rise: 55135.00
Rise: 55223.00
Rise: 55237.00
Rise: 55324.00
Rise: 55339.00
Rise: 55427.00
Rise: 55441.00
Rise: 55531.00
Rise: 55543.00
Rise: 55632.00
Rise: 55645.00
Rise: 55735.00
Rise: 55747.00
Rise: 55835.00
Rise: 55849.00
Rise: 55938.00
Rise: 55951.00
Rise: 56041.00
Rise: 56053.00
Rise: 56149.00
Rise: 56155.00
Rise: 56248.00
Rise: 56257.00
Rise: 56349.00
Rise: 56359.00
Rise: 56451.00
Rise: 56461.00
Rise: 56551.00
Rise: 56563.00
Rise: 56660.00
Rise: 56665.00
Rise: 56762.00
Rise: 56766.00
Rise: 56870.00
Rise: 56871.00
Rise: 56971.00
Rise: 56972.00
Rise: 57072.00
Rise: 57073.00
Rise: 57175.00
Rise: 57176.00
Rise: 57275.00
Rise: 57278.00
Rise: 57375.00
Rise: 57380.00
Rise: 57475.00
Rise: 57482.00
Rise: 57575.00
Rise: 57583.00
Rise: 57685.00
Rise: 57686.00
Rise: 57786.00
Rise: 57787.00
Rise: 57887.00
Rise: 57888.00
Rise: 57990.00
Rise: 57991.00
Rise: 58091.00
Rise: 58093.00
Rise: 58189.00
Rise: 58194.00
Rise: 58294.00
Rise: 58295.00
Rise: 58400.00
Rise: 58401.00
Rise: 58501.00
Rise: 58502.00
Rise: 58602.00
Rise: 58603.00
Rise: 58703.00
Rise: 58705.00
Rise: 58802.00
Rise: 58807.00
Rise: 58904.00
Rise: 58909.00
Rise: 58998.00
Rise: 59011.00
Rise: 59098.00
Rise: 59113.00
Rise: 59202.00
Rise: 59215.00
Rise: 59308.00
Rise: 59317.00
Rise: 59413.00
Rise: 59418.00
Rise: 59519.00
Rise: 59520.00
Rise: 59618.00
Rise: 59621.00
Rise: 59721.00
Rise: 59722.00
Rise: 59822.00
Rise: 59823.00
Rise: 59928.00
Rise: 59929.00
Rise: 60031.00
Rise: 60032.00
Rise: 60130.00
Rise: 60134.00
Rise: 60231.00
Rise: 60235.00
Rise: 60340.00
Rise: 60341.00
Rise: 60441.00
Rise: 60443.00
Rise: 60539.00
Rise: 60545.00
Rise: 60640.00
Rise: 60646.00
Rise: 60747.00
Rise: 60748.00
Rise: 60845.00
Rise: 60849.00
Rise: 60955.00
Rise: 60956.00
Rise: 61066.00
Rise: 61067.00
Rise: 61167.00
Rise: 61169.00
Rise: 61265.00
Rise: 61271.00
Rise: 61366.00
Rise: 61372.00
Rise: 61471.00
Rise: 61474.00
Rise: 61570.00
Rise: 61576.00
Rise: 61670.00
Rise: 61677.00
Rise: 61777.00
Rise: 61779.00
Rise: 61876.00
Rise: 61881.00
Rise: 61975.00
Rise: 61982.00
Rise: 62081.00
Rise: 62083.00
Rise: 62186.00
Rise: 62187.00
Rise: 62284.00
Rise: 62288.00
Rise: 62388.00
Rise: 62389.00
Rise: 62494.00
Rise: 62495.00
Rise: 62599.00
Rise: 62600.00
Rise: 62711.00
Rise: 62712.00
Rise: 62811.00
Rise: 62814.00
Rise: 62911.00
Rise: 62916.00
Rise: 63008.00
Rise: 63018.00
Rise: 63111.00
Rise: 63120.00
Rise: 63214.00
Rise: 63222.00
Rise: 63313.00
Rise: 63324.00
Rise: 63421.00
Rise: 63426.00
Rise: 63514.00
Rise: 63528.00
Rise: 63617.00
Rise: 63630.00
Rise: 63721.00
Rise: 63732.00
Rise: 63824.00
Rise: 63834.00
Rise: 63924.00
Rise: 63935.00
Rise: 64036.00
Rise: 64037.00
Rise: 64142.00
Rise: 64143.00
Rise: 64242.00
Rise: 64244.00
Rise: 64344.00
Rise: 64345.00
Rise: 64444.00
Rise: 64446.00
Rise: 64551.00
Rise: 64552.00
Rise: 64653.00
Rise: 64654.00
Rise: 64755.00
Rise: 64756.00
Rise: 64861.00
Rise: 64862.00
Rise: 64963.00
Rise: 64964.00
Rise: 65066.00
Rise: 65067.00
Rise: 65167.00
Rise: 65168.00
Rise: 65268.00
Rise: 65269.00
Rise: 65369.00
Rise: 65370.00
Rise: 65472.00
Rise: 65473.00
Rise: 65571.00
Rise: 65574.00
Rise: 65677.00
Rise: 65678.00
Rise: 65780.00
Rise: 65781.00
Rise: 65884.00
Rise: 65885.00
Rise: 65989.00
Rise: 65990.00
Rise: 66087.00
Rise: 66092.00
Rise: 66188.00
Rise: 66194.00
Rise: 66287.00
Rise: 66296.00
Rise: 66386.00
Rise: 66398.00
Rise: 66486.00
Rise: 66500.00
Rise: 66590.00
Rise: 66602.00
Rise: 66689.00
Rise: 66704.00
Rise: 66790.00
Rise: 66806.00
Rise: 66896.00
Rise: 66908.00
Rise: 66999.00
Rise: 67010.00
Rise: 67101.00
Rise: 67112.00
Rise: 67202.00
Rise: 67214.00
Rise: 67304.00
Rise: 67316.00
Rise: 67405.00
Rise: 67418.00
Rise: 67504.00
Rise: 67520.00
Rise: 67607.00
Rise: 67622.00
Rise: 67709.00
Rise: 67724.00
Rise: 67811.00
Rise: 67826.00
Rise: 67911.00
Rise: 67928.00
Rise: 68014.00
Rise: 68030.00
Rise: 68115.00
Rise: 68132.00
Rise: 68216.00
Rise: 68234.00
Rise: 68328.00
Rise: 68336.00
Rise: 68432.00
Rise: 68437.00
Rise: 68543.00
Rise: 68544.00
Rise: 68646.00
Rise: 68647.00
Rise: 68745.00
Rise: 68748.00
Rise: 68848.00
Rise: 68849.00
Rise: 68950.00
Rise: 68951.00
Rise: 69051.00
Rise: 69053.00
Rise: 69150.00
Rise: 69155.00
Rise: 69248.00
Rise: 69257.00
Rise: 69351.00
Rise: 69359.00
Rise: 69452.00
Rise: 69460.00
Rise: 69559.00
Rise: 69561.00
Rise: 69662.00
Rise: 69663.00
Rise: 69764.00
Rise: 69765.00
Rise: 69871.00
Rise: 69872.00
Rise: 69981.00
Rise: 69982.00
Rise: 70094.00
Rise: 70095.00
Rise: 70194.00
Rise: 70197.00
Rise: 70294.00
Rise: 70298.00
Rise: 70399.00
Rise: 70400.00
Rise: 70498.00
Rise: 70501.00
Rise: 70602.00
Rise: 70603.00
Rise: 70704.00
Rise: 70705.00
Rise: 70810.00
Rise: 70811.00
Rise: 70910.00
Rise: 70913.00
Rise: 71008.00
Rise: 71014.00
Rise: 71113.00
Rise: 71115.00
Rise: 71215.00
Rise: 71216.00
Rise: 71315.00
Rise: 71317.00
Rise: 71423.00
Rise: 71424.00
Rise: 71527.00
Rise: 71528.00
Rise: 71630.00
Rise: 71631.00
Rise: 71737.00
Rise: 71738.00
Rise: 71836.00
Rise: 71839.00
Rise: 71939.00
Rise: 71941.00
Rise: 72037.00
Rise: 72043.00
Rise: 72138.00
Rise: 72144.00
Rise: 72243.00
Rise: 72245.00
Rise: 72346.00
Rise: 72347.00
Rise: 72450.00
Rise: 72451.00
Rise: 72553.00
Rise: 72554.00
Rise: 72649.00
Rise: 72655.00
Rise: 72757.00
Rise: 72758.00
Rise: 72860.00
Rise: 72861.00
Rise: 72966.00
Rise: 72967.00
Rise: 73062.00
Rise: 73069.00
Rise: 73166.00
Rise: 73171.00
Rise: 73266.00
Rise: 73273.00
Rise: 73368.00
Rise: 73374.00
Rise: 73475.00
Rise: 73476.00
Rise: 73578.00
Rise: 73579.00
Rise: 73681.00
Rise: 73682.00
Rise: 73790.00
Rise: 73791.00
Rise: 73891.00
Rise: 73893.00
Rise: 73987.00
Rise: 73995.00
Rise: 74092.00
Rise: 74097.00
Rise: 74189.00
Rise: 74199.00
Rise: 74287.00
Rise: 74301.00
Rise: 74392.00
Rise: 74403.00
Rise: 74496.00
Rise: 74505.00
Rise: 74600.00
Rise: 74606.00
Rise: 74706.00
Rise: 74708.00
Rise: 74805.00
Rise: 74809.00
Rise: 74909.00
Rise: 74911.00
Rise: 75007.00
Rise: 75013.00
Rise: 75108.00
Rise: 75115.00
Rise: 75210.00
Rise: 75216.00
Rise: 75315.00
Rise: 75317.00
Rise: 75416.00
Rise: 75419.00
Rise: 75510.00
Rise: 75521.00
Rise: 75615.00
Rise: 75622.00
Rise: 75722.00
Rise: 75723.00
Rise: 75828.00
Rise: 75829.00
Rise: 75924.00
Rise: 75931.00
Rise: 76023.00
Rise: 76032.00
Rise: 76133.00
Rise: 76134.00
Rise: 76234.00
Rise: 76235.00
Rise: 76337.00
Rise: 76338.00
Rise: 76436.00
Rise: 76440.00
Rise: 76537.00
Rise: 76542.00
Rise: 76639.00
Rise: 76643.00
Rise: 76742.00
Rise: 76745.00
Rise: 76842.00
Rise: 76846.00
Rise: 76945.00
Rise: 76948.00
Rise: 77043.00
Rise: 77050.00
Rise: 77143.00
Rise: 77152.00
Rise: 77245.00
Rise: 77254.00
Rise: 77348.00
Rise: 77356.00
Rise: 77447.00
Rise: 77458.00
Rise: 77552.00
Rise: 77559.00
Rise: 77658.00
Rise: 77660.00
Rise: 77760.00
Rise: 77761.00
Rise: 77868.00
Rise: 77869.00
Rise: 77975.00
Rise: 77976.00
Rise: 78080.00
Rise: 78081.00
Rise: 78191.00
Rise: 78192.00
Rise: 78285.00
Rise: 78294.00
Rise: 78386.00
Rise: 78396.00
Rise: 78487.00
Rise: 78497.00
Rise: 78596.00
Rise: 78598.00
Rise: 78700.00
Rise: 78701.00
Rise: 78805.00
Rise: 78806.00
Rise: 78908.00
Rise: 78909.00
Rise: 79007.00
Rise: 79010.00
Rise: 79114.00
Rise: 79115.00
Rise: 79213.00
Rise: 79216.00
Rise: 79315.00
Rise: 79318.00
Rise: 79413.00
Rise: 79420.00
Rise: 79516.00
Rise: 79522.00
Rise: 79619.00
Rise: 79624.00
Rise: 79721.00
Rise: 79726.00
Rise: 79820.00
Rise: 79828.00
Rise: 79922.00
Rise: 79930.00
Rise: 80026.00
Rise: 80031.00
Rise: 80130.00
Rise: 80132.00
Rise: 80232.00
Rise: 80233.00
Rise: 80343.00
Rise: 80344.00
Rise: 80443.00
Rise: 80445.00
Rise: 80545.00
Rise: 80546.00
Rise: 80648.00
Rise: 80649.00
Rise: 80748.00
Rise: 80750.00
Rise: 80851.00
Rise: 80852.00
Rise: 80949.00
Rise: 80954.00
Rise: 81049.00
Rise: 81056.00
Rise: 81151.00
Rise: 81158.00
Rise: 81254.00
Rise: 81259.00
Rise: 81361.00
Rise: 81362.00
Rise: 81459.00
Rise: 81463.00
Rise: 81565.00
Rise: 81566.00
Rise: 81671.00
Rise: 81672.00
Rise: 81772.00
Rise: 81773.00
Rise: 81876.00
Rise: 81877.00
Rise: 81970.00
Rise: 81979.00
Rise: 82074.00
Rise: 82081.00
Rise: 82168.00
Rise: 82183.00
Rise: 82277.00
Rise: 82285.00
Rise: 82381.00
Rise: 82386.00
Rise: 82487.00
Rise: 82488.00
Rise: 82588.00
Rise: 82589.00
Rise: 82693.00
Rise: 82694.00
Rise: 82790.00
Rise: 82796.00
Rise: 82893.00
Rise: 82898.00
Rise: 82993.00
Rise: 83000.00
Rise: 83091.00
Rise: 83102.00
Rise: 83193.00
Rise: 83204.00
Rise: 83293.00
Rise: 83306.00
