Rise: 7895.00
Rise: 8395.00
Rise: 8910.00
Rise: 9424.00
Rise: 9937.00
Rise: 10450.00
Rise: 10963.00
Rise: 11475.00
Rise: 11990.00
Rise: 12499.00
Rise: 13012.00
Rise: 13537.00
Rise: 14049.00
Rise: 14567.00
Rise: 15078.00
Rise: 15600.00
Rise: 16118.00
Rise: 16630.00
Rise: 17133.00
Rise: 17637.00
Rise: 18150.00
Rise: 18674.00
Rise: 19188.00
Rise: 19693.00
Rise: 20202.00
Rise: 20710.00
Rise: 21224.00
Rise: 21732.00
Rise: 22240.00
Rise: 22763.00
Rise: 23274.00
Rise: 23784.00
Rise: 24289.00
Rise: 24795.00
Rise: 25313.00
Rise: 25828.00
Rise: 26328.00
Rise: 26834.00
Rise: 27344.00
Rise: 27857.00
Rise: 28368.00
Rise: 28876.00
Rise: 29398.00
Rise: 29909.00
Rise: 30416.00
Rise: 30936.00
Rise: 31443.00
Rise: 31952.00
Rise: 32464.00
Rise: 32974.00
Rise: 33484.00
Rise: 34001.00
Rise: 34506.00
Rise: 35013.00
Rise: 35530.00
Rise: 36035.00
Rise: 36540.00
Rise: 37051.00
Rise: 37568.00
Rise: 38076.00
Rise: 38586.00
Rise: 39095.00
Rise: 39609.00
Rise: 40126.00
Rise: 40637.00
Rise: 41151.00
Rise: 41657.00
