Rise: 66.00
Rise: 66.00
Rise: 66.00
Rise: 66.00
Rise: 67.00
Rise: 107.00
Rise: 184.00
Rise: 207.00
Rise: 294.00
Rise: 307.00
Rise: 407.00
Rise: 407.00
Rise: 522.00
Rise: 522.00
Rise: 556.00
Rise: 632.00
Rise: 657.00
Rise: 740.00
Rise: 757.00
Rise: 843.00
Rise: 857.00
Rise: 955.00
Rise: 957.00
Rise: 1062.00
Rise: 1062.00
Rise: 1171.00
Rise: 1171.00
Rise: 1281.00
Rise: 1281.00
Rise: 1307.00
Rise: 1385.00
Rise: 1407.00
Rise: 1498.00
Rise: 1507.00
Rise: 1605.00
Rise: 1607.00
Rise: 1719.00
Rise: 1719.00
Rise: 1830.00
Rise: 1830.00
Rise: 1857.00
Rise: 1939.00
Rise: 1957.00
Rise: 2055.00
Rise: 2057.00
Rise: 2107.00
