Rise: 1.00
Rise: 77.00
Rise: 77.00
Rise: 101.00
Rise: 187.00
Rise: 187.00
Rise: 211.00
Rise: 291.00
Rise: 291.00
Rise: 315.00
Rise: 395.00
Rise: 395.00
Rise: 419.00
Rise: 503.00
Rise: 503.00
Rise: 527.00
Rise: 610.00
Rise: 610.00
Rise: 634.00
Rise: 716.00
Rise: 716.00
Rise: 740.00
Rise: 822.00
Rise: 822.00
Rise: 846.00
Rise: 927.00
Rise: 927.00
Rise: 951.00
Rise: 1034.00
Rise: 1034.00
Rise: 1058.00
Rise: 1144.00
Rise: 1144.00
Rise: 1168.00
Rise: 1254.00
Rise: 1254.00
Rise: 1278.00
Rise: 1355.00
Rise: 1355.00
Rise: 1379.00
Rise: 1458.00
Rise: 1458.00
Rise: 1482.00
Rise: 1559.00
Rise: 1559.00
Rise: 1583.00
Rise: 1661.00
Rise: 1661.00
Rise: 1685.00
Rise: 1766.00
Rise: 1766.00
Rise: 1790.00
Rise: 1876.00
Rise: 1876.00
Rise: 1900.00
Rise: 1979.00
Rise: 1979.00
Rise: 2003.00
Rise: 2080.00
Rise: 2080.00
Rise: 2104.00
Rise: 2186.00
Rise: 2186.00
Rise: 2210.00
Rise: 2292.00
Rise: 2292.00
Rise: 2316.00
Rise: 2395.00
Rise: 2395.00
Rise: 2419.00
Rise: 2506.00
Rise: 2506.00
Rise: 2530.00
Rise: 2612.00
Rise: 2612.00
Rise: 2636.00
Rise: 2722.00
Rise: 2722.00
Rise: 2746.00
Rise: 2828.00
Rise: 2828.00
Rise: 2928.00
Rise: 2928.00
Rise: 2952.00
Rise: 2977.00
