Rise: 1.00
Rise: 106.00
Rise: 216.00
Rise: 318.00
Rise: 426.00
Rise: 531.00
Rise: 639.00
Rise: 739.00
Rise: 800.00
Rise: 900.00
Rise: 1000.00
Rise: 1100.00
Rise: 1200.00
Rise: 1300.00
Rise: 1400.00
Rise: 1500.00
Rise: 1600.00
Rise: 1700.00
Rise: 1800.00
Rise: 1931.00
Rise: 2000.00
Rise: 2100.00
Rise: 2201.00
Rise: 2300.00
Rise: 2458.00
Rise: 2500.00
Rise: 2600.00
Rise: 2721.00
Rise: 2800.00
Rise: 2900.00
Rise: 3001.00
Rise: 3100.00
Rise: 3247.00
Rise: 3300.00
Rise: 3400.00
Rise: 3507.00
Rise: 3600.00
Rise: 3768.00
Rise: 3800.00
Rise: 3900.00
Rise: 4033.00
Rise: 4100.00
Rise: 4200.00
Rise: 4301.00
Rise: 4400.00
Rise: 4559.00
Rise: 4600.00
Rise: 4700.00
Rise: 4823.00
Rise: 4900.00
Rise: 5000.00
Rise: 5101.00
Rise: 5200.00
Rise: 5345.00
Rise: 5400.00
Rise: 5500.00
Rise: 5608.00
Rise: 5700.00
Rise: 5871.00
Rise: 5900.00
Rise: 6000.00
Rise: 6135.00
Rise: 6200.00
Rise: 6300.00
Rise: 6401.00
Rise: 6500.00
Rise: 6657.00
Rise: 6700.00
Rise: 6800.00
Rise: 6922.00
Rise: 7000.00
Rise: 7100.00
Rise: 7201.00
Rise: 7300.00
Rise: 7452.00
Rise: 7500.00
Rise: 7600.00
Rise: 7718.00
Rise: 7800.00
Rise: 7900.00
Rise: 8001.00
Rise: 8100.00
Rise: 8244.00
Rise: 8300.00
Rise: 8400.00
Rise: 8508.00
Rise: 8600.00
Rise: 8771.00
Rise: 8800.00
Rise: 8900.00
Rise: 9033.00
Rise: 9100.00
Rise: 9200.00
Rise: 9301.00
Rise: 9400.00
Rise: 9559.00
Rise: 9600.00
Rise: 9700.00
Rise: 9866.00
Rise: 9900.00
Rise: 10000.00
Rise: 10101.00
Rise: 10200.00
Rise: 10342.00
Rise: 10400.00
Rise: 10500.00
Rise: 10608.00
Rise: 10700.00
Rise: 10872.00
Rise: 10900.00
Rise: 11000.00
Rise: 11134.00
Rise: 11200.00
Rise: 11300.00
Rise: 11401.00
Rise: 11500.00
Rise: 11660.00
Rise: 11700.00
Rise: 11800.00
Rise: 11923.00
Rise: 12000.00
Rise: 12100.00
Rise: 12201.00
Rise: 12300.00
Rise: 12450.00
Rise: 12500.00
Rise: 12600.00
Rise: 12717.00
Rise: 12800.00
Rise: 12900.00
Rise: 13001.00
Rise: 13100.00
Rise: 13247.00
Rise: 13300.00
Rise: 13400.00
Rise: 13511.00
Rise: 13600.00
Rise: 13774.00
Rise: 13800.00
Rise: 13900.00
Rise: 14041.00
Rise: 14100.00
Rise: 14200.00
Rise: 14307.00
Rise: 14400.00
Rise: 14569.00
Rise: 14600.00
Rise: 14700.00
Rise: 14832.00
Rise: 14900.00
Rise: 15000.00
Rise: 15101.00
Rise: 15200.00
Rise: 15358.00
Rise: 15400.00
Rise: 15500.00
Rise: 15621.00
Rise: 15700.00
Rise: 15800.00
Rise: 15901.00
Rise: 16000.00
Rise: 16148.00
Rise: 16200.00
Rise: 16300.00
Rise: 16411.00
Rise: 16500.00
Rise: 16673.00
Rise: 16700.00
Rise: 16800.00
Rise: 16936.00
Rise: 17000.00
Rise: 17100.00
Rise: 17203.00
Rise: 17300.00
Rise: 17467.00
Rise: 17500.00
Rise: 17600.00
Rise: 17734.00
Rise: 17800.00
Rise: 17900.00
Rise: 18001.00
Rise: 18100.00
Rise: 18257.00
Rise: 18300.00
Rise: 18400.00
Rise: 18518.00
Rise: 18600.00
Rise: 18700.00
Rise: 18801.00
Rise: 18900.00
Rise: 19039.00
Rise: 19100.00
Rise: 19200.00
Rise: 19301.00
Rise: 19400.00
Rise: 19563.00
Rise: 19600.00
Rise: 19700.00
Rise: 19825.00
Rise: 19900.00
Fall: 20000.00
Fall: 20101.00
Fall: 20200.00
Fall: 20353.00
Fall: 20400.00
Fall: 20500.00
Fall: 20614.00
Fall: 20700.00
Fall: 20800.00
Fall: 20901.00
Fall: 21000.00
Fall: 21138.00
Fall: 21200.00
Fall: 21300.00
Fall: 21401.00
Fall: 21500.00
Fall: 21663.00
Fall: 21700.00
Fall: 21800.00
Fall: 21930.00
Fall: 22000.00
Fall: 22100.00
Fall: 22201.00
Fall: 22300.00
Fall: 22456.00
Fall: 22500.00
Fall: 22600.00
Fall: 22717.00
Fall: 22800.00
Fall: 22900.00
Fall: 23001.00
Fall: 23100.00
Fall: 23244.00
Fall: 23300.00
Fall: 23400.00
Fall: 23504.00
Fall: 23600.00
Fall: 23766.00
Fall: 23800.00
Fall: 23900.00
Fall: 24029.00
Fall: 24100.00
Fall: 24200.00
Fall: 24301.00
Fall: 24400.00
Fall: 24556.00
Fall: 24600.00
Fall: 24700.00
Fall: 24817.00
Fall: 24900.00
Fall: 25000.00
Fall: 25101.00
Fall: 25200.00
Fall: 25344.00
Fall: 25400.00
Fall: 25500.00
Fall: 25607.00
Fall: 25700.00
Fall: 25869.00
Fall: 25900.00
Fall: 26000.00
Fall: 26132.00
Fall: 26200.00
Fall: 26300.00
Fall: 26401.00
Fall: 26500.00
Fall: 26659.00
Fall: 26700.00
Fall: 26800.00
Fall: 26924.00
Fall: 27000.00
Fall: 27100.00
Fall: 27201.00
Fall: 27300.00
Fall: 27455.00
Fall: 27500.00
Fall: 27600.00
Fall: 27721.00
Fall: 27800.00
Fall: 27900.00
Fall: 28001.00
Fall: 28100.00
Fall: 28250.00
Fall: 28300.00
Fall: 28400.00
Fall: 28515.00
Fall: 28600.00
Fall: 28700.00
Fall: 28801.00
Fall: 28900.00
Fall: 29039.00
Fall: 29100.00
Fall: 29200.00
Fall: 29305.00
Fall: 29400.00
Fall: 29567.00
Fall: 29600.00
Fall: 29700.00
Fall: 29829.00
Fall: 29900.00
Fall: 30000.00
Fall: 30101.00
Fall: 30200.00
Fall: 30357.00
Fall: 30400.00
Fall: 30500.00
Fall: 30622.00
Fall: 30700.00
Fall: 30800.00
Fall: 30901.00
Fall: 31000.00
Fall: 31147.00
Fall: 31200.00
Fall: 31300.00
Fall: 31415.00
Fall: 31500.00
Fall: 31600.00
Fall: 31701.00
Fall: 31800.00
Fall: 31942.00
Fall: 32000.00
Fall: 32100.00
Fall: 32205.00
Fall: 32300.00
Fall: 32470.00
Fall: 32500.00
Fall: 32600.00
Fall: 32731.00
Fall: 32800.00
Fall: 32900.00
Fall: 33001.00
Fall: 33100.00
Fall: 33259.00
Fall: 33300.00
Fall: 33400.00
Fall: 33521.00
Fall: 33600.00
Fall: 33700.00
Fall: 33801.00
Fall: 33900.00
Fall: 34048.00
Fall: 34100.00
Fall: 34200.00
Fall: 34311.00
Fall: 34400.00
Fall: 34574.00
Fall: 34600.00
Fall: 34700.00
Fall: 34836.00
Fall: 34900.00
Fall: 35000.00
Fall: 35101.00
Fall: 35200.00
Fall: 35367.00
Fall: 35400.00
Fall: 35500.00
Fall: 35630.00
Fall: 35700.00
Fall: 35800.00
Fall: 35901.00
Fall: 36000.00
Fall: 36160.00
Fall: 36200.00
Fall: 36300.00
Fall: 36424.00
Fall: 36500.00
Fall: 36600.00
Fall: 36701.00
Fall: 36800.00
Fall: 36953.00
Fall: 37000.00
Fall: 37100.00
Fall: 37218.00
Fall: 37300.00
Fall: 37400.00
Fall: 37501.00
Fall: 37600.00
Fall: 37744.00
Fall: 37800.00
Fall: 37900.00
Fall: 38005.00
Fall: 38100.00
Fall: 38272.00
Fall: 38300.00
Fall: 38400.00
Fall: 38535.00
Fall: 38600.00
Fall: 38700.00
Fall: 38801.00
Fall: 38900.00
Fall: 39061.00
Fall: 39100.00
Fall: 39200.00
Fall: 39328.00
Fall: 39400.00
Fall: 39500.00
Fall: 39601.00
Fall: 39700.00
Fall: 39855.00
Fall: 39900.00
2
Rise: 40117.00
Rise: 40200.00
Rise: 40300.00
Rise: 40401.00
Rise: 40500.00
Rise: 40641.00
Rise: 40700.00
Rise: 40800.00
Rise: 40907.00
Rise: 41000.00
Rise: 41169.00
Rise: 41200.00
Rise: 41300.00
Rise: 41431.00
Rise: 41500.00
Rise: 41600.00
Rise: 41701.00
Rise: 41800.00
Rise: 41960.00
Rise: 42000.00
Rise: 42100.00
Rise: 42225.00
Rise: 42300.00
Rise: 42400.00
Rise: 42501.00
Rise: 42600.00
Rise: 42758.00
Rise: 42800.00
Rise: 42900.00
Rise: 43021.00
Rise: 43100.00
Rise: 43200.00
Rise: 43301.00
Rise: 43400.00
Rise: 43546.00
Rise: 43600.00
Rise: 43700.00
Rise: 43812.00
Rise: 43900.00
Rise: 44000.00
Rise: 44101.00
Rise: 44200.00
Rise: 44341.00
Rise: 44400.00
Rise: 44500.00
Rise: 44602.00
Rise: 44700.00
Rise: 44864.00
Rise: 44900.00
Rise: 45000.00
Rise: 45128.00
Rise: 45200.00
Rise: 45300.00
Rise: 45401.00
Rise: 45500.00
Rise: 45659.00
Rise: 45700.00
Rise: 45800.00
Rise: 45924.00
Rise: 46000.00
Rise: 46100.00
Rise: 46201.00
Rise: 46300.00
Rise: 46456.00
Rise: 46500.00
Rise: 46600.00
Rise: 46724.00
Rise: 46800.00
Rise: 46900.00
Rise: 47001.00
Rise: 47100.00
Rise: 47256.00
Rise: 47300.00
Rise: 47400.00
Rise: 47522.00
Rise: 47600.00
Rise: 47700.00
Rise: 47801.00
Rise: 47900.00
Rise: 48048.00
Rise: 48100.00
Rise: 48200.00
Rise: 48310.00
Rise: 48400.00
Rise: 48574.00
Rise: 48600.00
Rise: 48700.00
Rise: 48838.00
Rise: 48900.00
Rise: 49000.00
Rise: 49104.00
Rise: 49200.00
Rise: 49364.00
Rise: 49400.00
Rise: 49500.00
Rise: 49627.00
Rise: 49700.00
Rise: 49800.00
Rise: 49901.00
Rise: 50000.00
Rise: 50163.00
Rise: 50200.00
Rise: 50300.00
Rise: 50425.00
Rise: 50500.00
Rise: 50600.00
Rise: 50701.00
Rise: 50800.00
Rise: 50950.00
Rise: 51000.00
Rise: 51100.00
Rise: 51213.00
Rise: 51300.00
Rise: 51474.00
Rise: 51500.00
Rise: 51600.00
Rise: 51736.00
Rise: 51800.00
Rise: 51900.00
Rise: 52002.00
Rise: 52100.00
Rise: 52267.00
Rise: 52300.00
Rise: 52400.00
Rise: 52530.00
Rise: 52600.00
Rise: 52700.00
Rise: 52801.00
Rise: 52900.00
Rise: 53055.00
Rise: 53100.00
Rise: 53200.00
Rise: 53323.00
Rise: 53400.00
Rise: 53500.00
Rise: 53601.00
Rise: 53700.00
Rise: 53847.00
Rise: 53900.00
Rise: 54000.00
Rise: 54110.00
Rise: 54200.00
Rise: 54370.00
Rise: 54400.00
Rise: 54500.00
Rise: 54631.00
Rise: 54700.00
Rise: 54800.00
Rise: 54901.00
Rise: 55000.00
Rise: 55159.00
Rise: 55200.00
Rise: 55300.00
Rise: 55424.00
Rise: 55500.00
Rise: 55600.00
Rise: 55701.00
Rise: 55800.00
Rise: 55951.00
Rise: 56000.00
Rise: 56100.00
Rise: 56214.00
Rise: 56300.00
Rise: 56400.00
Rise: 56501.00
Rise: 56600.00
Rise: 56740.00
Rise: 56800.00
Rise: 56900.00
Rise: 57005.00
Rise: 57100.00
Rise: 57268.00
Rise: 57300.00
Rise: 57400.00
Rise: 57531.00
Rise: 57600.00
Rise: 57700.00
Rise: 57801.00
Rise: 57900.00
Rise: 58057.00
Rise: 58100.00
Rise: 58200.00
Rise: 58321.00
Rise: 58400.00
Rise: 58500.00
Rise: 58601.00
Rise: 58700.00
Rise: 58843.00
Rise: 58900.00
Rise: 59000.00
Rise: 59108.00
Rise: 59200.00
Rise: 59370.00
Rise: 59400.00
Rise: 59500.00
Rise: 59636.00
Rise: 59700.00
Rise: 59800.00
Rise: 59901.00
Rise: 60000.00
Fall: 60160.00
Fall: 60200.00
Fall: 60300.00
Fall: 60424.00
Fall: 60500.00
Fall: 60600.00
Fall: 60701.00
Fall: 60800.00
Fall: 60952.00
Fall: 61000.00
Fall: 61100.00
Fall: 61215.00
Fall: 61300.00
Fall: 61400.00
Fall: 61501.00
Fall: 61600.00
Fall: 61748.00
Fall: 61800.00
Fall: 61900.00
Fall: 62013.00
Fall: 62100.00
Fall: 62200.00
Fall: 62301.00
Fall: 62400.00
Fall: 62542.00
Fall: 62600.00
Fall: 62700.00
Fall: 62805.00
Fall: 62900.00
Fall: 63067.00
Fall: 63100.00
Fall: 63200.00
Fall: 63328.00
Fall: 63400.00
Fall: 63500.00
Fall: 63601.00
Fall: 63700.00
Fall: 63858.00
Fall: 63900.00
Fall: 64000.00
Fall: 64123.00
Fall: 64200.00
Fall: 64300.00
Fall: 64401.00
Fall: 64500.00
Fall: 64647.00
Fall: 64700.00
Fall: 64800.00
Fall: 64908.00
Fall: 65000.00
Fall: 65175.00
Fall: 65200.00
Fall: 65300.00
Fall: 65438.00
Fall: 65500.00
Fall: 65600.00
Fall: 65701.00
Fall: 65800.00
Fall: 65965.00
Fall: 66000.00
Fall: 66100.00
Fall: 66227.00
Fall: 66300.00
Fall: 66400.00
Fall: 66501.00
Fall: 66600.00
Fall: 66751.00
Fall: 66800.00
Fall: 66900.00
Fall: 67015.00
Fall: 67100.00
Fall: 67200.00
Fall: 67301.00
Fall: 67400.00
Fall: 67541.00
Fall: 67600.00
Fall: 67700.00
Fall: 67804.00
Fall: 67900.00
Fall: 68066.00
Fall: 68100.00
Fall: 68200.00
Fall: 68327.00
Fall: 68400.00
Fall: 68500.00
Fall: 68601.00
Fall: 68700.00
Fall: 68854.00
Fall: 68900.00
Fall: 69000.00
Fall: 69116.00
Fall: 69200.00
Fall: 69300.00
Fall: 69401.00
Fall: 69500.00
Fall: 69641.00
Fall: 69700.00
Fall: 69800.00
Fall: 69903.00
Fall: 70000.00
Fall: 70166.00
Fall: 70200.00
Fall: 70300.00
Fall: 70432.00
Fall: 70500.00
Fall: 70600.00
Fall: 70701.00
Fall: 70800.00
Fall: 70966.00
Fall: 71000.00
Fall: 71100.00
Fall: 71230.00
Fall: 71300.00
Fall: 71400.00
Fall: 71501.00
Fall: 71600.00
Fall: 71763.00
Fall: 71800.00
Fall: 71900.00
Fall: 72028.00
Fall: 72100.00
Fall: 72200.00
Fall: 72301.00
Fall: 72400.00
Fall: 72554.00
Fall: 72600.00
Fall: 72700.00
Fall: 72821.00
Fall: 72900.00
Fall: 73000.00
Fall: 73101.00
Fall: 73200.00
Fall: 73345.00
Fall: 73400.00
Fall: 73500.00
Fall: 73607.00
Fall: 73700.00
Fall: 73870.00
Fall: 73900.00
Fall: 74000.00
Fall: 74134.00
Fall: 74200.00
Fall: 74300.00
Fall: 74401.00
Fall: 74500.00
Fall: 74664.00
Fall: 74700.00
Fall: 74800.00
Fall: 74924.00
Fall: 75000.00
Fall: 75100.00
Fall: 75201.00
Fall: 75300.00
Fall: 75450.00
Fall: 75500.00
Fall: 75600.00
Fall: 75717.00
Fall: 75800.00
Fall: 75900.00
Fall: 76001.00
Fall: 76100.00
Fall: 76244.00
Fall: 76300.00
Fall: 76400.00
Fall: 76507.00
Fall: 76600.00
Fall: 76770.00
Fall: 76800.00
Fall: 76900.00
Fall: 77032.00
Fall: 77100.00
Fall: 77200.00
Fall: 77301.00
Fall: 77400.00
Fall: 77556.00
Fall: 77600.00
Fall: 77700.00
Fall: 77823.00
Fall: 77900.00
Fall: 78000.00
Fall: 78101.00
Fall: 78200.00
Fall: 78348.00
Fall: 78400.00
Fall: 78500.00
Fall: 78612.00
Fall: 78700.00
Fall: 78800.00
Fall: 78901.00
Fall: 79000.00
Fall: 79140.00
Fall: 79200.00
Fall: 79300.00
Fall: 79403.00
Fall: 79500.00
Fall: 79666.00
Fall: 79700.00
Fall: 79800.00
Fall: 79927.00
Fall: 80000.00
3
Rise: 80201.00
Rise: 80300.00
Rise: 80449.00
Rise: 80500.00
Rise: 80600.00
Rise: 80712.00
Rise: 80800.00
Rise: 80975.00
Rise: 81000.00
Rise: 81100.00
Rise: 81239.00
Rise: 81300.00
Rise: 81400.00
Rise: 81503.00
Rise: 81600.00
Rise: 81767.00
Rise: 81800.00
Rise: 81900.00
Rise: 82029.00
Rise: 82100.00
Rise: 82200.00
Rise: 82301.00
Rise: 82400.00
Rise: 82557.00
Rise: 82600.00
Rise: 82700.00
Rise: 82818.00
Rise: 82900.00
Rise: 83000.00
Rise: 83101.00
Rise: 83200.00
Rise: 83340.00
Rise: 83400.00
Rise: 83500.00
Rise: 83605.00
Rise: 83700.00
Rise: 83871.00
Rise: 83900.00
Rise: 84000.00
Rise: 84135.00
Rise: 84200.00
Rise: 84300.00
Rise: 84401.00
Rise: 84500.00
Rise: 84663.00
Rise: 84700.00
Rise: 84800.00
Rise: 84924.00
Rise: 85000.00
Rise: 85100.00
Rise: 85201.00
Rise: 85300.00
Rise: 85449.00
Rise: 85500.00
Rise: 85600.00
Rise: 85712.00
Rise: 85800.00
Rise: 85900.00
Rise: 86001.00
Rise: 86100.00
Rise: 86242.00
Rise: 86300.00
Rise: 86400.00
Rise: 86505.00
Rise: 86600.00
Rise: 86771.00
Rise: 86800.00
Rise: 86900.00
Rise: 87032.00
Rise: 87100.00
Rise: 87200.00
Rise: 87301.00
Rise: 87400.00
Rise: 87559.00
Rise: 87600.00
Rise: 87700.00
Rise: 87827.00
Rise: 87900.00
Rise: 88000.00
Rise: 88101.00
Rise: 88200.00
Rise: 88361.00
Rise: 88400.00
Rise: 88500.00
Rise: 88622.00
Rise: 88700.00
Rise: 88800.00
Rise: 88901.00
Rise: 89000.00
Rise: 89149.00
Rise: 89200.00
Rise: 89300.00
Rise: 89416.00
Rise: 89500.00
Rise: 89600.00
Rise: 89701.00
Rise: 89800.00
Rise: 89938.00
Rise: 90000.00
Rise: 90100.00
Rise: 90201.00
Rise: 90300.00
Rise: 90467.00
Rise: 90500.00
Rise: 90600.00
Rise: 90734.00
Rise: 90800.00
Rise: 90900.00
Rise: 91001.00
Rise: 91100.00
Rise: 91259.00
Rise: 91300.00
Rise: 91400.00
Rise: 91521.00
Rise: 91600.00
Rise: 91700.00
Rise: 91801.00
Rise: 91900.00
Rise: 92050.00
Rise: 92100.00
Rise: 92200.00
Rise: 92313.00
Rise: 92400.00
Rise: 92500.00
Rise: 92601.00
Rise: 92700.00
Rise: 92843.00
Rise: 92900.00
Rise: 93000.00
Rise: 93108.00
Rise: 93200.00
Rise: 93373.00
Rise: 93400.00
Rise: 93500.00
Rise: 93634.00
Rise: 93700.00
Rise: 93800.00
Rise: 93902.00
Rise: 94000.00
Rise: 94166.00
Rise: 94200.00
Rise: 94300.00
Rise: 94431.00
Rise: 94500.00
Rise: 94600.00
Rise: 94701.00
Rise: 94800.00
Rise: 94964.00
Rise: 95000.00
Rise: 95100.00
Rise: 95228.00
Rise: 95300.00
Rise: 95400.00
Rise: 95501.00
Rise: 95600.00
Rise: 95760.00
Rise: 95800.00
Rise: 95900.00
Rise: 96021.00
Rise: 96100.00
Rise: 96200.00
Rise: 96301.00
Rise: 96400.00
Rise: 96549.00
Rise: 96600.00
Rise: 96700.00
Rise: 96814.00
Rise: 96900.00
Rise: 97000.00
Rise: 97101.00
Rise: 97200.00
Rise: 97341.00
Rise: 97400.00
Rise: 97500.00
Rise: 97604.00
Rise: 97700.00
Rise: 97869.00
Rise: 97900.00
Rise: 98000.00
Rise: 98135.00
Rise: 98200.00
Rise: 98300.00
Rise: 98401.00
Rise: 98500.00
Rise: 98665.00
Rise: 98700.00
Rise: 98800.00
Rise: 98936.00
Rise: 99000.00
Rise: 99100.00
Rise: 99201.00
Rise: 99300.00
Rise: 99466.00
Rise: 99500.00
Rise: 99600.00
Rise: 99729.00
Rise: 99800.00
Rise: 99900.00
Rise: 100001.00
Rise: 100100.00
Fall: 100251.00
Fall: 100300.00
Fall: 100400.00
Fall: 100512.00
Fall: 100600.00
Fall: 100774.00
Fall: 100800.00
Fall: 100900.00
Fall: 101035.00
Fall: 101100.00
Fall: 101200.00
Fall: 101302.00
Fall: 101400.00
Fall: 101563.00
Fall: 101600.00
Fall: 101700.00
Fall: 101827.00
Fall: 101900.00
Fall: 102000.00
Fall: 102101.00
Fall: 102200.00
Fall: 102353.00
Fall: 102400.00
Fall: 102500.00
Fall: 102622.00
Fall: 102700.00
Fall: 102800.00
Fall: 102901.00
Fall: 103000.00
Fall: 103153.00
Fall: 103200.00
Fall: 103300.00
Fall: 103417.00
Fall: 103500.00
Fall: 103600.00
Fall: 103701.00
Fall: 103800.00
Fall: 103940.00
Fall: 104000.00
Fall: 104100.00
Fall: 104201.00
Fall: 104300.00
Fall: 104464.00
Fall: 104500.00
Fall: 104600.00
Fall: 104731.00
Fall: 104800.00
Fall: 104900.00
Fall: 105001.00
Fall: 105100.00
Fall: 105255.00
Fall: 105300.00
Fall: 105400.00
Fall: 105516.00
Fall: 105600.00
Fall: 105700.00
Fall: 105801.00
Fall: 105900.00
Fall: 106048.00
Fall: 106100.00
Fall: 106200.00
Fall: 106311.00
Fall: 106400.00
Fall: 106575.00
Fall: 106600.00
Fall: 106700.00
Fall: 106838.00
Fall: 106900.00
Fall: 107000.00
Fall: 107101.00
Fall: 107200.00
Fall: 107360.00
Fall: 107400.00
Fall: 107500.00
Fall: 107624.00
Fall: 107700.00
Fall: 107800.00
Fall: 107901.00
Fall: 108000.00
Fall: 108147.00
Fall: 108200.00
Fall: 108300.00
Fall: 108410.00
Fall: 108500.00
Fall: 108671.00
Fall: 108700.00
Fall: 108800.00
Fall: 108938.00
Fall: 109000.00
Fall: 109100.00
Fall: 109201.00
Fall: 109300.00
Fall: 109461.00
Fall: 109500.00
Fall: 109600.00
Fall: 109726.00
Fall: 109800.00
Fall: 109900.00
Fall: 110001.00
Fall: 110100.00
Fall: 110248.00
Fall: 110300.00
Fall: 110400.00
Fall: 110511.00
Fall: 110600.00
Fall: 110700.00
Fall: 110801.00
Fall: 110900.00
Fall: 111045.00
Fall: 111100.00
Fall: 111200.00
Fall: 111310.00
Fall: 111400.00
Fall: 111571.00
Fall: 111600.00
Fall: 111700.00
Fall: 111832.00
Fall: 111900.00
Fall: 112000.00
Fall: 112102.00
Fall: 112200.00
