Rise: 67.00
Rise: 68.00
Rise: 94.00
Rise: 184.00
Rise: 185.00
Rise: 211.00
Rise: 291.00
Rise: 292.00
Rise: 393.00
Rise: 394.00
Rise: 420.00
Rise: 501.00
Rise: 502.00
Rise: 528.00
Rise: 611.00
Rise: 612.00
Rise: 638.00
Rise: 717.00
Rise: 718.00
Rise: 816.00
Rise: 817.00
Rise: 843.00
Rise: 923.00
Rise: 924.00
Rise: 1024.00
Rise: 1025.00
Rise: 1122.00
Rise: 1123.00
Rise: 1149.00
Rise: 1229.00
Rise: 1230.00
Rise: 1330.00
Rise: 1331.00
Rise: 1357.00
Rise: 1434.00
Rise: 1435.00
Rise: 1461.00
Rise: 1538.00
Rise: 1539.00
Rise: 1565.00
Rise: 1645.00
Rise: 1646.00
Rise: 1745.00
Rise: 1746.00
Rise: 1841.00
Rise: 1842.00
Rise: 1938.00
Rise: 1939.00
Rise: 1964.00
Rise: 2041.00
Rise: 2042.00
Rise: 2142.00
Rise: 2143.00
Rise: 2244.00
Rise: 2245.00
Rise: 2342.00
Rise: 2343.00
Rise: 2444.00
Rise: 2445.00
Rise: 2471.00
Rise: 2549.00
Rise: 2550.00
Rise: 2576.00
Rise: 2658.00
Rise: 2659.00
Rise: 2685.00
Rise: 2764.00
Rise: 2765.00
Rise: 2791.00
Rise: 2874.00
Rise: 2875.00
Rise: 2901.00
Rise: 2979.00
Rise: 2980.00
Rise: 3078.00
Rise: 3079.00
Rise: 3105.00
Rise: 3188.00
Rise: 3189.00
Rise: 3290.00
Rise: 3291.00
Rise: 3317.00
Rise: 3394.00
Rise: 3395.00
Rise: 3494.00
Rise: 3495.00
Rise: 3596.00
Rise: 3597.00
Rise: 3623.00
Rise: 3702.00
Rise: 3703.00
Rise: 3729.00
Rise: 3809.00
Rise: 3810.00
Rise: 3836.00
Rise: 3916.00
Rise: 3917.00
Rise: 4015.00
Rise: 4016.00
Rise: 4116.00
Rise: 4117.00
Rise: 4218.00
Rise: 4219.00
Rise: 4320.00
Rise: 4321.00
Rise: 4346.00
Rise: 4423.00
Rise: 4424.00
Rise: 4525.00
Rise: 4526.00
Rise: 4552.00
Rise: 4630.00
Rise: 4631.00
Rise: 4731.00
Rise: 4732.00
Rise: 4831.00
Rise: 4832.00
Rise: 4930.00
Rise: 4931.00
Rise: 4957.00
Rise: 5039.00
Rise: 5040.00
Rise: 5065.00
Rise: 5142.00
Rise: 5143.00
Rise: 5169.00
Rise: 5251.00
Rise: 5252.00
Rise: 5350.00
Rise: 5351.00
Rise: 5377.00
Rise: 5456.00
Rise: 5457.00
Rise: 5483.00
Rise: 5561.00
Rise: 5562.00
Rise: 5588.00
Rise: 5666.00
Rise: 5667.00
Rise: 5692.00
Rise: 5769.00
Rise: 5770.00
Rise: 5796.00
Rise: 5873.00
Rise: 5874.00
Rise: 5972.00
Rise: 5973.00
Rise: 6072.00
Rise: 6073.00
Rise: 6173.00
Rise: 6174.00
Rise: 6200.00
Rise: 6278.00
Rise: 6279.00
Rise: 6379.00
Rise: 6380.00
Rise: 6406.00
Rise: 6488.00
Rise: 6489.00
Rise: 6515.00
Rise: 6593.00
Rise: 6594.00
Rise: 6620.00
Rise: 6701.00
Rise: 6702.00
Rise: 6727.00
Rise: 6804.00
Rise: 6805.00
Rise: 6831.00
Rise: 6914.00
Rise: 6915.00
Rise: 7009.00
Rise: 7010.00
Rise: 7036.00
Rise: 7113.00
Rise: 7114.00
Rise: 7140.00
Rise: 7221.00
Rise: 7222.00
Rise: 7248.00
Rise: 7330.00
Rise: 7331.00
Rise: 7428.00
Rise: 7429.00
Rise: 7530.00
Rise: 7531.00
Rise: 7557.00
Rise: 7640.00
Rise: 7641.00
Rise: 7667.00
Rise: 7747.00
Rise: 7748.00
Rise: 7774.00
Rise: 7860.00
Rise: 7861.00
Rise: 7887.00
Rise: 7965.00
Rise: 7966.00
Rise: 7992.00
Rise: 8069.00
Rise: 8070.00
Rise: 8096.00
Rise: 8175.00
Rise: 8176.00
Rise: 8202.00
Rise: 8282.00
Rise: 8283.00
Rise: 8309.00
Rise: 8388.00
Rise: 8389.00
Rise: 8486.00
Rise: 8487.00
Rise: 8513.00
Rise: 8599.00
Rise: 8600.00
Rise: 8699.00
Rise: 8700.00
Rise: 8726.00
Rise: 8805.00
Rise: 8806.00
Rise: 8832.00
Rise: 8912.00
Rise: 8913.00
Rise: 9012.00
Rise: 9013.00
Rise: 9111.00
Rise: 9112.00
Rise: 9138.00
Rise: 9225.00
Rise: 9226.00
Rise: 9324.00
Rise: 9325.00
Rise: 9351.00
Rise: 9431.00
Rise: 9432.00
Rise: 9458.00
Rise: 9537.00
Rise: 9538.00
Rise: 9564.00
Rise: 9641.00
Rise: 9642.00
Rise: 9668.00
Rise: 9747.00
Rise: 9748.00
Rise: 9848.00
Rise: 9849.00
Rise: 9948.00
Rise: 9949.00
Rise: 9975.00
Rise: 10052.00
Rise: 10053.00
Rise: 10078.00
Rise: 10155.00
Rise: 10156.00
Rise: 10182.00
Rise: 10264.00
Rise: 10265.00
Rise: 10362.00
Rise: 10363.00
Rise: 10463.00
Rise: 10464.00
Rise: 10560.00
Rise: 10561.00
Rise: 10587.00
Rise: 10664.00
Rise: 10665.00
Rise: 10765.00
Rise: 10766.00
Rise: 10791.00
Rise: 10868.00
Rise: 10869.00
Rise: 10970.00
Rise: 10971.00
Rise: 10997.00
Rise: 11074.00
Rise: 11075.00
Rise: 11101.00
Rise: 11179.00
Rise: 11180.00
Rise: 11206.00
Rise: 11287.00
Rise: 11288.00
Rise: 11386.00
Rise: 11387.00
Rise: 11484.00
Rise: 11485.00
Rise: 11582.00
Rise: 11583.00
Rise: 11609.00
Rise: 11689.00
Rise: 11690.00
Rise: 11716.00
Rise: 11796.00
Rise: 11797.00
Rise: 11823.00
Rise: 11901.00
Rise: 11902.00
Rise: 11927.00
Rise: 12004.00
Rise: 12005.00
Rise: 12031.00
Rise: 12115.00
Rise: 12116.00
Rise: 12142.00
Rise: 12221.00
Rise: 12222.00
Rise: 12248.00
Rise: 12338.00
Rise: 12339.00
Rise: 12365.00
Rise: 12446.00
Rise: 12447.00
Rise: 12472.00
Rise: 12549.00
Rise: 12550.00
Rise: 12576.00
Rise: 12653.00
Rise: 12654.00
Rise: 12750.00
Rise: 12751.00
Rise: 12777.00
Rise: 12857.00
Rise: 12858.00
Rise: 12884.00
Rise: 12964.00
Rise: 12965.00
Rise: 12991.00
Rise: 13068.00
Rise: 13069.00
Rise: 13095.00
Rise: 13172.00
Rise: 13173.00
Rise: 13271.00
Rise: 13272.00
Rise: 13373.00
Rise: 13374.00
Rise: 13470.00
Rise: 13471.00
Rise: 13571.00
Rise: 13572.00
Rise: 13672.00
Rise: 13673.00
Rise: 13774.00
Rise: 13775.00
Rise: 13801.00
Rise: 13879.00
Rise: 13880.00
Rise: 13906.00
Rise: 13986.00
Rise: 13987.00
Rise: 14013.00
Rise: 14092.00
Rise: 14093.00
Rise: 14193.00
Rise: 14194.00
Rise: 14220.00
Rise: 14301.00
Rise: 14302.00
Rise: 14328.00
Rise: 14407.00
Rise: 14408.00
Rise: 14434.00
Rise: 14511.00
Rise: 14512.00
Rise: 14538.00
Rise: 14616.00
Rise: 14617.00
Rise: 14643.00
Rise: 14724.00
Rise: 14725.00
Rise: 14751.00
Rise: 14831.00
Rise: 14832.00
Rise: 14858.00
Rise: 14937.00
Rise: 14938.00
Rise: 14963.00
Rise: 15040.00
Rise: 15041.00
Rise: 15066.00
Rise: 15143.00
Rise: 15144.00
Rise: 15170.00
Rise: 15247.00
Rise: 15248.00
Rise: 15274.00
Rise: 15352.00
Rise: 15353.00
Rise: 15379.00
Rise: 15462.00
Rise: 15463.00
Rise: 15489.00
Rise: 15568.00
Rise: 15569.00
Rise: 15595.00
Rise: 15675.00
Rise: 15676.00
Rise: 15776.00
Rise: 15777.00
Rise: 15877.00
Rise: 15878.00
Rise: 15904.00
Rise: 15981.00
Rise: 15982.00
Rise: 16008.00
Rise: 16085.00
Rise: 16086.00
Rise: 16187.00
Rise: 16188.00
Rise: 16214.00
Rise: 16291.00
Rise: 16292.00
Rise: 16393.00
Rise: 16394.00
Rise: 16420.00
Rise: 16499.00
Rise: 16500.00
Rise: 16601.00
Rise: 16602.00
Rise: 16702.00
Rise: 16703.00
Rise: 16801.00
Rise: 16802.00
Rise: 16902.00
Rise: 16903.00
Rise: 17000.00
Rise: 17001.00
Rise: 17027.00
Rise: 17109.00
Rise: 17110.00
Rise: 17206.00
Rise: 17207.00
Rise: 17306.00
Rise: 17307.00
Rise: 17407.00
Rise: 17408.00
Rise: 17434.00
Rise: 17511.00
Rise: 17512.00
Rise: 17612.00
Rise: 17613.00
Rise: 17639.00
Rise: 17720.00
Rise: 17721.00
Rise: 17747.00
Rise: 17826.00
Rise: 17827.00
Rise: 17853.00
Rise: 17934.00
Rise: 17935.00
Rise: 18034.00
Rise: 18035.00
Rise: 18061.00
Rise: 18138.00
Rise: 18139.00
Rise: 18165.00
Rise: 18243.00
Rise: 18244.00
Rise: 18270.00
Rise: 18351.00
Rise: 18352.00
Rise: 18378.00
Rise: 18459.00
Rise: 18460.00
Rise: 18486.00
Rise: 18565.00
Rise: 18566.00
Rise: 18667.00
Rise: 18668.00
Rise: 18765.00
Rise: 18766.00
Rise: 18792.00
Rise: 18870.00
Rise: 18871.00
Rise: 18897.00
Rise: 18975.00
Rise: 18976.00
Rise: 19075.00
Rise: 19076.00
Rise: 19177.00
Rise: 19178.00
Rise: 19203.00
Rise: 19280.00
Rise: 19281.00
Rise: 19307.00
Rise: 19391.00
Rise: 19392.00
Rise: 19418.00
Rise: 19497.00
Rise: 19498.00
Rise: 19524.00
Rise: 19607.00
Rise: 19608.00
Rise: 19634.00
Rise: 19715.00
Rise: 19716.00
Rise: 19816.00
Rise: 19817.00
Rise: 19843.00
Rise: 19923.00
Rise: 19924.00
Rise: 19950.00
Rise: 20033.00
2
Rise: 20034.00
Rise: 20131.00
Rise: 20132.00
Rise: 20231.00
Rise: 20232.00
Rise: 20258.00
Rise: 20337.00
Rise: 20338.00
Rise: 20363.00
Rise: 20440.00
Rise: 20441.00
Rise: 20467.00
Rise: 20545.00
Rise: 20546.00
Rise: 20572.00
Rise: 20654.00
Rise: 20655.00
Rise: 20754.00
Rise: 20755.00
Rise: 20851.00
Rise: 20852.00
Rise: 20877.00
Rise: 20954.00
Rise: 20955.00
Rise: 20981.00
Rise: 21064.00
Rise: 21065.00
Rise: 21091.00
Rise: 21171.00
Rise: 21172.00
Rise: 21198.00
Rise: 21275.00
Rise: 21276.00
Rise: 21302.00
Rise: 21383.00
Rise: 21384.00
Rise: 21410.00
Rise: 21491.00
Rise: 21492.00
Rise: 21592.00
Rise: 21593.00
Rise: 21619.00
Rise: 21699.00
Rise: 21700.00
Rise: 21726.00
Rise: 21811.00
Rise: 21812.00
Rise: 21838.00
Rise: 21921.00
Rise: 21922.00
Rise: 21948.00
Rise: 22027.00
Rise: 22028.00
Rise: 22054.00
Rise: 22133.00
Rise: 22134.00
Rise: 22160.00
Rise: 22239.00
Rise: 22240.00
Rise: 22339.00
Rise: 22340.00
Rise: 22366.00
Rise: 22444.00
Rise: 22445.00
Rise: 22471.00
Rise: 22553.00
Rise: 22554.00
Rise: 22580.00
Rise: 22658.00
Rise: 22659.00
Rise: 22758.00
Rise: 22759.00
Rise: 22785.00
Rise: 22867.00
Rise: 22868.00
Rise: 22894.00
Rise: 22973.00
Rise: 22974.00
Rise: 23072.00
Rise: 23073.00
Rise: 23099.00
Rise: 23178.00
Rise: 23179.00
Rise: 23205.00
Rise: 23283.00
Rise: 23284.00
Rise: 23310.00
Rise: 23389.00
Rise: 23390.00
Rise: 23416.00
Rise: 23494.00
Rise: 23495.00
Rise: 23521.00
Rise: 23605.00
Rise: 23606.00
Rise: 23632.00
Rise: 23713.00
Rise: 23714.00
Rise: 23740.00
Rise: 23823.00
Rise: 23824.00
Rise: 23925.00
Rise: 23926.00
Rise: 24024.00
Rise: 24025.00
Rise: 24051.00
Rise: 24128.00
Rise: 24129.00
Rise: 24155.00
Rise: 24237.00
Rise: 24238.00
Rise: 24339.00
Rise: 24340.00
Rise: 24440.00
Rise: 24441.00
Rise: 24540.00
Rise: 24541.00
Rise: 24641.00
Rise: 24642.00
Rise: 24740.00
Rise: 24741.00
Rise: 24840.00
Rise: 24841.00
Rise: 24866.00
Rise: 24943.00
Rise: 24944.00
Rise: 24970.00
Rise: 25047.00
Rise: 25048.00
Rise: 25074.00
Rise: 25153.00
Rise: 25154.00
Rise: 25179.00
Rise: 25256.00
Rise: 25257.00
Rise: 25356.00
Rise: 25357.00
Rise: 25457.00
Rise: 25458.00
Rise: 25559.00
Rise: 25560.00
Rise: 25585.00
Rise: 25662.00
Rise: 25663.00
Rise: 25764.00
Rise: 25765.00
Rise: 25791.00
Rise: 25868.00
Rise: 25869.00
Rise: 25968.00
Rise: 25969.00
Rise: 25995.00
Rise: 26072.00
Rise: 26073.00
Rise: 26173.00
Rise: 26174.00
Rise: 26200.00
Rise: 26282.00
Rise: 26283.00
Rise: 26309.00
Rise: 26393.00
Rise: 26394.00
Rise: 26494.00
Rise: 26495.00
Rise: 26595.00
Rise: 26596.00
Rise: 26622.00
Rise: 26699.00
Rise: 26700.00
Rise: 26726.00
Rise: 26804.00
Rise: 26805.00
Rise: 26831.00
Rise: 26912.00
Rise: 26913.00
Rise: 27014.00
Rise: 27015.00
Rise: 27041.00
Rise: 27118.00
Rise: 27119.00
Rise: 27217.00
Rise: 27218.00
Rise: 27314.00
Rise: 27315.00
Rise: 27341.00
Rise: 27420.00
Rise: 27421.00
Rise: 27521.00
Rise: 27522.00
Rise: 27619.00
Rise: 27620.00
Rise: 27646.00
Rise: 27724.00
Rise: 27725.00
Rise: 27751.00
Rise: 27830.00
Rise: 27831.00
Rise: 27857.00
Rise: 27936.00
Rise: 27937.00
Rise: 28036.00
Rise: 28037.00
Rise: 28138.00
Rise: 28139.00
Rise: 28165.00
Rise: 28255.00
Rise: 28256.00
Rise: 28281.00
Rise: 28358.00
Rise: 28359.00
Rise: 28385.00
Rise: 28466.00
Rise: 28467.00
Rise: 28568.00
Rise: 28569.00
Rise: 28595.00
Rise: 28677.00
Rise: 28678.00
Rise: 28704.00
Rise: 28782.00
Rise: 28783.00
Rise: 28877.00
Rise: 28878.00
Rise: 28904.00
Rise: 28983.00
Rise: 28984.00
Rise: 29010.00
Rise: 29095.00
Rise: 29096.00
Rise: 29195.00
Rise: 29196.00
Rise: 29221.00
Rise: 29298.00
Rise: 29299.00
Rise: 29325.00
Rise: 29403.00
Rise: 29404.00
Rise: 29430.00
Rise: 29509.00
Rise: 29510.00
Rise: 29536.00
Rise: 29616.00
Rise: 29617.00
Rise: 29643.00
Rise: 29721.00
Rise: 29722.00
Rise: 29747.00
Rise: 29824.00
Rise: 29825.00
Rise: 29851.00
Rise: 29931.00
Rise: 29932.00
Rise: 29958.00
Rise: 30039.00
Rise: 30040.00
Rise: 30136.00
Rise: 30137.00
Rise: 30163.00
Rise: 30245.00
Rise: 30246.00
Rise: 30272.00
Rise: 30349.00
Rise: 30350.00
Rise: 30443.00
Rise: 30444.00
Rise: 30541.00
Rise: 30542.00
Rise: 30568.00
Rise: 30646.00
Rise: 30647.00
Rise: 30673.00
Rise: 30750.00
Rise: 30751.00
Rise: 30777.00
Rise: 30854.00
Rise: 30855.00
Rise: 30951.00
Rise: 30952.00
Rise: 30978.00
Rise: 31055.00
Rise: 31056.00
Rise: 31157.00
Rise: 31158.00
Rise: 31184.00
Rise: 31264.00
Rise: 31265.00
Rise: 31290.00
Rise: 31367.00
Rise: 31368.00
Rise: 31468.00
Rise: 31469.00
Rise: 31568.00
Rise: 31569.00
Rise: 31595.00
Rise: 31675.00
Rise: 31676.00
Rise: 31702.00
Rise: 31780.00
Rise: 31781.00
Rise: 31882.00
Rise: 31883.00
Rise: 31984.00
Rise: 31985.00
Rise: 32082.00
Rise: 32083.00
Rise: 32109.00
Rise: 32186.00
Rise: 32187.00
Rise: 32213.00
Rise: 32292.00
Rise: 32293.00
Rise: 32319.00
Rise: 32402.00
Rise: 32403.00
Rise: 32503.00
Rise: 32504.00
Rise: 32603.00
Rise: 32604.00
Rise: 32630.00
Rise: 32711.00
Rise: 32712.00
Rise: 32738.00
Rise: 32820.00
Rise: 32821.00
Rise: 32918.00
Rise: 32919.00
Rise: 32945.00
Rise: 33023.00
Rise: 33024.00
Rise: 33050.00
Rise: 33129.00
Rise: 33130.00
Rise: 33156.00
Rise: 33237.00
Rise: 33238.00
Rise: 33264.00
Rise: 33343.00
Rise: 33344.00
Rise: 33370.00
Rise: 33452.00
Rise: 33453.00
Rise: 33479.00
Rise: 33556.00
Rise: 33557.00
Rise: 33657.00
Rise: 33658.00
Rise: 33684.00
Rise: 33762.00
Rise: 33763.00
Rise: 33789.00
Rise: 33873.00
Rise: 33874.00
Rise: 33900.00
Rise: 33978.00
Rise: 33979.00
Rise: 34004.00
Rise: 34081.00
Rise: 34082.00
Rise: 34108.00
Rise: 34186.00
Rise: 34187.00
Rise: 34285.00
Rise: 34286.00
Rise: 34312.00
Rise: 34394.00
Rise: 34395.00
Rise: 34420.00
