Rise: 67.00
Rise: 68.00
Rise: 180.00
Rise: 181.00
Rise: 284.00
Rise: 285.00
Rise: 393.00
Rise: 394.00
Rise: 498.00
Rise: 499.00
Rise: 603.00
Rise: 604.00
Rise: 702.00
Rise: 705.00
Rise: 806.00
Rise: 807.00
Rise: 910.00
Rise: 911.00
Rise: 1014.00
Rise: 1015.00
Rise: 1112.00
Rise: 1117.00
Rise: 1213.00
Rise: 1219.00
Rise: 1316.00
Rise: 1320.00
Rise: 1421.00
Rise: 1422.00
Rise: 1526.00
Rise: 1527.00
Rise: 1628.00
Rise: 1629.00
Rise: 1731.00
Rise: 1732.00
Rise: 1836.00
Rise: 1837.00
Rise: 1939.00
Rise: 1940.00
Rise: 2039.00
Rise: 2041.00
Rise: 2141.00
Rise: 2142.00
Rise: 2246.00
Rise: 2247.00
Rise: 2349.00
Rise: 2350.00
Rise: 2450.00
Rise: 2451.00
Rise: 2555.00
Rise: 2556.00
Rise: 2660.00
Rise: 2661.00
Rise: 2761.00
Rise: 2762.00
Rise: 2863.00
Rise: 2864.00
Rise: 2957.00
Rise: 2966.00
Rise: 3058.00
Rise: 3068.00
Rise: 3158.00
Rise: 3170.00
Rise: 3261.00
Rise: 3272.00
Rise: 3363.00
Rise: 3374.00
Rise: 3462.00
Rise: 3476.00
Rise: 3563.00
Rise: 3578.00
Rise: 3666.00
Rise: 3680.00
Rise: 3768.00
Rise: 3782.00
Rise: 3866.00
Rise: 3884.00
Rise: 3970.00
Rise: 3986.00
Rise: 4075.00
Rise: 4088.00
Rise: 4180.00
Rise: 4190.00
Rise: 4285.00
Rise: 4292.00
Rise: 4389.00
Rise: 4393.00
Rise: 4495.00
Rise: 4496.00
Rise: 4589.00
Rise: 4598.00
Rise: 4693.00
Rise: 4700.00
Rise: 4791.00
Rise: 4802.00
Rise: 4891.00
Rise: 4904.00
Rise: 4991.00
Rise: 5006.00
Rise: 5099.00
Rise: 5108.00
Rise: 5204.00
Rise: 5209.00
Rise: 5311.00
Rise: 5312.00
Rise: 5411.00
Rise: 5413.00
Rise: 5521.00
Rise: 5522.00
Rise: 5622.00
Rise: 5623.00
Rise: 5727.00
Rise: 5728.00
Rise: 5829.00
Rise: 5830.00
Rise: 5932.00
Rise: 5933.00
Rise: 6031.00
Rise: 6035.00
Rise: 6129.00
Rise: 6137.00
Rise: 6228.00
Rise: 6239.00
Rise: 6330.00
Rise: 6341.00
Rise: 6436.00
Rise: 6442.00
Rise: 6544.00
Rise: 6545.00
Rise: 6653.00
Rise: 6654.00
Rise: 6750.00
Rise: 6755.00
Rise: 6857.00
Rise: 6858.00
Rise: 6961.00
Rise: 6962.00
Rise: 7070.00
Rise: 7071.00
Rise: 7165.00
Rise: 7173.00
Rise: 7265.00
Rise: 7275.00
Rise: 7369.00
Rise: 7377.00
Rise: 7474.00
Rise: 7478.00
Rise: 7580.00
Rise: 7581.00
Rise: 7685.00
Rise: 7686.00
Rise: 7786.00
Rise: 7787.00
Rise: 7886.00
Rise: 7888.00
Rise: 7988.00
Rise: 7989.00
Rise: 8089.00
Rise: 8090.00
Rise: 8194.00
Rise: 8195.00
Rise: 8298.00
Rise: 8299.00
Rise: 8407.00
Rise: 8408.00
Rise: 8514.00
Rise: 8515.00
Rise: 8619.00
Rise: 8620.00
Rise: 8726.00
Rise: 8727.00
Rise: 8827.00
Rise: 8828.00
Rise: 8932.00
Rise: 8933.00
Rise: 9031.00
Rise: 9034.00
Rise: 9137.00
Rise: 9138.00
Rise: 9235.00
Rise: 9239.00
Rise: 9340.00
Rise: 9341.00
Rise: 9451.00
Rise: 9452.00
Rise: 9556.00
Rise: 9557.00
Rise: 9653.00
Rise: 9658.00
Rise: 9758.00
Rise: 9759.00
Rise: 9860.00
Rise: 9861.00
Rise: 9963.00
Rise: 9964.00
Rise: 10067.00
Rise: 10068.00
Rise: 10174.00
Rise: 10175.00
Rise: 10275.00
Rise: 10276.00
Rise: 10377.00
Rise: 10378.00
Rise: 10479.00
Rise: 10480.00
Rise: 10578.00
Rise: 10581.00
Rise: 10681.00
Rise: 10682.00
Rise: 10786.00
Rise: 10787.00
Rise: 10893.00
Rise: 10894.00
Rise: 11001.00
Rise: 11002.00
Rise: 11098.00
Rise: 11103.00
Rise: 11205.00
Rise: 11206.00
Rise: 11305.00
Rise: 11307.00
Rise: 11407.00
Rise: 11408.00
Rise: 11510.00
Rise: 11511.00
Rise: 11609.00
Rise: 11612.00
Rise: 11713.00
Rise: 11714.00
Rise: 11821.00
Rise: 11822.00
Rise: 11926.00
Rise: 11927.00
Rise: 12025.00
Rise: 12028.00
Rise: 12128.00
Rise: 12129.00
Rise: 12230.00
Rise: 12231.00
Rise: 12334.00
Rise: 12335.00
Rise: 12443.00
Rise: 12444.00
Rise: 12548.00
Rise: 12549.00
Rise: 12659.00
Rise: 12660.00
Rise: 12758.00
Rise: 12761.00
Rise: 12861.00
Rise: 12862.00
Rise: 12962.00
Rise: 12963.00
Rise: 13063.00
Rise: 13064.00
Rise: 13168.00
Rise: 13169.00
Rise: 13274.00
Rise: 13275.00
Rise: 13381.00
Rise: 13382.00
Rise: 13482.00
Rise: 13483.00
Rise: 13587.00
Rise: 13588.00
Rise: 13687.00
Rise: 13689.00
Rise: 13790.00
Rise: 13791.00
Rise: 13898.00
Rise: 13899.00
Rise: 14001.00
Rise: 14002.00
Rise: 14102.00
Rise: 14103.00
Rise: 14205.00
Rise: 14206.00
Rise: 14309.00
Rise: 14310.00
Rise: 14407.00
Rise: 14411.00
Rise: 14510.00
Rise: 14512.00
Rise: 14612.00
Rise: 14613.00
Rise: 14719.00
Rise: 14720.00
Rise: 14819.00
Rise: 14821.00
Rise: 14920.00
Rise: 14922.00
Rise: 15024.00
Rise: 15025.00
Rise: 15123.00
Rise: 15126.00
Rise: 15227.00
Rise: 15228.00
Rise: 15331.00
Rise: 15332.00
Rise: 15440.00
Rise: 15441.00
Rise: 15538.00
Rise: 15542.00
Rise: 15645.00
Rise: 15646.00
Rise: 15752.00
Rise: 15753.00
Rise: 15855.00
Rise: 15856.00
Rise: 15959.00
Rise: 15960.00
Rise: 16060.00
Rise: 16061.00
Rise: 16163.00
Rise: 16164.00
Rise: 16261.00
Rise: 16266.00
Rise: 16363.00
Rise: 16367.00
Rise: 16467.00
Rise: 16468.00
Rise: 16571.00
Rise: 16572.00
Rise: 16671.00
Rise: 16673.00
Rise: 16775.00
Rise: 16776.00
Rise: 16876.00
Rise: 16877.00
Rise: 16979.00
Rise: 16980.00
Rise: 17085.00
Rise: 17086.00
Rise: 17190.00
Rise: 17191.00
Rise: 17292.00
Rise: 17293.00
Rise: 17400.00
Rise: 17401.00
Rise: 17500.00
Rise: 17503.00
Rise: 17600.00
Rise: 17604.00
Rise: 17703.00
Rise: 17705.00
Rise: 17806.00
Rise: 17807.00
Rise: 17908.00
Rise: 17909.00
Rise: 18008.00
Rise: 18010.00
Rise: 18110.00
Rise: 18111.00
Rise: 18213.00
Rise: 18214.00
Rise: 18316.00
Rise: 18317.00
Rise: 18416.00
Rise: 18418.00
Rise: 18522.00
Rise: 18523.00
Rise: 18628.00
Rise: 18629.00
Rise: 18729.00
Rise: 18730.00
Rise: 18830.00
Rise: 18831.00
Rise: 18933.00
Rise: 18934.00
Rise: 19034.00
Rise: 19035.00
Rise: 19135.00
Rise: 19136.00
Rise: 19242.00
Rise: 19243.00
Rise: 19342.00
Rise: 19344.00
Rise: 19444.00
Rise: 19445.00
Rise: 19548.00
Rise: 19549.00
Rise: 19654.00
Rise: 19655.00
Rise: 19758.00
Rise: 19759.00
Rise: 19858.00
Rise: 19860.00
Rise: 19964.00
Rise: 19965.00
Rise: 20071.00
Rise: 20072.00
Rise: 20175.00
Rise: 20176.00
Rise: 20282.00
Rise: 20283.00
Rise: 20381.00
Rise: 20384.00
Rise: 20484.00
Rise: 20485.00
Rise: 20585.00
Rise: 20586.00
Rise: 20686.00
Rise: 20687.00
Rise: 20791.00
Rise: 20792.00
Rise: 20894.00
Rise: 20895.00
Rise: 21001.00
Rise: 21002.00
Rise: 21111.00
Rise: 21112.00
Rise: 21212.00
Rise: 21213.00
Rise: 21314.00
Rise: 21315.00
Rise: 21415.00
Rise: 21417.00
Rise: 21513.00
Rise: 21518.00
Rise: 21619.00
Rise: 21620.00
Rise: 21722.00
Rise: 21723.00
Rise: 21821.00
Rise: 21824.00
Rise: 21929.00
Rise: 21930.00
Rise: 22037.00
Rise: 22038.00
Rise: 22141.00
Rise: 22142.00
Rise: 22238.00
Rise: 22243.00
Rise: 22343.00
Rise: 22344.00
Rise: 22450.00
Rise: 22451.00
Rise: 22544.00
Rise: 22553.00
Rise: 22649.00
Rise: 22654.00
Rise: 22761.00
Rise: 22762.00
Rise: 22858.00
Rise: 22863.00
Rise: 22965.00
Rise: 22966.00
Rise: 23071.00
Rise: 23072.00
Rise: 23180.00
Rise: 23181.00
Rise: 23282.00
Rise: 23283.00
Rise: 23383.00
Rise: 23384.00
Rise: 23489.00
Rise: 23490.00
Rise: 23592.00
Rise: 23593.00
Rise: 23691.00
Rise: 23694.00
Rise: 23799.00
Rise: 23800.00
Rise: 23909.00
Rise: 23910.00
Rise: 24012.00
Rise: 24013.00
Rise: 24117.00
Rise: 24118.00
Rise: 24227.00
Rise: 24228.00
Rise: 24329.00
Rise: 24330.00
Rise: 24435.00
Rise: 24436.00
Rise: 24541.00
Rise: 24542.00
Rise: 24642.00
Rise: 24643.00
Rise: 24746.00
Rise: 24747.00
Rise: 24852.00
Rise: 24853.00
Rise: 24954.00
Rise: 24955.00
Rise: 25056.00
Rise: 25057.00
Rise: 25161.00
Rise: 25162.00
Rise: 25259.00
Rise: 25263.00
Rise: 25364.00
Rise: 25365.00
Rise: 25474.00
Rise: 25475.00
Rise: 25584.00
Rise: 25585.00
Rise: 25692.00
Rise: 25693.00
Rise: 25797.00
Rise: 25798.00
Rise: 25898.00
Rise: 25899.00
Rise: 26003.00
Rise: 26004.00
Rise: 26107.00
Rise: 26108.00
Rise: 26208.00
Rise: 26209.00
Rise: 26315.00
Rise: 26316.00
Rise: 26417.00
Rise: 26418.00
Rise: 26521.00
Rise: 26522.00
Rise: 26627.00
Rise: 26628.00
Rise: 26734.00
Rise: 26735.00
Rise: 26840.00
Rise: 26841.00
Rise: 26945.00
Rise: 26946.00
Rise: 27052.00
Rise: 27053.00
Rise: 27161.00
Rise: 27162.00
Rise: 27271.00
Rise: 27272.00
Rise: 27376.00
Rise: 27377.00
Rise: 27483.00
Rise: 27484.00
Rise: 27588.00
Rise: 27589.00
Rise: 27689.00
Rise: 27690.00
Rise: 27793.00
Rise: 27794.00
Rise: 27895.00
Rise: 27896.00
Rise: 27996.00
Rise: 27997.00
Rise: 28097.00
Rise: 28098.00
Rise: 28200.00
Rise: 28201.00
Rise: 28301.00
Rise: 28302.00
Rise: 28410.00
Rise: 28411.00
Rise: 28518.00
Rise: 28519.00
Rise: 28614.00
Rise: 28621.00
Rise: 28717.00
Rise: 28722.00
Rise: 28825.00
Rise: 28826.00
Rise: 28929.00
Rise: 28930.00
Rise: 29030.00
Rise: 29031.00
Rise: 29133.00
Rise: 29134.00
Rise: 29235.00
Rise: 29236.00
Rise: 29337.00
Rise: 29338.00
Rise: 29442.00
Rise: 29443.00
Rise: 29544.00
Rise: 29545.00
Rise: 29650.00
Rise: 29651.00
Rise: 29752.00
Rise: 29753.00
Rise: 29847.00
Rise: 29855.00
Rise: 29948.00
Rise: 29957.00
Rise: 30050.00
Rise: 30059.00
Rise: 30152.00
Rise: 30161.00
Rise: 30250.00
Rise: 30263.00
Rise: 30349.00
Rise: 30365.00
Rise: 30452.00
Rise: 30467.00
Rise: 30551.00
Rise: 30569.00
Rise: 30654.00
Rise: 30671.00
Rise: 30757.00
Rise: 30773.00
Rise: 30861.00
Rise: 30875.00
Rise: 30967.00
Rise: 30977.00
Rise: 31067.00
Rise: 31079.00
Rise: 31169.00
Rise: 31181.00
Rise: 31270.00
Rise: 31283.00
Rise: 31371.00
Rise: 31385.00
Rise: 31481.00
Rise: 31486.00
Rise: 31589.00
Rise: 31590.00
Rise: 31696.00
Rise: 31697.00
Rise: 31798.00
Rise: 31799.00
Rise: 31906.00
Rise: 31907.00
Rise: 32007.00
Rise: 32008.00
Rise: 32110.00
Rise: 32111.00
Rise: 32206.00
Rise: 32212.00
Rise: 32312.00
Rise: 32313.00
Rise: 32417.00
Rise: 32418.00
Rise: 32516.00
Rise: 32520.00
Rise: 32613.00
Rise: 32622.00
Rise: 32712.00
Rise: 32723.00
Rise: 32822.00
Rise: 32824.00
Rise: 32932.00
Rise: 32933.00
Rise: 33037.00
Rise: 33038.00
Rise: 33141.00
Rise: 33142.00
Rise: 33240.00
Rise: 33243.00
Rise: 33346.00
Rise: 33347.00
Rise: 33446.00
Rise: 33449.00
Rise: 33546.00
Rise: 33550.00
Rise: 33650.00
Rise: 33651.00
Rise: 33750.00
Rise: 33753.00
Rise: 33845.00
Rise: 33855.00
Rise: 33946.00
Rise: 33957.00
Rise: 34045.00
Rise: 34059.00
Rise: 34155.00
Rise: 34161.00
Rise: 34255.00
Rise: 34262.00
Rise: 34364.00
Rise: 34365.00
Rise: 34470.00
Rise: 34471.00
Rise: 34576.00
Rise: 34577.00
Rise: 34676.00
Rise: 34678.00
Rise: 34779.00
Rise: 34780.00
Rise: 34881.00
Rise: 34882.00
Rise: 34982.00
Rise: 34983.00
Rise: 35085.00
Rise: 35086.00
Rise: 35192.00
Rise: 35193.00
Rise: 35292.00
Rise: 35294.00
Rise: 35394.00
Rise: 35395.00
Rise: 35494.00
Rise: 35496.00
Rise: 35601.00
Rise: 35602.00
Rise: 35704.00
Rise: 35705.00
Rise: 35809.00
Rise: 35810.00
Rise: 35908.00
Rise: 35911.00
Rise: 36019.00
Rise: 36020.00
Rise: 36122.00
Rise: 36123.00
Rise: 36228.00
Rise: 36229.00
Rise: 36329.00
Rise: 36331.00
Rise: 36428.00
Rise: 36433.00
Rise: 36529.00
Rise: 36534.00
Rise: 36637.00
Rise: 36638.00
Rise: 36736.00
Rise: 36739.00
Rise: 36842.00
Rise: 36843.00
Rise: 36940.00
Rise: 36944.00
Rise: 37047.00
Rise: 37048.00
Rise: 37150.00
Rise: 37151.00
Rise: 37256.00
Rise: 37257.00
Rise: 37354.00
Rise: 37359.00
Rise: 37456.00
Rise: 37460.00
Rise: 37561.00
Rise: 37562.00
Rise: 37667.00
Rise: 37668.00
Rise: 37770.00
Rise: 37771.00
Rise: 37879.00
Rise: 37880.00
Rise: 37980.00
Rise: 37981.00
Rise: 38081.00
Rise: 38082.00
Rise: 38183.00
Rise: 38184.00
Rise: 38287.00
Rise: 38288.00
Rise: 38395.00
Rise: 38396.00
Rise: 38501.00
Rise: 38502.00
Rise: 38599.00
Rise: 38603.00
Rise: 38702.00
Rise: 38704.00
Rise: 38805.00
Rise: 38806.00
Rise: 38903.00
Rise: 38908.00
Rise: 39001.00
Rise: 39010.00
Rise: 39106.00
Rise: 39111.00
Rise: 39211.00
Rise: 39212.00
Rise: 39312.00
Rise: 39313.00
Rise: 39413.00
Rise: 39415.00
Rise: 39512.00
Rise: 39516.00
Rise: 39619.00
Rise: 39620.00
Rise: 39723.00
Rise: 39724.00
Rise: 39830.00
Rise: 39831.00
Rise: 39934.00
Rise: 39935.00
Rise: 40036.00
Rise: 40037.00
Rise: 40140.00
Rise: 40141.00
Rise: 40241.00
Rise: 40242.00
Rise: 40344.00
Rise: 40345.00
Rise: 40453.00
Rise: 40454.00
Rise: 40560.00
Rise: 40561.00
Rise: 40658.00
Rise: 40663.00
Rise: 40760.00
Rise: 40764.00
Rise: 40866.00
Rise: 40867.00
Rise: 40968.00
Rise: 40969.00
Rise: 41072.00
Rise: 41073.00
Rise: 41177.00
Rise: 41178.00
Rise: 41279.00
Rise: 41280.00
Rise: 41383.00
Rise: 41384.00
Rise: 41491.00
Rise: 41492.00
Rise: 41596.00
Rise: 41597.00
Rise: 41695.00
Rise: 41698.00
Rise: 41798.00
Rise: 41799.00
Rise: 41905.00
Rise: 41906.00
Rise: 42005.00
Rise: 42007.00
Rise: 42107.00
Rise: 42108.00
Rise: 42207.00
Rise: 42210.00
Rise: 42303.00
Rise: 42312.00
Rise: 42403.00
Rise: 42414.00
Rise: 42502.00
Rise: 42516.00
Rise: 42605.00
Rise: 42618.00
Rise: 42711.00
Rise: 42720.00
Rise: 42817.00
Rise: 42821.00
Rise: 42923.00
Rise: 42924.00
Rise: 43034.00
Rise: 43035.00
Rise: 43131.00
Rise: 43137.00
Rise: 43233.00
Rise: 43239.00
Rise: 43334.00
Rise: 43341.00
Rise: 43437.00
Rise: 43442.00
Rise: 43542.00
Rise: 43543.00
Rise: 43647.00
Rise: 43648.00
Rise: 43755.00
Rise: 43756.00
Rise: 43860.00
Rise: 43861.00
Rise: 43966.00
Rise: 43967.00
Rise: 44064.00
Rise: 44068.00
Rise: 44171.00
Rise: 44172.00
Rise: 44274.00
Rise: 44275.00
Rise: 44381.00
Rise: 44382.00
Rise: 44484.00
Rise: 44485.00
Rise: 44587.00
Rise: 44588.00
Rise: 44697.00
Rise: 44698.00
Rise: 44804.00
Rise: 44805.00
Rise: 44911.00
Rise: 44912.00
Rise: 45019.00
Rise: 45020.00
Rise: 45124.00
Rise: 45125.00
Rise: 45232.00
Rise: 45233.00
Rise: 45335.00
Rise: 45336.00
Rise: 45435.00
Rise: 45437.00
Rise: 45541.00
Rise: 45542.00
Rise: 45642.00
Rise: 45643.00
Rise: 45743.00
Rise: 45745.00
Rise: 45840.00
Rise: 45847.00
Rise: 45938.00
Rise: 45949.00
Rise: 46046.00
Rise: 46051.00
Rise: 46148.00
Rise: 46153.00
Rise: 46249.00
Rise: 46254.00
Rise: 46354.00
Rise: 46356.00
Rise: 46453.00
Rise: 46457.00
Rise: 46558.00
Rise: 46559.00
Rise: 46662.00
Rise: 46663.00
Rise: 46766.00
Rise: 46767.00
Rise: 46868.00
Rise: 46869.00
Rise: 46970.00
Rise: 46971.00
Rise: 47068.00
Rise: 47073.00
Rise: 47170.00
Rise: 47175.00
Rise: 47271.00
Rise: 47276.00
Rise: 47379.00
Rise: 47380.00
Rise: 47480.00
Rise: 47481.00
Rise: 47583.00
Rise: 47584.00
Rise: 47688.00
Rise: 47689.00
Rise: 47791.00
Rise: 47792.00
Rise: 47898.00
Rise: 47899.00
Rise: 48000.00
Rise: 48001.00
Rise: 48104.00
Rise: 48105.00
Rise: 48211.00
Rise: 48212.00
Rise: 48313.00
Rise: 48314.00
Rise: 48416.00
Rise: 48417.00
Rise: 48519.00
Rise: 48520.00
Rise: 48626.00
Rise: 48627.00
Rise: 48731.00
Rise: 48732.00
Rise: 48836.00
Rise: 48837.00
Rise: 48939.00
Rise: 48940.00
Rise: 49043.00
Rise: 49044.00
Rise: 49148.00
Rise: 49149.00
Rise: 49245.00
Rise: 49251.00
Rise: 49345.00
Rise: 49353.00
Rise: 49446.00
Rise: 49455.00
Rise: 49550.00
Rise: 49557.00
Rise: 49654.00
Rise: 49658.00
Rise: 49758.00
Rise: 49759.00
Rise: 49861.00
Rise: 49862.00
Rise: 49973.00
Rise: 49974.00
Rise: 50074.00
Rise: 50075.00
Rise: 50174.00
Rise: 50176.00
Rise: 50281.00
Rise: 50282.00
Rise: 50382.00
Rise: 50383.00
Rise: 50495.00
Rise: 50496.00
Rise: 50603.00
Rise: 50604.00
Rise: 50705.00
Rise: 50706.00
Rise: 50801.00
Rise: 50807.00
Rise: 50906.00
Rise: 50908.00
Rise: 51009.00
Rise: 51010.00
Rise: 51106.00
Rise: 51112.00
Rise: 51205.00
Rise: 51213.00
Rise: 51314.00
Rise: 51315.00
Rise: 51418.00
Rise: 51419.00
Rise: 51514.00
Rise: 51520.00
Rise: 51620.00
Rise: 51621.00
Rise: 51721.00
Rise: 51722.00
Rise: 51824.00
Rise: 51825.00
Rise: 51928.00
Rise: 51929.00
Rise: 52030.00
Rise: 52031.00
Rise: 52139.00
Rise: 52140.00
Rise: 52239.00
Rise: 52241.00
Rise: 52346.00
Rise: 52347.00
Rise: 52443.00
Rise: 52449.00
Rise: 52543.00
Rise: 52551.00
Rise: 52646.00
Rise: 52653.00
Rise: 52748.00
Rise: 52754.00
Rise: 52854.00
Rise: 52855.00
Rise: 52956.00
Rise: 52957.00
Rise: 53055.00
Rise: 53059.00
Rise: 53154.00
Rise: 53161.00
Rise: 53256.00
Rise: 53262.00
Rise: 53362.00
Rise: 53363.00
Rise: 53465.00
Rise: 53466.00
Rise: 53571.00
Rise: 53572.00
Rise: 53674.00
Rise: 53675.00
Rise: 53771.00
Rise: 53777.00
Rise: 53871.00
Rise: 53879.00
Rise: 53976.00
Rise: 53980.00
Rise: 54080.00
Rise: 54082.00
Rise: 54177.00
Rise: 54183.00
Rise: 54282.00
Rise: 54284.00
Rise: 54384.00
Rise: 54385.00
Rise: 54487.00
Rise: 54488.00
Rise: 54588.00
Rise: 54589.00
Rise: 54691.00
Rise: 54692.00
Rise: 54792.00
Rise: 54793.00
Rise: 54895.00
Rise: 54896.00
Rise: 54992.00
Rise: 54997.00
Rise: 55097.00
Rise: 55098.00
Rise: 55200.00
Rise: 55201.00
Rise: 55304.00
Rise: 55305.00
Rise: 55415.00
Rise: 55416.00
Rise: 55524.00
Rise: 55525.00
Rise: 55624.00
Rise: 55626.00
Rise: 55726.00
Rise: 55727.00
Rise: 55830.00
Rise: 55831.00
Rise: 55928.00
Rise: 55932.00
Rise: 56031.00
Rise: 56034.00
Rise: 56127.00
Rise: 56136.00
Rise: 56227.00
Rise: 56237.00
Rise: 56337.00
Rise: 56338.00
Rise: 56448.00
Rise: 56449.00
Rise: 56550.00
Rise: 56551.00
Rise: 56652.00
Rise: 56653.00
Rise: 56758.00
Rise: 56759.00
Rise: 56866.00
Rise: 56867.00
Rise: 56965.00
Rise: 56968.00
Rise: 57074.00
Rise: 57075.00
Rise: 57182.00
Rise: 57183.00
Rise: 57288.00
Rise: 57289.00
Rise: 57391.00
Rise: 57392.00
Rise: 57493.00
Rise: 57494.00
Rise: 57599.00
Rise: 57600.00
Rise: 57701.00
Rise: 57702.00
Rise: 57805.00
Rise: 57806.00
Rise: 57908.00
Rise: 57909.00
Rise: 58013.00
Rise: 58014.00
Rise: 58118.00
Rise: 58119.00
Rise: 58221.00
Rise: 58222.00
Rise: 58326.00
Rise: 58327.00
Rise: 58429.00
Rise: 58430.00
Rise: 58537.00
Rise: 58538.00
Rise: 58641.00
Rise: 58642.00
Rise: 58742.00
Rise: 58744.00
Rise: 58841.00
Rise: 58845.00
Rise: 58949.00
Rise: 58950.00
Rise: 59053.00
Rise: 59054.00
Rise: 59156.00
Rise: 59157.00
Rise: 59263.00
Rise: 59264.00
Rise: 59363.00
Rise: 59365.00
Rise: 59470.00
Rise: 59471.00
Rise: 59571.00
Rise: 59572.00
Rise: 59674.00
Rise: 59675.00
Rise: 59779.00
Rise: 59780.00
Rise: 59885.00
Rise: 59886.00
Rise: 59988.00
Rise: 59989.00
Rise: 60090.00
Rise: 60091.00
Rise: 60190.00
Rise: 60192.00
Rise: 60291.00
Rise: 60293.00
Rise: 60393.00
Rise: 60394.00
Rise: 60501.00
Rise: 60502.00
Rise: 60611.00
Rise: 60612.00
Rise: 60724.00
Rise: 60725.00
Rise: 60831.00
Rise: 60832.00
Rise: 60938.00
Rise: 60939.00
Rise: 61044.00
Rise: 61045.00
Rise: 61146.00
Rise: 61147.00
Rise: 61249.00
Rise: 61250.00
Rise: 61361.00
Rise: 61362.00
Rise: 61465.00
Rise: 61466.00
Rise: 61567.00
Rise: 61568.00
Rise: 61666.00
Rise: 61669.00
Rise: 61771.00
Rise: 61772.00
Rise: 61869.00
Rise: 61873.00
Rise: 61973.00
Rise: 61974.00
Rise: 62081.00
Rise: 62082.00
Rise: 62182.00
Rise: 62184.00
Rise: 62277.00
Rise: 62286.00
Rise: 62382.00
Rise: 62387.00
Rise: 62486.00
Rise: 62489.00
Rise: 62582.00
Rise: 62591.00
Rise: 62682.00
Rise: 62693.00
Rise: 62787.00
Rise: 62794.00
Rise: 62895.00
Rise: 62896.00
Rise: 62997.00
Rise: 62998.00
Rise: 63099.00
Rise: 63100.00
Rise: 63210.00
Rise: 63211.00
Rise: 63319.00
Rise: 63320.00
Rise: 63419.00
Rise: 63421.00
Rise: 63521.00
Rise: 63522.00
Rise: 63623.00
Rise: 63624.00
Rise: 63728.00
Rise: 63729.00
Rise: 63830.00
Rise: 63831.00
Rise: 63932.00
Rise: 63933.00
Rise: 64037.00
Rise: 64038.00
Rise: 64142.00
Rise: 64143.00
Rise: 64243.00
Rise: 64245.00
Rise: 64338.00
Rise: 64346.00
Rise: 64446.00
Rise: 64447.00
Rise: 64551.00
Rise: 64552.00
Rise: 64652.00
Rise: 64653.00
Rise: 64757.00
Rise: 64758.00
Rise: 64858.00
Rise: 64859.00
Rise: 64959.00
Rise: 64960.00
Rise: 65061.00
Rise: 65062.00
Rise: 65162.00
Rise: 65164.00
Rise: 65260.00
Rise: 65265.00
Rise: 65367.00
Rise: 65368.00
Rise: 65476.00
Rise: 65477.00
Rise: 65581.00
Rise: 65582.00
Rise: 65682.00
Rise: 65683.00
Rise: 65787.00
Rise: 65788.00
Rise: 65892.00
Rise: 65893.00
Rise: 65993.00
Rise: 65994.00
Rise: 66099.00
Rise: 66100.00
Rise: 66199.00
Rise: 66201.00
Rise: 66308.00
Rise: 66309.00
Rise: 66408.00
Rise: 66410.00
Rise: 66514.00
Rise: 66515.00
Rise: 66611.00
Rise: 66617.00
Rise: 66713.00
Rise: 66718.00
Rise: 66820.00
Rise: 66821.00
Rise: 66927.00
Rise: 66928.00
Rise: 67023.00
Rise: 67030.00
Rise: 67127.00
Rise: 67132.00
Rise: 67225.00
Rise: 67234.00
Rise: 67331.00
Rise: 67335.00
Rise: 67435.00
Rise: 67436.00
Rise: 67540.00
Rise: 67541.00
Rise: 67648.00
Rise: 67649.00
Rise: 67752.00
Rise: 67753.00
Rise: 67856.00
Rise: 67857.00
Rise: 67961.00
Rise: 67962.00
Rise: 68070.00
Rise: 68071.00
Rise: 68170.00
Rise: 68172.00
Rise: 68285.00
Rise: 68286.00
Rise: 68393.00
Rise: 68394.00
Rise: 68491.00
Rise: 68496.00
Rise: 68590.00
Rise: 68598.00
Rise: 68695.00
Rise: 68699.00
Rise: 68803.00
Rise: 68804.00
Rise: 68902.00
Rise: 68905.00
Rise: 69007.00
Rise: 69008.00
Rise: 69114.00
Rise: 69115.00
Rise: 69216.00
Rise: 69217.00
Rise: 69321.00
Rise: 69322.00
Rise: 69426.00
Rise: 69427.00
Rise: 69525.00
Rise: 69529.00
Rise: 69622.00
Rise: 69631.00
Rise: 69727.00
Rise: 69732.00
Rise: 69836.00
Rise: 69837.00
Rise: 69934.00
Rise: 69938.00
Rise: 70044.00
Rise: 70045.00
Rise: 70149.00
Rise: 70150.00
Rise: 70256.00
Rise: 70257.00
Rise: 70364.00
Rise: 70365.00
Rise: 70464.00
Rise: 70466.00
Rise: 70565.00
Rise: 70567.00
Rise: 70667.00
Rise: 70668.00
Rise: 70771.00
Rise: 70772.00
Rise: 70872.00
Rise: 70873.00
Rise: 70973.00
Rise: 70974.00
Rise: 71078.00
Rise: 71079.00
Rise: 71183.00
Rise: 71184.00
Rise: 71285.00
Rise: 71286.00
Rise: 71385.00
Rise: 71387.00
Rise: 71497.00
Rise: 71498.00
Rise: 71599.00
Rise: 71600.00
Rise: 71702.00
Rise: 71703.00
Rise: 71812.00
Rise: 71813.00
Rise: 71917.00
Rise: 71918.00
Rise: 72021.00
Rise: 72022.00
Rise: 72121.00
Rise: 72124.00
Rise: 72221.00
Rise: 72226.00
Rise: 72319.00
Rise: 72328.00
Rise: 72421.00
Rise: 72430.00
Rise: 72520.00
Rise: 72531.00
Rise: 72631.00
Rise: 72632.00
Rise: 72736.00
Rise: 72737.00
Rise: 72835.00
Rise: 72838.00
Rise: 72941.00
Rise: 72942.00
Rise: 73042.00
Rise: 73043.00
Rise: 73142.00
Rise: 73144.00
Rise: 73244.00
Rise: 73245.00
Rise: 73350.00
Rise: 73351.00
Rise: 73454.00
Rise: 73455.00
Rise: 73560.00
Rise: 73561.00
Rise: 73659.00
Rise: 73662.00
Rise: 73762.00
Rise: 73763.00
Rise: 73865.00
Rise: 73866.00
Rise: 73967.00
Rise: 73968.00
Rise: 74069.00
Rise: 74070.00
Rise: 74170.00
Rise: 74171.00
Rise: 74275.00
Rise: 74276.00
Rise: 74374.00
Rise: 74378.00
Rise: 74473.00
Rise: 74480.00
Rise: 74577.00
Rise: 74581.00
Rise: 74683.00
Rise: 74684.00
Rise: 74782.00
Rise: 74785.00
Rise: 74886.00
Rise: 74887.00
Rise: 74987.00
Rise: 74988.00
Rise: 75094.00
Rise: 75095.00
Rise: 75193.00
Rise: 75197.00
Rise: 75290.00
Rise: 75298.00
Rise: 75398.00
Rise: 75399.00
Rise: 75499.00
Rise: 75500.00
Rise: 75600.00
Rise: 75601.00
Rise: 75703.00
Rise: 75704.00
Rise: 75801.00
Rise: 75805.00
Rise: 75905.00
Rise: 75906.00
Rise: 76005.00
Rise: 76007.00
Rise: 76108.00
Rise: 76109.00
Rise: 76210.00
Rise: 76211.00
Rise: 76310.00
Rise: 76312.00
Rise: 76412.00
Rise: 76414.00
Rise: 76511.00
Rise: 76515.00
Rise: 76623.00
Rise: 76624.00
Rise: 76728.00
Rise: 76729.00
Rise: 76831.00
Rise: 76832.00
Rise: 76932.00
Rise: 76933.00
Rise: 77033.00
Rise: 77034.00
Rise: 77140.00
Rise: 77141.00
Rise: 77243.00
Rise: 77244.00
Rise: 77344.00
Rise: 77345.00
Rise: 77445.00
Rise: 77446.00
Rise: 77548.00
Rise: 77549.00
Rise: 77646.00
Rise: 77651.00
Rise: 77748.00
Rise: 77753.00
Rise: 77846.00
Rise: 77854.00
Rise: 77953.00
Rise: 77956.00
Rise: 78052.00
Rise: 78057.00
Rise: 78159.00
Rise: 78160.00
Rise: 78262.00
Rise: 78263.00
Rise: 78363.00
Rise: 78364.00
Rise: 78473.00
Rise: 78474.00
Rise: 78580.00
Rise: 78581.00
Rise: 78684.00
Rise: 78685.00
Rise: 78784.00
Rise: 78786.00
Rise: 78894.00
Rise: 78895.00
Rise: 78999.00
Rise: 79000.00
Rise: 79103.00
Rise: 79104.00
Rise: 79200.00
Rise: 79205.00
Rise: 79304.00
Rise: 79306.00
Rise: 79405.00
Rise: 79408.00
Rise: 79504.00
Rise: 79509.00
Rise: 79609.00
Rise: 79610.00
Rise: 79713.00
Rise: 79714.00
Rise: 79816.00
Rise: 79817.00
Rise: 79920.00
Rise: 79921.00
Rise: 80020.00
Rise: 80023.00
Rise: 80120.00
Rise: 80124.00
Rise: 80223.00
Rise: 80225.00
Rise: 80326.00
Rise: 80327.00
Rise: 80424.00
Rise: 80429.00
Rise: 80524.00
Rise: 80531.00
Rise: 80627.00
Rise: 80632.00
Rise: 80732.00
Rise: 80733.00
Rise: 80833.00
Rise: 80834.00
Rise: 80933.00
Rise: 80935.00
Rise: 81037.00
Rise: 81038.00
Rise: 81135.00
Rise: 81140.00
Rise: 81232.00
Rise: 81242.00
Rise: 81338.00
Rise: 81344.00
Rise: 81437.00
Rise: 81446.00
Rise: 81536.00
Rise: 81548.00
Rise: 81642.00
Rise: 81649.00
Rise: 81749.00
Rise: 81750.00
Rise: 81854.00
Rise: 81855.00
Rise: 81955.00
Rise: 81956.00
Rise: 82058.00
Rise: 82059.00
Rise: 82160.00
Rise: 82161.00
Rise: 82262.00
Rise: 82263.00
Rise: 82358.00
Rise: 82365.00
Rise: 82456.00
Rise: 82467.00
Rise: 82558.00
Rise: 82569.00
Rise: 82662.00
Rise: 82671.00
Rise: 82764.00
Rise: 82773.00
Rise: 82864.00
Rise: 82875.00
Rise: 82970.00
Rise: 82976.00
Rise: 83080.00
Rise: 83081.00
Rise: 83179.00
Rise: 83183.00
Rise: 83280.00
Rise: 83284.00
Rise: 83389.00
Rise: 83390.00
Rise: 83492.00
Rise: 83493.00
Rise: 83598.00
Rise: 83599.00
Rise: 83709.00
Rise: 83710.00
Rise: 83813.00
Rise: 83814.00
Rise: 83920.00
Rise: 83921.00
Rise: 84019.00
Rise: 84023.00
Rise: 84120.00
Rise: 84124.00
Rise: 84224.00
Rise: 84225.00
Rise: 84325.00
Rise: 84326.00
Rise: 84426.00
Rise: 84427.00
Rise: 84528.00
Rise: 84529.00
Rise: 84625.00
Rise: 84630.00
Rise: 84729.00
Rise: 84731.00
Rise: 84833.00
Rise: 84834.00
Rise: 84934.00
Rise: 84935.00
Rise: 85037.00
Rise: 85038.00
Rise: 85138.00
Rise: 85139.00
Rise: 85239.00
Rise: 85240.00
Rise: 85342.00
Rise: 85343.00
Rise: 85449.00
Rise: 85450.00
Rise: 85551.00
Rise: 85552.00
Rise: 85651.00
Rise: 85653.00
Rise: 85757.00
Rise: 85758.00
Rise: 85865.00
Rise: 85866.00
Rise: 85971.00
Rise: 85972.00
Rise: 86074.00
Rise: 86075.00
Rise: 86176.00
Rise: 86177.00
Rise: 86281.00
Rise: 86282.00
Rise: 86383.00
Rise: 86384.00
Rise: 86485.00
Rise: 86486.00
Rise: 86591.00
Rise: 86592.00
Rise: 86691.00
Rise: 86693.00
Rise: 86799.00
Rise: 86800.00
Rise: 86902.00
Rise: 86903.00
Rise: 87004.00
Rise: 87005.00
Rise: 87114.00
Rise: 87115.00
Rise: 87214.00
Rise: 87217.00
Rise: 87313.00
Rise: 87318.00
Rise: 87417.00
Rise: 87420.00
Rise: 87516.00
Rise: 87522.00
Rise: 87617.00
Rise: 87624.00
Rise: 87720.00
Rise: 87725.00
Rise: 87828.00
Rise: 87829.00
Rise: 87927.00
Rise: 87931.00
Rise: 88026.00
Rise: 88033.00
Rise: 88129.00
Rise: 88135.00
Rise: 88232.00
Rise: 88237.00
Rise: 88330.00
Rise: 88339.00
Rise: 88429.00
Rise: 88441.00
Rise: 88529.00
Rise: 88543.00
Rise: 88638.00
Rise: 88645.00
Rise: 88738.00
Rise: 88747.00
Rise: 88842.00
Rise: 88849.00
Rise: 88943.00
Rise: 88950.00
Rise: 89050.00
Rise: 89051.00
Rise: 89157.00
Rise: 89158.00
Rise: 89265.00
Rise: 89266.00
Rise: 89374.00
Rise: 89375.00
Rise: 89482.00
Rise: 89483.00
Rise: 89594.00
Rise: 89595.00
Rise: 89695.00
Rise: 89696.00
Rise: 89802.00
Rise: 89803.00
Rise: 89903.00
Rise: 89904.00
Rise: 90011.00
Rise: 90012.00
Rise: 90118.00
Rise: 90119.00
Rise: 90220.00
Rise: 90221.00
Rise: 90317.00
Rise: 90323.00
Rise: 90420.00
Rise: 90424.00
Rise: 90523.00
Rise: 90525.00
Rise: 90624.00
Rise: 90626.00
Rise: 90732.00
Rise: 90733.00
Rise: 90835.00
Rise: 90836.00
Rise: 90936.00
Rise: 90938.00
Rise: 91035.00
Rise: 91040.00
Rise: 91134.00
Rise: 91142.00
Rise: 91237.00
Rise: 91243.00
Rise: 91342.00
Rise: 91344.00
Rise: 91446.00
Rise: 91447.00
Rise: 91547.00
Rise: 91548.00
Rise: 91656.00
Rise: 91657.00
Rise: 91761.00
Rise: 91762.00
Rise: 91860.00
Rise: 91864.00
Rise: 91959.00
Rise: 91966.00
Rise: 92057.00
Rise: 92068.00
Rise: 92163.00
Rise: 92169.00
Rise: 92269.00
Rise: 92270.00
Rise: 92374.00
Rise: 92375.00
Rise: 92479.00
Rise: 92480.00
Rise: 92580.00
Rise: 92581.00
Rise: 92683.00
Rise: 92684.00
Rise: 92785.00
Rise: 92786.00
Rise: 92886.00
Rise: 92887.00
Rise: 92994.00
Rise: 92995.00
Rise: 93105.00
Rise: 93106.00
Rise: 93210.00
Rise: 93211.00
Rise: 93310.00
Rise: 93312.00
Rise: 93414.00
Rise: 93415.00
Rise: 93518.00
Rise: 93519.00
Rise: 93622.00
Rise: 93623.00
Rise: 93726.00
Rise: 93727.00
Rise: 93833.00
Rise: 93834.00
Rise: 93936.00
Rise: 93937.00
Rise: 94041.00
Rise: 94042.00
Rise: 94145.00
Rise: 94146.00
Rise: 94245.00
Rise: 94247.00
Rise: 94347.00
Rise: 94348.00
Rise: 94452.00
Rise: 94453.00
Rise: 94557.00
Rise: 94558.00
Rise: 94656.00
Rise: 94660.00
Rise: 94757.00
Rise: 94762.00
Rise: 94854.00
Rise: 94863.00
Rise: 94963.00
Rise: 94964.00
Rise: 95064.00
Rise: 95065.00
Rise: 95164.00
Rise: 95167.00
Rise: 95263.00
Rise: 95268.00
Rise: 95367.00
Rise: 95369.00
Rise: 95468.00
Rise: 95471.00
Rise: 95567.00
Rise: 95573.00
Rise: 95669.00
Rise: 95675.00
Rise: 95770.00
Rise: 95777.00
Rise: 95874.00
Rise: 95879.00
Rise: 95975.00
Rise: 95980.00
Rise: 96080.00
Rise: 96082.00
Rise: 96176.00
Rise: 96184.00
Rise: 96274.00
Rise: 96286.00
Rise: 96380.00
Rise: 96388.00
Rise: 96482.00
Rise: 96490.00
Rise: 96579.00
Rise: 96592.00
Rise: 96688.00
Rise: 96694.00
Rise: 96791.00
Rise: 96796.00
Rise: 96892.00
Rise: 96898.00
Rise: 96988.00
Rise: 97000.00
Rise: 97090.00
Rise: 97102.00
Rise: 97190.00
Rise: 97204.00
Rise: 97295.00
Rise: 97306.00
Rise: 97396.00
Rise: 97408.00
Rise: 97498.00
Rise: 97510.00
Rise: 97599.00
Rise: 97612.00
Rise: 97702.00
Rise: 97714.00
Rise: 97802.00
Rise: 97816.00
Rise: 97910.00
Rise: 97917.00
Rise: 98020.00
Rise: 98021.00
Rise: 98126.00
Rise: 98127.00
Rise: 98224.00
Rise: 98228.00
Rise: 98328.00
Rise: 98329.00
Rise: 98434.00
Rise: 98435.00
Rise: 98536.00
Rise: 98537.00
Rise: 98634.00
Rise: 98639.00
Rise: 98736.00
Rise: 98741.00
Rise: 98838.00
Rise: 98842.00
Rise: 98942.00
Rise: 98943.00
Rise: 99043.00
Rise: 99044.00
Rise: 99148.00
Rise: 99149.00
Rise: 99246.00
Rise: 99250.00
Rise: 99353.00
Rise: 99354.00
Rise: 99456.00
Rise: 99457.00
Rise: 99563.00
Rise: 99564.00
Rise: 99672.00
Rise: 99673.00
Rise: 99772.00
Rise: 99775.00
Rise: 99869.00
Rise: 99877.00
Rise: 99974.00
Rise: 99978.00
Rise: 100078.00
Rise: 100079.00
Rise: 100179.00
Rise: 100181.00
Rise: 100278.00
Rise: 100282.00
Rise: 100382.00
Rise: 100384.00
Rise: 100478.00
Rise: 100486.00
Rise: 100577.00
Rise: 100588.00
Rise: 100680.00
Rise: 100690.00
Rise: 100785.00
Rise: 100791.00
Rise: 100893.00
Rise: 100894.00
Rise: 100996.00
Rise: 100997.00
Rise: 101101.00
Rise: 101102.00
Rise: 101200.00
Rise: 101204.00
Rise: 101299.00
Rise: 101305.00
Rise: 101407.00
Rise: 101408.00
Rise: 101506.00
Rise: 101509.00
Rise: 101613.00
Rise: 101614.00
Rise: 101721.00
Rise: 101722.00
Rise: 101828.00
Rise: 101829.00
Rise: 101927.00
Rise: 101930.00
Rise: 102031.00
Rise: 102032.00
Rise: 102131.00
Rise: 102133.00
Rise: 102233.00
Rise: 102235.00
Rise: 102332.00
Rise: 102336.00
Rise: 102436.00
Rise: 102437.00
Rise: 102538.00
Rise: 102539.00
Rise: 102641.00
Rise: 102642.00
Rise: 102743.00
Rise: 102744.00
Rise: 102849.00
Rise: 102850.00
Rise: 102956.00
Rise: 102957.00
Rise: 103066.00
Rise: 103067.00
Rise: 103172.00
Rise: 103173.00
Rise: 103276.00
Rise: 103277.00
Rise: 103378.00
Rise: 103379.00
Rise: 103482.00
Rise: 103483.00
Rise: 103591.00
Rise: 103592.00
Rise: 103692.00
Rise: 103693.00
Rise: 103794.00
Rise: 103795.00
Rise: 103894.00
Rise: 103896.00
Rise: 103996.00
Rise: 103997.00
Rise: 104097.00
Rise: 104098.00
Rise: 104200.00
Rise: 104201.00
Rise: 104301.00
Rise: 104302.00
Rise: 104411.00
Rise: 104412.00
Rise: 104511.00
Rise: 104513.00
Rise: 104614.00
Rise: 104615.00
Rise: 104720.00
Rise: 104721.00
Rise: 104824.00
Rise: 104825.00
Rise: 104924.00
Rise: 104926.00
Rise: 105025.00
Rise: 105027.00
Rise: 105133.00
Rise: 105134.00
Rise: 105232.00
Rise: 105235.00
Rise: 105337.00
Rise: 105338.00
Rise: 105443.00
Rise: 105444.00
Rise: 105545.00
Rise: 105546.00
Rise: 105645.00
Rise: 105648.00
Rise: 105745.00
Rise: 105750.00
Rise: 105843.00
Rise: 105852.00
Rise: 105945.00
Rise: 105953.00
Rise: 106053.00
Rise: 106054.00
Rise: 106154.00
Rise: 106155.00
Rise: 106258.00
Rise: 106259.00
Rise: 106362.00
Rise: 106363.00
Rise: 106462.00
Rise: 106464.00
Rise: 106566.00
Rise: 106567.00
Rise: 106671.00
Rise: 106672.00
Rise: 106771.00
Rise: 106774.00
Rise: 106870.00
Rise: 106875.00
Rise: 106977.00
Rise: 106978.00
Rise: 107084.00
Rise: 107085.00
Rise: 107185.00
Rise: 107186.00
Rise: 107291.00
Rise: 107292.00
Rise: 107395.00
Rise: 107396.00
Rise: 107495.00
Rise: 107498.00
Rise: 107595.00
Rise: 107600.00
Rise: 107697.00
Rise: 107701.00
Rise: 107808.00
Rise: 107809.00
Rise: 107911.00
Rise: 107912.00
Rise: 108013.00
Rise: 108014.00
Rise: 108114.00
Rise: 108115.00
Rise: 108220.00
Rise: 108221.00
Rise: 108329.00
Rise: 108330.00
Rise: 108433.00
Rise: 108434.00
Rise: 108538.00
Rise: 108539.00
Rise: 108639.00
Rise: 108640.00
Rise: 108743.00
Rise: 108744.00
Rise: 108844.00
Rise: 108845.00
Rise: 108947.00
Rise: 108948.00
Rise: 109050.00
Rise: 109051.00
Rise: 109149.00
Rise: 109153.00
Rise: 109250.00
Rise: 109254.00
Rise: 109354.00
Rise: 109355.00
Rise: 109455.00
Rise: 109457.00
Rise: 109554.00
Rise: 109559.00
Rise: 109654.00
Rise: 109661.00
Rise: 109755.00
Rise: 109763.00
Rise: 109858.00
Rise: 109864.00
Rise: 109968.00
Rise: 109969.00
Rise: 110069.00
Rise: 110070.00
Rise: 110180.00
Rise: 110181.00
Rise: 110279.00
Rise: 110283.00
Rise: 110380.00
Rise: 110385.00
Rise: 110482.00
Rise: 110486.00
Rise: 110585.00
Rise: 110588.00
Rise: 110682.00
Rise: 110690.00
Rise: 110786.00
Rise: 110792.00
Rise: 110888.00
Rise: 110893.00
Rise: 110992.00
Rise: 110994.00
Rise: 111099.00
Rise: 111100.00
Rise: 111207.00
Rise: 111208.00
Rise: 111308.00
Rise: 111309.00
Rise: 111413.00
Rise: 111414.00
Rise: 111516.00
Rise: 111517.00
Rise: 111618.00
Rise: 111619.00
Rise: 111722.00
Rise: 111723.00
Rise: 111818.00
Rise: 111825.00
Rise: 111918.00
Rise: 111927.00
Rise: 112018.00
Rise: 112029.00
Rise: 112117.00
Rise: 112131.00
Rise: 112219.00
Rise: 112233.00
Rise: 112319.00
Rise: 112335.00
Rise: 112423.00
Rise: 112437.00
Rise: 112527.00
Rise: 112539.00
Rise: 112631.00
Rise: 112641.00
Rise: 112736.00
Rise: 112743.00
Rise: 112838.00
Rise: 112845.00
Rise: 112939.00
Rise: 112947.00
Rise: 113037.00
Rise: 113049.00
Rise: 113144.00
Rise: 113151.00
Rise: 113246.00
Rise: 113252.00
Rise: 113352.00
Rise: 113353.00
Rise: 113463.00
Rise: 113464.00
Rise: 113569.00
Rise: 113570.00
Rise: 113670.00
Rise: 113671.00
Rise: 113772.00
Rise: 113773.00
Rise: 113876.00
Rise: 113877.00
Rise: 113977.00
Rise: 113978.00
Rise: 114082.00
Rise: 114083.00
Rise: 114185.00
Rise: 114186.00
Rise: 114287.00
Rise: 114288.00
Rise: 114390.00
Rise: 114391.00
Rise: 114494.00
Rise: 114495.00
Rise: 114597.00
Rise: 114598.00
Rise: 114693.00
Rise: 114699.00
Rise: 114798.00
Rise: 114800.00
Rise: 114900.00
Rise: 114901.00
Rise: 115001.00
Rise: 115003.00
Rise: 115097.00
Rise: 115105.00
Rise: 115196.00
Rise: 115207.00
Rise: 115292.00
Rise: 115309.00
Rise: 115391.00
Rise: 115411.00
Rise: 115497.00
Rise: 115513.00
Rise: 115598.00
Rise: 115615.00
Rise: 115697.00
Rise: 115717.00
Rise: 115805.00
Rise: 115819.00
Rise: 115908.00
Rise: 115921.00
Rise: 116010.00
Rise: 116023.00
Rise: 116113.00
Rise: 116125.00
Rise: 116218.00
Rise: 116227.00
Rise: 116318.00
Rise: 116329.00
Rise: 116421.00
Rise: 116431.00
Rise: 116519.00
Rise: 116533.00
Rise: 116619.00
Rise: 116635.00
Rise: 116722.00
Rise: 116737.00
Rise: 116825.00
Rise: 116839.00
Rise: 116922.00
Rise: 116941.00
Rise: 117024.00
Rise: 117043.00
Rise: 117126.00
Rise: 117145.00
Rise: 117227.00
Rise: 117247.00
Rise: 117332.00
Rise: 117349.00
Rise: 117429.00
Rise: 117451.00
Rise: 117543.00
Rise: 117553.00
Rise: 117643.00
Rise: 117655.00
Rise: 117746.00
Rise: 117757.00
Rise: 117847.00
Rise: 117859.00
Rise: 117949.00
Rise: 117961.00
Rise: 118052.00
Rise: 118063.00
Rise: 118152.00
Rise: 118165.00
Rise: 118252.00
Rise: 118267.00
Rise: 118354.00
Rise: 118369.00
Rise: 118457.00
Rise: 118471.00
Rise: 118566.00
Rise: 118572.00
Rise: 118676.00
Rise: 118677.00
Rise: 118777.00
Rise: 118778.00
Rise: 118882.00
Rise: 118883.00
Rise: 118981.00
Rise: 118984.00
Rise: 119085.00
Rise: 119086.00
Rise: 119190.00
Rise: 119191.00
Rise: 119297.00
Rise: 119298.00
Rise: 119397.00
Rise: 119399.00
Rise: 119499.00
Rise: 119500.00
Rise: 119602.00
Rise: 119603.00
Rise: 119701.00
Rise: 119704.00
Rise: 119807.00
Rise: 119808.00
Rise: 119907.00
Rise: 119910.00
Rise: 120006.00
Rise: 120012.00
Rise: 120109.00
Rise: 120114.00
Rise: 120209.00
Rise: 120216.00
Rise: 120311.00
Rise: 120318.00
Rise: 120413.00
Rise: 120420.00
Rise: 120510.00
Rise: 120522.00
Rise: 120607.00
Rise: 120624.00
Rise: 120710.00
Rise: 120726.00
Rise: 120808.00
Rise: 120828.00
Rise: 120906.00
Rise: 120930.00
Rise: 121009.00
Rise: 121032.00
Rise: 121112.00
Rise: 121134.00
Rise: 121218.00
Rise: 121236.00
Rise: 121319.00
Rise: 121338.00
Rise: 121421.00
Rise: 121440.00
Rise: 121525.00
Rise: 121542.00
Rise: 121625.00
Rise: 121644.00
Rise: 121725.00
Rise: 121746.00
Rise: 121825.00
Rise: 121848.00
Rise: 121925.00
Rise: 121950.00
Rise: 122029.00
Rise: 122052.00
Rise: 122131.00
Rise: 122154.00
Rise: 122235.00
Rise: 122256.00
Rise: 122335.00
Rise: 122358.00
Rise: 122436.00
Rise: 122460.00
Rise: 122545.00
Rise: 122562.00
Rise: 122649.00
Rise: 122664.00
Rise: 122748.00
Rise: 122766.00
Rise: 122848.00
Rise: 122868.00
Rise: 122959.00
Rise: 122970.00
Rise: 123062.00
Rise: 123072.00
Rise: 123166.00
Rise: 123174.00
Rise: 123265.00
Rise: 123276.00
Rise: 123370.00
Rise: 123378.00
Rise: 123471.00
Rise: 123480.00
Rise: 123574.00
Rise: 123582.00
Rise: 123676.00
Rise: 123684.00
Rise: 123776.00
Rise: 123786.00
Rise: 123874.00
Rise: 123888.00
Rise: 123974.00
Rise: 123990.00
Rise: 124078.00
Rise: 124092.00
Rise: 124178.00
Rise: 124194.00
Rise: 124278.00
Rise: 124296.00
Rise: 124377.00
Rise: 124473.00
Rise: 124474.00
Rise: 124576.00
Rise: 124577.00
Rise: 124674.00
Rise: 124679.00
Rise: 124776.00
Rise: 124780.00
Rise: 124882.00
Rise: 124883.00
Rise: 124986.00
Rise: 124987.00
Rise: 125090.00
Rise: 125091.00
Rise: 125191.00
Rise: 125192.00
Rise: 125292.00
Rise: 125293.00
Rise: 125399.00
Rise: 125400.00
Rise: 125496.00
Rise: 125501.00
Rise: 125601.00
Rise: 125602.00
Rise: 125711.00
Rise: 125712.00
Rise: 125815.00
Rise: 125816.00
Rise: 125916.00
Rise: 125917.00
Rise: 126018.00
Rise: 126019.00
Rise: 126122.00
Rise: 126123.00
Rise: 126228.00
Rise: 126229.00
Rise: 126329.00
Rise: 126331.00
Rise: 126426.00
Rise: 126432.00
Rise: 126531.00
Rise: 126533.00
Rise: 126635.00
Rise: 126636.00
Rise: 126731.00
Rise: 126738.00
Rise: 126827.00
Rise: 126840.00
Rise: 126935.00
Rise: 126942.00
Rise: 127039.00
Rise: 127043.00
Rise: 127148.00
Rise: 127149.00
Rise: 127243.00
Rise: 127250.00
Rise: 127352.00
Rise: 127353.00
Rise: 127453.00
Rise: 127454.00
Rise: 127553.00
Rise: 127555.00
Rise: 127655.00
Rise: 127656.00
Rise: 127755.00
Rise: 127757.00
Rise: 127860.00
Rise: 127861.00
Rise: 127962.00
Rise: 127963.00
Rise: 128067.00
Rise: 128068.00
Rise: 128168.00
Rise: 128169.00
Rise: 128275.00
Rise: 128276.00
Rise: 128374.00
Rise: 128378.00
Rise: 128471.00
Rise: 128480.00
Rise: 128572.00
Rise: 128581.00
Rise: 128681.00
Rise: 128682.00
Rise: 128781.00
Rise: 128784.00
Rise: 128880.00
Rise: 128886.00
Rise: 128981.00
Rise: 128988.00
Rise: 129084.00
Rise: 129090.00
Rise: 129186.00
Rise: 129192.00
Rise: 129287.00
Rise: 129294.00
Rise: 129383.00
Rise: 129396.00
Rise: 129488.00
Rise: 129498.00
Rise: 129586.00
Rise: 129600.00
Rise: 129694.00
Rise: 129702.00
Rise: 129798.00
Rise: 129803.00
Rise: 129904.00
Rise: 129905.00
Rise: 130003.00
Rise: 130006.00
Rise: 130111.00
Rise: 130112.00
Rise: 130219.00
Rise: 130220.00
Rise: 130320.00
Rise: 130321.00
Rise: 130424.00
Rise: 130425.00
Rise: 130524.00
Rise: 130526.00
Rise: 130626.00
Rise: 130627.00
Rise: 130733.00
Rise: 130734.00
Rise: 130832.00
Rise: 130835.00
Rise: 130937.00
Rise: 130938.00
Rise: 131043.00
Rise: 131044.00
Rise: 131143.00
Rise: 131145.00
Rise: 131244.00
Rise: 131246.00
Rise: 131346.00
Rise: 131347.00
Rise: 131447.00
Rise: 131448.00
Rise: 131556.00
Rise: 131557.00
Rise: 131660.00
Rise: 131661.00
Rise: 131765.00
Rise: 131766.00
Rise: 131871.00
Rise: 131872.00
Rise: 131969.00
Rise: 131973.00
Rise: 132072.00
Rise: 132075.00
Rise: 132168.00
Rise: 132176.00
Rise: 132275.00
Rise: 132278.00
Rise: 132375.00
Rise: 132379.00
Rise: 132478.00
Rise: 132480.00
Rise: 132586.00
Rise: 132587.00
Rise: 132691.00
Rise: 132692.00
Rise: 132795.00
Rise: 132796.00
Rise: 132895.00
Rise: 132897.00
Rise: 132999.00
Rise: 133000.00
Rise: 133107.00
Rise: 133108.00
Rise: 133212.00
Rise: 133213.00
Rise: 133315.00
Rise: 133316.00
Rise: 133418.00
Rise: 133419.00
Rise: 133521.00
Rise: 133522.00
Rise: 133622.00
Rise: 133623.00
Rise: 133727.00
Rise: 133728.00
Rise: 133835.00
Rise: 133836.00
Rise: 133938.00
Rise: 133939.00
Rise: 134038.00
Rise: 134040.00
Rise: 134142.00
Rise: 134143.00
Rise: 134244.00
Rise: 134245.00
Rise: 134351.00
Rise: 134352.00
Rise: 134460.00
Rise: 134461.00
Rise: 134566.00
Rise: 134567.00
Rise: 134669.00
Rise: 134670.00
Rise: 134772.00
Rise: 134773.00
Rise: 134883.00
Rise: 134884.00
Rise: 134982.00
Rise: 134985.00
Rise: 135086.00
Rise: 135087.00
Rise: 135184.00
Rise: 135189.00
Rise: 135286.00
Rise: 135291.00
Rise: 135386.00
Rise: 135393.00
Rise: 135486.00
Rise: 135495.00
Rise: 135591.00
Rise: 135597.00
Rise: 135692.00
Rise: 135698.00
Rise: 135797.00
Rise: 135799.00
Rise: 135901.00
Rise: 135902.00
Rise: 136003.00
Rise: 136004.00
Rise: 136108.00
Rise: 136109.00
Rise: 136210.00
Rise: 136211.00
Rise: 136315.00
Rise: 136316.00
Rise: 136423.00
Rise: 136424.00
Rise: 136534.00
Rise: 136535.00
Rise: 136642.00
Rise: 136643.00
Rise: 136750.00
Rise: 136751.00
Rise: 136848.00
Rise: 136852.00
Rise: 136953.00
Rise: 136954.00
Rise: 137058.00
Rise: 137059.00
Rise: 137158.00
Rise: 137160.00
Rise: 137260.00
Rise: 137261.00
Rise: 137365.00
Rise: 137366.00
Rise: 137464.00
Rise: 137468.00
Rise: 137564.00
Rise: 137569.00
Rise: 137668.00
Rise: 137671.00
Rise: 137768.00
Rise: 137772.00
Rise: 137874.00
Rise: 137875.00
Rise: 137983.00
Rise: 137984.00
Rise: 138086.00
Rise: 138087.00
Rise: 138187.00
Rise: 138188.00
Rise: 138295.00
Rise: 138296.00
Rise: 138391.00
Rise: 138398.00
Rise: 138492.00
Rise: 138500.00
Rise: 138592.00
Rise: 138602.00
Rise: 138697.00
Rise: 138704.00
Rise: 138800.00
Rise: 138805.00
Rise: 138904.00
Rise: 138906.00
Rise: 139008.00
Rise: 139009.00
Rise: 139112.00
Rise: 139113.00
Rise: 139215.00
Rise: 139216.00
Rise: 139317.00
Rise: 139318.00
Rise: 139421.00
Rise: 139422.00
Rise: 139521.00
Rise: 139524.00
Rise: 139621.00
Rise: 139626.00
Rise: 139719.00
Rise: 139728.00
Rise: 139817.00
Rise: 139830.00
Rise: 139916.00
Rise: 139932.00
Rise: 140023.00
Rise: 140034.00
Rise: 140126.00
Rise: 140136.00
Rise: 140229.00
Rise: 140237.00
Rise: 140336.00
Rise: 140338.00
Rise: 140442.00
Rise: 140443.00
Rise: 140546.00
Rise: 140547.00
Rise: 140647.00
Rise: 140648.00
Rise: 140750.00
Rise: 140751.00
Rise: 140851.00
Rise: 140852.00
Rise: 140958.00
Rise: 140959.00
Rise: 141064.00
Rise: 141065.00
Rise: 141167.00
Rise: 141168.00
Rise: 141268.00
Rise: 141269.00
Rise: 141372.00
Rise: 141373.00
Rise: 141476.00
Rise: 141477.00
Rise: 141576.00
Rise: 141579.00
Rise: 141674.00
Rise: 141681.00
Rise: 141778.00
Rise: 141782.00
Rise: 141885.00
Rise: 141886.00
Rise: 141984.00
Rise: 141988.00
Rise: 142083.00
Rise: 142089.00
Rise: 142188.00
Rise: 142190.00
Rise: 142290.00
Rise: 142291.00
Rise: 142396.00
Rise: 142397.00
Rise: 142507.00
Rise: 142508.00
Rise: 142618.00
Rise: 142619.00
Rise: 142719.00
Rise: 142720.00
Rise: 142820.00
Rise: 142821.00
Rise: 142923.00
Rise: 142924.00
Rise: 143019.00
Rise: 143025.00
Rise: 143124.00
Rise: 143126.00
Rise: 143230.00
Rise: 143231.00
Rise: 143329.00
Rise: 143332.00
Rise: 143434.00
Rise: 143435.00
Rise: 143535.00
Rise: 143536.00
Rise: 143637.00
Rise: 143638.00
Rise: 143743.00
Rise: 143744.00
Rise: 143843.00
Rise: 143846.00
Rise: 143943.00
Rise: 143948.00
Rise: 144038.00
Rise: 144050.00
Rise: 144140.00
Rise: 144152.00
Rise: 144235.00
Rise: 144254.00
Rise: 144341.00
Rise: 144356.00
Rise: 144442.00
Rise: 144458.00
Rise: 144551.00
Rise: 144560.00
Rise: 144653.00
Rise: 144661.00
Rise: 144760.00
Rise: 144763.00
Rise: 144859.00
Rise: 144865.00
Rise: 144960.00
Rise: 144967.00
Rise: 145061.00
Rise: 145069.00
Rise: 145164.00
Rise: 145171.00
Rise: 145264.00
Rise: 145273.00
Rise: 145365.00
Rise: 145375.00
Rise: 145466.00
Rise: 145477.00
Rise: 145567.00
Rise: 145579.00
Rise: 145674.00
Rise: 145680.00
Rise: 145785.00
Rise: 145786.00
Rise: 145885.00
Rise: 145887.00
Rise: 145991.00
Rise: 145992.00
Rise: 146089.00
Rise: 146094.00
Rise: 146185.00
Rise: 146196.00
Rise: 146284.00
Rise: 146298.00
Rise: 146389.00
Rise: 146400.00
Rise: 146493.00
Rise: 146501.00
Rise: 146601.00
Rise: 146602.00
Rise: 146704.00
Rise: 146705.00
Rise: 146815.00
Rise: 146816.00
Rise: 146926.00
Rise: 146927.00
Rise: 147034.00
Rise: 147035.00
Rise: 147138.00
Rise: 147139.00
Rise: 147240.00
Rise: 147241.00
Rise: 147345.00
Rise: 147346.00
Rise: 147451.00
Rise: 147452.00
Rise: 147549.00
Rise: 147553.00
Rise: 147656.00
Rise: 147657.00
Rise: 147761.00
Rise: 147762.00
Rise: 147860.00
Rise: 147863.00
Rise: 147963.00
Rise: 147964.00
Rise: 148063.00
Rise: 148065.00
Rise: 148165.00
Rise: 148166.00
Rise: 148265.00
Rise: 148267.00
Rise: 148369.00
Rise: 148370.00
Rise: 148471.00
Rise: 148472.00
Rise: 148573.00
Rise: 148574.00
Rise: 148679.00
Rise: 148680.00
Rise: 148778.00
Rise: 148781.00
Rise: 148883.00
Rise: 148884.00
Rise: 148988.00
Rise: 148989.00
Rise: 149089.00
Rise: 149090.00
Rise: 149190.00
Rise: 149191.00
Rise: 149294.00
Rise: 149295.00
Rise: 149398.00
Rise: 149399.00
Rise: 149499.00
Rise: 149500.00
Rise: 149602.00
Rise: 149603.00
Rise: 149707.00
Rise: 149708.00
Rise: 149809.00
Rise: 149810.00
Rise: 149915.00
Rise: 149916.00
Rise: 150021.00
Rise: 150022.00
Rise: 150122.00
Rise: 150124.00
Rise: 150221.00
Rise: 150226.00
Rise: 150321.00
Rise: 150328.00
Rise: 150425.00
Rise: 150429.00
Rise: 150530.00
Rise: 150531.00
Rise: 150629.00
Rise: 150632.00
Rise: 150734.00
Rise: 150735.00
Rise: 150836.00
Rise: 150837.00
Rise: 150944.00
Rise: 150945.00
Rise: 151042.00
Rise: 151047.00
Rise: 151143.00
Rise: 151148.00
Rise: 151247.00
Rise: 151250.00
Rise: 151344.00
Rise: 151351.00
Rise: 151450.00
Rise: 151453.00
Rise: 151550.00
Rise: 151554.00
Rise: 151654.00
Rise: 151655.00
Rise: 151762.00
Rise: 151763.00
Rise: 151871.00
Rise: 151872.00
Rise: 151971.00
Rise: 151974.00
Rise: 152071.00
Rise: 152075.00
Rise: 152182.00
Rise: 152183.00
Rise: 152284.00
Rise: 152285.00
Rise: 152386.00
Rise: 152387.00
Rise: 152484.00
Rise: 152488.00
Rise: 152588.00
Rise: 152589.00
Rise: 152690.00
Rise: 152691.00
Rise: 152798.00
Rise: 152799.00
Rise: 152902.00
Rise: 152903.00
Rise: 153004.00
Rise: 153005.00
Rise: 153104.00
Rise: 153106.00
Rise: 153212.00
Rise: 153213.00
Rise: 153310.00
Rise: 153315.00
Rise: 153411.00
Rise: 153416.00
Rise: 153515.00
Rise: 153517.00
Rise: 153617.00
Rise: 153618.00
Rise: 153727.00
Rise: 153728.00
Rise: 153831.00
Rise: 153832.00
Rise: 153933.00
Rise: 153934.00
Rise: 154039.00
Rise: 154040.00
Rise: 154146.00
Rise: 154147.00
Rise: 154250.00
Rise: 154251.00
Rise: 154354.00
Rise: 154355.00
Rise: 154454.00
Rise: 154457.00
Rise: 154554.00
Rise: 154559.00
Rise: 154654.00
Rise: 154660.00
Rise: 154760.00
Rise: 154761.00
Rise: 154863.00
Rise: 154864.00
Rise: 154961.00
Rise: 154965.00
Rise: 155067.00
Rise: 155068.00
Rise: 155168.00
Rise: 155169.00
Rise: 155278.00
Rise: 155279.00
Rise: 155379.00
Rise: 155380.00
Rise: 155484.00
Rise: 155485.00
Rise: 155581.00
Rise: 155587.00
Rise: 155683.00
Rise: 155689.00
Rise: 155778.00
Rise: 155791.00
Rise: 155882.00
Rise: 155893.00
Rise: 155988.00
Rise: 155995.00
Rise: 156092.00
Rise: 156096.00
Rise: 156195.00
Rise: 156197.00
Rise: 156299.00
Rise: 156300.00
Rise: 156400.00
Rise: 156401.00
Rise: 156504.00
Rise: 156505.00
Rise: 156602.00
Rise: 156607.00
Rise: 156704.00
Rise: 156709.00
Rise: 156804.00
Rise: 156811.00
Rise: 156905.00
Rise: 156913.00
Rise: 157007.00
Rise: 157015.00
Rise: 157109.00
Rise: 157116.00
Rise: 157217.00
Rise: 157218.00
Rise: 157321.00
Rise: 157322.00
Rise: 157423.00
Rise: 157424.00
Rise: 157525.00
Rise: 157526.00
Rise: 157631.00
Rise: 157632.00
Rise: 157731.00
Rise: 157733.00
Rise: 157835.00
Rise: 157836.00
Rise: 157933.00
Rise: 157937.00
Rise: 158039.00
Rise: 158040.00
Rise: 158143.00
Rise: 158144.00
Rise: 158249.00
Rise: 158250.00
Rise: 158356.00
Rise: 158357.00
Rise: 158457.00
Rise: 158458.00
Rise: 158558.00
Rise: 158559.00
Rise: 158660.00
Rise: 158661.00
Rise: 158763.00
Rise: 158764.00
Rise: 158865.00
Rise: 158866.00
Rise: 158967.00
Rise: 158968.00
Rise: 159066.00
Rise: 159069.00
Rise: 159170.00
Rise: 159171.00
Rise: 159272.00
Rise: 159273.00
Rise: 159374.00
Rise: 159375.00
Rise: 159478.00
Rise: 159479.00
Rise: 159581.00
Rise: 159582.00
Rise: 159691.00
Rise: 159692.00
Rise: 159792.00
Rise: 159793.00
Rise: 159897.00
Rise: 159898.00
Rise: 160001.00
Rise: 160002.00
Rise: 160101.00
Rise: 160103.00
Rise: 160203.00
Rise: 160204.00
Rise: 160306.00
Rise: 160307.00
Rise: 160413.00
Rise: 160414.00
Rise: 160516.00
Rise: 160517.00
Rise: 160617.00
Rise: 160619.00
Rise: 160713.00
Rise: 160720.00
Rise: 160820.00
Rise: 160821.00
Rise: 160925.00
Rise: 160926.00
Rise: 161029.00
Rise: 161030.00
Rise: 161135.00
Rise: 161136.00
Rise: 161243.00
Rise: 161244.00
Rise: 161342.00
Rise: 161345.00
Rise: 161448.00
Rise: 161449.00
Rise: 161548.00
Rise: 161551.00
Rise: 161647.00
Rise: 161652.00
Rise: 161752.00
Rise: 161753.00
Rise: 161853.00
Rise: 161855.00
Rise: 161952.00
Rise: 161956.00
Rise: 162057.00
Rise: 162058.00
Rise: 162166.00
Rise: 162167.00
Rise: 162265.00
Rise: 162268.00
Rise: 162368.00
Rise: 162369.00
Rise: 162472.00
Rise: 162473.00
Rise: 162577.00
Rise: 162578.00
Rise: 162677.00
Rise: 162680.00
Rise: 162776.00
Rise: 162781.00
Rise: 162883.00
Rise: 162884.00
Rise: 162985.00
Rise: 162986.00
Rise: 163091.00
Rise: 163092.00
Rise: 163194.00
Rise: 163195.00
Rise: 163298.00
Rise: 163299.00
Rise: 163400.00
Rise: 163401.00
Rise: 163506.00
Rise: 163507.00
Rise: 163610.00
Rise: 163611.00
Rise: 163715.00
Rise: 163716.00
Rise: 163818.00
Rise: 163819.00
Rise: 163922.00
Rise: 163923.00
Rise: 164020.00
Rise: 164024.00
Rise: 164128.00
Rise: 164129.00
Rise: 164233.00
Rise: 164234.00
Rise: 164340.00
Rise: 164341.00
Rise: 164446.00
Rise: 164447.00
Rise: 164551.00
Rise: 164552.00
Rise: 164661.00
Rise: 164662.00
Rise: 164773.00
Rise: 164774.00
Rise: 164872.00
Rise: 164875.00
Rise: 164980.00
Rise: 164981.00
Rise: 165081.00
Rise: 165082.00
Rise: 165184.00
Rise: 165185.00
Rise: 165285.00
Rise: 165286.00
Rise: 165386.00
Rise: 165387.00
Rise: 165491.00
Rise: 165492.00
Rise: 165593.00
Rise: 165594.00
Rise: 165699.00
Rise: 165700.00
Rise: 165799.00
Rise: 165801.00
Rise: 165901.00
Rise: 165902.00
Rise: 166003.00
Rise: 166004.00
Rise: 166106.00
Rise: 166107.00
Rise: 166207.00
Rise: 166208.00
Rise: 166309.00
Rise: 166310.00
Rise: 166413.00
Rise: 166414.00
Rise: 166517.00
Rise: 166518.00
Rise: 166624.00
Rise: 166625.00
Rise: 166721.00
Rise: 166726.00
Rise: 166827.00
Rise: 166828.00
Rise: 166925.00
Rise: 166930.00
Rise: 167026.00
Rise: 167031.00
Rise: 167134.00
Rise: 167135.00
Rise: 167232.00
Rise: 167236.00
Rise: 167342.00
Rise: 167343.00
Rise: 167443.00
Rise: 167444.00
Rise: 167544.00
Rise: 167545.00
Rise: 167644.00
Rise: 167646.00
Rise: 167746.00
Rise: 167747.00
Rise: 167847.00
Rise: 167849.00
Rise: 167945.00
Rise: 167951.00
Rise: 168044.00
Rise: 168053.00
Rise: 168148.00
Rise: 168155.00
Rise: 168248.00
Rise: 168257.00
Rise: 168353.00
Rise: 168359.00
Rise: 168453.00
Rise: 168460.00
Rise: 168560.00
Rise: 168561.00
Rise: 168662.00
Rise: 168663.00
Rise: 168762.00
Rise: 168764.00
Rise: 168870.00
Rise: 168871.00
Rise: 168974.00
Rise: 168975.00
Rise: 169072.00
Rise: 169076.00
Rise: 169182.00
Rise: 169183.00
Rise: 169288.00
Rise: 169289.00
Rise: 169388.00
Rise: 169391.00
Rise: 169488.00
Rise: 169492.00
Rise: 169591.00
Rise: 169594.00
Rise: 169691.00
Rise: 169695.00
Rise: 169794.00
Rise: 169796.00
Rise: 169898.00
Rise: 169899.00
Rise: 169999.00
Rise: 170000.00
Rise: 170102.00
Rise: 170103.00
Rise: 170202.00
Rise: 170204.00
Rise: 170303.00
Rise: 170305.00
Rise: 170407.00
Rise: 170408.00
Rise: 170511.00
Rise: 170512.00
Rise: 170613.00
Rise: 170614.00
Rise: 170714.00
Rise: 170715.00
Rise: 170819.00
Rise: 170820.00
Rise: 170918.00
Rise: 170921.00
Rise: 171023.00
Rise: 171024.00
Rise: 171130.00
Rise: 171131.00
Rise: 171233.00
Rise: 171234.00
Rise: 171334.00
Rise: 171335.00
Rise: 171440.00
Rise: 171441.00
Rise: 171539.00
Rise: 171542.00
Rise: 171641.00
Rise: 171644.00
Rise: 171741.00
Rise: 171745.00
Rise: 171845.00
Rise: 171846.00
Rise: 171947.00
Rise: 171948.00
Rise: 172052.00
Rise: 172053.00
Rise: 172157.00
Rise: 172158.00
Rise: 172262.00
Rise: 172263.00
Rise: 172365.00
Rise: 172366.00
Rise: 172464.00
Rise: 172468.00
Rise: 172562.00
Rise: 172569.00
Rise: 172671.00
Rise: 172672.00
Rise: 172769.00
Rise: 172774.00
Rise: 172871.00
Rise: 172875.00
Rise: 172977.00
Rise: 172978.00
Rise: 173083.00
Rise: 173084.00
Rise: 173187.00
Rise: 173188.00
Rise: 173299.00
Rise: 173300.00
Rise: 173397.00
Rise: 173402.00
Rise: 173498.00
Rise: 173503.00
Rise: 173605.00
Rise: 173606.00
Rise: 173708.00
Rise: 173709.00
Rise: 173805.00
Rise: 173810.00
Rise: 173914.00
Rise: 173915.00
Rise: 174019.00
Rise: 174020.00
Rise: 174120.00
Rise: 174121.00
Rise: 174222.00
Rise: 174223.00
Rise: 174329.00
Rise: 174330.00
Rise: 174437.00
Rise: 174438.00
Rise: 174545.00
Rise: 174546.00
Rise: 174647.00
Rise: 174648.00
Rise: 174756.00
Rise: 174757.00
Rise: 174864.00
Rise: 174865.00
Rise: 174965.00
Rise: 174966.00
Rise: 175068.00
Rise: 175069.00
Rise: 175171.00
Rise: 175172.00
Rise: 175273.00
Rise: 175274.00
Rise: 175375.00
Rise: 175376.00
Rise: 175474.00
Rise: 175477.00
Rise: 175577.00
Rise: 175578.00
Rise: 175687.00
Rise: 175688.00
Rise: 175789.00
Rise: 175790.00
Rise: 175890.00
Rise: 175891.00
Rise: 175998.00
Rise: 175999.00
Rise: 176096.00
Rise: 176100.00
Rise: 176199.00
Rise: 176202.00
Rise: 176294.00
Rise: 176304.00
Rise: 176392.00
Rise: 176406.00
Rise: 176499.00
Rise: 176508.00
Rise: 176604.00
Rise: 176609.00
Rise: 176713.00
Rise: 176714.00
Rise: 176812.00
Rise: 176815.00
Rise: 176914.00
Rise: 176916.00
Rise: 177016.00
Rise: 177017.00
Rise: 177116.00
Rise: 177118.00
Rise: 177220.00
Rise: 177221.00
Rise: 177325.00
Rise: 177326.00
Rise: 177426.00
Rise: 177427.00
Rise: 177529.00
Rise: 177530.00
Rise: 177634.00
Rise: 177635.00
Rise: 177741.00
Rise: 177742.00
Rise: 177838.00
Rise: 177844.00
Rise: 177940.00
Rise: 177946.00
Rise: 178043.00
Rise: 178047.00
Rise: 178147.00
Rise: 178148.00
Rise: 178250.00
Rise: 178251.00
Rise: 178349.00
Rise: 178353.00
Rise: 178448.00
Rise: 178454.00
Rise: 178554.00
Rise: 178556.00
Rise: 178653.00
Rise: 178658.00
Rise: 178755.00
Rise: 178760.00
Rise: 178856.00
Rise: 178862.00
Rise: 178959.00
Rise: 178964.00
Rise: 179059.00
Rise: 179066.00
Rise: 179161.00
Rise: 179168.00
Rise: 179263.00
Rise: 179270.00
Rise: 179363.00
Rise: 179372.00
Rise: 179464.00
Rise: 179474.00
Rise: 179570.00
Rise: 179576.00
Rise: 179672.00
Rise: 179677.00
Rise: 179780.00
Rise: 179781.00
Rise: 179887.00
Rise: 179888.00
Rise: 179997.00
Rise: 179998.00
Rise: 180103.00
Rise: 180104.00
Rise: 180206.00
Rise: 180207.00
Rise: 180305.00
Rise: 180308.00
Rise: 180414.00
Rise: 180415.00
Rise: 180513.00
Rise: 180517.00
Rise: 180614.00
Rise: 180619.00
Rise: 180714.00
Rise: 180721.00
Rise: 180816.00
Rise: 180823.00
Rise: 180918.00
Rise: 180925.00
Rise: 181019.00
Rise: 181026.00
Rise: 181125.00
Rise: 181128.00
Rise: 181225.00
Rise: 181230.00
Rise: 181326.00
Rise: 181331.00
Rise: 181432.00
Rise: 181433.00
Rise: 181541.00
Rise: 181542.00
Rise: 181643.00
Rise: 181644.00
Rise: 181747.00
Rise: 181748.00
Rise: 181856.00
Rise: 181857.00
Rise: 181966.00
Rise: 181967.00
Rise: 182066.00
Rise: 182069.00
Rise: 182165.00
Rise: 182170.00
Rise: 182272.00
Rise: 182273.00
Rise: 182372.00
Rise: 182374.00
Rise: 182477.00
Rise: 182478.00
Rise: 182579.00
Rise: 182580.00
Rise: 182682.00
Rise: 182683.00
Rise: 182782.00
Rise: 182785.00
Rise: 182882.00
Rise: 182887.00
Rise: 182981.00
Rise: 182989.00
Rise: 183085.00
Rise: 183090.00
Rise: 183192.00
Rise: 183193.00
Rise: 183299.00
Rise: 183300.00
Rise: 183399.00
Rise: 183401.00
Rise: 183503.00
Rise: 183504.00
Rise: 183605.00
Rise: 183606.00
Rise: 183707.00
Rise: 183708.00
Rise: 183804.00
Rise: 183810.00
Rise: 183907.00
Rise: 183911.00
Rise: 184011.00
Rise: 184012.00
Rise: 184113.00
Rise: 184114.00
Rise: 184213.00
Rise: 184215.00
Rise: 184322.00
Rise: 184323.00
Rise: 184438.00
Rise: 184439.00
Rise: 184539.00
Rise: 184540.00
Rise: 184647.00
Rise: 184648.00
Rise: 184757.00
Rise: 184758.00
Rise: 184857.00
Rise: 184860.00
Rise: 184957.00
Rise: 184961.00
Rise: 185060.00
Rise: 185062.00
Rise: 185168.00
Rise: 185169.00
Rise: 185272.00
Rise: 185273.00
Rise: 185372.00
Rise: 185375.00
Rise: 185471.00
Rise: 185477.00
Rise: 185571.00
Rise: 185578.00
Rise: 185677.00
Rise: 185679.00
Rise: 185781.00
Rise: 185782.00
Rise: 185881.00
Rise: 185883.00
Rise: 185987.00
Rise: 185988.00
Rise: 186089.00
Rise: 186090.00
Rise: 186189.00
Rise: 186191.00
Rise: 186292.00
Rise: 186293.00
Rise: 186400.00
Rise: 186401.00
Rise: 186495.00
Rise: 186503.00
Rise: 186595.00
Rise: 186605.00
Rise: 186698.00
Rise: 186707.00
Rise: 186802.00
Rise: 186809.00
Rise: 186904.00
Rise: 186910.00
Rise: 187009.00
Rise: 187011.00
Rise: 187113.00
Rise: 187114.00
Rise: 187216.00
Rise: 187217.00
Rise: 187324.00
Rise: 187325.00
Rise: 187426.00
Rise: 187427.00
Rise: 187528.00
Rise: 187529.00
Rise: 187628.00
Rise: 187631.00
Rise: 187727.00
Rise: 187733.00
Rise: 187829.00
Rise: 187834.00
Rise: 187934.00
Rise: 187936.00
Rise: 188033.00
Rise: 188037.00
Rise: 188140.00
Rise: 188141.00
Rise: 188240.00
Rise: 188242.00
Rise: 188347.00
Rise: 188348.00
Rise: 188447.00
Rise: 188450.00
Rise: 188547.00
Rise: 188551.00
Rise: 188651.00
Rise: 188653.00
Rise: 188750.00
Rise: 188755.00
Rise: 188849.00
Rise: 188857.00
Rise: 188949.00
Rise: 188959.00
Rise: 189051.00
Rise: 189061.00
Rise: 189151.00
Rise: 189163.00
Rise: 189259.00
Rise: 189265.00
Rise: 189362.00
Rise: 189366.00
Rise: 189469.00
Rise: 189470.00
Rise: 189578.00
Rise: 189579.00
Rise: 189677.00
Rise: 189680.00
Rise: 189782.00
Rise: 189783.00
Rise: 189887.00
Rise: 189888.00
Rise: 189990.00
Rise: 189991.00
Rise: 190098.00
Rise: 190099.00
Rise: 190204.00
Rise: 190205.00
Rise: 190300.00
Rise: 190307.00
Rise: 190396.00
Rise: 190409.00
Rise: 190497.00
Rise: 190511.00
Rise: 190595.00
Rise: 190613.00
Rise: 190705.00
Rise: 190715.00
Rise: 190803.00
Rise: 190817.00
Rise: 190905.00
Rise: 190919.00
Rise: 191009.00
Rise: 191020.00
Rise: 191119.00
Rise: 191122.00
Rise: 191219.00
Rise: 191224.00
Rise: 191316.00
Rise: 191326.00
Rise: 191416.00
Rise: 191428.00
Rise: 191520.00
Rise: 191530.00
Rise: 191624.00
Rise: 191631.00
Rise: 191735.00
Rise: 191736.00
Rise: 191841.00
Rise: 191842.00
Rise: 191947.00
Rise: 191948.00
Rise: 192054.00
Rise: 192055.00
Rise: 192155.00
Rise: 192156.00
Rise: 192257.00
Rise: 192258.00
Rise: 192358.00
Rise: 192359.00
Rise: 192460.00
Rise: 192461.00
Rise: 192562.00
Rise: 192563.00
Rise: 192666.00
Rise: 192667.00
Rise: 192774.00
Rise: 192775.00
Rise: 192872.00
Rise: 192877.00
Rise: 192974.00
Rise: 192979.00
Rise: 193073.00
Rise: 193081.00
Rise: 193176.00
Rise: 193183.00
Rise: 193274.00
Rise: 193285.00
Rise: 193373.00
Rise: 193387.00
Rise: 193480.00
Rise: 193489.00
Rise: 193582.00
Rise: 193591.00
Rise: 193683.00
Rise: 193693.00
Rise: 193789.00
Rise: 193795.00
Rise: 193887.00
Rise: 193897.00
Rise: 193991.00
Rise: 193999.00
Rise: 194089.00
Rise: 194101.00
Rise: 194191.00
Rise: 194203.00
Rise: 194300.00
Rise: 194305.00
Rise: 194401.00
Rise: 194407.00
Rise: 194501.00
Rise: 194509.00
Rise: 194605.00
Rise: 194611.00
Rise: 194703.00
Rise: 194713.00
Rise: 194801.00
Rise: 194815.00
Rise: 194898.00
Rise: 194917.00
Rise: 195004.00
Rise: 195019.00
Rise: 195107.00
Rise: 195121.00
Rise: 195209.00
Rise: 195223.00
Rise: 195315.00
Rise: 195325.00
Rise: 195414.00
Rise: 195427.00
Rise: 195522.00
Rise: 195529.00
Rise: 195626.00
Rise: 195631.00
Rise: 195724.00
Rise: 195733.00
Rise: 195829.00
Rise: 195834.00
Rise: 195934.00
Rise: 195935.00
Rise: 196041.00
Rise: 196042.00
Rise: 196143.00
Rise: 196144.00
Rise: 196242.00
Rise: 196246.00
Rise: 196341.00
Rise: 196347.00
Rise: 196449.00
Rise: 196450.00
Rise: 196553.00
Rise: 196554.00
Rise: 196656.00
Rise: 196657.00
Rise: 196754.00
Rise: 196759.00
Rise: 196855.00
Rise: 196861.00
Rise: 196952.00
Rise: 196963.00
Rise: 197052.00
Rise: 197065.00
Rise: 197155.00
Rise: 197167.00
Rise: 197255.00
Rise: 197269.00
Rise: 197361.00
Rise: 197371.00
Rise: 197468.00
Rise: 197473.00
Rise: 197569.00
Rise: 197574.00
Rise: 197673.00
Rise: 197676.00
Rise: 197769.00
Rise: 197778.00
Rise: 197868.00
Rise: 197880.00
Rise: 197967.00
Rise: 197982.00
Rise: 198067.00
Rise: 198084.00
Rise: 198168.00
Rise: 198186.00
Rise: 198276.00
Rise: 198288.00
Rise: 198375.00
Rise: 198390.00
Rise: 198478.00
Rise: 198492.00
Rise: 198579.00
Rise: 198594.00
Rise: 198679.00
Rise: 198696.00
Rise: 198782.00
Rise: 198798.00
Rise: 198883.00
Rise: 198900.00
Rise: 198992.00
Rise: 199002.00
Rise: 199092.00
Rise: 199104.00
Rise: 199191.00
Rise: 199206.00
Rise: 199295.00
Rise: 199308.00
Rise: 199393.00
Rise: 199410.00
Rise: 199502.00
Rise: 199512.00
Rise: 199608.00
Rise: 199614.00
Rise: 199711.00
Rise: 199716.00
Rise: 199812.00
Rise: 199818.00
Rise: 199913.00
Rise: 199920.00
Rise: 200010.00
Rise: 200022.00
Rise: 200114.00
Rise: 200124.00
Rise: 200215.00
Rise: 200225.00
Rise: 200328.00
Rise: 200329.00
Rise: 200428.00
Rise: 200431.00
Rise: 200527.00
Rise: 200533.00
Rise: 200630.00
Rise: 200635.00
Rise: 200730.00
Rise: 200736.00
Rise: 200836.00
Rise: 200837.00
Rise: 200941.00
Rise: 200942.00
Rise: 201038.00
Rise: 201043.00
Rise: 201142.00
Rise: 201144.00
Rise: 201243.00
Rise: 201245.00
Rise: 201350.00
Rise: 201351.00
Rise: 201460.00
Rise: 201461.00
Rise: 201564.00
Rise: 201565.00
Rise: 201668.00
Rise: 201669.00
Rise: 201768.00
Rise: 201770.00
Rise: 201871.00
Rise: 201872.00
Rise: 201970.00
Rise: 201973.00
Rise: 202078.00
Rise: 202079.00
Rise: 202174.00
Rise: 202181.00
Rise: 202276.00
Rise: 202282.00
Rise: 202382.00
Rise: 202383.00
Rise: 202488.00
Rise: 202489.00
Rise: 202601.00
Rise: 202602.00
Rise: 202704.00
Rise: 202705.00
Rise: 202806.00
Rise: 202807.00
Rise: 202906.00
Rise: 202909.00
Rise: 203004.00
Rise: 203011.00
Rise: 203108.00
Rise: 203112.00
Rise: 203212.00
Rise: 203213.00
Rise: 203322.00
Rise: 203323.00
Rise: 203426.00
Rise: 203427.00
Rise: 203530.00
Rise: 203531.00
Rise: 203630.00
Rise: 203632.00
Rise: 203733.00
Rise: 203734.00
Rise: 203833.00
Rise: 203835.00
Rise: 203935.00
Rise: 203936.00
Rise: 204035.00
Rise: 204037.00
Rise: 204137.00
Rise: 204138.00
Rise: 204238.00
Rise: 204240.00
Rise: 204334.00
Rise: 204342.00
Rise: 204436.00
Rise: 204444.00
Rise: 204538.00
Rise: 204546.00
Rise: 204635.00
Rise: 204648.00
Rise: 204734.00
Rise: 204750.00
Rise: 204833.00
Rise: 204852.00
Rise: 204934.00
Rise: 204954.00
Rise: 205043.00
Rise: 205056.00
Rise: 205148.00
Rise: 205158.00
Rise: 205250.00
Rise: 205260.00
Rise: 205351.00
Rise: 205362.00
Rise: 205458.00
Rise: 205464.00
Rise: 205556.00
Rise: 205566.00
Rise: 205658.00
Rise: 205668.00
Rise: 205761.00
Rise: 205770.00
Rise: 205862.00
Rise: 205872.00
Rise: 205965.00
Rise: 205974.00
Rise: 206066.00
Rise: 206076.00
Rise: 206170.00
Rise: 206178.00
Rise: 206269.00
Rise: 206280.00
Rise: 206372.00
Rise: 206382.00
Rise: 206474.00
Rise: 206484.00
Rise: 206579.00
Rise: 206586.00
Rise: 206679.00
Rise: 206688.00
Rise: 206776.00
Rise: 206790.00
Rise: 206878.00
Rise: 206892.00
Rise: 206983.00
Rise: 206994.00
Rise: 207090.00
Rise: 207096.00
Rise: 207187.00
Rise: 207198.00
Rise: 207291.00
Rise: 207300.00
Rise: 207394.00
Rise: 207402.00
Rise: 207493.00
Rise: 207504.00
Rise: 207601.00
Rise: 207605.00
Rise: 207706.00
Rise: 207707.00
Rise: 207813.00
Rise: 207814.00
Rise: 207917.00
Rise: 207918.00
Rise: 208017.00
Rise: 208020.00
Rise: 208117.00
Rise: 208121.00
Rise: 208223.00
Rise: 208224.00
Rise: 208326.00
Rise: 208327.00
Rise: 208430.00
Rise: 208431.00
Rise: 208533.00
Rise: 208534.00
Rise: 208636.00
Rise: 208637.00
Rise: 208744.00
Rise: 208745.00
Rise: 208844.00
Rise: 208846.00
Rise: 208946.00
Rise: 208947.00
Rise: 209054.00
Rise: 209055.00
Rise: 209161.00
Rise: 209162.00
Rise: 209268.00
Rise: 209269.00
Rise: 209373.00
Rise: 209374.00
Rise: 209471.00
Rise: 209475.00
Rise: 209585.00
Rise: 209586.00
Rise: 209686.00
Rise: 209688.00
Rise: 209785.00
Rise: 209789.00
Rise: 209888.00
Rise: 209890.00
Rise: 209989.00
Rise: 209991.00
Rise: 210094.00
Rise: 210095.00
Rise: 210195.00
Rise: 210196.00
Rise: 210295.00
Rise: 210297.00
Rise: 210399.00
Rise: 210400.00
Rise: 210498.00
Rise: 210501.00
Rise: 210604.00
Rise: 210605.00
Rise: 210703.00
Rise: 210707.00
Rise: 210800.00
Rise: 210809.00
Rise: 210904.00
Rise: 210911.00
Rise: 211008.00
Rise: 211012.00
Rise: 211112.00
Rise: 211114.00
Rise: 211210.00
Rise: 211216.00
Rise: 211313.00
Rise: 211318.00
Rise: 211414.00
Rise: 211420.00
Rise: 211515.00
Rise: 211521.00
Rise: 211623.00
Rise: 211624.00
Rise: 211729.00
Rise: 211730.00
Rise: 211835.00
Rise: 211836.00
Rise: 211935.00
Rise: 211937.00
Rise: 212040.00
Rise: 212041.00
Rise: 212144.00
Rise: 212145.00
Rise: 212249.00
Rise: 212250.00
Rise: 212351.00
Rise: 212352.00
Rise: 212454.00
Rise: 212455.00
Rise: 212555.00
Rise: 212557.00
Rise: 212654.00
Rise: 212659.00
Rise: 212752.00
Rise: 212760.00
Rise: 212862.00
Rise: 212863.00
Rise: 212964.00
Rise: 212965.00
Rise: 213065.00
Rise: 213066.00
Rise: 213165.00
Rise: 213167.00
Rise: 213269.00
Rise: 213270.00
Rise: 213368.00
Rise: 213372.00
Rise: 213468.00
Rise: 213474.00
Rise: 213567.00
Rise: 213576.00
Rise: 213670.00
Rise: 213677.00
Rise: 213776.00
Rise: 213778.00
Rise: 213878.00
Rise: 213879.00
Rise: 213982.00
Rise: 213983.00
Rise: 214085.00
Rise: 214086.00
Rise: 214184.00
Rise: 214187.00
Rise: 214290.00
Rise: 214291.00
Rise: 214392.00
Rise: 214393.00
Rise: 214489.00
Rise: 214494.00
Rise: 214595.00
Rise: 214596.00
Rise: 214696.00
Rise: 214697.00
Rise: 214797.00
Rise: 214798.00
Rise: 214905.00
Rise: 214906.00
Rise: 215009.00
Rise: 215010.00
Rise: 215114.00
Rise: 215115.00
Rise: 215214.00
Rise: 215216.00
Rise: 215321.00
Rise: 215322.00
Rise: 215428.00
Rise: 215429.00
Rise: 215537.00
Rise: 215538.00
Rise: 215638.00
Rise: 215639.00
Rise: 215738.00
Rise: 215741.00
Rise: 215838.00
Rise: 215843.00
Rise: 215938.00
Rise: 215944.00
Rise: 216047.00
Rise: 216048.00
Rise: 216149.00
Rise: 216150.00
Rise: 216249.00
Rise: 216251.00
Rise: 216357.00
Rise: 216358.00
Rise: 216454.00
Rise: 216460.00
Rise: 216552.00
Rise: 216562.00
Rise: 216655.00
Rise: 216664.00
Rise: 216756.00
Rise: 216766.00
Rise: 216857.00
Rise: 216868.00
Rise: 216963.00
Rise: 216969.00
Rise: 217068.00
Rise: 217070.00
Rise: 217170.00
Rise: 217171.00
Rise: 217271.00
Rise: 217272.00
Rise: 217380.00
Rise: 217381.00
Rise: 217484.00
Rise: 217485.00
Rise: 217591.00
Rise: 217592.00
Rise: 217695.00
Rise: 217696.00
Rise: 217800.00
Rise: 217801.00
Rise: 217901.00
Rise: 217902.00
Rise: 218009.00
Rise: 218010.00
Rise: 218109.00
Rise: 218111.00
Rise: 218213.00
Rise: 218214.00
Rise: 218312.00
Rise: 218315.00
Rise: 218416.00
Rise: 218417.00
Rise: 218518.00
Rise: 218519.00
Rise: 218619.00
Rise: 218621.00
Rise: 218716.00
Rise: 218723.00
Rise: 218817.00
Rise: 218825.00
Rise: 218918.00
Rise: 218927.00
Rise: 219020.00
Rise: 219028.00
Rise: 219127.00
Rise: 219129.00
Rise: 219236.00
Rise: 219237.00
Rise: 219338.00
Rise: 219339.00
Rise: 219438.00
Rise: 219440.00
Rise: 219544.00
Rise: 219545.00
Rise: 219652.00
Rise: 219653.00
Rise: 219751.00
Rise: 219754.00
Rise: 219858.00
Rise: 219859.00
Rise: 219965.00
Rise: 219966.00
Rise: 220066.00
Rise: 220067.00
Rise: 220166.00
Rise: 220168.00
Rise: 220269.00
Rise: 220270.00
Rise: 220369.00
Rise: 220372.00
Rise: 220469.00
Rise: 220473.00
Rise: 220572.00
Rise: 220575.00
Rise: 220670.00
Rise: 220677.00
Rise: 220768.00
Rise: 220779.00
Rise: 220872.00
Rise: 220881.00
Rise: 220973.00
Rise: 220983.00
Rise: 221079.00
Rise: 221085.00
Rise: 221182.00
Rise: 221186.00
Rise: 221286.00
Rise: 221287.00
Rise: 221387.00
Rise: 221389.00
Rise: 221485.00
Rise: 221491.00
Rise: 221583.00
Rise: 221593.00
Rise: 221689.00
Rise: 221694.00
Rise: 221793.00
Rise: 221795.00
Rise: 221897.00
Rise: 221898.00
Rise: 221997.00
Rise: 221999.00
Rise: 222103.00
Rise: 222104.00
Rise: 222207.00
Rise: 222208.00
Rise: 222305.00
Rise: 222310.00
Rise: 222405.00
Rise: 222412.00
Rise: 222502.00
Rise: 222514.00
Rise: 222608.00
Rise: 222616.00
Rise: 222708.00
Rise: 222718.00
Rise: 222807.00
Rise: 222820.00
Rise: 222910.00
Rise: 222922.00
Rise: 223015.00
Rise: 223024.00
Rise: 223120.00
Rise: 223126.00
Rise: 223222.00
Rise: 223228.00
Rise: 223324.00
Rise: 223329.00
Rise: 223428.00
Rise: 223430.00
Rise: 223533.00
Rise: 223534.00
Rise: 223633.00
Rise: 223635.00
Rise: 223737.00
Rise: 223738.00
Rise: 223839.00
Rise: 223840.00
Rise: 223941.00
Rise: 223942.00
Rise: 224043.00
Rise: 224044.00
Rise: 224145.00
Rise: 224146.00
Rise: 224245.00
Rise: 224248.00
Rise: 224344.00
Rise: 224350.00
Rise: 224444.00
Rise: 224451.00
Rise: 224550.00
Rise: 224553.00
Rise: 224648.00
Rise: 224654.00
Rise: 224757.00
Rise: 224758.00
Rise: 224863.00
Rise: 224864.00
Rise: 224961.00
Rise: 224966.00
Rise: 225063.00
Rise: 225068.00
Rise: 225163.00
Rise: 225169.00
Rise: 225268.00
Rise: 225270.00
Rise: 225372.00
Rise: 225373.00
Rise: 225476.00
Rise: 225477.00
Rise: 225579.00
Rise: 225580.00
Rise: 225676.00
Rise: 225681.00
Rise: 225783.00
Rise: 225784.00
Rise: 225886.00
Rise: 225887.00
Rise: 225991.00
Rise: 225992.00
Rise: 226089.00
Rise: 226093.00
Rise: 226193.00
Rise: 226194.00
Rise: 226297.00
Rise: 226298.00
Rise: 226400.00
Rise: 226401.00
Rise: 226509.00
Rise: 226510.00
Rise: 226616.00
Rise: 226617.00
Rise: 226715.00
Rise: 226719.00
Rise: 226816.00
Rise: 226820.00
Rise: 226920.00
Rise: 226921.00
Rise: 227023.00
Rise: 227024.00
Rise: 227131.00
Rise: 227132.00
Rise: 227236.00
Rise: 227237.00
Rise: 227338.00
Rise: 227339.00
Rise: 227444.00
Rise: 227445.00
Rise: 227547.00
Rise: 227548.00
Rise: 227648.00
Rise: 227649.00
Rise: 227753.00
Rise: 227754.00
Rise: 227855.00
Rise: 227856.00
Rise: 227955.00
Rise: 227957.00
Rise: 228058.00
Rise: 228059.00
Rise: 228155.00
Rise: 228160.00
Rise: 228259.00
Rise: 228261.00
Rise: 228361.00
Rise: 228363.00
Rise: 228459.00
Rise: 228464.00
Rise: 228568.00
Rise: 228569.00
Rise: 228672.00
Rise: 228673.00
Rise: 228774.00
Rise: 228775.00
Rise: 228880.00
Rise: 228881.00
Rise: 228978.00
Rise: 228982.00
Rise: 229081.00
Rise: 229084.00
Rise: 229181.00
Rise: 229185.00
Rise: 229287.00
Rise: 229288.00
Rise: 229384.00
Rise: 229389.00
Rise: 229490.00
Rise: 229491.00
Rise: 229591.00
Rise: 229592.00
Rise: 229697.00
Rise: 229698.00
Rise: 229797.00
Rise: 229800.00
Rise: 229896.00
Rise: 229902.00
Rise: 229999.00
Rise: 230004.00
Rise: 230097.00
Rise: 230106.00
Rise: 230202.00
Rise: 230208.00
Rise: 230305.00
Rise: 230309.00
Rise: 230409.00
Rise: 230411.00
Rise: 230504.00
Rise: 230513.00
Rise: 230605.00
Rise: 230615.00
Rise: 230705.00
Rise: 230717.00
Rise: 230805.00
Rise: 230819.00
Rise: 230905.00
Rise: 230921.00
Rise: 231005.00
Rise: 231023.00
Rise: 231105.00
Rise: 231125.00
Rise: 231209.00
Rise: 231227.00
Rise: 231311.00
Rise: 231329.00
Rise: 231410.00
Rise: 231431.00
Rise: 231509.00
Rise: 231533.00
Rise: 231611.00
Rise: 231635.00
Rise: 231720.00
Rise: 231737.00
Rise: 231820.00
Rise: 231839.00
Rise: 231920.00
Rise: 231941.00
Rise: 232023.00
Rise: 232043.00
Rise: 232125.00
Rise: 232145.00
Rise: 232223.00
Rise: 232247.00
Rise: 232328.00
Rise: 232349.00
Rise: 232431.00
Rise: 232451.00
Rise: 232536.00
Rise: 232553.00
Rise: 232641.00
Rise: 232655.00
Rise: 232741.00
Rise: 232757.00
Rise: 232842.00
Rise: 232859.00
Rise: 232945.00
Rise: 232961.00
Rise: 233048.00
Rise: 233063.00
Rise: 233151.00
Rise: 233165.00
Rise: 233253.00
Rise: 233267.00
Rise: 233358.00
Rise: 233369.00
Rise: 233462.00
Rise: 233470.00
Rise: 233569.00
Rise: 233571.00
Rise: 233674.00
Rise: 233675.00
Rise: 233775.00
Rise: 233776.00
Rise: 233875.00
Rise: 233877.00
Rise: 233980.00
Rise: 233981.00
Rise: 234080.00
Rise: 234082.00
Rise: 234185.00
Rise: 234186.00
Rise: 234285.00
Rise: 234287.00
Rise: 234388.00
Rise: 234389.00
Rise: 234490.00
Rise: 234491.00
Rise: 234593.00
Rise: 234594.00
Rise: 234694.00
Rise: 234695.00
Rise: 234797.00
Rise: 234798.00
Rise: 234898.00
Rise: 234899.00
Rise: 235013.00
Rise: 235014.00
Rise: 235115.00
Rise: 235116.00
Rise: 235219.00
Rise: 235220.00
Rise: 235317.00
Rise: 235322.00
Rise: 235416.00
Rise: 235424.00
Rise: 235513.00
Rise: 235526.00
Rise: 235617.00
Rise: 235628.00
Rise: 235719.00
Rise: 235730.00
Rise: 235823.00
Rise: 235831.00
Rise: 235932.00
Rise: 235933.00
Rise: 236035.00
Rise: 236036.00
Rise: 236146.00
Rise: 236147.00
Rise: 236250.00
Rise: 236251.00
Rise: 236350.00
Rise: 236353.00
Rise: 236450.00
Rise: 236455.00
Rise: 236550.00
Rise: 236557.00
Rise: 236652.00
Rise: 236658.00
Rise: 236757.00
Rise: 236760.00
Rise: 236857.00
Rise: 236862.00
Rise: 236958.00
Rise: 236964.00
Rise: 237061.00
Rise: 237066.00
Rise: 237161.00
Rise: 237168.00
Rise: 237264.00
Rise: 237270.00
Rise: 237365.00
Rise: 237371.00
Rise: 237474.00
Rise: 237475.00
Rise: 237575.00
Rise: 237576.00
Rise: 237681.00
Rise: 237682.00
Rise: 237787.00
Rise: 237788.00
Rise: 237895.00
Rise: 237896.00
Rise: 237996.00
Rise: 237997.00
Rise: 238098.00
Rise: 238099.00
Rise: 238198.00
Rise: 238200.00
Rise: 238300.00
Rise: 238302.00
Rise: 238398.00
Rise: 238404.00
Rise: 238500.00
Rise: 238505.00
Rise: 238607.00
Rise: 238608.00
Rise: 238714.00
Rise: 238715.00
Rise: 238813.00
Rise: 238816.00
Rise: 238925.00
Rise: 238926.00
Rise: 239029.00
Rise: 239030.00
Rise: 239131.00
Rise: 239132.00
Rise: 239233.00
Rise: 239234.00
Rise: 239335.00
Rise: 239336.00
Rise: 239435.00
Rise: 239437.00
Rise: 239536.00
Rise: 239539.00
Rise: 239636.00
Rise: 239641.00
Rise: 239738.00
Rise: 239743.00
Rise: 239839.00
Rise: 239844.00
Rise: 239945.00
Rise: 239946.00
Rise: 240047.00
Rise: 240048.00
Rise: 240149.00
Rise: 240150.00
