Rise: 65.00
Rise: 65.00
Rise: 65.00
Rise: 65.00
Rise: 65.00
Rise: 95.00
Rise: 145.00
Rise: 224.00
Rise: 245.00
Rise: 329.00
Rise: 345.00
Rise: 434.00
Rise: 445.00
Rise: 551.00
Rise: 551.00
Rise: 663.00
Rise: 663.00
Rise: 695.00
Rise: 772.00
Rise: 795.00
Rise: 877.00
Rise: 895.00
Rise: 988.00
Rise: 995.00
Rise: 1095.00
Rise: 1095.00
Rise: 1204.00
Rise: 1204.00
Rise: 1311.00
Rise: 1311.00
Rise: 1416.00
Rise: 1416.00
Rise: 1445.00
Rise: 1526.00
Rise: 1545.00
Rise: 1639.00
Rise: 1645.00
Rise: 1748.00
Rise: 1748.00
Rise: 1861.00
Rise: 1861.00
Rise: 1895.00
Rise: 1976.00
Rise: 1995.00
Rise: 2081.00
Rise: 2095.00
Rise: 2193.00
Rise: 2195.00
Rise: 2307.00
Rise: 2307.00
Rise: 2345.00
Rise: 2421.00
Rise: 2445.00
Rise: 2529.00
Rise: 2545.00
Rise: 2639.00
Rise: 2645.00
Rise: 2753.00
Rise: 2753.00
Rise: 2857.00
Rise: 2857.00
Rise: 2963.00
Rise: 2963.00
Rise: 2995.00
Rise: 3077.00
Rise: 3095.00
Rise: 3189.00
Rise: 3195.00
Rise: 3296.00
Rise: 3296.00
Rise: 3401.00
Rise: 3401.00
Rise: 3518.00
Rise: 3518.00
Rise: 3545.00
Rise: 3634.00
Rise: 3645.00
Rise: 3742.00
Rise: 3745.00
Rise: 3848.00
Rise: 3848.00
Rise: 3953.00
Rise: 3953.00
Rise: 3995.00
