0.05
0.05
200.00
40.00
0.05
0.05
200.00
40.00
0.05
0.05
200.00
40.00
0.05
0.05
200.00
40.00
0.05
0.05
200.00
40.00
0.05
0.05
200.00
40.00
0.05
0.05
200.00
40.00
0.05
0.05
200.00
40.00
0.05
0.05
200.00
40.00
0.05
0.05
200.00
40.00
0.05
0.05
200.00
40.00
0.05
0.05
200.00
40.00
0.05
0.05
200.00
40.00
0.05
0.05
200.00
40.00
0.05
0.05
200.00
40.00
0.05
0.05
200.00
40.00
0.05
0.05
200.00
40.00
0.05
0.05
200.00
40.00
0.05
0.05
200.00
40.00
0.05
0.05
200.00
40.00
0.05
0.05
200.00
40.00
0.05
0.05
200.00
40.00
0.05
0.05
200.00
40.00
0.05
0.05
200.00
40.00
0.05
0.05
200.00
40.00
0.05
0.05
200.00
40.00
0.05
0.05
200.00
40.00
0.05
0.05
200.00
40.00
0.05
0.05
200.00
40.00
0.05
0.05
200.00
40.00
0.05
0.05
200.00
40.00
0.05
0.05
200.00
40.00
0.05
0.05
200.00
40.00
0.05
0.05
200.00
40.00
0.05
0.05
200.00
40.00
0.05
0.05
200.00
40.00
0.05
0.05
200.00
40.00
0.05
0.05
200.00
40.00
0.05
0.05
200.00
40.00
0.05
0.05
200.00
40.00
0.05
0.05
200.00
40.00
0.05
0.05
200.00
40.00
0.05
0.05
200.00
40.00
0.05
0.05
200.00
40.00
0.05
0.05
200.00
40.00
0.05
0.05
200.00
40.00
0.05
0.05
200.00
40.00
0.05
0.05
200.00
40.00
0.05
0.05
200.00
40.00
0.05
0.05
200.00
40.00
0.05
0.05
200.00
40.00
0.05
0.05
200.00
40.00
0.05
0.05
200.00
40.00
0.05
0.05
200.00
40.00
0.05
0.05
200.00
40.00
0.05
0.05
200.00
40.00
0.05
0.05
200.00
40.00
0.05
0.05
200.00
40.00
0.05
0.05
200.00
40.00
0.05
0.05
200.00
40.00
0.05
0.05
200.00
40.00
0.05
0.05
200.00
40.00
0.05
0.05
200.00
40.00
0.05
0.05
200.00
40.00
0.05
0.05
200.00
40.00
0.05
0.05
200.00
40.00
0.05
0.05
200.00
40.00
0.05
0.05
200.00
40.00
0.05
0.05
200.00
40.00
0.05
0.05
200.00
40.00
0.05
0.05
200.00
40.00
0.05
0.05
200.00
40.00
Rise: 7.59
Rise: 7.69
Rise: 7.79
Rise: 7.90
Rise: 8.00
Rise: 8.11
Rise: 8.21
Rise: 8.31
Rise: 8.42
Rise: 8.52
Rise: 8.62
Rise: 8.73
Rise: 8.83
Rise: 8.93
Rise: 9.03
Rise: 9.13
Rise: 9.23
Rise: 9.34
Rise: 9.44
Rise: 9.54
Rise: 9.64
Rise: 9.74
Rise: 9.85
Rise: 9.95
Rise: 10.05
Rise: 10.15
Rise: 10.26
Rise: 10.36
Rise: 10.47
Rise: 10.57
Rise: 10.67
Rise: 10.77
Rise: 10.87
Rise: 10.97
Rise: 11.07
Rise: 11.18
Rise: 11.28
Rise: 11.38
Rise: 11.48
Rise: 11.58
Rise: 11.69
Rise: 11.80
Rise: 11.90
Rise: 11.95
0.05
0.05
200.00
40.00
0.05
0.05
200.00
40.00
0.05
0.05
200.00
40.00
0.05
0.05
200.00
40.00
0.05
0.05
200.00
40.00
0.05
0.05
200.00
40.00
0.05
0.05
200.00
40.00
0.05
0.05
200.00
40.00
0.05
0.05
200.00
40.00
0.05
0.05
200.00
40.00
0.05
0.05
200.00
40.00
0.05
0.05
200.00
40.00
0.05
0.05
200.00
40.00
0.05
0.05
200.00
40.00
0.05
0.05
200.00
40.00
0.05
0.05
200.00
40.00
0.05
0.05
200.00
40.00
0.05
0.05
200.00
40.00
0.05
0.05
200.00
40.00
0.05
0.05
200.00
40.00
0.05
0.05
200.00
40.00
0.05
0.05
200.00
40.00
0.05
0.05
200.00
40.00
0.05
0.05
200.00
40.00
0.05
0.05
200.00
40.00
0.05
0.05
200.00
40.00
0.05
0.05
200.00
40.00
0.05
0.05
200.00
40.00
0.05
0.05
200.00
40.00
0.05
0.05
200.00
40.00
0.05
0.05
200.00
40.00
0.05
0.05
200.00
40.00
0.05
0.05
200.00
40.00
0.05
0.05
200.00
40.00
0.05
0.05
200.00
40.00
0.05
0.05
200.00
40.00
0.05
0.05
200.00
40.00
0.05
0.05
200.00
40.00
0.05
0.05
200.00
40.00
0.05
0.05
200.00
40.00
0.05
0.05
200.00
40.00
0.05
0.05
200.00
40.00
0.05
0.05
200.00
40.00
0.05
0.05
200.00
40.00
0.05
0.05
200.00
40.00
0.05
0.05
200.00
40.00
0.05
0.05
200.00
40.00
0.05
0.05
200.00
40.00
0.05
0.05
200.00
40.00
0.05
0.05
200.00
40.00
0.05
0.05
200.00
40.00
0.05
0.05
200.00
40.00
0.05
0.05
200.00
40.00
0.05
0.05
200.00
40.00
0.05
0.05
200.00
40.00
0.05
0.05
200.00
40.00
0.05
0.05
200.00
40.00
0.05
0.05
200.00
40.00
0.05
0.05
200.00
40.00
0.05
0.05
200.00
40.00
0.05
0.05
200.00
40.00
Rise: 12.20
Rise: 12.25
Rise: 12.35
Rise: 12.40
Rise: 12.49
Rise: 12.54
Rise: 12.64
Rise: 12.69
Rise: 12.78
Rise: 12.83
Rise: 12.93
Rise: 12.98
Rise: 13.08
Rise: 13.13
Rise: 13.24
Rise: 13.29
Rise: 13.37
Rise: 13.47
Rise: 13.57
Rise: 13.62
Rise: 13.70
Rise: 13.75
Rise: 13.84
Rise: 13.89
Rise: 13.98
Rise: 14.03
Rise: 14.11
Rise: 14.16
Rise: 14.25
Rise: 14.36
Rise: 14.47
Rise: 14.56
Rise: 14.66
Rise: 14.71
0.05
0.05
200.00
40.00
0.05
0.05
200.00
40.00
0.05
0.05
200.00
40.00
0.05
0.05
200.00
40.00
0.05
0.05
200.00
40.00
0.05
0.05
200.00
40.00
0.05
0.05
200.00
40.00
0.05
0.05
200.00
40.00
0.05
0.05
200.00
40.00
0.05
0.05
200.00
40.00
0.05
0.05
200.00
40.00
0.05
0.05
200.00
40.00
0.05
0.05
200.00
40.00
0.05
0.05
200.00
40.00
0.05
0.05
200.00
40.00
0.05
0.05
200.00
40.00
0.05
0.05
200.00
40.00
0.05
0.05
200.00
40.00
0.05
0.05
200.00
40.00
0.05
0.05
200.00
40.00
0.05
0.05
200.00
40.00
0.05
0.05
200.00
40.00
0.05
0.05
200.00
40.00
0.05
0.05
200.00
40.00
0.05
0.05
200.00
40.00
0.05
0.05
200.00
40.00
0.05
0.05
200.00
40.00
0.05
0.05
200.00
40.00
0.05
0.05
200.00
40.00
0.05
0.05
200.00
40.00
0.05
0.05
200.00
40.00
0.05
0.05
200.00
40.00
0.05
0.05
200.00
40.00
0.05
0.05
200.00
40.00
0.05
0.05
200.00
40.00
0.05
0.05
200.00
40.00
0.05
0.05
200.00
40.00
0.05
0.05
200.00
40.00
0.05
0.05
200.00
40.00
0.05
0.05
200.00
40.00
0.05
0.05
200.00
40.00
0.05
0.05
200.00
40.00
0.05
0.05
200.00
40.00
0.05
0.05
200.00
40.00
0.05
0.05
200.00
40.00
0.05
0.05
200.00
40.00
0.05
0.05
200.00
40.00
0.05
0.05
200.00
40.00
0.05
0.05
200.00
40.00
0.05
0.05
200.00
40.00
0.05
0.05
200.00
40.00
0.05
0.05
200.00
40.00
0.05
0.05
200.00
40.00
0.05
0.05
200.00
40.00
0.05
0.05
200.00
40.00
0.05
0.05
200.00
40.00
0.05
0.05
200.00
40.00
0.05
0.05
200.00
40.00
0.05
0.05
200.00
40.00
0.05
0.05
200.00
40.00
0.05
0.05
200.00
40.00
Rise: 14.97
Rise: 15.02
Rise: 15.12
Rise: 15.16
Rise: 15.26
Rise: 15.31
Rise: 15.40
Rise: 15.50
Rise: 15.61
Rise: 15.71
Rise: 15.82
Rise: 15.92
Rise: 16.02
Rise: 16.12
Rise: 16.22
Rise: 16.34
Rise: 16.44
Rise: 16.55
Rise: 16.65
Rise: 16.76
Rise: 16.86
Rise: 16.96
Rise: 17.07
Rise: 17.17
Rise: 17.27
Rise: 17.38
Rise: 17.48
Rise: 17.58
Rise: 17.63
Rise: 17.68
Rise: 17.73
Rise: 17.78
Rise: 17.83
Rise: 17.88
Rise: 17.93
Rise: 17.98
Rise: 18.03
Rise: 18.08
Rise: 18.13
Rise: 18.18
Rise: 18.23
Rise: 18.28
Rise: 18.33
Rise: 18.38
Rise: 18.43
Rise: 18.48
Rise: 18.53
Rise: 18.58
Rise: 18.63
Rise: 18.68
Rise: 18.73
Rise: 18.78
Rise: 18.83
Rise: 18.91
Rise: 18.96
Rise: 19.01
Rise: 19.06
Rise: 19.17
Rise: 19.23
Rise: 19.27
Rise: 19.32
Rise: 19.44
Rise: 19.49
Rise: 19.54
Rise: 19.59
Rise: 19.71
Rise: 19.76
Rise: 19.81
Rise: 19.86
Rise: 19.97
Rise: 20.02
Rise: 20.07
Rise: 20.12
Rise: 20.23
Rise: 20.28
Rise: 20.33
Rise: 20.38
Rise: 20.50
Rise: 20.55
Rise: 20.60
Rise: 20.65
Rise: 20.76
Rise: 20.81
Rise: 20.86
Rise: 20.91
Rise: 21.02
Rise: 21.07
Rise: 21.12
Rise: 21.17
Rise: 21.28
Rise: 21.33
Rise: 21.38
Rise: 21.43
Rise: 21.54
Rise: 21.59
Rise: 21.64
Rise: 21.69
Rise: 21.80
Rise: 21.85
Rise: 21.91
Rise: 21.95
Rise: 22.07
Rise: 22.12
Rise: 22.17
Rise: 22.22
Rise: 22.33
Rise: 22.38
Rise: 22.43
Rise: 22.48
Rise: 22.60
Rise: 22.65
Rise: 22.70
Rise: 22.75
Rise: 22.86
Rise: 22.91
Rise: 22.96
Rise: 23.01
Rise: 23.12
Rise: 23.17
Rise: 23.22
Rise: 23.27
Rise: 23.38
Rise: 23.43
Rise: 23.48
Rise: 23.53
Rise: 23.65
Rise: 23.70
Rise: 23.75
Rise: 23.80
Rise: 23.91
Rise: 23.96
Rise: 24.01
Rise: 24.06
Rise: 24.17
Rise: 24.22
Rise: 24.27
Rise: 24.32
Rise: 24.44
Rise: 24.49
Rise: 24.54
Rise: 24.59
Rise: 24.70
Rise: 24.75
Rise: 24.80
Rise: 24.85
Rise: 24.96
Rise: 25.01
Rise: 25.06
Rise: 25.11
Rise: 25.23
Rise: 25.28
Rise: 25.33
Rise: 25.38
Rise: 25.49
Rise: 25.54
Rise: 25.59
Rise: 25.64
Rise: 25.75
Rise: 25.80
Rise: 25.85
Rise: 25.90
Rise: 26.01
Rise: 26.06
Rise: 26.11
Rise: 26.16
Rise: 26.27
Rise: 26.32
Rise: 26.37
Rise: 26.42
Rise: 26.54
Rise: 26.59
Rise: 26.64
Rise: 26.69
Rise: 26.80
Rise: 26.85
Rise: 26.90
Rise: 26.95
Rise: 27.06
Rise: 27.11
Rise: 27.16
Rise: 27.21
Rise: 27.32
Rise: 27.37
Rise: 27.42
Rise: 27.47
Rise: 27.58
Rise: 27.63
Rise: 27.68
Rise: 27.73
Rise: 27.85
Rise: 27.90
Rise: 27.95
Rise: 28.00
Rise: 28.11
Rise: 28.16
Rise: 28.21
Rise: 28.26
Rise: 28.37
Rise: 28.42
Rise: 28.47
Rise: 28.52
Rise: 28.63
Rise: 28.68
Rise: 28.73
Rise: 28.78
Rise: 28.89
Rise: 28.94
Rise: 29.00
Rise: 29.05
Rise: 29.16
Rise: 29.21
Rise: 29.26
Rise: 29.31
Rise: 29.42
Rise: 29.47
Rise: 29.52
Rise: 29.57
Rise: 29.68
Rise: 29.73
Rise: 29.78
Rise: 29.83
Rise: 29.94
Rise: 29.99
Rise: 30.04
Rise: 30.09
Rise: 30.21
Rise: 30.26
Rise: 30.31
Rise: 30.36
Rise: 30.47
Rise: 30.52
Rise: 30.57
Rise: 30.62
Rise: 30.74
Rise: 30.79
Rise: 30.84
Rise: 30.89
Rise: 31.00
Rise: 31.05
Rise: 31.10
Rise: 31.15
Rise: 31.26
Rise: 31.31
Rise: 31.36
Rise: 31.41
Rise: 31.52
Rise: 31.57
Rise: 31.62
Rise: 31.67
Rise: 31.79
Rise: 31.84
Rise: 31.89
Rise: 31.94
Rise: 32.05
Rise: 32.10
Rise: 32.15
Rise: 32.20
Rise: 32.31
Rise: 32.36
Rise: 32.41
Rise: 32.46
Rise: 32.58
Rise: 32.63
Rise: 32.68
Rise: 32.73
Rise: 32.84
Rise: 32.89
Rise: 32.94
Rise: 32.99
Rise: 33.10
Rise: 33.15
Rise: 33.20
Rise: 33.25
Rise: 33.37
Rise: 33.42
Rise: 33.47
Rise: 33.52
Rise: 33.63
Rise: 33.68
Rise: 33.73
Rise: 33.78
Rise: 33.89
Rise: 33.94
Fall: 33.99
Fall: 34.04
Fall: 34.16
Fall: 34.21
Fall: 34.26
Fall: 34.31
Fall: 34.42
Fall: 34.47
Fall: 34.52
Fall: 34.57
Fall: 34.68
Fall: 34.73
Fall: 34.78
Fall: 34.83
Fall: 34.95
Fall: 35.00
Fall: 35.05
Fall: 35.10
Fall: 35.21
Fall: 35.26
Fall: 35.31
Fall: 35.36
Fall: 35.48
Fall: 35.53
Fall: 35.58
Fall: 35.63
Fall: 35.74
Fall: 35.79
Fall: 35.84
Fall: 35.89
Fall: 36.01
Fall: 36.06
Fall: 36.10
Fall: 36.16
Fall: 36.27
Fall: 36.32
Fall: 36.37
Fall: 36.42
Fall: 36.53
Fall: 36.58
Fall: 36.63
Fall: 36.68
Fall: 36.79
Fall: 36.84
Fall: 36.89
Fall: 36.94
Fall: 37.05
Fall: 37.10
Fall: 37.15
Fall: 37.20
Fall: 37.32
Fall: 37.37
Fall: 37.42
Fall: 37.47
Fall: 37.58
Fall: 37.63
Fall: 37.68
Fall: 37.73
Fall: 37.84
Fall: 37.89
Fall: 37.94
Fall: 37.99
Fall: 38.11
Fall: 38.16
Fall: 38.21
Fall: 38.26
Fall: 38.37
Fall: 38.42
Fall: 38.47
Fall: 38.52
Fall: 38.64
Fall: 38.69
Fall: 38.74
Fall: 38.78
Fall: 38.90
Fall: 38.95
Fall: 39.00
Fall: 39.05
Fall: 39.17
Fall: 39.22
Fall: 39.27
Fall: 39.32
Fall: 39.43
Fall: 39.48
Fall: 39.53
Fall: 39.58
Fall: 39.70
Fall: 39.75
Fall: 39.80
Fall: 39.85
Fall: 39.96
Fall: 40.01
Fall: 40.06
Fall: 40.11
Fall: 40.22
Fall: 40.27
Fall: 40.32
Fall: 40.37
Fall: 40.48
Fall: 40.53
Fall: 40.58
Fall: 40.63
Fall: 40.74
Fall: 40.79
Fall: 40.84
Fall: 40.89
Fall: 41.01
Fall: 41.06
Fall: 41.10
Fall: 41.16
Fall: 41.27
Fall: 41.32
Fall: 41.37
Fall: 41.42
Fall: 41.53
Fall: 41.58
Fall: 41.63
Fall: 41.68
Fall: 41.79
Fall: 41.84
Fall: 41.89
Fall: 41.94
Fall: 42.06
Fall: 42.11
Fall: 42.16
Fall: 42.21
Fall: 42.32
Fall: 42.37
Fall: 42.42
Fall: 42.47
Fall: 42.58
Fall: 42.63
Fall: 42.68
Fall: 42.73
Fall: 42.84
Fall: 42.89
Fall: 42.94
Fall: 42.99
Fall: 43.10
Fall: 43.16
Fall: 43.21
Fall: 43.26
Fall: 43.38
Fall: 43.43
Fall: 43.48
Fall: 43.53
Fall: 43.64
Fall: 43.69
Fall: 43.74
Fall: 43.79
Fall: 43.90
Fall: 43.95
Fall: 44.00
Fall: 44.05
Fall: 44.17
Fall: 44.22
Fall: 44.27
Fall: 44.32
Fall: 44.43
Fall: 44.48
Fall: 44.53
Fall: 44.58
Fall: 44.69
Fall: 44.74
Fall: 44.79
Fall: 44.84
Fall: 44.96
Fall: 45.01
Fall: 45.06
Fall: 45.11
Fall: 45.22
Fall: 45.27
Fall: 45.32
Fall: 45.37
Fall: 45.48
Fall: 45.53
Fall: 45.58
Fall: 45.63
Fall: 45.74
Fall: 45.79
Fall: 45.84
Fall: 45.89
Fall: 46.00
Fall: 46.05
Fall: 46.10
Fall: 46.15
Fall: 46.27
Fall: 46.32
Fall: 46.37
Fall: 46.42
Fall: 46.53
Fall: 46.58
Fall: 46.63
Fall: 46.68
Fall: 46.79
Fall: 46.84
Fall: 46.89
Fall: 46.94
Fall: 47.05
Fall: 47.10
Fall: 47.15
Fall: 47.20
Fall: 47.32
Fall: 47.37
Fall: 47.42
Fall: 47.47
Fall: 47.58
Fall: 47.63
Fall: 47.68
Fall: 47.73
Fall: 47.84
Fall: 47.89
Fall: 47.94
Fall: 47.99
Fall: 48.10
Fall: 48.15
Fall: 48.20
Fall: 48.25
Fall: 48.36
Fall: 48.41
Fall: 48.46
Fall: 48.51
Fall: 48.63
Fall: 48.68
Fall: 48.73
Fall: 48.78
Fall: 48.89
Fall: 48.94
Fall: 48.99
Fall: 49.04
Fall: 49.16
Fall: 49.21
Fall: 49.26
Fall: 49.31
Fall: 49.42
Fall: 49.47
Fall: 49.52
Fall: 49.57
Fall: 49.69
Fall: 49.74
Fall: 49.79
Fall: 49.84
Fall: 49.95
Fall: 50.00
Fall: 50.05
Fall: 50.10
Fall: 50.21
Fall: 50.26
Fall: 50.31
Fall: 50.36
Fall: 50.48
Fall: 50.53
Fall: 50.58
Fall: 50.63
Fall: 50.75
Fall: 50.80
Fall: 50.85
Fall: 50.90
Fall: 51.01
Fall: 51.06
Fall: 51.11
Fall: 51.16
Fall: 51.27
Fall: 51.32
Fall: 51.37
Fall: 51.42
Fall: 51.53
Fall: 51.59
Fall: 51.64
Fall: 51.69
Fall: 51.80
Fall: 51.85
Fall: 51.90
Fall: 51.95
Fall: 52.06
Fall: 52.11
Fall: 52.16
Fall: 52.21
Fall: 52.32
Fall: 52.37
Fall: 52.42
Fall: 52.47
Fall: 52.58
Fall: 52.63
Fall: 52.68
Fall: 52.73
Fall: 52.85
Fall: 52.90
Fall: 52.95
Fall: 53.00
Fall: 53.11
Fall: 53.16
Fall: 53.21
Fall: 53.26
Fall: 53.37
Fall: 53.42
Fall: 53.47
Fall: 53.52
Fall: 53.64
Fall: 53.69
Fall: 53.74
Fall: 53.79
Fall: 53.90
Fall: 53.95
2
Fall: 54.00
Fall: 54.05
Fall: 54.16
Fall: 54.21
Fall: 54.26
Fall: 54.31
Fall: 54.43
Fall: 54.48
Fall: 54.53
Fall: 54.58
Fall: 54.69
Fall: 54.74
Fall: 54.79
Fall: 54.84
Fall: 54.95
Fall: 55.00
Fall: 55.05
Fall: 55.10
Fall: 55.21
Fall: 55.26
Fall: 55.31
Fall: 55.36
Fall: 55.48
Fall: 55.53
Fall: 55.58
Fall: 55.63
Fall: 55.74
Fall: 55.79
Fall: 55.84
Fall: 55.89
Fall: 56.00
Fall: 56.05
Fall: 56.10
Fall: 56.15
Fall: 56.27
Fall: 56.32
Fall: 56.37
Fall: 56.42
Fall: 56.53
Fall: 56.58
Fall: 56.63
Fall: 56.68
Fall: 56.79
Fall: 56.84
Fall: 56.89
Fall: 56.94
Fall: 57.05
Fall: 57.10
Fall: 57.15
Fall: 57.20
Fall: 57.32
Fall: 57.37
Fall: 57.42
Fall: 57.47
Fall: 57.58
Fall: 57.63
Fall: 57.68
Fall: 57.73
Fall: 57.84
Fall: 57.89
Fall: 57.94
Fall: 57.99
Fall: 58.11
Fall: 58.16
Fall: 58.21
Fall: 58.26
Fall: 58.37
Fall: 58.42
Fall: 58.47
Fall: 58.52
Fall: 58.63
Fall: 58.68
Fall: 58.73
Fall: 58.78
Fall: 58.89
Fall: 58.94
Fall: 58.99
Fall: 59.04
Fall: 59.16
Fall: 59.21
Fall: 59.26
Fall: 59.31
Fall: 59.42
Fall: 59.47
Fall: 59.52
Fall: 59.57
Fall: 59.68
Fall: 59.73
Fall: 59.78
Fall: 59.83
Fall: 59.95
Fall: 60.00
Fall: 60.05
Fall: 60.10
Fall: 60.21
Fall: 60.26
Fall: 60.31
Fall: 60.36
Fall: 60.48
Fall: 60.53
Fall: 60.58
Fall: 60.63
Fall: 60.74
Fall: 60.79
Fall: 60.84
Fall: 60.89
Fall: 61.00
Fall: 61.05
Fall: 61.10
Fall: 61.15
Fall: 61.27
Fall: 61.32
Fall: 61.37
Fall: 61.42
Fall: 61.53
Fall: 61.58
Fall: 61.63
Fall: 61.68
Fall: 61.79
Fall: 61.84
Fall: 61.89
Fall: 61.94
Fall: 62.05
Fall: 62.10
Fall: 62.15
Fall: 62.20
Fall: 62.32
Fall: 62.37
Fall: 62.42
Fall: 62.47
Fall: 62.58
Fall: 62.63
Fall: 62.68
Fall: 62.73
Fall: 62.84
Fall: 62.89
Fall: 62.94
Fall: 62.99
Fall: 63.11
Fall: 63.16
Fall: 63.21
Fall: 63.26
Fall: 63.37
Fall: 63.42
Fall: 63.47
Fall: 63.52
Fall: 63.63
Fall: 63.68
Fall: 63.73
Fall: 63.78
Fall: 63.90
Fall: 63.95
Fall: 64.00
Fall: 64.05
Fall: 64.17
Fall: 64.22
Fall: 64.27
Fall: 64.32
Fall: 64.43
Fall: 64.48
Fall: 64.53
Fall: 64.58
Fall: 64.69
Fall: 64.74
Fall: 64.79
Fall: 64.84
Fall: 64.95
Fall: 65.00
Fall: 65.05
Fall: 65.10
Fall: 65.21
Fall: 65.26
Fall: 65.31
Fall: 65.36
Fall: 65.47
Fall: 65.53
Fall: 65.57
Fall: 65.62
Fall: 65.74
Fall: 65.79
Fall: 65.84
Fall: 65.89
Fall: 66.00
Fall: 66.05
Fall: 66.10
Fall: 66.15
Fall: 66.26
Fall: 66.31
Fall: 66.36
Fall: 66.42
Fall: 66.53
Fall: 66.58
Fall: 66.63
Fall: 66.68
Fall: 66.79
Fall: 66.84
Fall: 66.89
Fall: 66.94
Fall: 67.06
Fall: 67.11
Fall: 67.16
Fall: 67.21
Fall: 67.32
Fall: 67.37
Fall: 67.42
Fall: 67.47
Fall: 67.58
Fall: 67.64
Fall: 67.68
Fall: 67.73
Fall: 67.85
Fall: 67.90
Fall: 67.95
Fall: 68.00
Fall: 68.11
Fall: 68.16
Fall: 68.21
Fall: 68.26
Fall: 68.38
Fall: 68.43
Fall: 68.48
Fall: 68.53
Fall: 68.64
Fall: 68.69
Fall: 68.74
Fall: 68.79
Fall: 68.90
Fall: 68.95
Fall: 69.00
Fall: 69.06
Fall: 69.17
Fall: 69.22
Fall: 69.27
Fall: 69.32
Fall: 69.43
Fall: 69.48
Fall: 69.53
Fall: 69.58
Fall: 69.69
Fall: 69.74
Fall: 69.79
Fall: 69.84
Fall: 69.95
Fall: 70.00
Fall: 70.05
Fall: 70.10
Fall: 70.21
Fall: 70.26
Fall: 70.31
Fall: 70.36
Fall: 70.48
Fall: 70.53
Fall: 70.58
Fall: 70.63
Fall: 70.74
Fall: 70.79
Fall: 70.84
Fall: 70.89
Fall: 71.00
Fall: 71.05
Fall: 71.10
Fall: 71.15
Fall: 71.27
Fall: 71.32
Fall: 71.37
Fall: 71.42
Fall: 71.53
Fall: 71.58
Fall: 71.63
Fall: 71.68
Fall: 71.79
Fall: 71.84
Fall: 71.89
Fall: 71.94
Fall: 72.06
Fall: 72.11
Fall: 72.16
Fall: 72.21
Fall: 72.32
Fall: 72.37
Fall: 72.42
Fall: 72.47
Fall: 72.58
Fall: 72.63
Fall: 72.68
Fall: 72.73
Fall: 72.84
Fall: 72.89
Fall: 72.94
Fall: 72.99
Fall: 73.10
Fall: 73.15
Fall: 73.20
Fall: 73.25
Fall: 73.37
Fall: 73.42
Fall: 73.47
Fall: 73.52
Fall: 73.63
Fall: 73.68
Fall: 73.73
Fall: 73.78
Fall: 73.90
Fall: 73.95
Fall: 74.00
Fall: 74.05
Fall: 74.16
Fall: 74.21
Fall: 74.26
Fall: 74.31
Fall: 74.42
Fall: 74.47
Fall: 74.52
Fall: 74.57
Fall: 74.68
Fall: 74.73
Fall: 74.78
Fall: 74.83
Fall: 74.94
Fall: 74.99
Fall: 75.04
Fall: 75.09
Fall: 75.20
Fall: 75.25
Fall: 75.31
Fall: 75.35
Fall: 75.47
Fall: 75.52
Fall: 75.57
Fall: 75.62
Fall: 75.73
Fall: 75.78
Fall: 75.83
Fall: 75.88
Fall: 76.00
Fall: 76.05
Fall: 76.10
Fall: 76.15
Fall: 76.26
Fall: 76.31
Fall: 76.36
Fall: 76.41
Fall: 76.52
Fall: 76.57
Fall: 76.62
Fall: 76.67
Fall: 76.78
Fall: 76.83
Fall: 76.88
Fall: 76.93
Fall: 77.04
Fall: 77.09
Fall: 77.14
Fall: 77.19
Fall: 77.31
Fall: 77.36
Fall: 77.41
Fall: 77.46
Fall: 77.57
Fall: 77.62
Fall: 77.67
Fall: 77.72
Fall: 77.84
Fall: 77.89
Fall: 77.94
Fall: 77.99
Fall: 78.10
Fall: 78.15
Fall: 78.20
Fall: 78.25
Fall: 78.36
Fall: 78.41
Fall: 78.46
Fall: 78.51
Fall: 78.63
Fall: 78.68
Fall: 78.73
Fall: 78.78
Fall: 78.89
Fall: 78.94
Fall: 78.99
Fall: 79.04
Fall: 79.15
Fall: 79.20
Fall: 79.25
Fall: 79.30
Fall: 79.41
Fall: 79.46
Fall: 79.51
Fall: 79.56
Fall: 79.67
Fall: 79.72
Fall: 79.77
Fall: 79.82
Fall: 79.93
Fall: 79.98
Fall: 80.03
Fall: 80.08
Fall: 80.20
Fall: 80.25
Fall: 80.30
Fall: 80.35
Fall: 80.46
Fall: 80.51
Fall: 80.56
Fall: 80.61
Fall: 80.73
Fall: 80.78
Fall: 80.83
Fall: 80.88
Fall: 80.99
Fall: 81.04
Fall: 81.09
Fall: 81.14
Fall: 81.25
Fall: 81.30
Fall: 81.35
Fall: 81.40
Fall: 81.51
Fall: 81.56
Fall: 81.61
Fall: 81.66
Fall: 81.78
Fall: 81.83
Fall: 81.88
Fall: 81.93
Fall: 82.04
Fall: 82.09
Fall: 82.14
Fall: 82.19
Fall: 82.30
Fall: 82.35
Fall: 82.40
Fall: 82.45
Fall: 82.56
Fall: 82.61
Fall: 82.66
Fall: 82.71
Fall: 82.83
Fall: 82.88
Fall: 82.93
Fall: 82.98
Fall: 83.09
Fall: 83.14
Fall: 83.19
Fall: 83.24
Fall: 83.35
Fall: 83.40
Fall: 83.45
Fall: 83.50
Fall: 83.61
Fall: 83.66
Fall: 83.71
Fall: 83.76
Fall: 83.87
Fall: 83.92
Fall: 83.97
Fall: 84.02
Fall: 84.14
Fall: 84.19
Fall: 84.24
Fall: 84.29
Fall: 84.40
Fall: 84.45
Fall: 84.50
Fall: 84.55
Fall: 84.66
Fall: 84.71
Fall: 84.76
Fall: 84.81
Fall: 84.93
Fall: 84.98
Fall: 85.03
Fall: 85.08
Fall: 85.19
Fall: 85.24
Fall: 85.29
Fall: 85.34
Fall: 85.45
Fall: 85.50
Fall: 85.55
Fall: 85.60
Fall: 85.71
Fall: 85.76
Fall: 85.81
Fall: 85.86
Fall: 85.97
Fall: 86.03
Fall: 86.07
Fall: 86.12
Fall: 86.24
Fall: 86.29
Fall: 86.34
Fall: 86.39
Fall: 86.50
Fall: 86.55
Fall: 86.60
Fall: 86.65
Fall: 86.76
Fall: 86.81
Fall: 86.86
Fall: 86.91
Fall: 87.03
Fall: 87.08
Fall: 87.13
Fall: 87.18
Fall: 87.29
Fall: 87.34
Fall: 87.39
Fall: 87.44
Fall: 87.55
Fall: 87.60
Fall: 87.65
Fall: 87.70
Fall: 87.81
Fall: 87.86
Fall: 87.91
Fall: 87.96
Fall: 88.08
Fall: 88.13
Fall: 88.18
Fall: 88.23
Fall: 88.34
Fall: 88.39
Fall: 88.44
Fall: 88.50
Fall: 88.61
Fall: 88.66
Fall: 88.71
Fall: 88.76
Fall: 88.87
Fall: 88.92
Fall: 88.97
Fall: 89.02
Fall: 89.13
Fall: 89.18
Fall: 89.23
Fall: 89.28
Fall: 89.40
Fall: 89.45
Fall: 89.50
Fall: 89.55
Fall: 89.66
Fall: 89.71
Fall: 89.76
Fall: 89.81
Fall: 89.92
Fall: 89.97
Fall: 90.02
Fall: 90.07
Fall: 90.19
Fall: 90.24
Fall: 90.29
Fall: 90.34
Fall: 90.45
Fall: 90.50
Fall: 90.55
Fall: 90.60
Fall: 90.72
Fall: 90.77
Fall: 90.82
Fall: 90.87
Fall: 90.98
Fall: 91.03
Fall: 91.08
Fall: 91.13
Fall: 91.24
Fall: 91.29
Fall: 91.34
Fall: 91.39
Fall: 91.51
Fall: 91.56
Fall: 91.61
Fall: 91.66
Fall: 91.77
Fall: 91.82
Fall: 91.87
Fall: 91.92
Fall: 92.03
Fall: 92.08
Fall: 92.14
Fall: 92.18
Fall: 92.30
Fall: 92.35
Fall: 92.40
Fall: 92.45
Fall: 92.56
Fall: 92.61
Fall: 92.66
Fall: 92.71
Fall: 92.82
Fall: 92.87
Fall: 92.92
Fall: 92.97
Fall: 93.09
Fall: 93.14
Fall: 93.19
Fall: 93.24
Fall: 93.35
Fall: 93.40
Fall: 93.45
Fall: 93.50
Fall: 93.61
Fall: 93.67
Fall: 93.71
Fall: 93.76
Fall: 93.88
Fall: 93.93
Fall: 93.98
3
Fall: 94.03
Fall: 94.15
Fall: 94.20
Fall: 94.25
Fall: 94.30
Fall: 94.41
Fall: 94.46
Fall: 94.51
Fall: 94.56
Fall: 94.67
Fall: 94.72
Fall: 94.77
Fall: 94.82
Fall: 94.93
Fall: 94.98
Fall: 95.03
Fall: 95.08
Fall: 95.19
Fall: 95.24
Fall: 95.29
Fall: 95.34
Fall: 95.45
Fall: 95.50
Fall: 95.56
Fall: 95.60
Fall: 95.72
Fall: 95.77
Fall: 95.82
Fall: 95.87
Fall: 95.99
Fall: 96.04
Fall: 96.09
Fall: 96.14
Fall: 96.25
Fall: 96.30
Fall: 96.35
Fall: 96.40
Fall: 96.51
Fall: 96.56
Fall: 96.61
Fall: 96.66
Fall: 96.77
Fall: 96.82
Fall: 96.87
Fall: 96.92
Fall: 97.03
Fall: 97.08
Fall: 97.13
Fall: 97.18
Fall: 97.30
Fall: 97.35
Fall: 97.40
Fall: 97.45
Fall: 97.56
Fall: 97.61
Fall: 97.66
Fall: 97.71
Fall: 97.82
Fall: 97.87
Fall: 97.92
Fall: 97.97
Fall: 98.09
Fall: 98.14
Fall: 98.19
Fall: 98.24
Fall: 98.35
Fall: 98.40
Fall: 98.45
Fall: 98.50
Fall: 98.61
Fall: 98.66
Fall: 98.71
Fall: 98.76
Fall: 98.87
Fall: 98.92
Fall: 98.97
Fall: 99.02
Fall: 99.14
Fall: 99.19
Fall: 99.24
Fall: 99.29
Fall: 99.40
Fall: 99.45
Fall: 99.50
Fall: 99.55
Fall: 99.66
Fall: 99.71
Fall: 99.76
Fall: 99.81
Fall: 99.92
Fall: 99.97
Fall: 100.03
Fall: 100.07
Fall: 100.18
Fall: 100.23
Fall: 100.28
Fall: 100.33
Fall: 100.45
Fall: 100.50
Fall: 100.55
Fall: 100.60
Fall: 100.71
Fall: 100.76
Fall: 100.81
Fall: 100.86
Fall: 100.98
Fall: 101.03
Fall: 101.08
Fall: 101.13
Fall: 101.24
Fall: 101.29
Fall: 101.34
Fall: 101.39
Fall: 101.50
Fall: 101.55
Fall: 101.60
Fall: 101.65
Fall: 101.76
Fall: 101.81
Fall: 101.86
Fall: 101.91
Fall: 102.02
Fall: 102.07
Fall: 102.12
Fall: 102.17
Fall: 102.29
Fall: 102.34
Fall: 102.39
Fall: 102.44
Fall: 102.55
Fall: 102.60
Fall: 102.65
Fall: 102.70
Fall: 102.81
Fall: 102.86
Fall: 102.91
Fall: 102.96
Fall: 103.07
Fall: 103.12
Fall: 103.17
Fall: 103.22
Fall: 103.34
Fall: 103.39
Fall: 103.44
Fall: 103.49
Fall: 103.60
Fall: 103.65
Fall: 103.70
Fall: 103.75
Fall: 103.86
Fall: 103.91
Fall: 103.96
Fall: 104.01
Fall: 104.12
Fall: 104.17
Fall: 104.22
Fall: 104.27
Fall: 104.39
Fall: 104.44
Fall: 104.49
Fall: 104.54
Fall: 104.65
Fall: 104.70
Fall: 104.75
Fall: 104.80
Fall: 104.91
Fall: 104.96
Fall: 105.01
Fall: 105.06
Fall: 105.18
Fall: 105.23
Fall: 105.28
Fall: 105.33
Fall: 105.44
Fall: 105.49
Fall: 105.54
Fall: 105.59
Fall: 105.70
Fall: 105.75
Fall: 105.80
Fall: 105.85
Fall: 105.96
Fall: 106.01
Fall: 106.06
Fall: 106.11
Fall: 106.23
Fall: 106.28
Fall: 106.33
Fall: 106.38
Fall: 106.49
Fall: 106.54
Fall: 106.59
Fall: 106.64
Fall: 106.75
Fall: 106.80
Fall: 106.85
Fall: 106.90
Fall: 107.01
Fall: 107.06
Fall: 107.11
Fall: 107.16
Fall: 107.28
Fall: 107.33
Fall: 107.38
Fall: 107.43
Fall: 107.54
Fall: 107.59
Fall: 107.64
Fall: 107.69
Fall: 107.80
Fall: 107.85
Fall: 107.90
Fall: 107.95
Fall: 108.06
Fall: 108.11
Fall: 108.16
Fall: 108.21
Fall: 108.33
Fall: 108.38
Fall: 108.43
Fall: 108.48
Fall: 108.59
Fall: 108.64
Fall: 108.69
Fall: 108.74
Fall: 108.85
Fall: 108.90
Fall: 108.95
Fall: 109.00
Fall: 109.12
Fall: 109.17
Fall: 109.22
Fall: 109.27
Fall: 109.38
Fall: 109.43
Fall: 109.48
Fall: 109.53
Fall: 109.64
Fall: 109.69
Fall: 109.74
Fall: 109.79
Fall: 109.91
Fall: 109.96
Fall: 110.01
Fall: 110.06
Fall: 110.17
Fall: 110.22
Fall: 110.27
Fall: 110.32
Fall: 110.43
Fall: 110.48
Fall: 110.53
Fall: 110.58
Fall: 110.70
Fall: 110.75
Fall: 110.80
Fall: 110.85
Fall: 110.96
Fall: 111.01
Fall: 111.06
Fall: 111.11
Fall: 111.22
Fall: 111.27
Fall: 111.32
Fall: 111.37
Fall: 111.48
Fall: 111.53
Fall: 111.58
Fall: 111.63
Fall: 111.75
Fall: 111.80
Fall: 111.85
Fall: 111.90
Fall: 112.01
Fall: 112.06
Fall: 112.11
Fall: 112.16
Fall: 112.27
Fall: 112.32
Fall: 112.37
Fall: 112.42
Fall: 112.54
Fall: 112.59
Fall: 112.64
Fall: 112.69
Fall: 112.80
Fall: 112.85
Fall: 112.90
Fall: 112.95
Fall: 113.06
Fall: 113.11
Fall: 113.16
Fall: 113.21
Fall: 113.32
Fall: 113.37
Fall: 113.42
Fall: 113.47
Fall: 113.59
Fall: 113.64
Fall: 113.69
Fall: 113.74
Fall: 113.85
Fall: 113.90
Fall: 113.95
Fall: 114.00
Fall: 114.12
Fall: 114.17
Fall: 114.22
Fall: 114.27
Fall: 114.38
Fall: 114.43
Fall: 114.48
Fall: 114.53
Fall: 114.64
Fall: 114.69
Fall: 114.74
Fall: 114.79
Fall: 114.90
Fall: 114.95
Fall: 115.00
Fall: 115.05
Fall: 115.17
Fall: 115.22
Fall: 115.27
Fall: 115.32
Fall: 115.43
Fall: 115.48
Fall: 115.53
Fall: 115.58
Fall: 115.69
Fall: 115.75
Fall: 115.79
Fall: 115.84
Fall: 115.96
Fall: 116.01
Fall: 116.06
Fall: 116.11
Fall: 116.22
Fall: 116.27
Fall: 116.32
Fall: 116.37
Fall: 116.48
Fall: 116.53
Fall: 116.58
Fall: 116.63
Fall: 116.75
Fall: 116.79
Fall: 116.84
Fall: 116.89
Fall: 117.01
Fall: 117.06
Fall: 117.11
Fall: 117.16
Fall: 117.27
Fall: 117.32
Fall: 117.37
Fall: 117.42
Fall: 117.54
Fall: 117.59
Fall: 117.64
Fall: 117.69
Fall: 117.80
Fall: 117.85
Fall: 117.90
Fall: 117.95
Fall: 118.07
Fall: 118.12
Fall: 118.17
Fall: 118.22
Fall: 118.33
Fall: 118.38
Fall: 118.43
Fall: 118.48
Fall: 118.59
Fall: 118.64
Fall: 118.69
Fall: 118.75
Fall: 118.85
Fall: 118.90
Fall: 118.95
Fall: 119.00
Fall: 119.12
Fall: 119.17
Fall: 119.22
Fall: 119.27
Fall: 119.39
Fall: 119.43
Fall: 119.48
Fall: 119.53
Fall: 119.64
Fall: 119.69
Fall: 119.74
Fall: 119.79
Fall: 119.91
Fall: 119.96
Fall: 120.01
Fall: 120.06
Fall: 120.17
Fall: 120.22
Fall: 120.27
Fall: 120.32
Fall: 120.43
Fall: 120.48
Fall: 120.53
Fall: 120.58
Fall: 120.69
Fall: 120.75
Fall: 120.79
Fall: 120.84
Fall: 120.96
Fall: 121.01
Fall: 121.06
Fall: 121.11
Fall: 121.22
Fall: 121.27
Fall: 121.32
Fall: 121.37
Fall: 121.48
Fall: 121.53
Fall: 121.58
Fall: 121.63
Fall: 121.75
Fall: 121.80
Fall: 121.85
Fall: 121.90
Fall: 122.01
Fall: 122.06
Fall: 122.11
Fall: 122.16
Fall: 122.27
Fall: 122.32
Fall: 122.37
Fall: 122.42
Fall: 122.54
Fall: 122.59
Fall: 122.64
Fall: 122.69
Fall: 122.80
Fall: 122.85
Fall: 122.90
Fall: 122.95
Fall: 123.06
Fall: 123.11
Fall: 123.16
Fall: 123.21
Fall: 123.32
Fall: 123.37
Fall: 123.42
Fall: 123.47
Fall: 123.58
Fall: 123.63
Fall: 123.68
Fall: 123.73
Fall: 123.85
Fall: 123.90
Fall: 123.95
Fall: 124.00
Fall: 124.11
Fall: 124.16
Fall: 124.21
Fall: 124.26
Fall: 124.37
Fall: 124.42
Fall: 124.47
Fall: 124.52
Fall: 124.63
Fall: 124.68
Fall: 124.73
Fall: 124.78
Fall: 124.90
Fall: 124.95
Fall: 125.00
Fall: 125.05
Fall: 125.16
Fall: 125.21
Fall: 125.26
Fall: 125.31
Fall: 125.42
Fall: 125.47
Fall: 125.52
Fall: 125.57
Fall: 125.68
Fall: 125.73
Fall: 125.78
Fall: 125.83
Fall: 125.94
Fall: 125.99
Fall: 126.04
Fall: 126.09
Fall: 126.20
Fall: 126.25
Fall: 126.31
Fall: 126.35
Fall: 126.47
Fall: 126.52
Fall: 126.57
Fall: 126.62
Fall: 126.73
Fall: 126.78
Fall: 126.83
Fall: 126.88
Fall: 126.99
Fall: 127.04
Fall: 127.09
Fall: 127.14
Fall: 127.26
Fall: 127.31
Fall: 127.36
Fall: 127.41
Fall: 127.52
Fall: 127.57
Fall: 127.62
Fall: 127.67
Fall: 127.78
Fall: 127.83
Fall: 127.88
Fall: 127.93
Fall: 128.04
Fall: 128.09
Fall: 128.15
Fall: 128.19
Fall: 128.31
Fall: 128.36
Fall: 128.41
Fall: 128.46
Fall: 128.57
Fall: 128.62
Fall: 128.67
Fall: 128.72
Fall: 128.83
Fall: 128.88
Fall: 128.93
Fall: 128.98
Fall: 129.10
Fall: 129.15
Fall: 129.20
Fall: 129.25
Fall: 129.36
Fall: 129.41
Fall: 129.46
Fall: 129.51
Fall: 129.62
Fall: 129.67
Fall: 129.72
Fall: 129.77
Fall: 129.88
Fall: 129.93
Fall: 129.98
Fall: 130.03
Fall: 130.15
Fall: 130.20
Fall: 130.25
Fall: 130.30
Fall: 130.41
Fall: 130.46
Fall: 130.51
Fall: 130.56
Fall: 130.67
Fall: 130.72
Fall: 130.77
Fall: 130.82
Fall: 130.94
Fall: 130.99
Fall: 131.04
Fall: 131.09
Fall: 131.20
Fall: 131.25
Fall: 131.30
Fall: 131.35
Fall: 131.46
Fall: 131.51
Fall: 131.56
Fall: 131.61
Fall: 131.72
Fall: 131.78
Fall: 131.82
Fall: 131.87
Fall: 131.99
Fall: 132.04
Fall: 132.09
Fall: 132.14
Fall: 132.25
Fall: 132.30
Fall: 132.35
Fall: 132.40
Fall: 132.51
Fall: 132.56
Fall: 132.61
Fall: 132.66
Fall: 132.78
Fall: 132.82
Fall: 132.87
Fall: 132.93
Fall: 133.04
Fall: 133.09
Fall: 133.14
Fall: 133.19
Fall: 133.30
Fall: 133.35
Fall: 133.40
Fall: 133.45
Fall: 133.56
Fall: 133.61
Fall: 133.66
Fall: 133.71
Fall: 133.82
Fall: 133.87
Fall: 133.93
Fall: 133.97
4
Fall: 134.09
Fall: 134.14
Fall: 134.19
Fall: 134.24
Fall: 134.35
Fall: 134.40
Fall: 134.45
Fall: 134.50
Fall: 134.61
Fall: 134.66
Fall: 134.71
Fall: 134.76
Fall: 134.88
Fall: 134.93
Fall: 134.98
Fall: 135.03
Fall: 135.14
Fall: 135.19
Fall: 135.24
Fall: 135.29
Fall: 135.40
Fall: 135.45
Fall: 135.50
Fall: 135.55
Fall: 135.66
Fall: 135.71
Fall: 135.76
Fall: 135.81
Fall: 135.93
Fall: 135.97
Fall: 136.03
Fall: 136.07
Fall: 136.19
Fall: 136.24
Fall: 136.29
Fall: 136.34
Fall: 136.45
Fall: 136.50
Fall: 136.55
Fall: 136.60
Fall: 136.72
Fall: 136.77
Fall: 136.82
Fall: 136.87
Fall: 136.98
Fall: 137.03
Fall: 137.08
Fall: 137.13
Fall: 137.24
Fall: 137.29
Fall: 137.34
Fall: 137.39
Fall: 137.51
Fall: 137.56
Fall: 137.61
Fall: 137.66
Fall: 137.77
Fall: 137.82
Fall: 137.87
Fall: 137.92
Fall: 138.03
Fall: 138.08
Fall: 138.13
Fall: 138.18
Fall: 138.29
Fall: 138.34
Fall: 138.39
Fall: 138.44
Fall: 138.56
Fall: 138.61
Fall: 138.66
Fall: 138.71
Fall: 138.82
Fall: 138.87
Fall: 138.92
Fall: 138.97
Fall: 139.09
Fall: 139.13
Fall: 139.18
Fall: 139.24
Fall: 139.35
Fall: 139.40
Fall: 139.45
Fall: 139.50
Fall: 139.61
Fall: 139.66
Fall: 139.71
Fall: 139.76
Fall: 139.87
Fall: 139.92
Fall: 139.97
Fall: 140.02
Fall: 140.13
Fall: 140.18
Fall: 140.23
Fall: 140.28
Fall: 140.40
Fall: 140.45
Fall: 140.50
Fall: 140.55
Fall: 140.66
Fall: 140.71
Fall: 140.76
Fall: 140.81
Fall: 140.92
Fall: 140.97
Fall: 141.02
Fall: 141.07
Fall: 141.19
Fall: 141.24
Fall: 141.29
Fall: 141.34
Fall: 141.45
Fall: 141.50
Fall: 141.55
Fall: 141.60
Fall: 141.71
Fall: 141.76
Fall: 141.81
Fall: 141.87
Fall: 141.98
Fall: 142.03
Fall: 142.08
Fall: 142.13
Fall: 142.24
Fall: 142.29
Fall: 142.34
Fall: 142.39
Fall: 142.50
Fall: 142.55
Fall: 142.60
Fall: 142.65
Fall: 142.77
Fall: 142.82
Fall: 142.87
Fall: 142.92
Fall: 143.03
Fall: 143.08
Fall: 143.13
Fall: 143.18
Fall: 143.29
Fall: 143.34
Fall: 143.39
Fall: 143.44
Fall: 143.55
Fall: 143.60
Fall: 143.65
Fall: 143.70
Fall: 143.82
Fall: 143.87
Fall: 143.92
Fall: 143.97
Fall: 144.08
Fall: 144.13
Fall: 144.18
Fall: 144.23
Fall: 144.35
Fall: 144.40
Fall: 144.45
Fall: 144.50
Fall: 144.61
Fall: 144.66
Fall: 144.71
Fall: 144.76
Fall: 144.87
Fall: 144.92
Fall: 144.97
Fall: 145.02
Fall: 145.14
Fall: 145.19
Fall: 145.24
Fall: 145.29
Fall: 145.40
Fall: 145.45
Fall: 145.50
Fall: 145.55
Fall: 145.66
Fall: 145.71
Fall: 145.76
Fall: 145.81
Fall: 145.93
Fall: 145.97
Fall: 146.03
Fall: 146.07
Fall: 146.19
Fall: 146.24
Fall: 146.29
Fall: 146.34
Fall: 146.45
Fall: 146.50
Fall: 146.55
Fall: 146.60
Fall: 146.72
Fall: 146.77
Fall: 146.82
Fall: 146.87
Fall: 146.98
Fall: 147.03
Fall: 147.08
Fall: 147.13
Fall: 147.24
Fall: 147.29
Fall: 147.34
Fall: 147.39
Fall: 147.50
Fall: 147.55
Fall: 147.60
Fall: 147.65
Fall: 147.76
Fall: 147.81
Fall: 147.86
Fall: 147.91
Fall: 148.03
Fall: 148.08
Fall: 148.13
Fall: 148.18
Fall: 148.29
Fall: 148.34
Fall: 148.39
Fall: 148.44
Fall: 148.55
Fall: 148.60
Fall: 148.65
Fall: 148.70
Fall: 148.81
Fall: 148.86
Fall: 148.91
Fall: 148.96
Fall: 149.07
Fall: 149.12
Fall: 149.18
Fall: 149.22
Fall: 149.34
Fall: 149.39
Fall: 149.44
Fall: 149.49
Fall: 149.60
Fall: 149.65
Fall: 149.70
Fall: 149.75
Fall: 149.86
Fall: 149.91
Fall: 149.96
Fall: 150.01
Fall: 150.12
Fall: 150.17
Fall: 150.22
Fall: 150.27
Fall: 150.39
Fall: 150.44
Fall: 150.49
Fall: 150.54
Fall: 150.64
Fall: 150.69
Fall: 150.74
Fall: 150.79
Fall: 150.91
Fall: 150.96
Fall: 151.01
Fall: 151.06
Fall: 151.17
Fall: 151.22
Fall: 151.27
Fall: 151.32
Fall: 151.43
Fall: 151.48
Fall: 151.53
Fall: 151.58
Fall: 151.69
Fall: 151.75
Fall: 151.79
Fall: 151.84
Fall: 151.96
Fall: 152.01
Fall: 152.06
Fall: 152.11
Fall: 152.22
Fall: 152.27
Fall: 152.32
Fall: 152.37
Fall: 152.48
Fall: 152.53
Fall: 152.58
Fall: 152.63
Fall: 152.75
Fall: 152.80
Fall: 152.85
Fall: 152.90
Fall: 153.01
Fall: 153.06
Fall: 153.11
Fall: 153.16
Fall: 153.28
Fall: 153.32
Fall: 153.37
Fall: 153.43
Fall: 153.54
Fall: 153.59
Fall: 153.64
Fall: 153.69
Fall: 153.80
Fall: 153.85
Fall: 153.90
Fall: 153.95
Fall: 154.06
Fall: 154.11
Fall: 154.16
Fall: 154.21
Fall: 154.33
Fall: 154.38
Fall: 154.43
Fall: 154.48
Fall: 154.59
Fall: 154.64
Fall: 154.69
Fall: 154.74
Fall: 154.85
Fall: 154.90
Fall: 154.95
Fall: 155.00
Fall: 155.11
Fall: 155.16
Fall: 155.21
Fall: 155.26
Fall: 155.38
Fall: 155.43
Fall: 155.48
Fall: 155.53
Fall: 155.64
Fall: 155.69
Fall: 155.74
Fall: 155.79
Fall: 155.90
Fall: 155.95
Fall: 156.00
Fall: 156.05
Fall: 156.16
Fall: 156.21
Fall: 156.26
Fall: 156.31
Fall: 156.43
Fall: 156.48
Fall: 156.53
Fall: 156.58
Fall: 156.69
Fall: 156.74
Fall: 156.79
Fall: 156.84
Fall: 156.95
Fall: 157.00
Fall: 157.05
Fall: 157.10
Fall: 157.22
Fall: 157.27
Fall: 157.32
Fall: 157.37
Fall: 157.48
Fall: 157.53
Fall: 157.58
Fall: 157.63
Fall: 157.74
Fall: 157.79
Fall: 157.84
Fall: 157.89
Fall: 158.00
Fall: 158.05
Fall: 158.10
Fall: 158.15
Fall: 158.26
Fall: 158.31
Fall: 158.36
Fall: 158.41
Fall: 158.53
Fall: 158.58
Fall: 158.63
Fall: 158.68
Fall: 158.79
Fall: 158.84
Fall: 158.89
Fall: 158.94
Fall: 159.06
Fall: 159.10
Fall: 159.15
Fall: 159.21
Fall: 159.32
Fall: 159.37
Fall: 159.42
Fall: 159.47
Fall: 159.58
Fall: 159.63
Fall: 159.68
Fall: 159.73
Fall: 159.84
Fall: 159.89
Fall: 159.94
Fall: 159.99
Fall: 160.11
Fall: 160.16
Fall: 160.21
Fall: 160.26
Fall: 160.37
Fall: 160.42
Fall: 160.47
Fall: 160.52
Fall: 160.64
Fall: 160.69
Fall: 160.74
Fall: 160.79
Fall: 160.90
Fall: 160.95
Fall: 161.00
Fall: 161.05
Fall: 161.16
Fall: 161.21
Fall: 161.26
Fall: 161.31
Fall: 161.42
Fall: 161.47
Fall: 161.52
Fall: 161.57
Fall: 161.69
Fall: 161.74
Fall: 161.79
Fall: 161.84
Fall: 161.95
Fall: 162.00
Fall: 162.05
Fall: 162.10
Fall: 162.21
Fall: 162.26
Fall: 162.31
Fall: 162.37
Fall: 162.48
Fall: 162.53
Fall: 162.58
Fall: 162.63
Fall: 162.75
Fall: 162.79
Fall: 162.84
Fall: 162.90
Fall: 163.01
Fall: 163.06
Fall: 163.11
Fall: 163.16
Fall: 163.27
Fall: 163.32
Fall: 163.37
Fall: 163.42
Fall: 163.53
Fall: 163.58
Fall: 163.63
Fall: 163.68
Fall: 163.79
Fall: 163.84
Fall: 163.89
Fall: 163.94
Fall: 164.06
Fall: 164.11
Fall: 164.16
Fall: 164.21
Fall: 164.32
Fall: 164.37
Fall: 164.42
Fall: 164.47
Fall: 164.58
Fall: 164.63
Fall: 164.68
Fall: 164.73
Fall: 164.84
Fall: 164.90
Fall: 164.94
Fall: 165.00
Fall: 165.11
Fall: 165.16
Fall: 165.21
Fall: 165.26
Fall: 165.37
Fall: 165.42
Fall: 165.47
Fall: 165.52
Fall: 165.63
Fall: 165.68
Fall: 165.73
Fall: 165.78
Fall: 165.89
Fall: 165.94
Fall: 165.99
Fall: 166.04
Fall: 166.15
Fall: 166.21
Fall: 166.25
Fall: 166.31
Fall: 166.42
Fall: 166.47
Fall: 166.52
Fall: 166.57
Fall: 166.68
Fall: 166.73
Fall: 166.78
Fall: 166.83
Fall: 166.95
Fall: 167.00
Fall: 167.05
Fall: 167.10
Fall: 167.21
Fall: 167.26
Fall: 167.31
Fall: 167.36
Fall: 167.48
Fall: 167.53
Fall: 167.58
Fall: 167.63
Fall: 167.74
Fall: 167.79
Fall: 167.84
Fall: 167.89
Fall: 168.00
Fall: 168.05
Fall: 168.10
Fall: 168.15
Fall: 168.27
Fall: 168.32
Fall: 168.37
Fall: 168.42
Fall: 168.53
Fall: 168.58
Fall: 168.63
Fall: 168.68
Fall: 168.79
Fall: 168.84
Fall: 168.89
Fall: 168.94
Fall: 169.05
Fall: 169.10
Fall: 169.15
Fall: 169.20
Fall: 169.31
Fall: 169.37
Fall: 169.41
Fall: 169.46
Fall: 169.58
Fall: 169.63
Fall: 169.68
Fall: 169.73
Fall: 169.84
Fall: 169.89
Fall: 169.94
Fall: 169.99
Fall: 170.10
Fall: 170.15
Fall: 170.21
Fall: 170.25
Fall: 170.37
Fall: 170.41
Fall: 170.46
Fall: 170.51
Fall: 170.63
Fall: 170.68
Fall: 170.73
Fall: 170.78
Fall: 170.89
Fall: 170.94
Fall: 170.99
Fall: 171.04
Fall: 171.15
Fall: 171.20
Fall: 171.25
Fall: 171.30
Fall: 171.41
Fall: 171.46
Fall: 171.51
Fall: 171.56
Fall: 171.68
Fall: 171.73
Fall: 171.78
Fall: 171.83
Fall: 171.94
Fall: 171.99
Fall: 172.04
Fall: 172.09
Fall: 172.20
Fall: 172.25
Fall: 172.30
Fall: 172.35
Fall: 172.47
Fall: 172.52
Fall: 172.57
Fall: 172.62
Fall: 172.73
Fall: 172.78
Fall: 172.83
Fall: 172.88
Fall: 172.99
Fall: 173.04
Fall: 173.09
Fall: 173.14
Fall: 173.25
Fall: 173.30
Fall: 173.35
Fall: 173.40
Fall: 173.52
Fall: 173.57
Fall: 173.62
Fall: 173.67
Fall: 173.78
Fall: 173.83
Fall: 173.88
Fall: 173.93
Fall: 174.05
5
Fall: 174.10
Fall: 174.15
Fall: 174.20
Fall: 174.31
Fall: 174.36
Fall: 174.41
Fall: 174.46
Fall: 174.58
Fall: 174.63
Fall: 174.68
Fall: 174.73
Fall: 174.84
Fall: 174.89
Fall: 174.94
Fall: 174.99
Fall: 175.11
Fall: 175.16
Fall: 175.21
Fall: 175.26
Fall: 175.37
Fall: 175.42
Fall: 175.47
Fall: 175.52
Fall: 175.63
Fall: 175.68
Fall: 175.73
Fall: 175.78
Fall: 175.89
Fall: 175.94
Fall: 175.99
Fall: 176.04
Fall: 176.16
Fall: 176.21
Fall: 176.26
Fall: 176.31
Fall: 176.42
Fall: 176.47
Fall: 176.52
Fall: 176.57
Fall: 176.68
Fall: 176.73
Fall: 176.78
Fall: 176.83
Fall: 176.94
Fall: 177.00
Fall: 177.04
Fall: 177.09
Fall: 177.21
Fall: 177.26
Fall: 177.31
Fall: 177.36
Fall: 177.47
Fall: 177.52
Fall: 177.57
Fall: 177.62
Fall: 177.73
Fall: 177.78
Fall: 177.83
Fall: 177.88
Fall: 177.99
Fall: 178.04
Fall: 178.09
Fall: 178.14
Fall: 178.26
Fall: 178.31
Fall: 178.36
Fall: 178.41
Fall: 178.52
Fall: 178.57
Fall: 178.62
Fall: 178.67
Fall: 178.78
Fall: 178.84
Fall: 178.88
Fall: 178.93
Fall: 179.05
Fall: 179.10
Fall: 179.15
Fall: 179.20
Fall: 179.31
Fall: 179.36
Fall: 179.41
Fall: 179.46
Fall: 179.57
Fall: 179.62
Fall: 179.67
Fall: 179.72
Fall: 179.84
Fall: 179.89
Fall: 179.94
Fall: 179.99
Fall: 180.10
Fall: 180.15
Fall: 180.20
Fall: 180.25
Fall: 180.36
Fall: 180.41
Fall: 180.46
Fall: 180.51
Fall: 180.62
Fall: 180.67
Fall: 180.72
Fall: 180.77
Fall: 180.88
Fall: 180.93
Fall: 180.99
Fall: 181.03
Fall: 181.15
Fall: 181.20
Fall: 181.25
Fall: 181.30
Fall: 181.41
Fall: 181.46
Fall: 181.51
Fall: 181.56
Fall: 181.68
Fall: 181.73
Fall: 181.78
Fall: 181.83
Fall: 181.94
Fall: 181.99
Fall: 182.04
Fall: 182.09
Fall: 182.20
Fall: 182.25
Fall: 182.30
Fall: 182.35
Fall: 182.46
Fall: 182.51
Fall: 182.56
Fall: 182.62
Fall: 182.73
Fall: 182.78
Fall: 182.83
Fall: 182.88
Fall: 182.99
Fall: 183.04
Fall: 183.09
Fall: 183.14
Fall: 183.26
Fall: 183.31
Fall: 183.36
Fall: 183.41
Fall: 183.52
Fall: 183.57
Fall: 183.62
Fall: 183.67
Fall: 183.78
Fall: 183.83
Fall: 183.88
Fall: 183.93
Fall: 184.04
Fall: 184.09
Fall: 184.15
Fall: 184.19
Fall: 184.31
Fall: 184.36
Fall: 184.41
Fall: 184.46
Fall: 184.57
Fall: 184.62
Fall: 184.67
Fall: 184.72
Fall: 184.83
Fall: 184.88
Fall: 184.93
Fall: 184.98
Fall: 185.09
Fall: 185.14
Fall: 185.19
Fall: 185.24
Fall: 185.36
Fall: 185.41
Fall: 185.46
Fall: 185.51
Fall: 185.62
Fall: 185.67
Fall: 185.72
Fall: 185.77
Fall: 185.88
Fall: 185.93
Fall: 185.98
Fall: 186.03
Fall: 186.14
Fall: 186.19
Fall: 186.24
Fall: 186.29
Fall: 186.40
Fall: 186.45
Fall: 186.50
Fall: 186.55
Fall: 186.66
Fall: 186.71
Fall: 186.76
Fall: 186.81
Fall: 186.93
Fall: 186.97
Fall: 187.03
Fall: 187.07
Fall: 187.19
Fall: 187.24
Fall: 187.29
Fall: 187.34
Fall: 187.46
Fall: 187.50
Fall: 187.56
Fall: 187.60
Fall: 187.72
Fall: 187.77
Fall: 187.82
Fall: 187.87
Fall: 187.98
Fall: 188.03
Fall: 188.08
Fall: 188.13
Fall: 188.24
Fall: 188.29
Fall: 188.34
Fall: 188.39
Fall: 188.50
Fall: 188.55
Fall: 188.60
Fall: 188.65
Fall: 188.76
Fall: 188.81
Fall: 188.87
Fall: 188.91
Fall: 189.03
Fall: 189.08
Fall: 189.13
Fall: 189.18
Fall: 189.28
Fall: 189.34
Fall: 189.38
Fall: 189.43
Fall: 189.55
Fall: 189.60
Fall: 189.65
Fall: 189.70
Fall: 189.81
Fall: 189.86
Fall: 189.91
Fall: 189.96
Fall: 190.07
Fall: 190.12
Fall: 190.17
Fall: 190.22
Fall: 190.34
Fall: 190.38
Fall: 190.43
Fall: 190.49
Fall: 190.60
Fall: 190.65
Fall: 190.70
Fall: 190.75
Fall: 190.86
Fall: 190.91
Fall: 190.96
Fall: 191.01
Fall: 191.12
Fall: 191.17
Fall: 191.22
Fall: 191.27
Fall: 191.39
Fall: 191.44
Fall: 191.49
Fall: 191.54
Fall: 191.65
Fall: 191.70
Fall: 191.75
Fall: 191.80
Fall: 191.91
Fall: 191.96
Fall: 192.01
Fall: 192.06
Fall: 192.17
Fall: 192.22
Fall: 192.27
Fall: 192.32
Fall: 192.44
Fall: 192.49
Fall: 192.54
Fall: 192.59
Fall: 192.70
Fall: 192.75
Fall: 192.80
Fall: 192.85
Fall: 192.96
Fall: 193.01
Fall: 193.06
Fall: 193.11
Fall: 193.22
Fall: 193.27
Fall: 193.32
Fall: 193.37
Fall: 193.49
Fall: 193.54
Fall: 193.59
Fall: 193.64
Fall: 193.75
Fall: 193.80
Fall: 193.85
Fall: 193.90
Fall: 194.02
Fall: 194.07
Fall: 194.12
Fall: 194.17
Fall: 194.28
Fall: 194.33
Fall: 194.38
Fall: 194.43
Fall: 194.54
Fall: 194.59
Fall: 194.64
Fall: 194.69
Fall: 194.81
Fall: 194.85
Fall: 194.90
Fall: 194.96
Fall: 195.07
Fall: 195.12
Fall: 195.17
Fall: 195.22
Fall: 195.33
Fall: 195.38
Fall: 195.43
Fall: 195.48
Fall: 195.60
Fall: 195.65
Fall: 195.70
Fall: 195.75
Fall: 195.86
Fall: 195.91
Fall: 195.96
Fall: 196.01
Fall: 196.12
Fall: 196.17
Fall: 196.22
Fall: 196.27
Fall: 196.39
Fall: 196.44
Fall: 196.49
Fall: 196.54
Fall: 196.65
Fall: 196.69
Fall: 196.75
Fall: 196.79
Fall: 196.91
Fall: 196.96
Fall: 197.01
Fall: 197.06
Fall: 197.17
Fall: 197.22
Fall: 197.27
Fall: 197.32
Fall: 197.44
Fall: 197.49
Fall: 197.54
Fall: 197.59
Fall: 197.70
Fall: 197.75
Fall: 197.80
Fall: 197.85
Fall: 197.96
Fall: 198.01
Fall: 198.06
Fall: 198.11
Fall: 198.23
Fall: 198.28
Fall: 198.33
Fall: 198.38
Fall: 198.49
Fall: 198.54
Fall: 198.59
Fall: 198.64
Fall: 198.76
Fall: 198.81
Fall: 198.86
Fall: 198.91
Fall: 199.02
Fall: 199.07
Fall: 199.12
Fall: 199.17
Fall: 199.29
Fall: 199.34
Fall: 199.39
Fall: 199.44
Fall: 199.55
Fall: 199.60
Fall: 199.65
Fall: 199.70
Fall: 199.81
Fall: 199.86
Fall: 199.91
Fall: 199.96
Fall: 200.07
Fall: 200.12
Fall: 200.17
Fall: 200.22
Fall: 200.34
Fall: 200.39
Fall: 200.44
Fall: 200.49
Fall: 200.60
Fall: 200.65
Fall: 200.70
Fall: 200.75
Fall: 200.86
Fall: 200.91
Fall: 200.96
Fall: 201.01
Fall: 201.12
Fall: 201.18
Fall: 201.22
Fall: 201.28
Fall: 201.39
Fall: 201.44
Fall: 201.49
Fall: 201.54
Fall: 201.65
Fall: 201.70
Fall: 201.75
Fall: 201.80
Fall: 201.91
Fall: 201.96
Fall: 202.01
Fall: 202.06
Fall: 202.18
Fall: 202.23
Fall: 202.28
Fall: 202.33
Fall: 202.45
Fall: 202.50
Fall: 202.55
Fall: 202.60
Fall: 202.71
Fall: 202.76
Fall: 202.81
Fall: 202.86
Fall: 202.97
Fall: 203.02
Fall: 203.07
Fall: 203.12
Fall: 203.24
Fall: 203.29
Fall: 203.34
Fall: 203.39
Fall: 203.50
Fall: 203.55
Fall: 203.60
Fall: 203.65
Fall: 203.76
Fall: 203.81
Fall: 203.86
Fall: 203.91
Fall: 204.03
Fall: 204.08
Fall: 204.13
Fall: 204.18
Fall: 204.29
Fall: 204.34
Fall: 204.39
Fall: 204.44
Fall: 204.55
Fall: 204.60
Fall: 204.65
Fall: 204.70
Fall: 204.81
Fall: 204.86
Fall: 204.91
Fall: 204.96
Fall: 205.07
Fall: 205.12
Fall: 205.18
Fall: 205.22
Fall: 205.34
Fall: 205.39
Fall: 205.44
Fall: 205.49
Fall: 205.60
Fall: 205.65
Fall: 205.70
Fall: 205.75
Fall: 205.86
Fall: 205.91
Fall: 205.96
Fall: 206.01
Fall: 206.13
Fall: 206.18
Fall: 206.23
Fall: 206.28
Fall: 206.39
Fall: 206.44
Fall: 206.49
Fall: 206.54
Fall: 206.66
Fall: 206.71
Fall: 206.76
Fall: 206.81
Fall: 206.92
Fall: 206.97
Fall: 207.02
Fall: 207.07
Fall: 207.18
Fall: 207.23
Fall: 207.28
Fall: 207.33
Fall: 207.44
Fall: 207.49
Fall: 207.54
Fall: 207.59
Fall: 207.70
Fall: 207.75
Fall: 207.80
Fall: 207.85
Fall: 207.96
Fall: 208.01
Fall: 208.06
Fall: 208.12
Fall: 208.23
Fall: 208.28
Fall: 208.33
Fall: 208.38
Fall: 208.49
Fall: 208.54
Fall: 208.59
Fall: 208.64
Fall: 208.75
Fall: 208.81
Fall: 208.85
Fall: 208.90
Fall: 209.02
Fall: 209.07
Fall: 209.12
Fall: 209.17
Fall: 209.28
Fall: 209.33
Fall: 209.38
Fall: 209.43
Fall: 209.54
Fall: 209.59
Fall: 209.64
Fall: 209.69
Fall: 209.81
Fall: 209.86
Fall: 209.91
Fall: 209.96
Fall: 210.07
Fall: 210.12
Fall: 210.17
Fall: 210.22
Fall: 210.34
Fall: 210.39
Fall: 210.44
Fall: 210.49
Fall: 210.60
Fall: 210.65
Fall: 210.70
Fall: 210.75
Fall: 210.86
Fall: 210.91
Fall: 210.96
Fall: 211.01
Fall: 211.12
Fall: 211.18
Fall: 211.22
Fall: 211.28
Fall: 211.39
Fall: 211.44
Fall: 211.49
Fall: 211.54
Fall: 211.65
Fall: 211.70
Fall: 211.75
Fall: 211.80
Fall: 211.91
Fall: 211.96
Fall: 212.01
Fall: 212.06
Fall: 212.18
Fall: 212.23
Fall: 212.28
Fall: 212.33
Fall: 212.44
Fall: 212.49
Fall: 212.54
Fall: 212.59
Fall: 212.70
Fall: 212.75
Fall: 212.80
Fall: 212.85
Fall: 212.96
Fall: 213.01
Fall: 213.06
Fall: 213.11
Fall: 213.23
Fall: 213.28
Fall: 213.33
Fall: 213.38
Fall: 213.49
Fall: 213.54
Fall: 213.59
Fall: 213.64
Fall: 213.75
Fall: 213.80
Fall: 213.85
Fall: 213.90
Fall: 214.01
6
