110010
110010
110010
110010
110010
110010
110010
110010
110010
110010
110010
110010
110010
110010
110010
110010
110010
110010
110010
110010
110010
110010
110010
110010
110010
110010
110010
110010
110010
110010
110010
110010
110010
110010
110010
110010
110010
110010
110010
110010
110010
110010
110010
110010
110010
110010
110010
110010
110010
110010
110010
110010
110010
110010
110010
110010
110010
110010
110010
110010
110010
110010
110010
110010
110010
110010
110010
110010
110010
110010
110010
110010
110010
110010
110010
110010
110010
110010
110010
110010
110010
110010
110010
110010
110010
110010
110010
110010
110010
110010
110010
110010
110010
110010
110010
Rise: 0.00
Rise: 145.00
Rise: 145.00
Rise: 292.00
Rise: 292.00
Rise: 444.00
Rise: 444.00
Rise: 588.00
Rise: 588.00
Rise: 729.00
Rise: 729.00
Rise: 872.00
Rise: 872.00
Rise: 1019.00
Rise: 1019.00
Rise: 1159.00
Rise: 1159.00
Rise: 1302.00
Rise: 1302.00
Rise: 1443.00
Rise: 1443.00
Rise: 1557.00
Rise: 1664.00
Rise: 1769.00
Rise: 1873.00
Rise: 1975.00
Rise: 2076.00
Rise: 2181.00
Rise: 2286.00
Rise: 2390.00
Rise: 2493.00
Rise: 2600.00
Rise: 2702.00
Rise: 2806.00
Rise: 2908.00
Rise: 3008.00
Rise: 3113.00
Rise: 3217.00
Rise: 3328.00
Rise: 3441.00
Rise: 3546.00
Rise: 3647.00
Rise: 3747.00
Rise: 3852.00
Rise: 3956.00
Rise: 4057.00
Rise: 4163.00
Rise: 4267.00
Rise: 4368.00
Rise: 4474.00
Rise: 4578.00
Rise: 4677.00
Rise: 4778.00
Rise: 4884.00
Rise: 4984.00
Rise: 5086.00
Rise: 5190.00
Rise: 5297.00
Rise: 5394.00
Rise: 5492.00
Rise: 5594.00
Rise: 5696.00
Rise: 5798.00
Rise: 5901.00
Rise: 6012.00
Rise: 6116.00
Rise: 6218.00
Rise: 6325.00
Rise: 6425.00
Rise: 6530.00
Rise: 6631.00
Rise: 6735.00
Rise: 6839.00
Rise: 6942.00
Rise: 7049.00
Rise: 7156.00
Rise: 7262.00
Rise: 7362.00
Rise: 7458.00
Rise: 7562.00
Rise: 7670.00
Rise: 7780.00
Rise: 7882.00
Rise: 7988.00
Rise: 8088.00
Rise: 8187.00
Rise: 8291.00
Rise: 8392.00
Rise: 8491.00
Rise: 8596.00
Rise: 8706.00
Rise: 8809.00
Rise: 8916.00
Rise: 9024.00
Rise: 9129.00
Rise: 9229.00
Rise: 9333.00
Rise: 9433.00
Rise: 9540.00
Rise: 9648.00
Rise: 9750.00
Rise: 9847.00
Rise: 9945.00
Rise: 10044.00
Rise: 10151.00
Rise: 10252.00
Rise: 10357.00
Rise: 10454.00
Rise: 10555.00
Rise: 10664.00
Rise: 10769.00
Rise: 10872.00
Rise: 10975.00
Rise: 11077.00
Rise: 11183.00
Rise: 11284.00
Rise: 11390.00
Rise: 11490.00
Rise: 11595.00
Rise: 11695.00
Rise: 11797.00
Rise: 11897.00
Rise: 12006.00
Rise: 12109.00
Rise: 12213.00
Rise: 12320.00
Rise: 12430.00
Rise: 12529.00
Rise: 12627.00
Rise: 12729.00
Rise: 12826.00
Rise: 12936.00
Rise: 13042.00
Rise: 13146.00
Rise: 13251.00
Rise: 13355.00
Rise: 13455.00
Rise: 13553.00
Rise: 13660.00
Rise: 13766.00
Rise: 13871.00
Rise: 13985.00
Rise: 14096.00
Rise: 14198.00
Rise: 14302.00
Rise: 14407.00
Rise: 14505.00
Rise: 14609.00
Rise: 14715.00
Rise: 14823.00
Rise: 14933.00
Rise: 15038.00
Rise: 15146.00
Rise: 15246.00
Rise: 15352.00
Rise: 15454.00
Rise: 15560.00
Rise: 15663.00
Rise: 15771.00
Rise: 15883.00
Rise: 15994.00
Rise: 16092.00
Rise: 16196.00
Rise: 16300.00
Rise: 16406.00
Rise: 16515.00
Rise: 16617.00
Rise: 16727.00
Rise: 16834.00
Rise: 16940.00
Rise: 17038.00
Rise: 17134.00
Rise: 17234.00
Rise: 17339.00
Rise: 17442.00
Rise: 17543.00
Rise: 17649.00
Rise: 17747.00
Rise: 17848.00
Rise: 17955.00
Rise: 18062.00
Rise: 18168.00
Rise: 18270.00
Rise: 18376.00
Rise: 18474.00
Rise: 18579.00
Rise: 18681.00
Rise: 18787.00
Rise: 18887.00
Rise: 18990.00
Rise: 19093.00
Rise: 19192.00
Rise: 19297.00
Rise: 19397.00
Rise: 19495.00
Rise: 19599.00
Rise: 19699.00
Rise: 19798.00
Rise: 19906.00
Rise: 20008.00
Rise: 20108.00
Rise: 20211.00
Rise: 20312.00
Rise: 20418.00
Rise: 20517.00
Rise: 20622.00
Rise: 20724.00
Rise: 20834.00
Rise: 20941.00
Rise: 21043.00
Rise: 21148.00
Rise: 21246.00
Rise: 21354.00
Rise: 21459.00
Rise: 21562.00
Rise: 21672.00
Rise: 21769.00
Rise: 21872.00
Rise: 21971.00
Rise: 22072.00
Rise: 22173.00
Rise: 22275.00
Rise: 22374.00
Rise: 22482.00
Rise: 22581.00
Rise: 22682.00
Rise: 22789.00
Rise: 22891.00
Rise: 22992.00
Rise: 23094.00
Rise: 23193.00
Rise: 23296.00
Rise: 23407.00
Rise: 23511.00
Rise: 23610.00
Rise: 23712.00
Rise: 23815.00
Rise: 23919.00
Rise: 24029.00
Rise: 24129.00
Rise: 24230.00
Rise: 24329.00
Rise: 24435.00
Rise: 24536.00
Rise: 24636.00
Rise: 24735.00
Rise: 24834.00
Rise: 24942.00
Rise: 25046.00
Rise: 25149.00
Rise: 25255.00
Rise: 25362.00
Rise: 25468.00
Rise: 25575.00
Rise: 25680.00
Rise: 25791.00
Rise: 25889.00
Rise: 25992.00
Rise: 26102.00
Rise: 26207.00
Rise: 26310.00
Rise: 26418.00
Rise: 26520.00
Rise: 26623.00
Rise: 26730.00
Rise: 26840.00
Rise: 26943.00
Rise: 27045.00
Rise: 27147.00
Rise: 27250.00
Rise: 27352.00
Rise: 27457.00
Rise: 27558.00
Rise: 27663.00
Rise: 27762.00
Rise: 27866.00
Rise: 27964.00
Rise: 28070.00
Rise: 28175.00
Rise: 28281.00
Rise: 28385.00
Rise: 28490.00
Rise: 28591.00
Rise: 28693.00
Rise: 28796.00
Rise: 28898.00
Rise: 29004.00
Rise: 29106.00
Rise: 29214.00
Rise: 29322.00
Rise: 29427.00
Rise: 29532.00
Rise: 29634.00
Rise: 29745.00
Rise: 29855.00
Rise: 29953.00
Rise: 30060.00
Rise: 30160.00
Rise: 30256.00
Rise: 30361.00
Rise: 30463.00
Rise: 30570.00
Rise: 30666.00
Rise: 30768.00
Rise: 30874.00
Rise: 30976.00
Rise: 31073.00
Rise: 31176.00
Rise: 31273.00
Rise: 31380.00
Rise: 31488.00
Rise: 31594.00
Rise: 31693.00
Rise: 31802.00
