Rise: 9155.00
Rise: 9205.00
Rise: 9255.00
Rise: 9422.00
Rise: 9472.00
Rise: 9522.00
Rise: 9688.00
Rise: 9738.00
Rise: 9788.00
Rise: 9956.00
Rise: 10006.00
Rise: 10056.00
Rise: 10220.00
Rise: 10270.00
Rise: 10320.00
Rise: 10484.00
Rise: 10534.00
Rise: 10584.00
Rise: 10748.00
Rise: 10798.00
Rise: 10848.00
Rise: 11012.00
Rise: 11062.00
Rise: 11112.00
Rise: 11277.00
Rise: 11327.00
Rise: 11377.00
Rise: 11538.00
Rise: 11588.00
Rise: 11638.00
Rise: 11799.00
Rise: 11849.00
Rise: 11899.00
Rise: 12063.00
Rise: 12113.00
Rise: 12163.00
Rise: 12328.00
Rise: 12378.00
Rise: 12428.00
Rise: 12592.00
Rise: 12642.00
Rise: 12692.00
Rise: 12861.00
Rise: 12911.00
Rise: 12961.00
Rise: 13125.00
Rise: 13175.00
Rise: 13225.00
Rise: 13391.00
Rise: 13441.00
Rise: 13491.00
Rise: 13656.00
Rise: 13706.00
Rise: 13756.00
Rise: 13916.00
Rise: 13966.00
Rise: 14016.00
Rise: 14182.00
Rise: 14232.00
Rise: 14282.00
Rise: 14447.00
Rise: 14497.00
Rise: 14547.00
Rise: 14712.00
Rise: 14762.00
Rise: 14812.00
Rise: 14975.00
Rise: 15025.00
Rise: 15075.00
Rise: 15244.00
Rise: 15294.00
Rise: 15344.00
Rise: 15512.00
Rise: 15562.00
Rise: 15612.00
Rise: 15777.00
Rise: 15827.00
Rise: 15877.00
Rise: 16042.00
Rise: 16092.00
Rise: 16142.00
Rise: 16308.00
Rise: 16358.00
Rise: 16408.00
Rise: 16575.00
Rise: 16625.00
Rise: 16675.00
Rise: 16841.00
Rise: 16891.00
Rise: 16941.00
Rise: 17109.00
Rise: 17159.00
Rise: 17209.00
Rise: 17371.00
Rise: 17421.00
Rise: 17471.00
Rise: 17639.00
Rise: 17689.00
Rise: 17739.00
Rise: 17903.00
Rise: 17953.00
Rise: 18003.00
Rise: 18168.00
Rise: 18218.00
Rise: 18268.00
Rise: 18433.00
Rise: 18483.00
Rise: 18533.00
Rise: 18699.00
Rise: 18749.00
Rise: 18799.00
Rise: 18962.00
Rise: 19012.00
Rise: 19062.00
Rise: 19226.00
Rise: 19276.00
Rise: 19326.00
Rise: 19492.00
Rise: 19542.00
Rise: 19592.00
Rise: 19762.00
Rise: 19812.00
Rise: 19862.00
Rise: 20030.00
Rise: 20080.00
Rise: 20130.00
Rise: 20295.00
Rise: 20345.00
Rise: 20395.00
Rise: 20561.00
Rise: 20611.00
Rise: 20661.00
Rise: 20826.00
Rise: 20876.00
Rise: 20926.00
Rise: 21091.00
Rise: 21141.00
Rise: 21191.00
Rise: 21509.00
Rise: 21509.00
Rise: 21559.00
Rise: 21609.00
Rise: 21775.00
Rise: 21825.00
Rise: 21875.00
Rise: 22040.00
Rise: 22090.00
Rise: 22140.00
Rise: 22307.00
Rise: 22357.00
Rise: 22407.00
Rise: 22576.00
Rise: 22626.00
Rise: 22676.00
Rise: 22840.00
Rise: 22890.00
Rise: 22940.00
Rise: 23100.00
Rise: 23150.00
Rise: 23200.00
Rise: 23367.00
Rise: 23417.00
Rise: 23467.00
Rise: 23631.00
Rise: 23681.00
Rise: 23731.00
Rise: 23895.00
Rise: 23945.00
Rise: 23995.00
Rise: 24160.00
Rise: 24210.00
Rise: 24260.00
Rise: 24426.00
Rise: 24476.00
Rise: 24526.00
Rise: 24691.00
Rise: 24741.00
Rise: 24791.00
Rise: 24955.00
Rise: 25005.00
Rise: 25055.00
Rise: 25225.00
Rise: 25275.00
Rise: 25325.00
Rise: 25493.00
Rise: 25543.00
Rise: 25593.00
Rise: 25911.00
Rise: 25911.00
Rise: 25961.00
Rise: 26011.00
Rise: 26177.00
Rise: 26227.00
Rise: 26277.00
Rise: 26438.00
Rise: 26488.00
Rise: 26538.00
Rise: 26699.00
Rise: 26749.00
Rise: 26799.00
Rise: 26961.00
Rise: 27011.00
Rise: 27061.00
Rise: 27225.00
Rise: 27275.00
Rise: 27325.00
Rise: 27491.00
Rise: 27541.00
Rise: 27591.00
Rise: 27755.00
Rise: 27805.00
Rise: 27855.00
Rise: 28021.00
Rise: 28071.00
Rise: 28121.00
Rise: 28288.00
Rise: 28338.00
Rise: 28388.00
Rise: 28550.00
Rise: 28600.00
Rise: 28650.00
Rise: 28815.00
Rise: 28865.00
Rise: 28915.00
Rise: 29079.00
Rise: 29129.00
Rise: 29179.00
Rise: 29349.00
Rise: 29399.00
Rise: 29449.00
Rise: 29611.00
Rise: 29661.00
Rise: 29711.00
Rise: 29875.00
Rise: 29925.00
Rise: 29975.00
Rise: 30136.00
Rise: 30186.00
Rise: 30236.00
Rise: 30400.00
Rise: 30450.00
Rise: 30500.00
Rise: 30670.00
Rise: 30720.00
Rise: 30770.00
Rise: 30932.00
Rise: 30982.00
Rise: 31032.00
Rise: 31198.00
Rise: 31248.00
Rise: 31298.00
Rise: 31462.00
Rise: 31512.00
Rise: 31562.00
Rise: 31727.00
Rise: 31777.00
Rise: 31827.00
Rise: 31993.00
Rise: 32043.00
Rise: 32093.00
Rise: 32256.00
Rise: 32306.00
Rise: 32356.00
Rise: 32520.00
Rise: 32570.00
Rise: 32620.00
Rise: 32783.00
Rise: 32833.00
Rise: 32883.00
Rise: 33045.00
Rise: 33095.00
Rise: 33145.00
Rise: 33311.00
Rise: 33361.00
Rise: 33411.00
Rise: 33573.00
Rise: 33623.00
Rise: 33673.00
Rise: 33836.00
Rise: 33886.00
Rise: 33936.00
Rise: 34105.00
Rise: 34155.00
Rise: 34205.00
Rise: 34370.00
Rise: 34420.00
Rise: 34470.00
Rise: 34635.00
Rise: 34685.00
Rise: 34735.00
Rise: 34904.00
Rise: 34954.00
Rise: 35004.00
Rise: 35169.00
Rise: 35219.00
Rise: 35269.00
Rise: 35433.00
Rise: 35483.00
Rise: 35533.00
Rise: 35701.00
Rise: 35751.00
Rise: 35801.00
Rise: 35969.00
Rise: 36019.00
Rise: 36069.00
Rise: 36229.00
Rise: 36279.00
Rise: 36329.00
Rise: 36494.00
Rise: 36544.00
Rise: 36594.00
Rise: 36755.00
Rise: 36805.00
Rise: 36855.00
Rise: 37018.00
Rise: 37068.00
Rise: 37118.00
Rise: 37287.00
Rise: 37337.00
Rise: 37387.00
Rise: 37555.00
Rise: 37605.00
Rise: 37655.00
Rise: 37824.00
Rise: 37874.00
Rise: 37924.00
Rise: 38087.00
Rise: 38137.00
Rise: 38187.00
Rise: 38350.00
Rise: 38400.00
Rise: 38450.00
Rise: 38614.00
Rise: 38664.00
Rise: 38714.00
Rise: 38876.00
Rise: 38926.00
Rise: 38976.00
Rise: 39140.00
Rise: 39190.00
Rise: 39240.00
Rise: 39401.00
Rise: 39451.00
Rise: 39501.00
Rise: 39662.00
Rise: 39712.00
Rise: 39762.00
Rise: 39929.00
Rise: 39979.00
Rise: 40029.00
Rise: 40192.00
Rise: 40242.00
Rise: 40292.00
Rise: 40455.00
Rise: 40505.00
Rise: 40555.00
Rise: 40720.00
Rise: 40770.00
Rise: 40820.00
Rise: 40986.00
Rise: 41036.00
Rise: 41086.00
Rise: 41249.00
Rise: 41299.00
Rise: 41349.00
Rise: 41514.00
Rise: 41564.00
Rise: 41614.00
Rise: 41779.00
Rise: 41829.00
Rise: 41879.00
Rise: 42041.00
Rise: 42091.00
Rise: 42141.00
Rise: 42306.00
Rise: 42356.00
Rise: 42406.00
Rise: 42569.00
Rise: 42619.00
Rise: 42669.00
Rise: 42835.00
Rise: 42885.00
Rise: 42935.00
Rise: 43097.00
Rise: 43147.00
Rise: 43197.00
Rise: 43361.00
Rise: 43411.00
Rise: 43461.00
Rise: 43623.00
Rise: 43673.00
Rise: 43723.00
Rise: 43888.00
Rise: 43938.00
Rise: 43988.00
Rise: 44154.00
Rise: 44204.00
Rise: 44254.00
Rise: 44415.00
Rise: 44465.00
Rise: 44515.00
Rise: 44680.00
Rise: 44730.00
Rise: 44780.00
Rise: 44945.00
Rise: 44995.00
Rise: 45045.00
Rise: 45207.00
Rise: 45257.00
Rise: 45307.00
Rise: 45470.00
Rise: 45520.00
Rise: 45570.00
Rise: 45731.00
Rise: 45781.00
Rise: 45831.00
Rise: 45994.00
Rise: 46044.00
Rise: 46094.00
Rise: 46256.00
Rise: 46306.00
Rise: 46356.00
Rise: 46524.00
Rise: 46574.00
Rise: 46624.00
Rise: 46792.00
Rise: 46842.00
Rise: 46892.00
Rise: 47057.00
Rise: 47107.00
Rise: 47157.00
Rise: 47318.00
Rise: 47368.00
Rise: 47418.00
Rise: 47586.00
Rise: 47636.00
Rise: 47686.00
Rise: 47852.00
Rise: 47902.00
Rise: 47952.00
Rise: 48118.00
Rise: 48168.00
Rise: 48218.00
Rise: 48383.00
Rise: 48433.00
Rise: 48483.00
Rise: 48648.00
Rise: 48698.00
Rise: 48748.00
Rise: 48915.00
Rise: 48965.00
Rise: 49015.00
Rise: 49183.00
Rise: 49233.00
Rise: 49283.00
Rise: 49453.00
Rise: 49503.00
Rise: 49553.00
Rise: 49714.00
Rise: 49764.00
Rise: 49814.00
Rise: 49980.00
Rise: 50030.00
Rise: 50080.00
Rise: 50243.00
Rise: 50293.00
Rise: 50343.00
Rise: 50510.00
Rise: 50560.00
Rise: 50610.00
Rise: 50773.00
Rise: 50823.00
Rise: 50873.00
Rise: 51039.00
Rise: 51089.00
Rise: 51139.00
Rise: 51303.00
Rise: 51353.00
Rise: 51403.00
Rise: 51570.00
Rise: 51620.00
Rise: 51670.00
Rise: 51837.00
Rise: 51887.00
Rise: 51937.00
Rise: 52098.00
Rise: 52148.00
Rise: 52198.00
Rise: 52361.00
Rise: 52411.00
Rise: 52461.00
Rise: 52624.00
Rise: 52674.00
Rise: 52724.00
Rise: 52891.00
Rise: 52941.00
Rise: 52991.00
Rise: 53161.00
Rise: 53211.00
Rise: 53261.00
Rise: 53423.00
Rise: 53473.00
Rise: 53523.00
Rise: 53687.00
Rise: 53737.00
Rise: 53787.00
Rise: 53955.00
Rise: 54005.00
Rise: 54055.00
Rise: 54220.00
Rise: 54270.00
Rise: 54320.00
Rise: 54486.00
Rise: 54536.00
Rise: 54586.00
Rise: 54752.00
Rise: 54802.00
Rise: 54852.00
Rise: 55014.00
Rise: 55064.00
Rise: 55114.00
Rise: 55278.00
Rise: 55328.00
Rise: 55378.00
Rise: 55540.00
Rise: 55590.00
Rise: 55640.00
Rise: 55806.00
Rise: 55856.00
Rise: 55906.00
Rise: 56071.00
Rise: 56121.00
Rise: 56171.00
Rise: 56334.00
Rise: 56384.00
Rise: 56434.00
Rise: 56596.00
Rise: 56646.00
Rise: 56696.00
Rise: 56863.00
Rise: 56913.00
Rise: 56963.00
Rise: 57129.00
Rise: 57179.00
Rise: 57229.00
Rise: 57395.00
Rise: 57445.00
Rise: 57495.00
Rise: 57804.00
Rise: 57804.00
Rise: 57854.00
Rise: 57904.00
Rise: 58067.00
Rise: 58117.00
Rise: 58167.00
Rise: 58331.00
Rise: 58381.00
Rise: 58431.00
Rise: 58599.00
Rise: 58649.00
Rise: 58699.00
Rise: 58869.00
Rise: 58919.00
Rise: 58969.00
Rise: 59133.00
Rise: 59183.00
Rise: 59233.00
Rise: 59399.00
Rise: 59449.00
Rise: 59499.00
Rise: 59665.00
Rise: 59715.00
Rise: 59765.00
Rise: 59933.00
Rise: 59983.00
Rise: 60033.00
Rise: 60194.00
Rise: 60244.00
Rise: 60294.00
Rise: 60458.00
Rise: 60508.00
Rise: 60558.00
Rise: 60727.00
Rise: 60777.00
Rise: 60827.00
Rise: 60994.00
Rise: 61044.00
Rise: 61094.00
Rise: 61259.00
Rise: 61309.00
Rise: 61359.00
Rise: 61524.00
Rise: 61574.00
Rise: 61624.00
Rise: 61786.00
Rise: 61836.00
Rise: 61886.00
Rise: 62049.00
Rise: 62099.00
Rise: 62149.00
Rise: 62312.00
Rise: 62362.00
Rise: 62412.00
Rise: 62572.00
Rise: 62622.00
Rise: 62672.00
Rise: 62834.00
Rise: 62884.00
Rise: 62934.00
Rise: 63102.00
Rise: 63152.00
Rise: 63202.00
Rise: 63365.00
Rise: 63415.00
Rise: 63465.00
Rise: 63628.00
Rise: 63678.00
Rise: 63728.00
Rise: 63894.00
Rise: 63944.00
Rise: 63994.00
Rise: 64159.00
Rise: 64209.00
Rise: 64259.00
Rise: 64425.00
Rise: 64475.00
Rise: 64525.00
Rise: 64692.00
Rise: 64742.00
Rise: 64792.00
Rise: 64954.00
Rise: 65004.00
Rise: 65054.00
Rise: 65219.00
Rise: 65269.00
Rise: 65319.00
Rise: 65481.00
Rise: 65531.00
Rise: 65581.00
Rise: 65748.00
Rise: 65798.00
Rise: 65848.00
Rise: 66013.00
Rise: 66063.00
Rise: 66113.00
Rise: 66278.00
Rise: 66328.00
Rise: 66378.00
Rise: 66542.00
Rise: 66592.00
Rise: 66642.00
Rise: 66807.00
Rise: 66857.00
Rise: 66907.00
Rise: 67070.00
Rise: 67120.00
Rise: 67170.00
Rise: 67336.00
Rise: 67386.00
Rise: 67436.00
Rise: 67598.00
Rise: 67648.00
Rise: 67698.00
Rise: 67862.00
Rise: 67912.00
Rise: 67962.00
Rise: 68126.00
Rise: 68176.00
Rise: 68226.00
Rise: 68395.00
Rise: 68445.00
Rise: 68495.00
Rise: 68657.00
Rise: 68707.00
Rise: 68757.00
Rise: 68921.00
Rise: 68971.00
Rise: 69021.00
Rise: 69183.00
Rise: 69233.00
Rise: 69283.00
Rise: 69448.00
Rise: 69498.00
Rise: 69548.00
Rise: 69710.00
Rise: 69760.00
Rise: 69810.00
Rise: 70127.00
Rise: 70127.00
Rise: 70177.00
Rise: 70227.00
Rise: 70394.00
Rise: 70444.00
Rise: 70494.00
Rise: 70656.00
Rise: 70706.00
Rise: 70756.00
Rise: 70918.00
Rise: 70968.00
Rise: 71018.00
Rise: 71188.00
Rise: 71238.00
Rise: 71288.00
Rise: 71452.00
Rise: 71502.00
Rise: 71552.00
Rise: 71716.00
Rise: 71766.00
Rise: 71816.00
Rise: 71986.00
Rise: 72036.00
Rise: 72086.00
Rise: 72251.00
Rise: 72301.00
Rise: 72351.00
Rise: 72513.00
Rise: 72563.00
Rise: 72613.00
Rise: 72776.00
Rise: 72826.00
Rise: 72876.00
Rise: 73039.00
Rise: 73089.00
Rise: 73139.00
Rise: 73303.00
Rise: 73353.00
Rise: 73403.00
Rise: 73566.00
Rise: 73616.00
Rise: 73666.00
Rise: 73834.00
Rise: 73884.00
Rise: 73934.00
Rise: 74101.00
Rise: 74151.00
Rise: 74201.00
Rise: 74368.00
Rise: 74418.00
Rise: 74468.00
Rise: 74633.00
Rise: 74683.00
Rise: 74733.00
Rise: 74901.00
Rise: 74951.00
Rise: 75001.00
Rise: 75170.00
Rise: 75220.00
Rise: 75270.00
Rise: 75437.00
Rise: 75487.00
Rise: 75537.00
Rise: 75698.00
Rise: 75748.00
Rise: 75798.00
Rise: 75966.00
Rise: 76016.00
Rise: 76066.00
Rise: 76227.00
Rise: 76277.00
Rise: 76327.00
Rise: 76491.00
Rise: 76541.00
Rise: 76591.00
Rise: 76757.00
Rise: 76807.00
Rise: 76857.00
Rise: 77020.00
Rise: 77070.00
Rise: 77120.00
Rise: 77287.00
Rise: 77337.00
Rise: 77387.00
Rise: 77551.00
Rise: 77601.00
Rise: 77651.00
Rise: 77811.00
Rise: 77861.00
Rise: 77911.00
Rise: 78074.00
Rise: 78124.00
Rise: 78174.00
Rise: 78336.00
Rise: 78386.00
Rise: 78436.00
Rise: 78602.00
Rise: 78652.00
Rise: 78702.00
Rise: 78868.00
Rise: 78918.00
Rise: 78968.00
Rise: 79128.00
Rise: 79178.00
Rise: 79228.00
Rise: 79391.00
Rise: 79441.00
Rise: 79491.00
Rise: 79656.00
Rise: 79706.00
Rise: 79756.00
Rise: 79921.00
Rise: 79971.00
Rise: 80021.00
Rise: 80183.00
Rise: 80233.00
Rise: 80283.00
Rise: 80446.00
Rise: 80496.00
Rise: 80546.00
Rise: 80712.00
Rise: 80762.00
Rise: 80812.00
Rise: 80977.00
Rise: 81027.00
Rise: 81077.00
Rise: 81243.00
Rise: 81293.00
Rise: 81343.00
Rise: 81506.00
Rise: 81556.00
Rise: 81606.00
Rise: 81774.00
Rise: 81824.00
Rise: 81874.00
Rise: 82035.00
Rise: 82085.00
Rise: 82135.00
Rise: 82296.00
Rise: 82346.00
Rise: 82396.00
Rise: 82565.00
Rise: 82615.00
Rise: 82665.00
Rise: 82828.00
Rise: 82878.00
Rise: 82928.00
Rise: 83094.00
Rise: 83144.00
Rise: 83194.00
Rise: 83361.00
Rise: 83411.00
Rise: 83461.00
Rise: 83623.00
Rise: 83673.00
Rise: 83723.00
Rise: 84036.00
Rise: 84036.00
Rise: 84086.00
Rise: 84136.00
Rise: 84304.00
Rise: 84354.00
Rise: 84404.00
Rise: 84573.00
Rise: 84623.00
Rise: 84673.00
Rise: 84838.00
Rise: 84888.00
Rise: 84938.00
Rise: 85103.00
Rise: 85153.00
Rise: 85203.00
Rise: 85369.00
Rise: 85419.00
Rise: 85469.00
Rise: 85635.00
Rise: 85685.00
Rise: 85735.00
Rise: 85899.00
Rise: 85949.00
Rise: 85999.00
Rise: 86164.00
Rise: 86214.00
Rise: 86264.00
Rise: 86428.00
Rise: 86478.00
Rise: 86528.00
Rise: 86694.00
Rise: 86744.00
Rise: 86794.00
Rise: 86956.00
Rise: 87006.00
Rise: 87056.00
Rise: 87223.00
Rise: 87273.00
Rise: 87323.00
Rise: 87489.00
Rise: 87539.00
Rise: 87589.00
Rise: 87900.00
Rise: 87900.00
Rise: 87950.00
Rise: 88000.00
Rise: 88166.00
Rise: 88216.00
Rise: 88266.00
Rise: 88427.00
Rise: 88477.00
Rise: 88527.00
Rise: 88691.00
Rise: 88741.00
Rise: 88791.00
Rise: 88959.00
Rise: 89009.00
Rise: 89059.00
Rise: 89230.00
Rise: 89280.00
Rise: 89330.00
Rise: 89496.00
Rise: 89546.00
Rise: 89596.00
Rise: 89761.00
Rise: 89811.00
Rise: 89861.00
Rise: 90024.00
Rise: 90074.00
Rise: 90124.00
Rise: 90288.00
Rise: 90338.00
Rise: 90388.00
Rise: 90566.00
Rise: 90566.00
Rise: 90616.00
Rise: 90666.00
Rise: 90828.00
Rise: 90878.00
Rise: 90928.00
Rise: 91092.00
Rise: 91142.00
Rise: 91192.00
Rise: 91355.00
Rise: 92409.00
Rise: 92494.00
Rise: 92598.00
Rise: 92694.00
Rise: 92793.00
Rise: 92890.00
Rise: 92996.00
Rise: 93142.00
Rise: 93142.00
Rise: 93274.00
Rise: 93274.00
Rise: 93418.00
