Rise: 1.00
Rise: 102.00
Rise: 203.00
Rise: 301.00
Rise: 402.00
Rise: 503.00
Rise: 606.00
Rise: 706.00
Rise: 812.00
Rise: 918.00
Rise: 1024.00
Rise: 1122.00
Rise: 1222.00
Rise: 1323.00
Rise: 1423.00
Rise: 1527.00
Rise: 1627.00
Rise: 1730.00
Rise: 1839.00
Rise: 1940.00
Rise: 2041.00
Rise: 2145.00
Rise: 2250.00
Rise: 2356.00
Rise: 2469.00
Rise: 2567.00
Rise: 2669.00
Rise: 2700.00
Rise: 2801.00
Rise: 2901.00
Rise: 3001.00
Rise: 3101.00
Rise: 3201.00
Rise: 3301.00
Rise: 3401.00
Rise: 3501.00
Rise: 3601.00
Rise: 3701.00
Rise: 3801.00
Rise: 3901.00
Rise: 4001.00
Rise: 4101.00
Rise: 4201.00
Rise: 4305.00
Rise: 4408.00
Rise: 4509.00
Rise: 4617.00
Rise: 4719.00
Rise: 4821.00
Rise: 4921.00
Rise: 5024.00
Rise: 5127.00
Rise: 5227.00
Rise: 5332.00
Rise: 5432.00
Rise: 5533.00
Rise: 5634.00
Rise: 5733.00
Rise: 5831.00
Rise: 5932.00
Rise: 6035.00
Rise: 6136.00
Rise: 6242.00
Rise: 6346.00
Rise: 6449.00
Rise: 6554.00
Rise: 6660.00
Rise: 6767.00
Rise: 6800.00
Rise: 6974.00
Rise: 7000.00
Rise: 7101.00
Rise: 7201.00
Rise: 7301.00
Rise: 7401.00
Rise: 7501.00
Rise: 7601.00
Rise: 7701.00
Rise: 7802.00
Rise: 7906.00
Rise: 8010.00
Rise: 8118.00
Rise: 8222.00
Rise: 8322.00
Rise: 8428.00
Rise: 8532.00
Rise: 8643.00
Rise: 8753.00
Rise: 8859.00
Rise: 8962.00
Rise: 9068.00
Rise: 9175.00
Rise: 9200.00
Rise: 9301.00
Rise: 9401.00
Rise: 9501.00
Rise: 9601.00
Rise: 9701.00
Rise: 9801.00
Rise: 9901.00
Rise: 10001.00
Rise: 10101.00
Rise: 10201.00
Rise: 10301.00
Rise: 10412.00
Rise: 10514.00
Rise: 10618.00
Rise: 10713.00
