50.00
50.00
200000.00
40000.00
50.00
50.00
200000.00
40000.00
50.00
50.00
200000.00
40000.00
50.00
50.00
200000.00
40000.00
50.00
50.00
200000.00
40000.00
50.00
50.00
200000.00
40000.00
50.00
50.00
200000.00
40000.00
50.00
50.00
200000.00
40000.00
50.00
50.00
200000.00
40000.00
50.00
50.00
200000.00
40000.00
50.00
50.00
200000.00
40000.00
50.00
50.00
200000.00
40000.00
50.00
50.00
200000.00
40000.00
50.00
50.00
200000.00
40000.00
50.00
50.00
200000.00
40000.00
50.00
50.00
200000.00
40000.00
50.00
50.00
200000.00
40000.00
50.00
50.00
200000.00
40000.00
50.00
50.00
200000.00
40000.00
50.00
50.00
200000.00
40000.00
50.00
50.00
200000.00
40000.00
50.00
50.00
200000.00
40000.00
50.00
50.00
200000.00
40000.00
50.00
50.00
200000.00
40000.00
50.00
50.00
200000.00
40000.00
50.00
50.00
200000.00
40000.00
50.00
50.00
200000.00
40000.00
50.00
50.00
200000.00
40000.00
50.00
50.00
200000.00
40000.00
50.00
50.00
200000.00
40000.00
50.00
50.00
200000.00
40000.00
50.00
50.00
200000.00
40000.00
50.00
50.00
200000.00
40000.00
50.00
50.00
200000.00
40000.00
50.00
50.00
200000.00
40000.00
50.00
50.00
200000.00
40000.00
50.00
50.00
200000.00
40000.00
50.00
50.00
200000.00
40000.00
50.00
50.00
200000.00
40000.00
50.00
50.00
200000.00
40000.00
50.00
50.00
200000.00
40000.00
50.00
50.00
200000.00
40000.00
50.00
50.00
200000.00
40000.00
50.00
50.00
200000.00
40000.00
50.00
50.00
200000.00
40000.00
50.00
50.00
200000.00
40000.00
50.00
50.00
200000.00
40000.00
50.00
50.00
200000.00
40000.00
50.00
50.00
200000.00
40000.00
50.00
50.00
200000.00
40000.00
50.00
50.00
200000.00
40000.00
50.00
50.00
200000.00
40000.00
50.00
50.00
200000.00
40000.00
50.00
50.00
200000.00
40000.00
Rise: 0.07
Rise: 0.18
Rise: 0.28
Rise: 0.38
Rise: 0.48
Rise: 0.58
Rise: 0.68
Rise: 0.79
Rise: 0.84
Rise: 0.89
Rise: 0.94
Rise: 0.99
Rise: 1.04
Rise: 1.09
Rise: 1.14
Rise: 1.19
Rise: 1.24
Rise: 1.29
Rise: 1.35
Rise: 1.40
Rise: 1.45
Rise: 1.50
Rise: 1.55
Rise: 1.60
Rise: 1.65
Rise: 1.70
Rise: 1.75
Rise: 1.80
Rise: 1.86
Rise: 1.91
Rise: 1.96
Rise: 2.01
Rise: 2.12
Rise: 2.17
Rise: 2.22
Rise: 2.27
Rise: 2.38
Rise: 2.43
Rise: 2.48
Rise: 2.53
Rise: 2.65
Rise: 2.70
Rise: 2.75
Rise: 2.80
Rise: 2.91
Rise: 2.96
Rise: 3.01
Rise: 3.06
Rise: 3.18
Rise: 3.23
Rise: 3.28
Rise: 3.33
Rise: 3.44
Rise: 3.49
Rise: 3.54
Rise: 3.59
Rise: 3.70
Rise: 3.75
Rise: 3.80
Rise: 3.85
Rise: 3.97
Rise: 4.02
Rise: 4.07
Rise: 4.12
Rise: 4.23
Rise: 4.28
Rise: 4.33
Rise: 4.38
Rise: 4.50
Rise: 4.55
Rise: 4.60
Rise: 4.65
Rise: 4.76
Rise: 4.81
Rise: 4.86
Rise: 4.91
Rise: 5.02
Rise: 5.07
Rise: 5.12
Rise: 5.17
Rise: 5.28
Rise: 5.33
Rise: 5.38
Rise: 5.43
Rise: 5.54
Rise: 5.59
Rise: 5.64
Rise: 5.69
Rise: 5.81
Rise: 5.86
Rise: 5.91
Rise: 5.96
Rise: 6.07
Rise: 6.12
Rise: 6.17
Rise: 6.22
Rise: 6.34
Rise: 6.39
Rise: 6.44
Rise: 6.49
Rise: 6.60
Rise: 6.65
Rise: 6.70
Rise: 6.75
Rise: 6.86
Rise: 6.91
Rise: 6.96
Rise: 7.01
Rise: 7.12
Rise: 7.17
Rise: 7.22
Rise: 7.28
Rise: 7.39
Rise: 7.44
Rise: 7.49
Rise: 7.54
Rise: 7.65
Rise: 7.70
Rise: 7.75
Rise: 7.80
Rise: 7.91
Rise: 7.96
Rise: 8.01
Rise: 8.06
Rise: 8.17
Rise: 8.22
Rise: 8.27
Rise: 8.32
Rise: 8.44
Rise: 8.49
Rise: 8.54
Rise: 8.59
Rise: 8.70
Rise: 8.75
Rise: 8.80
Rise: 8.85
Rise: 8.96
Rise: 9.01
Rise: 9.06
Rise: 9.11
Rise: 9.22
Rise: 9.28
Rise: 9.33
Rise: 9.38
Rise: 9.49
Rise: 9.54
Rise: 9.59
Rise: 9.64
Rise: 9.75
Rise: 9.80
Rise: 9.85
Rise: 9.90
Rise: 10.02
Rise: 10.07
Rise: 10.12
Rise: 10.17
Rise: 10.28
Rise: 10.33
Rise: 10.38
Rise: 10.43
Rise: 10.54
Rise: 10.59
Rise: 10.64
Rise: 10.69
Rise: 10.80
Rise: 10.85
Rise: 10.90
Rise: 10.95
Rise: 11.06
Rise: 11.11
Rise: 11.16
Rise: 11.21
Rise: 11.33
Rise: 11.38
Rise: 11.43
Rise: 11.48
Rise: 11.59
Rise: 11.64
Rise: 11.69
Rise: 11.74
Rise: 11.85
Rise: 11.90
Rise: 11.95
Rise: 12.00
Rise: 12.11
Rise: 12.16
Rise: 12.21
Rise: 12.26
Rise: 12.38
Rise: 12.43
Rise: 12.48
Rise: 12.53
Rise: 12.64
Rise: 12.69
Rise: 12.74
Rise: 12.79
Rise: 12.90
Rise: 12.95
Rise: 13.00
Rise: 13.05
Rise: 13.16
Rise: 13.22
Rise: 13.27
Rise: 13.32
Rise: 13.43
Rise: 13.48
Rise: 13.53
Rise: 13.58
Rise: 13.69
Rise: 13.74
Rise: 13.79
Rise: 13.84
Rise: 13.96
Rise: 14.01
Rise: 14.06
Rise: 14.11
Rise: 14.22
Rise: 14.27
Rise: 14.32
Rise: 14.37
Rise: 14.48
Rise: 14.53
Rise: 14.58
Rise: 14.63
Rise: 14.74
Rise: 14.80
Rise: 14.85
Rise: 14.90
Rise: 15.01
Rise: 15.06
Rise: 15.11
Rise: 15.16
Rise: 15.27
Rise: 15.32
Rise: 15.37
Rise: 15.42
Rise: 15.53
Rise: 15.58
Rise: 15.63
Rise: 15.68
Rise: 15.80
Rise: 15.85
Rise: 15.90
Rise: 15.95
Rise: 16.06
Rise: 16.11
Rise: 16.16
Rise: 16.21
Rise: 16.32
Rise: 16.37
Rise: 16.42
Rise: 16.47
Rise: 16.58
Rise: 16.64
Rise: 16.68
Rise: 16.73
Rise: 16.85
Rise: 16.90
Rise: 16.95
Rise: 17.00
Rise: 17.11
Rise: 17.16
Rise: 17.21
Rise: 17.26
Rise: 17.37
Rise: 17.42
Rise: 17.47
Rise: 17.52
Rise: 17.64
Rise: 17.69
Rise: 17.74
Rise: 17.79
Rise: 17.90
Rise: 17.95
Rise: 18.00
Rise: 18.05
Rise: 18.16
Rise: 18.21
Rise: 18.26
Rise: 18.31
Rise: 18.43
Rise: 18.48
Rise: 18.53
Rise: 18.58
Rise: 18.69
Rise: 18.74
Rise: 18.79
Rise: 18.84
Rise: 18.95
Rise: 19.00
Rise: 19.05
Rise: 19.10
Rise: 19.21
Rise: 19.26
Rise: 19.31
Rise: 19.36
Rise: 19.48
Rise: 19.53
Rise: 19.58
Rise: 19.63
Rise: 19.75
Rise: 19.80
Rise: 19.85
Rise: 19.90
Rise: 20.01
Fall: 20.06
Fall: 20.11
Fall: 20.16
Fall: 20.27
Fall: 20.33
Fall: 20.38
Fall: 20.43
Fall: 20.54
Fall: 20.59
Fall: 20.64
Fall: 20.69
Fall: 20.80
Fall: 20.85
Fall: 20.90
Fall: 20.95
Fall: 21.07
Fall: 21.12
Fall: 21.17
Fall: 21.22
Fall: 21.33
Fall: 21.38
Fall: 21.43
Fall: 21.48
Fall: 21.59
Fall: 21.64
Fall: 21.69
Fall: 21.74
Fall: 21.85
Fall: 21.91
Fall: 21.96
Fall: 22.01
Fall: 22.12
Fall: 22.17
Fall: 22.22
Fall: 22.27
Fall: 22.38
Fall: 22.43
Fall: 22.48
Fall: 22.53
Fall: 22.64
Fall: 22.69
Fall: 22.74
Fall: 22.79
Fall: 22.90
Fall: 22.95
Fall: 23.00
Fall: 23.05
Fall: 23.17
Fall: 23.22
Fall: 23.27
Fall: 23.32
Fall: 23.43
Fall: 23.48
Fall: 23.53
Fall: 23.58
Fall: 23.70
Fall: 23.75
Fall: 23.80
Fall: 23.85
Fall: 23.96
Fall: 24.01
Fall: 24.06
Fall: 24.11
Fall: 24.22
Fall: 24.27
Fall: 24.32
Fall: 24.37
Fall: 24.49
Fall: 24.54
Fall: 24.59
Fall: 24.64
Fall: 24.75
Fall: 24.80
Fall: 24.85
Fall: 24.90
Fall: 25.01
Fall: 25.06
Fall: 25.11
Fall: 25.16
Fall: 25.27
Fall: 25.32
Fall: 25.37
Fall: 25.42
Fall: 25.53
Fall: 25.59
Fall: 25.64
Fall: 25.69
Fall: 25.80
Fall: 25.85
Fall: 25.90
Fall: 25.95
Fall: 26.06
Fall: 26.11
Fall: 26.16
Fall: 26.21
Fall: 26.32
Fall: 26.38
Fall: 26.43
Fall: 26.48
Fall: 26.59
Fall: 26.64
Fall: 26.69
Fall: 26.74
Fall: 26.85
Fall: 26.90
Fall: 26.95
Fall: 27.00
Fall: 27.12
Fall: 27.17
Fall: 27.22
Fall: 27.27
Fall: 27.38
Fall: 27.43
Fall: 27.48
Fall: 27.53
Fall: 27.64
Fall: 27.69
Fall: 27.75
Fall: 27.80
Fall: 27.91
Fall: 27.96
Fall: 28.01
Fall: 28.06
Fall: 28.17
Fall: 28.22
Fall: 28.27
Fall: 28.32
Fall: 28.44
Fall: 28.49
Fall: 28.54
Fall: 28.59
Fall: 28.70
Fall: 28.75
Fall: 28.80
Fall: 28.85
Fall: 28.97
Fall: 29.02
Fall: 29.07
Fall: 29.12
Fall: 29.23
Fall: 29.28
Fall: 29.33
Fall: 29.38
Fall: 29.50
Fall: 29.55
Fall: 29.60
Fall: 29.65
Fall: 29.76
Fall: 29.81
Fall: 29.86
Fall: 29.91
Fall: 30.02
Fall: 30.07
Fall: 30.12
Fall: 30.17
Fall: 30.28
Fall: 30.33
Fall: 30.38
Fall: 30.43
Fall: 30.55
Fall: 30.60
Fall: 30.65
Fall: 30.70
Fall: 30.81
Fall: 30.86
Fall: 30.91
Fall: 30.96
Fall: 31.07
Fall: 31.12
Fall: 31.17
Fall: 31.22
Fall: 31.33
Fall: 31.38
Fall: 31.43
Fall: 31.48
Fall: 31.59
Fall: 31.65
Fall: 31.70
Fall: 31.75
Fall: 31.86
Fall: 31.91
Fall: 31.96
Fall: 32.01
Fall: 32.12
Fall: 32.17
Fall: 32.23
Fall: 32.28
Fall: 32.39
Fall: 32.44
Fall: 32.49
Fall: 32.54
Fall: 32.66
Fall: 32.71
Fall: 32.76
Fall: 32.81
Fall: 32.91
Fall: 32.96
Fall: 33.01
Fall: 33.06
Fall: 33.17
Fall: 33.23
Fall: 33.28
Fall: 33.33
Fall: 33.44
Fall: 33.49
Fall: 33.54
Fall: 33.59
Fall: 33.70
Fall: 33.75
Fall: 33.80
Fall: 33.85
Fall: 33.96
Fall: 34.01
Fall: 34.06
Fall: 34.11
Fall: 34.23
Fall: 34.28
Fall: 34.33
Fall: 34.38
Fall: 34.49
Fall: 34.54
Fall: 34.59
Fall: 34.64
Fall: 34.75
Fall: 34.80
Fall: 34.85
Fall: 34.90
Fall: 35.02
Fall: 35.07
Fall: 35.12
Fall: 35.17
Fall: 35.28
Fall: 35.33
Fall: 35.38
Fall: 35.43
Fall: 35.54
Fall: 35.60
Fall: 35.65
Fall: 35.70
Fall: 35.80
Fall: 35.85
Fall: 35.91
Fall: 35.96
Fall: 36.07
Fall: 36.12
Fall: 36.17
Fall: 36.22
Fall: 36.33
Fall: 36.38
Fall: 36.43
Fall: 36.48
Fall: 36.60
Fall: 36.65
Fall: 36.70
Fall: 36.75
Fall: 36.86
Fall: 36.91
Fall: 36.96
Fall: 37.01
Fall: 37.12
Fall: 37.17
Fall: 37.22
Fall: 37.27
Fall: 37.38
Fall: 37.43
Fall: 37.48
Fall: 37.53
Fall: 37.64
Fall: 37.69
Fall: 37.74
Fall: 37.79
Fall: 37.91
Fall: 37.96
Fall: 38.01
Fall: 38.06
Fall: 38.17
Fall: 38.22
Fall: 38.27
Fall: 38.32
Fall: 38.43
Fall: 38.48
Fall: 38.53
Fall: 38.58
Fall: 38.69
Fall: 38.74
Fall: 38.79
Fall: 38.84
Fall: 38.96
Fall: 39.01
Fall: 39.06
Fall: 39.11
Fall: 39.22
Fall: 39.27
Fall: 39.32
Fall: 39.37
Fall: 39.49
Fall: 39.54
Fall: 39.59
Fall: 39.64
Fall: 39.74
Fall: 39.79
Fall: 39.84
Fall: 39.89
Fall: 40.00

assert failed: xQueueGenericSend queue.c:832 (pxQueue->pcHead != ((void *)0) || pxQueue->u.xSemaphore.xMutexHolder == ((void *)0) || pxQueue->u.xSemaphore.xMutexHolder == xTaskGetCurrentTaskHandle())


Backtrace: 0x4037775a:0x3fca2250 0x4037aa95:0x3fca2270 0x4038028d:0x3fca2290 0x4037b2c3:0x3fca23c0 0x4200f599:0x3fca2400 0x42002f4f:0x3fca2420 0x420062f2:0x3fca2440 0x42007add:0x3fca2530 0x4200970e:0x3fca2560 0x4200b55d:0x3fca25b0 0x420026f5:0x3fca2600




ELF file SHA256: 8d319ef267909fef

Rebooting...
ESP-ROM:esp32s3-20210327
Build:Mar 27 2021
rst:0xc (RTC_SW_CPU_RST),boot:0x8 (SPI_FAST_FLASH_BOOT)
Saved PC:0x4203a07a
SPIWP:0xee
mode:DIO, clock div:1
load:0x3fce3808,len:0x4bc
load:0x403c9700,len:0xbd8
load:0x403cc700,len:0x2a0c
entry 0x403c98d0
[  2504][E][esp32-hal-cpu.c:110] addApbChangeCallback(): duplicate func=0x4200f938 arg=0x3fc91dc4
