50.00
50.00
200000.00
40000.00
50.00
50.00
200000.00
40000.00
50.00
50.00
200000.00
40000.00
50.00
50.00
200000.00
40000.00
50.00
50.00
200000.00
40000.00
50.00
50.00
200000.00
40000.00
50.00
50.00
200000.00
40000.00
50.00
50.00
200000.00
40000.00
50.00
50.00
200000.00
40000.00
50.00
50.00
200000.00
40000.00
50.00
50.00
200000.00
40000.00
50.00
50.00
200000.00
40000.00
50.00
50.00
200000.00
40000.00
50.00
50.00
200000.00
40000.00
50.00
50.00
200000.00
40000.00
50.00
50.00
200000.00
40000.00
50.00
50.00
200000.00
40000.00
50.00
50.00
200000.00
40000.00
50.00
50.00
200000.00
40000.00
50.00
50.00
200000.00
40000.00
50.00
50.00
200000.00
40000.00
50.00
50.00
200000.00
40000.00
50.00
50.00
200000.00
40000.00
50.00
50.00
200000.00
40000.00
50.00
50.00
200000.00
40000.00
50.00
50.00
200000.00
40000.00
50.00
50.00
200000.00
40000.00
50.00
50.00
200000.00
40000.00
50.00
50.00
200000.00
40000.00
50.00
50.00
200000.00
40000.00
50.00
50.00
200000.00
40000.00
50.00
50.00
200000.00
40000.00
50.00
50.00
200000.00
40000.00
50.00
50.00
200000.00
40000.00
50.00
50.00
200000.00
40000.00
50.00
50.00
200000.00
40000.00
50.00
50.00
200000.00
40000.00
50.00
50.00
200000.00
40000.00
50.00
50.00
200000.00
40000.00
50.00
50.00
200000.00
40000.00
50.00
50.00
200000.00
40000.00
50.00
50.00
200000.00
40000.00
50.00
50.00
200000.00
40000.00
50.00
50.00
200000.00
40000.00
50.00
50.00
200000.00
40000.00
50.00
50.00
200000.00
40000.00
50.00
50.00
200000.00
40000.00
50.00
50.00
200000.00
40000.00
50.00
50.00
200000.00
40000.00
50.00
50.00
200000.00
40000.00
50.00
50.00
200000.00
40000.00
50.00
50.00
200000.00
40000.00
50.00
50.00
200000.00
40000.00
50.00
50.00
200000.00
40000.00
50.00
50.00
200000.00
40000.00
50.00
50.00
200000.00
40000.00
50.00
50.00
200000.00
40000.00
Rise: 0.08
Rise: 0.19
Rise: 0.29
Rise: 0.40
Rise: 0.51
Rise: 0.62
Rise: 0.71
Rise: 0.81
Rise: 0.86
Rise: 0.92
Rise: 0.96
Rise: 1.01
Rise: 1.06
Rise: 1.11
Rise: 1.16
Rise: 1.21
Rise: 1.26
Rise: 1.31
Rise: 1.36
Rise: 1.41
Rise: 1.46
Rise: 1.51
Rise: 1.56
Rise: 1.61
Rise: 1.66
Rise: 1.71
Rise: 1.76
Rise: 1.81
Rise: 1.86
Rise: 1.91
Rise: 1.96
Rise: 2.02
Rise: 2.06
Rise: 2.15
Rise: 2.20
Rise: 2.25
Rise: 2.30
Rise: 2.41
Rise: 2.46
Rise: 2.51
Rise: 2.56
Rise: 2.68
Rise: 2.73
Rise: 2.78
Rise: 2.83
Rise: 2.94
Rise: 2.99
Rise: 3.04
Rise: 3.09
Rise: 3.20
Rise: 3.25
Rise: 3.30
Rise: 3.35
Rise: 3.47
Rise: 3.52
Rise: 3.57
Rise: 3.62
Rise: 3.73
Rise: 3.78
Rise: 3.83
Rise: 3.88
Rise: 4.00
Rise: 4.05
Rise: 4.10
Rise: 4.15
Rise: 4.26
Rise: 4.31
Rise: 4.36
Rise: 4.41
Rise: 4.52
Rise: 4.57
Rise: 4.62
Rise: 4.67
Rise: 4.79
Rise: 4.84
Rise: 4.89
Rise: 4.94
Rise: 5.05
Rise: 5.10
Rise: 5.15
Rise: 5.20
Rise: 5.31
Rise: 5.36
Rise: 5.41
Rise: 5.46
Rise: 5.57
Rise: 5.62
Rise: 5.67
Rise: 5.72
Rise: 5.84
Rise: 5.89
Rise: 5.94
Rise: 5.99
Rise: 6.10
Rise: 6.15
Rise: 6.20
Rise: 6.25
Rise: 6.36
Rise: 6.41
Rise: 6.46
Rise: 6.51
Rise: 6.62
Rise: 6.67
Rise: 6.72
Rise: 6.77
Rise: 6.89
Rise: 6.94
Rise: 6.99
Rise: 7.04
Rise: 7.15
Rise: 7.20
Rise: 7.25
Rise: 7.30
Rise: 7.41
Rise: 7.46
Rise: 7.51
Rise: 7.56
Rise: 7.68
Rise: 7.73
Rise: 7.78
Rise: 7.83
Rise: 7.94
Rise: 7.99
Rise: 8.04
Rise: 8.09
Rise: 8.20
Rise: 8.25
Rise: 8.30
Rise: 8.35
Rise: 8.47
Rise: 8.52
Rise: 8.57
Rise: 8.62
Rise: 8.73
Rise: 8.78
Rise: 8.83
Rise: 8.88
Rise: 8.99
Rise: 9.04
Rise: 9.09
Rise: 9.14
Rise: 9.26
Rise: 9.31
Rise: 9.36
Rise: 9.41
Rise: 9.52
Rise: 9.57
Rise: 9.62
Rise: 9.66
Rise: 9.78
Rise: 9.83
Rise: 9.88
Rise: 9.93
Rise: 10.04
Rise: 10.09
Rise: 10.14
Rise: 10.19
Rise: 10.31
Rise: 10.36
Rise: 10.41
Rise: 10.46
Rise: 10.57
Rise: 10.62
Rise: 10.67
Rise: 10.72
Rise: 10.83
Rise: 10.88
Rise: 10.93
Rise: 10.98
Rise: 11.10
Rise: 11.15
Rise: 11.20
Rise: 11.25
Rise: 11.36
Rise: 11.41
Rise: 11.46
Rise: 11.51
Rise: 11.63
Rise: 11.68
Rise: 11.73
Rise: 11.78
Rise: 11.89
Rise: 11.94
Rise: 11.99
Rise: 12.04
Rise: 12.15
Rise: 12.20
Rise: 12.25
Rise: 12.30
Rise: 12.42
Rise: 12.47
Rise: 12.52
Rise: 12.57
Rise: 12.68
Rise: 12.73
Rise: 12.78
Rise: 12.83
Rise: 12.94
Rise: 12.99
Rise: 13.04
Rise: 13.09
Rise: 13.21
Rise: 13.26
Rise: 13.31
Rise: 13.36
Rise: 13.47
Rise: 13.52
Rise: 13.57
Rise: 13.62
Rise: 13.74
Rise: 13.79
Rise: 13.84
Rise: 13.89
Rise: 14.00
Rise: 14.05
Rise: 14.10
Rise: 14.15
Rise: 14.26
Rise: 14.31
Rise: 14.36
Rise: 14.41
Rise: 14.53
Rise: 14.58
Rise: 14.63
Rise: 14.68
Rise: 14.80
Rise: 14.85
Rise: 14.90
Rise: 14.95
Rise: 15.06
Rise: 15.11
Rise: 15.16
Rise: 15.21
Rise: 15.32
Rise: 15.37
Rise: 15.42
Rise: 15.47
Rise: 15.59
Rise: 15.64
Rise: 15.69
Rise: 15.74
Rise: 15.85
Rise: 15.90
Rise: 15.95
Rise: 16.00
Rise: 16.12
Rise: 16.17
Rise: 16.22
Rise: 16.27
Rise: 16.38
Rise: 16.43
Rise: 16.48
Rise: 16.53
Rise: 16.65
Rise: 16.70
Rise: 16.75
Rise: 16.80
Rise: 16.91
Rise: 16.96
Rise: 17.01
Rise: 17.06
Rise: 17.18
Rise: 17.23
Rise: 17.28
Rise: 17.33
Rise: 17.44
Rise: 17.49
Rise: 17.54
Rise: 17.59
Rise: 17.71
Rise: 17.76
Rise: 17.81
Rise: 17.86
Rise: 17.97
Rise: 18.02
Rise: 18.07
Rise: 18.12
Rise: 18.23
Rise: 18.28
Rise: 18.33
Rise: 18.38
Rise: 18.49
Rise: 18.54
Rise: 18.59
Rise: 18.64
Rise: 18.76
Rise: 18.81
Rise: 18.86
Rise: 18.91
Rise: 19.02
Rise: 19.07
Rise: 19.12
Rise: 19.17
Rise: 19.28
Rise: 19.33
Rise: 19.38
Rise: 19.43
Rise: 19.55
Rise: 19.60
Rise: 19.65
Rise: 19.70
Rise: 19.81
Rise: 19.86
Rise: 19.91
Rise: 19.96
Fall: 20.07
Fall: 20.12
Fall: 20.17
Fall: 20.22
Fall: 20.33
Fall: 20.38
Fall: 20.43
Fall: 20.48
Fall: 20.60
Fall: 20.65
Fall: 20.70
Fall: 20.75
Fall: 20.86
Fall: 20.91
Fall: 20.96
Fall: 21.01
Fall: 21.13
Fall: 21.18
Fall: 21.23
Fall: 21.28
Fall: 21.39
Fall: 21.44
Fall: 21.49
Fall: 21.54
Fall: 21.65
Fall: 21.70
Fall: 21.75
Fall: 21.80
Fall: 21.92
Fall: 21.97
Fall: 22.02
Fall: 22.07
Fall: 22.18
Fall: 22.23
Fall: 22.28
Fall: 22.33
Fall: 22.45
Fall: 22.50
Fall: 22.55
Fall: 22.60
Fall: 22.71
Fall: 22.76
Fall: 22.81
Fall: 22.86
Fall: 22.97
Fall: 23.02
Fall: 23.07
Fall: 23.12
Fall: 23.23
Fall: 23.28
Fall: 23.33
Fall: 23.38
Fall: 23.49
Fall: 23.54
Fall: 23.59
Fall: 23.64
Fall: 23.76
Fall: 23.81
Fall: 23.86
Fall: 23.91
Fall: 24.02
Fall: 24.07
Fall: 24.12
Fall: 24.17
Fall: 24.29
Fall: 24.34
Fall: 24.39
Fall: 24.44
Fall: 24.55
Fall: 24.60
Fall: 24.66
Fall: 24.70
Fall: 24.82
Fall: 24.87
Fall: 24.92
Fall: 24.97
Fall: 25.08
Fall: 25.13
Fall: 25.18
Fall: 25.23
Fall: 25.34
Fall: 25.39
Fall: 25.44
Fall: 25.49
Fall: 25.61
Fall: 25.66
Fall: 25.71
Fall: 25.76
Fall: 25.87
Fall: 25.92
Fall: 25.97
Fall: 26.02
Fall: 26.14
Fall: 26.19
Fall: 26.24
Fall: 26.29
Fall: 26.40
Fall: 26.45
Fall: 26.50
Fall: 26.55
Fall: 26.66
Fall: 26.71
Fall: 26.76
Fall: 26.81
Fall: 26.92
Fall: 26.97
Fall: 27.02
Fall: 27.07
Fall: 27.19
Fall: 27.24
Fall: 27.29
Fall: 27.34
Fall: 27.45
Fall: 27.50
Fall: 27.55
Fall: 27.60
Fall: 27.71
Fall: 27.76
Fall: 27.81
Fall: 27.86
Fall: 27.98
Fall: 28.02
Fall: 28.07
Fall: 28.12
Fall: 28.24
Fall: 28.29
Fall: 28.34
Fall: 28.39
Fall: 28.50
Fall: 28.55
Fall: 28.60
Fall: 28.65
Fall: 28.76
Fall: 28.81
Fall: 28.86
Fall: 28.91
Fall: 29.03
Fall: 29.08
Fall: 29.13
Fall: 29.18
Fall: 29.29
Fall: 29.34
Fall: 29.39
Fall: 29.44
Fall: 29.56
Fall: 29.61
Fall: 29.66
Fall: 29.71
Fall: 29.83
Fall: 29.88
Fall: 29.93
Fall: 29.98
Fall: 30.09
Fall: 30.14
Fall: 30.19
Fall: 30.24
Fall: 30.35
Fall: 30.41
Fall: 30.45
Fall: 30.50
Fall: 30.62
Fall: 30.67
Fall: 30.72
Fall: 30.77
Fall: 30.88
Fall: 30.93
Fall: 30.98
Fall: 31.03
Fall: 31.15
Fall: 31.20
Fall: 31.25
Fall: 31.30
Fall: 31.41
Fall: 31.46
Fall: 31.51
Fall: 31.56
Fall: 31.68
Fall: 31.73
Fall: 31.78
Fall: 31.83
Fall: 31.94
Fall: 31.99
Fall: 32.04
Fall: 32.09
Fall: 32.20
Fall: 32.25
Fall: 32.30
Fall: 32.35
Fall: 32.46
Fall: 32.51
Fall: 32.56
Fall: 32.61
Fall: 32.73
Fall: 32.78
Fall: 32.83
Fall: 32.88
Fall: 32.99
Fall: 33.04
Fall: 33.09
Fall: 33.14
Fall: 33.25
Fall: 33.30
Fall: 33.35
Fall: 33.40
Fall: 33.52
Fall: 33.57
Fall: 33.62
Fall: 33.67
Fall: 33.78
Fall: 33.83
Fall: 33.88
Fall: 33.93
Fall: 34.04
Fall: 34.09
Fall: 34.14
Fall: 34.19
Fall: 34.30
Fall: 34.35
Fall: 34.40
Fall: 34.45
Fall: 34.57
Fall: 34.62
Fall: 34.67
Fall: 34.72
Fall: 34.83
Fall: 34.88
Fall: 34.93
Fall: 34.98
Fall: 35.09
Fall: 35.14
Fall: 35.19
Fall: 35.24
Fall: 35.36
Fall: 35.41
Fall: 35.46
Fall: 35.51
Fall: 35.63
Fall: 35.67
Fall: 35.73
Fall: 35.78
Fall: 35.89
Fall: 35.94
Fall: 35.99
Fall: 36.04
Fall: 36.15
Fall: 36.20
Fall: 36.25
Fall: 36.30
Fall: 36.41
Fall: 36.46
Fall: 36.51
Fall: 36.56
Fall: 36.68
Fall: 36.73
Fall: 36.78
Fall: 36.83
Fall: 36.94
Fall: 36.99
Fall: 37.04
Fall: 37.09
Fall: 37.20
Fall: 37.25
Fall: 37.30
Fall: 37.35
Fall: 37.46
Fall: 37.51
Fall: 37.56
Fall: 37.61
Fall: 37.73
Fall: 37.78
Fall: 37.83
Fall: 37.88
Fall: 38.00
Fall: 38.05
Fall: 38.10
Fall: 38.15
Fall: 38.26
Fall: 38.31
Fall: 38.36
Fall: 38.41
Fall: 38.52
Fall: 38.57
Fall: 38.62
Fall: 38.67
Fall: 38.79
Fall: 38.84
Fall: 38.89
Fall: 38.94
Fall: 39.05
Fall: 39.10
Fall: 39.15
Fall: 39.20
Fall: 39.31
Fall: 39.36
Fall: 39.41
Fall: 39.46
Fall: 39.57
Fall: 39.62
Fall: 39.67
Fall: 39.72
Fall: 39.84
Fall: 39.89
Fall: 39.94
Fall: 39.99
6
