Rise: 66.00
Rise: 66.00
Rise: 66.00
Rise: 66.00
Rise: 66.00
Rise: 182.00
Rise: 182.00
Rise: 289.00
Rise: 289.00
Rise: 316.00
Rise: 399.00
Rise: 416.00
Rise: 510.00
Rise: 516.00
Rise: 621.00
Rise: 621.00
Rise: 730.00
Rise: 730.00
Rise: 766.00
Rise: 841.00
Rise: 866.00
Rise: 951.00
Rise: 966.00
Rise: 1063.00
Rise: 1066.00
Rise: 1170.00
Rise: 1170.00
Rise: 1280.00
Rise: 1280.00
Rise: 1316.00
Rise: 1439.00
Rise: 1439.00
Rise: 1466.00
Rise: 1581.00
Rise: 1581.00
Rise: 1689.00
Rise: 1689.00
Rise: 1716.00
Rise: 1793.00
Rise: 1816.00
Rise: 1901.00
Rise: 1916.00
Rise: 2015.00
Rise: 2016.00
Rise: 2130.00
Rise: 2130.00
Rise: 2237.00
Rise: 2237.00
Rise: 2266.00
Rise: 2352.00
Rise: 2366.00
Rise: 2460.00
Rise: 2466.00
Rise: 2565.00
Rise: 2566.00
Rise: 2678.00
Rise: 2678.00
Rise: 2790.00
Rise: 2790.00
Rise: 2816.00
Rise: 2866.00
