Rise: 66.00
Rise: 0.00
Rise: 0.00
Rise: 0.00
Rise: 0.00
Rise: 0.00
Rise: 0.00
Rise: 0.00
Rise: 0.00
Rise: 0.00
Rise: 0.00
Rise: 0.00
Rise: 84.00
Rise: 84.00
Rise: 84.00
Rise: 84.00
Rise: 84.00
Rise: 84.00
Rise: 84.00
Rise: 84.00
Rise: 90.00
Rise: 100.00
Rise: 110.00
Rise: 189.00
Rise: 189.00
Rise: 189.00
Rise: 189.00
Rise: 189.00
Rise: 189.00
Rise: 189.00
Rise: 190.00
Rise: 200.00
Rise: 210.00
Rise: 289.00
Rise: 289.00
Rise: 289.00
Rise: 289.00
Rise: 289.00
Rise: 289.00
Rise: 289.00
Rise: 290.00
Rise: 300.00
Rise: 310.00
Rise: 391.00
Rise: 391.00
Rise: 391.00
Rise: 391.00
Rise: 391.00
Rise: 391.00
Rise: 391.00
Rise: 391.00
Rise: 400.00
Rise: 410.00
Rise: 492.00
Rise: 492.00
Rise: 492.00
Rise: 492.00
Rise: 492.00
Rise: 492.00
Rise: 492.00
Rise: 492.00
Rise: 500.00
Rise: 510.00
Rise: 592.00
Rise: 592.00
Rise: 592.00
Rise: 592.00
Rise: 592.00
Rise: 592.00
Rise: 592.00
Rise: 592.00
Rise: 600.00
Rise: 610.00
Rise: 695.00
Rise: 695.00
Rise: 695.00
Rise: 695.00
Rise: 695.00
Rise: 695.00
Rise: 695.00
Rise: 695.00
Rise: 700.00
Rise: 710.00
Rise: 720.00
Rise: 799.00
Rise: 799.00
Rise: 799.00
Rise: 799.00
Rise: 799.00
Rise: 799.00
Rise: 799.00
Rise: 800.00
Rise: 810.00
Rise: 820.00
Rise: 902.00
Rise: 902.00
Rise: 902.00
Rise: 902.00
Rise: 902.00
Rise: 902.00
Rise: 902.00
Rise: 902.00
Rise: 910.00
Rise: 920.00
Rise: 1003.00
Rise: 1003.00
Rise: 1003.00
Rise: 1003.00
Rise: 1003.00
Rise: 1003.00
Rise: 1003.00
Rise: 1003.00
Rise: 1010.00
Rise: 1020.00
Rise: 1030.00
Rise: 1114.00
Rise: 1114.00
Rise: 1114.00
Rise: 1114.00
Rise: 1114.00
Rise: 1114.00
Rise: 1114.00
Rise: 1114.00
Rise: 1120.00
Rise: 1130.00
Rise: 1140.00
Rise: 1225.00
Rise: 1225.00
Rise: 1225.00
Rise: 1225.00
Rise: 1225.00
Rise: 1225.00
Rise: 1225.00
Rise: 1225.00
Rise: 1230.00
Rise: 1240.00
Rise: 1250.00
Rise: 1331.00
Rise: 1331.00
Rise: 1331.00
Rise: 1331.00
Rise: 1331.00
Rise: 1331.00
Rise: 1331.00
Rise: 1331.00
Rise: 1340.00
Rise: 1350.00
Rise: 1360.00
Rise: 1444.00
Rise: 1444.00
Rise: 1444.00
Rise: 1444.00
Rise: 1444.00
Rise: 1444.00
Rise: 1444.00
Rise: 1444.00
Rise: 1450.00
Rise: 1460.00
Rise: 1470.00
Rise: 1546.00
Rise: 1546.00
Rise: 1546.00
Rise: 1546.00
Rise: 1546.00
Rise: 1546.00
Rise: 1546.00
Rise: 1550.00
Rise: 1560.00
Rise: 1570.00
Rise: 1646.00
Rise: 1646.00
Rise: 1646.00
Rise: 1646.00
Rise: 1646.00
Rise: 1646.00
Rise: 1646.00
Rise: 1650.00
Rise: 1660.00
Rise: 1670.00
Rise: 1749.00
Rise: 1749.00
Rise: 1749.00
Rise: 1749.00
Rise: 1749.00
Rise: 1749.00
Rise: 1749.00
Rise: 1750.00
Rise: 1760.00
Rise: 1770.00
Rise: 1850.00
Rise: 1850.00
Rise: 1850.00
Rise: 1850.00
Rise: 1850.00
Rise: 1850.00
Rise: 1850.00
Rise: 1850.00
Rise: 1860.00
Rise: 1870.00
Rise: 1950.00
Rise: 1950.00
Rise: 1950.00
Rise: 1950.00
Rise: 1950.00
Rise: 1950.00
Rise: 1950.00
Rise: 1950.00
Rise: 1960.00
Rise: 1970.00
Rise: 2047.00
Rise: 2047.00
Rise: 2047.00
Rise: 2047.00
Rise: 2047.00
Rise: 2047.00
Rise: 2047.00
Rise: 2050.00
Rise: 2060.00
Rise: 2070.00
Rise: 2149.00
Rise: 2149.00
Rise: 2149.00
Rise: 2149.00
Rise: 2149.00
Rise: 2149.00
Rise: 2149.00
Rise: 2150.00
Rise: 2160.00
Rise: 2170.00
Rise: 2249.00
Rise: 2249.00
Rise: 2249.00
Rise: 2249.00
Rise: 2249.00
Rise: 2249.00
Rise: 2249.00
Rise: 2250.00
Rise: 2260.00
Rise: 2270.00
Rise: 2350.00
Rise: 2350.00
Rise: 2350.00
Rise: 2350.00
Rise: 2350.00
Rise: 2350.00
Rise: 2350.00
Rise: 2350.00
Rise: 2360.00
Rise: 2370.00
Rise: 2452.00
Rise: 2452.00
Rise: 2452.00
Rise: 2452.00
Rise: 2452.00
Rise: 2452.00
Rise: 2452.00
Rise: 2452.00
Rise: 2460.00
Rise: 2470.00
Rise: 2551.00
Rise: 2551.00
Rise: 2551.00
Rise: 2551.00
Rise: 2551.00
Rise: 2551.00
Rise: 2551.00
Rise: 2551.00
Rise: 2560.00
Rise: 2570.00
Rise: 2580.00
Rise: 2657.00
Rise: 2657.00
Rise: 2657.00
Rise: 2657.00
Rise: 2657.00
Rise: 2657.00
Rise: 2657.00
Rise: 2660.00
Rise: 2670.00
Rise: 2680.00
Rise: 2762.00
Rise: 2762.00
Rise: 2762.00
Rise: 2762.00
Rise: 2762.00
Rise: 2762.00
Rise: 2762.00
Rise: 2762.00
Rise: 2770.00
Rise: 2780.00
Rise: 2790.00
Rise: 2869.00
Rise: 2869.00
Rise: 2869.00
Rise: 2869.00
Rise: 2869.00
Rise: 2869.00
Rise: 2869.00
Rise: 2870.00
Rise: 2880.00
Rise: 2890.00
Rise: 2970.00
Rise: 2970.00
Rise: 2970.00
Rise: 2970.00
Rise: 2970.00
Rise: 2970.00
Rise: 2970.00
Rise: 2970.00
Rise: 2980.00
Rise: 2990.00
Rise: 3067.00
Rise: 3067.00
Rise: 3067.00
Rise: 3067.00
Rise: 3067.00
Rise: 3067.00
Rise: 3067.00
Rise: 3070.00
Rise: 3080.00
Rise: 3090.00
Rise: 3167.00
Rise: 3167.00
Rise: 3167.00
Rise: 3167.00
Rise: 3167.00
Rise: 3167.00
Rise: 3167.00
Rise: 3170.00
Rise: 3180.00
Rise: 3190.00
Rise: 3272.00
Rise: 3272.00
Rise: 3272.00
Rise: 3272.00
Rise: 3272.00
Rise: 3272.00
Rise: 3272.00
Rise: 3272.00
Rise: 3280.00
Rise: 3290.00
Rise: 3300.00
Rise: 3379.00
Rise: 3379.00
Rise: 3379.00
Rise: 3379.00
Rise: 3379.00
Rise: 3379.00
Rise: 3379.00
Rise: 3380.00
Rise: 3390.00
Rise: 3400.00
Rise: 3410.00
Rise: 3420.00
Rise: 3430.00
Rise: 3440.00
