Rise: 77.00
Rise: 77.00
Rise: 77.00
Rise: 77.00
Rise: 77.00
Rise: 78.00
Rise: 78.00
Rise: 80.00
Rise: 90.00
Rise: 100.00
Rise: 110.00
Rise: 194.00
Rise: 194.00
Rise: 194.00
Rise: 194.00
Rise: 194.00
Rise: 195.00
Rise: 195.00
Rise: 195.00
Rise: 200.00
Rise: 210.00
Rise: 220.00
Rise: 299.00
Rise: 299.00
Rise: 299.00
Rise: 299.00
Rise: 299.00
Rise: 300.00
Rise: 300.00
Rise: 300.00
Rise: 310.00
Rise: 320.00
Rise: 330.00
Rise: 412.00
Rise: 412.00
Rise: 412.00
Rise: 412.00
Rise: 412.00
Rise: 413.00
Rise: 413.00
Rise: 413.00
Rise: 420.00
Rise: 430.00
Rise: 440.00
Rise: 517.00
Rise: 517.00
Rise: 517.00
Rise: 517.00
Rise: 517.00
Rise: 518.00
Rise: 518.00
Rise: 520.00
Rise: 530.00
Rise: 540.00
Rise: 550.00
Rise: 629.00
Rise: 629.00
Rise: 629.00
Rise: 629.00
Rise: 629.00
Rise: 630.00
Rise: 630.00
Rise: 630.00
Rise: 640.00
Rise: 650.00
Rise: 660.00
Rise: 740.00
Rise: 740.00
Rise: 740.00
Rise: 740.00
Rise: 740.00
Rise: 741.00
Rise: 741.00
Rise: 741.00
Rise: 750.00
Rise: 760.00
Rise: 770.00
Rise: 850.00
Rise: 850.00
Rise: 850.00
Rise: 850.00
Rise: 850.00
Rise: 851.00
Rise: 851.00
Rise: 851.00
Rise: 860.00
Rise: 870.00
Rise: 880.00
Rise: 958.00
Rise: 958.00
Rise: 958.00
Rise: 958.00
Rise: 958.00
Rise: 959.00
Rise: 959.00
Rise: 960.00
Rise: 970.00
Rise: 980.00
Rise: 990.00
Rise: 1068.00
Rise: 1068.00
Rise: 1068.00
Rise: 1068.00
Rise: 1068.00
Rise: 1069.00
Rise: 1069.00
Rise: 1070.00
Rise: 1080.00
Rise: 1090.00
Rise: 1171.00
Rise: 1171.00
Rise: 1171.00
Rise: 1171.00
Rise: 1171.00
Rise: 1172.00
Rise: 1172.00
Rise: 1172.00
Rise: 1180.00
Rise: 1190.00
Rise: 1200.00
Rise: 1278.00
Rise: 1278.00
Rise: 1278.00
Rise: 1278.00
Rise: 1278.00
Rise: 1279.00
Rise: 1279.00
Rise: 1280.00
Rise: 1290.00
Rise: 1300.00
Rise: 1310.00
Rise: 1392.00
Rise: 1392.00
Rise: 1392.00
Rise: 1392.00
Rise: 1392.00
Rise: 1393.00
Rise: 1393.00
Rise: 1393.00
Rise: 1400.00
Rise: 1410.00
Rise: 1420.00
Rise: 1500.00
Rise: 1500.00
Rise: 1500.00
Rise: 1500.00
Rise: 1500.00
Rise: 1501.00
Rise: 1501.00
Rise: 1501.00
Rise: 1510.00
Rise: 1520.00
Rise: 1530.00
Rise: 1540.00
Rise: 1617.00
Rise: 1617.00
Rise: 1617.00
Rise: 1617.00
Rise: 1617.00
Rise: 1618.00
Rise: 1618.00
Rise: 1620.00
Rise: 1630.00
Rise: 1640.00
Rise: 1723.00
Rise: 1723.00
Rise: 1723.00
Rise: 1723.00
Rise: 1723.00
Rise: 1724.00
Rise: 1724.00
Rise: 1724.00
Rise: 1730.00
Rise: 1740.00
Rise: 1750.00
Rise: 1833.00
Rise: 1833.00
Rise: 1833.00
Rise: 1833.00
Rise: 1833.00
Rise: 1834.00
Rise: 1834.00
Rise: 1834.00
Rise: 1840.00
Rise: 1850.00
Rise: 1860.00
Rise: 1939.00
Rise: 1939.00
Rise: 1939.00
Rise: 1939.00
Rise: 1939.00
Rise: 1940.00
Rise: 1940.00
Rise: 1940.00
Rise: 1950.00
Rise: 1960.00
Rise: 1970.00
Rise: 2052.00
Rise: 2052.00
Rise: 2052.00
Rise: 2052.00
Rise: 2052.00
Rise: 2053.00
Rise: 2053.00
Rise: 2053.00
Rise: 2060.00
Rise: 2070.00
Rise: 2080.00
Rise: 2159.00
Rise: 2159.00
Rise: 2159.00
Rise: 2159.00
Rise: 2159.00
Rise: 2160.00
Rise: 2160.00
Rise: 2160.00
Rise: 2170.00
Rise: 2180.00
Rise: 2264.00
Rise: 2264.00
Rise: 2264.00
Rise: 2264.00
Rise: 2264.00
Rise: 2265.00
Rise: 2265.00
Rise: 2265.00
Rise: 2270.00
Rise: 2280.00
Rise: 2290.00
Rise: 2372.00
Rise: 2372.00
Rise: 2372.00
Rise: 2372.00
Rise: 2372.00
Rise: 2373.00
Rise: 2373.00
Rise: 2373.00
Rise: 2380.00
Rise: 2390.00
Rise: 2400.00
Rise: 2410.00
Rise: 2420.00
Rise: 2430.00
Rise: 2440.00
Rise: 2450.00
Rise: 2460.00
