Rise: 1.90
Rise: 2.04
Rise: 2.08
Rise: 2.13
Rise: 2.30
Rise: 2.35
Rise: 2.40
Rise: 2.56
Rise: 2.61
Rise: 2.66
Rise: 2.82
Rise: 2.87
Rise: 2.92
Rise: 3.09
Rise: 3.14
Rise: 3.19
Rise: 3.35
Rise: 3.40
Rise: 3.45
Rise: 3.62
Rise: 3.67
Rise: 3.72
Rise: 3.88
Rise: 3.93
Rise: 3.98
Rise: 4.15
Rise: 4.20
Rise: 4.25
Rise: 4.41
Rise: 4.46
Rise: 4.51
Rise: 4.67
Rise: 4.72
Rise: 4.78
Rise: 4.93
Rise: 4.99
Rise: 5.04
Rise: 5.20
Rise: 5.25
Rise: 5.30
Rise: 5.46
Rise: 5.51
Rise: 5.56
Rise: 5.72
Rise: 5.78
Rise: 5.83
Rise: 5.99
Rise: 6.04
Rise: 6.09
Rise: 6.25
Rise: 6.30
Rise: 6.35
Rise: 6.52
Rise: 6.57
Rise: 6.62
Rise: 6.78
Rise: 6.83
Rise: 6.88
Rise: 7.04
Rise: 7.09
Rise: 7.14
Rise: 7.31
Rise: 7.36
Rise: 7.41
Rise: 7.57
Rise: 7.62
Rise: 7.67
Rise: 7.83
Rise: 7.88
Rise: 7.93
Rise: 8.10
Rise: 8.15
Rise: 8.20
Rise: 8.36
Rise: 8.41
Rise: 8.46
Rise: 8.62
Rise: 8.67
Rise: 8.72
Rise: 8.89
Rise: 8.94
Rise: 8.99
Rise: 9.15
Rise: 9.20
Rise: 9.25
Rise: 9.41
Rise: 9.46
Rise: 9.51
Rise: 9.68
Rise: 9.73
Rise: 9.78
Rise: 9.94
Rise: 9.99
Rise: 10.04
Rise: 10.21
Rise: 10.26
Rise: 10.31
Rise: 10.47
Rise: 10.52
Rise: 10.57
Rise: 10.73
Rise: 10.78
Rise: 10.83
Rise: 11.00
Rise: 11.05
Rise: 11.10
Rise: 11.26
Rise: 11.31
Rise: 11.36
Rise: 11.53
Rise: 11.58
Rise: 11.63
Rise: 11.80
Rise: 11.85
Rise: 11.90
Rise: 12.06
Rise: 12.11
Rise: 12.16
Rise: 12.33
Rise: 12.38
Rise: 12.43
Rise: 12.60
Rise: 12.65
Rise: 12.70
Rise: 12.86
Rise: 12.91
Rise: 12.96
Rise: 13.12
Rise: 13.17
Rise: 13.22
Rise: 13.39
Rise: 13.44
Rise: 13.49
Rise: 13.65
Rise: 13.70
Rise: 13.75
Rise: 13.91
Rise: 13.96
Rise: 14.01
Rise: 14.18
Rise: 14.23
Rise: 14.28
Rise: 14.44
Rise: 14.49
Rise: 14.54
Rise: 14.70
Rise: 14.75
Rise: 14.80
Rise: 14.97
Rise: 15.02
Rise: 15.07
Rise: 15.23
Rise: 15.28
Rise: 15.33
Rise: 15.49
Rise: 15.54
Rise: 15.59
Rise: 15.75
Rise: 15.80
Rise: 15.85
Rise: 16.01
Rise: 16.07
Rise: 16.11
Rise: 16.28
Rise: 16.33
Rise: 16.38
Rise: 16.54
Rise: 16.59
Rise: 16.64
Rise: 16.80
Rise: 16.85
Rise: 16.91
Rise: 17.07
Rise: 17.12
Rise: 17.17
Rise: 17.33
Rise: 17.38
Rise: 17.43
Rise: 17.60
Rise: 17.65
Rise: 17.70
Rise: 17.86
Rise: 17.91
Rise: 17.96
Rise: 18.12
Rise: 18.17
Rise: 18.22
Rise: 18.39
Rise: 18.44
Rise: 18.49
Rise: 18.66
Rise: 18.70
Rise: 18.75
Rise: 18.92
Rise: 18.97
Rise: 19.02
Rise: 19.18
Rise: 19.23
Rise: 19.28
Rise: 19.44
Rise: 19.50
Rise: 19.55
Rise: 19.71
Rise: 19.76
Rise: 19.81
Rise: 19.98
Fall: 20.02
Fall: 20.07
Fall: 20.24
Fall: 20.29
Fall: 20.34
Fall: 20.50
Fall: 20.55
Fall: 20.60
Fall: 20.77
Fall: 20.82
Fall: 20.87
Fall: 21.03
Fall: 21.08
Fall: 21.13
Fall: 21.29
Fall: 21.34
Fall: 21.39
Fall: 21.56
Fall: 21.61
Fall: 21.66
Fall: 21.82
Fall: 21.87
Fall: 21.92
Fall: 22.08
Fall: 22.14
Fall: 22.18
Fall: 22.35
Fall: 22.40
Fall: 22.45
Fall: 22.62
Fall: 22.67
Fall: 22.72
Fall: 22.88
Fall: 22.93
Fall: 22.98
Fall: 23.14
Fall: 23.19
Fall: 23.24
Fall: 23.41
Fall: 23.46
Fall: 23.51
Fall: 23.67
Fall: 23.72
Fall: 23.77
Fall: 23.94
Fall: 23.99
Fall: 24.04
Fall: 24.20
Fall: 24.25
Fall: 24.30
Fall: 24.46
Fall: 24.51
Fall: 24.56
Fall: 24.73
Fall: 24.78
Fall: 24.83
Fall: 24.99
Fall: 25.04
Fall: 25.09
Fall: 25.25
Fall: 25.30
Fall: 25.35
Fall: 25.52
Fall: 25.57
Fall: 25.62
Fall: 25.78
Fall: 25.83
Fall: 25.88
Fall: 26.05
Fall: 26.09
Fall: 26.14
Fall: 26.31
Fall: 26.36
Fall: 26.41
Fall: 26.57
Fall: 26.62
Fall: 26.67
Fall: 26.84
Fall: 26.89
Fall: 26.94
Fall: 27.10
Fall: 27.15
Fall: 27.20
Fall: 27.36
Fall: 27.41
Fall: 27.46
Fall: 27.62
Fall: 27.67
Fall: 27.72
Fall: 27.89
Fall: 27.93
Fall: 27.98
Fall: 28.15
Fall: 28.20
Fall: 28.25
Fall: 28.41
Fall: 28.46
Fall: 28.51
Fall: 28.67
Fall: 28.72
Fall: 28.77
Fall: 28.93
Fall: 28.98
Fall: 29.03
Fall: 29.20
Fall: 29.25
Fall: 29.30
Fall: 29.46
Fall: 29.51
Fall: 29.57
Fall: 29.73
Fall: 29.78
Fall: 29.83
Fall: 29.99
Fall: 30.04
Fall: 30.09
Fall: 30.25
Fall: 30.30
Fall: 30.35
Fall: 30.52
Fall: 30.57
Fall: 30.62
Fall: 30.78
Fall: 30.83
Fall: 30.88
Fall: 31.05
Fall: 31.09
Fall: 31.14
Fall: 31.31
Fall: 31.36
Fall: 31.41
Fall: 31.57
Fall: 31.62
Fall: 31.67
Fall: 31.84
Fall: 31.89
Fall: 31.94
Fall: 32.10
Fall: 32.15
Fall: 32.20
Fall: 32.37
Fall: 32.42
Fall: 32.47
Fall: 32.63
Fall: 32.68
Fall: 32.73
Fall: 32.89
Fall: 32.94
Fall: 32.99
Fall: 33.16
Fall: 33.21
Fall: 33.26
Fall: 33.42
Fall: 33.47
Fall: 33.52
Fall: 33.69
Fall: 33.74
Fall: 33.79
Fall: 33.95
Fall: 34.00
Fall: 34.05
Fall: 34.22
Fall: 34.27
Fall: 34.32
Fall: 34.48
Fall: 34.53
Fall: 34.58
Fall: 34.74
Fall: 34.79
Fall: 34.84
Fall: 35.01
Fall: 35.06
Fall: 35.11
Fall: 35.28
Fall: 35.33
Fall: 35.38
Fall: 35.54
Fall: 35.59
Fall: 35.64
Fall: 35.81
Fall: 35.86
Fall: 35.91
Fall: 36.07
Fall: 36.12
Fall: 36.17
Fall: 36.33
Fall: 36.38
Fall: 36.43
Fall: 36.59
Fall: 36.64
Fall: 36.69
Fall: 36.86
Fall: 36.91
Fall: 36.96
Fall: 37.12
Fall: 37.17
Fall: 37.22
Fall: 37.39
Fall: 37.44
Fall: 37.49
Fall: 37.66
Fall: 37.71
Fall: 37.76
Fall: 37.92
Fall: 37.97
Fall: 38.02
Fall: 38.18
Fall: 38.23
Fall: 38.28
Fall: 38.45
Fall: 38.50
Fall: 38.55
Fall: 38.71
Fall: 38.76
Fall: 38.81
Fall: 38.97
Fall: 39.02
Fall: 39.07
Fall: 39.24
Fall: 39.28
Fall: 39.34
Fall: 39.50
Fall: 39.55
Fall: 39.60
Fall: 39.76
Fall: 39.81
Fall: 39.86
