Rise: 66.00
7016
Rise: 66.00
7016
Rise: 66.00
7016
Rise: 66.00
7016
Rise: 67.00
7017
Rise: 67.00
7017
Rise: 67.00
7017
Rise: 67.00
7027
Rise: 77.00
7027
Rise: 77.00
7028
Rise: 78.00
7028
Rise: 78.00
7028
Rise: 78.00
7028
Rise: 78.00
7028
Rise: 88.00
7038
Rise: 88.00
7039
Rise: 89.00
7039
Rise: 89.00
7039
Rise: 89.00
7039
Rise: 89.00
7039
Rise: 89.00
7039
Rise: 99.00
7050
Rise: 100.00
7050
Rise: 100.00
7050
Rise: 100.00
7050
Rise: 100.00
7050
Rise: 100.00
7050
Rise: 100.00
7061
Rise: 111.00
7061
Rise: 111.00
7061
Rise: 111.00
7061
Rise: 111.00
7061
Rise: 111.00
7061
Rise: 111.00
7061
Rise: 122.00
7072
Rise: 122.00
7072
Rise: 122.00
7072
Rise: 122.00
7072
Rise: 122.00
7072
Rise: 122.00
7072
Rise: 133.00
7083
Rise: 133.00
7083
Rise: 133.00
7083
Rise: 133.00
7083
Rise: 133.00
7083
Rise: 133.00
7083
Rise: 133.00
7094
Rise: 144.00
7094
Rise: 144.00
7094
Rise: 144.00
7094
Rise: 144.00
7094
Rise: 144.00
7094
Rise: 144.00
7094
Rise: 220.00
7170
Rise: 220.00
7170
Rise: 220.00
7170
Rise: 220.00
7170
Rise: 220.00
7171
Rise: 221.00
7171
Rise: 221.00
7171
Rise: 231.00
7181
Rise: 231.00
7181
Rise: 231.00
7181
Rise: 232.00
7182
Rise: 232.00
7182
Rise: 232.00
7182
Rise: 232.00
7192
Rise: 242.00
7192
Rise: 242.00
7192
Rise: 242.00
7193
Rise: 243.00
7193
Rise: 243.00
7193
Rise: 243.00
7193
Rise: 318.00
7268
Rise: 318.00
7268
Rise: 318.00
7268
Rise: 318.00
7268
Rise: 318.00
7269
Rise: 319.00
7269
Rise: 319.00
7269
Rise: 329.00
7279
Rise: 329.00
7279
Rise: 329.00
7279
Rise: 330.00
7280
Rise: 330.00
7280
Rise: 330.00
7280
Rise: 330.00
7290
Rise: 340.00
7290
Rise: 340.00
7290
Rise: 341.00
7291
Rise: 341.00
7291
Rise: 341.00
7291
Rise: 341.00
7291
Rise: 416.00
7366
Rise: 416.00
7366
Rise: 416.00
7366
Rise: 416.00
7366
Rise: 416.00
7367
Rise: 417.00
7367
Rise: 417.00
7367
Rise: 427.00
7377
Rise: 427.00
7377
Rise: 427.00
7377
Rise: 428.00
7378
Rise: 428.00
7378
Rise: 428.00
7378
Rise: 428.00
7388
Rise: 438.00
7388
Rise: 438.00
7388
Rise: 439.00
7389
Rise: 439.00
7389
Rise: 439.00
7389
Rise: 439.00
7389
Rise: 524.00
7474
Rise: 524.00
7474
Rise: 524.00
7474
Rise: 524.00
7474
Rise: 524.00
7475
Rise: 525.00
7475
Rise: 525.00
7475
Rise: 535.00
7485
Rise: 535.00
7485
Rise: 535.00
7485
Rise: 536.00
7486
Rise: 536.00
7486
Rise: 536.00
7486
Rise: 536.00
7496
Rise: 546.00
7496
Rise: 546.00
7496
Rise: 547.00
7497
Rise: 547.00
7497
Rise: 547.00
7497
Rise: 547.00
7497
Rise: 632.00
7582
Rise: 632.00
7582
Rise: 632.00
7582
Rise: 632.00
7582
Rise: 632.00
7583
Rise: 633.00
7583
Rise: 633.00
7583
Rise: 643.00
7593
Rise: 643.00
7593
Rise: 643.00
7593
Rise: 644.00
7594
Rise: 644.00
7594
Rise: 644.00
7594
Rise: 644.00
7604
Rise: 654.00
7604
Rise: 654.00
7604
Rise: 655.00
7605
Rise: 655.00
7605
Rise: 655.00
7605
Rise: 655.00
7605
Rise: 737.00
7687
Rise: 737.00
7687
Rise: 737.00
7687
Rise: 737.00
7687
Rise: 738.00
7688
Rise: 738.00
7688
Rise: 738.00
7688
Rise: 748.00
7698
Rise: 748.00
7698
Rise: 748.00
7698
Rise: 749.00
7699
Rise: 749.00
7699
Rise: 749.00
7699
Rise: 749.00
7709
Rise: 759.00
7709
Rise: 759.00
7709
Rise: 760.00
7710
Rise: 760.00
7710
Rise: 760.00
7710
Rise: 760.00
7710
Rise: 770.00
7720
Rise: 770.00
7720
Rise: 771.00
7721
Rise: 771.00
7721
Rise: 771.00
7721
Rise: 771.00
7721
Rise: 781.00
7731
Rise: 781.00
7731
Rise: 782.00
7732
Rise: 782.00
7732
Rise: 782.00
7732
Rise: 782.00
7732
Rise: 782.00
7742
Rise: 792.00
7742
Rise: 793.00
7743
Rise: 793.00
7743
Rise: 793.00
7743
Rise: 793.00
7743
Rise: 793.00
7743
Rise: 868.00
7818
Rise: 868.00
7818
Rise: 868.00
7818
Rise: 868.00
7818
Rise: 868.00
7819
Rise: 869.00
7819
Rise: 869.00
7819
Rise: 879.00
7829
Rise: 879.00
7829
Rise: 879.00
7829
Rise: 879.00
7830
Rise: 880.00
7830
Rise: 880.00
7830
Rise: 880.00
7840
Rise: 890.00
7840
Rise: 890.00
7840
Rise: 890.00
7841
Rise: 891.00
7841
Rise: 891.00
7841
Rise: 891.00
7841
Rise: 966.00
7916
Rise: 966.00
7916
Rise: 966.00
7916
Rise: 966.00
7916
Rise: 966.00
7917
Rise: 967.00
7917
Rise: 967.00
7917
Rise: 977.00
7927
Rise: 977.00
7927
Rise: 977.00
7927
Rise: 978.00
7928
Rise: 978.00
7928
Rise: 978.00
7928
Rise: 978.00
7938
Rise: 988.00
7938
Rise: 988.00
7938
Rise: 988.00
7939
Rise: 989.00
7939
Rise: 989.00
7939
Rise: 989.00
7939
Rise: 1064.00
8014
Rise: 1064.00
8014
Rise: 1064.00
8014
Rise: 1064.00
8014
Rise: 1064.00
8015
Rise: 1065.00
8015
Rise: 1065.00
8025
Rise: 1075.00
8025
Rise: 1075.00
8025
Rise: 1075.00
8025
Rise: 1075.00
8026
Rise: 1076.00
8026
Rise: 1076.00
8036
Rise: 1086.00
8036
Rise: 1086.00
8036
Rise: 1086.00
8036
Rise: 1086.00
8037
Rise: 1087.00
8037
Rise: 1087.00
8037
Rise: 1170.00
8120
Rise: 1170.00
8120
Rise: 1170.00
8120
Rise: 1170.00
8120
Rise: 1170.00
8121
Rise: 1171.00
8121
Rise: 1171.00
8131
Rise: 1181.00
8131
Rise: 1181.00
8131
Rise: 1181.00
8132
Rise: 1182.00
8132
Rise: 1182.00
8132
Rise: 1182.00
8132
Rise: 1192.00
8142
Rise: 1192.00
8142
Rise: 1192.00
8143
Rise: 1193.00
8143
Rise: 1193.00
8143
Rise: 1193.00
8143
Rise: 1276.00
8226
Rise: 1276.00
8226
Rise: 1276.00
8226
Rise: 1276.00
8226
Rise: 1276.00
8227
Rise: 1277.00
8227
Rise: 1277.00
8237
Rise: 1287.00
8237
Rise: 1287.00
8237
Rise: 1287.00
8237
Rise: 1287.00
8238
Rise: 1288.00
8238
Rise: 1288.00
8248
Rise: 1298.00
8248
Rise: 1298.00
8248
Rise: 1298.00
8248
Rise: 1299.00
8249
Rise: 1299.00
8249
Rise: 1299.00
8249
Rise: 1382.00
8332
Rise: 1382.00
8332
Rise: 1382.00
8332
Rise: 1382.00
8332
Rise: 1382.00
8333
Rise: 1383.00
8333
Rise: 1383.00
8343
Rise: 1393.00
8343
Rise: 1393.00
8343
Rise: 1393.00
8343
Rise: 1393.00
8344
Rise: 1394.00
8344
Rise: 1394.00
8354
Rise: 1404.00
8354
Rise: 1404.00
8354
Rise: 1404.00
8354
Rise: 1405.00
8355
Rise: 1405.00
8355
Rise: 1405.00
8355
Rise: 1488.00
8438
Rise: 1488.00
8438
Rise: 1488.00
8438
Rise: 1488.00
8438
Rise: 1488.00
8439
Rise: 1489.00
8439
Rise: 1489.00
8449
Rise: 1499.00
8449
Rise: 1499.00
8449
Rise: 1499.00
8449
Rise: 1499.00
8450
Rise: 1500.00
8450
Rise: 1500.00
8460
Rise: 1510.00
8460
Rise: 1510.00
8460
Rise: 1510.00
8460
Rise: 1511.00
8461
Rise: 1511.00
8461
Rise: 1511.00
8461
Rise: 1592.00
8542
Rise: 1592.00
8542
Rise: 1592.00
8542
Rise: 1592.00
8542
Rise: 1592.00
8543
Rise: 1593.00
8543
Rise: 1593.00
8553
Rise: 1603.00
8553
Rise: 1603.00
8553
Rise: 1603.00
8553
Rise: 1603.00
8554
Rise: 1604.00
8554
Rise: 1604.00
8564
Rise: 1614.00
8564
Rise: 1614.00
8564
Rise: 1614.00
8564
Rise: 1615.00
8565
Rise: 1615.00
8565
Rise: 1615.00
8565
Rise: 1625.00
8575
Rise: 1625.00
8575
Rise: 1625.00
8575
Rise: 1626.00
8576
Rise: 1626.00
8576
Rise: 1626.00
8576
Rise: 1705.00
8655
Rise: 1705.00
8655
Rise: 1705.00
8655
Rise: 1705.00
8655
Rise: 1705.00
8656
Rise: 1706.00
8656
Rise: 1706.00
8666
Rise: 1716.00
8666
Rise: 1716.00
8666
Rise: 1716.00
8667
Rise: 1717.00
8667
Rise: 1717.00
8667
Rise: 1717.00
8667
Rise: 1727.00
8677
Rise: 1727.00
8677
Rise: 1727.00
8678
Rise: 1728.00
8678
Rise: 1728.00
8678
Rise: 1728.00
8678
Rise: 1738.00
8688
Rise: 1738.00
8688
Rise: 1738.00
8689
Rise: 1739.00
8689
Rise: 1739.00
8689
Rise: 1739.00
8689
Rise: 1819.00
8769
Rise: 1819.00
8769
Rise: 1819.00
8769
Rise: 1819.00
8769
Rise: 1819.00
8770
Rise: 1820.00
8770
Rise: 1820.00
8780
Rise: 1830.00
8780
Rise: 1830.00
8780
Rise: 1830.00
8781
Rise: 1831.00
8781
Rise: 1831.00
8781
Rise: 1831.00
8781
Rise: 1841.00
8791
Rise: 1841.00
8791
Rise: 1841.00
8792
Rise: 1842.00
8792
Rise: 1842.00
8792
Rise: 1842.00
8792
Rise: 1925.00
8875
Rise: 1925.00
8875
Rise: 1925.00
8875
Rise: 1925.00
8875
Rise: 1925.00
8876
Rise: 1926.00
8876
Rise: 1926.00
8886
Rise: 1936.00
8886
Rise: 1936.00
8886
Rise: 1936.00
8886
Rise: 1936.00
8887
Rise: 1937.00
8887
Rise: 1937.00
8897
Rise: 1947.00
8897
Rise: 1947.00
8897
Rise: 1947.00
8897
Rise: 1948.00
8898
Rise: 1948.00
8898
Rise: 1948.00
8898
Rise: 2032.00
8982
Rise: 2032.00
8982
Rise: 2032.00
8982
Rise: 2032.00
8982
Rise: 2032.00
8983
Rise: 2033.00
8983
Rise: 2033.00
8993
Rise: 2043.00
8993
Rise: 2043.00
8993
Rise: 2043.00
8993
Rise: 2043.00
8994
Rise: 2044.00
8994
Rise: 2044.00
9004
Rise: 2054.00
9004
Rise: 2054.00
9004
Rise: 2054.00
9004
Rise: 2055.00
9005
Rise: 2055.00
9005
Rise: 2055.00
9005
Rise: 2138.00
9088
Rise: 2138.00
9088
Rise: 2138.00
9088
Rise: 2138.00
9088
Rise: 2138.00
9089
Rise: 2139.00
9089
Rise: 2139.00
9099
Rise: 2149.00
9099
Rise: 2149.00
9099
Rise: 2149.00
9099
Rise: 2149.00
9100
Rise: 2150.00
9100
Rise: 2150.00
9110
Rise: 2160.00
9110
Rise: 2160.00
9110
Rise: 2160.00
9110
Rise: 2161.00
9111
Rise: 2161.00
9111
Rise: 2161.00
9111
Rise: 2242.00
9192
Rise: 2242.00
9192
Rise: 2242.00
9192
Rise: 2242.00
9192
Rise: 2242.00
9193
Rise: 2243.00
9193
Rise: 2243.00
9203
Rise: 2253.00
9203
Rise: 2253.00
9203
Rise: 2253.00
9203
Rise: 2253.00
9204
Rise: 2254.00
9204
Rise: 2254.00
9214
Rise: 2264.00
9214
Rise: 2264.00
9214
Rise: 2264.00
9214
Rise: 2265.00
9215
Rise: 2265.00
9215
Rise: 2265.00
9215
Rise: 2346.00
9296
Rise: 2346.00
9296
Rise: 2346.00
9296
Rise: 2346.00
9296
Rise: 2347.00
9297
Rise: 2347.00
9297
Rise: 2347.00
9307
Rise: 2357.00
9307
Rise: 2357.00
9307
Rise: 2357.00
9308
Rise: 2358.00
9308
Rise: 2358.00
9308
Rise: 2358.00
9308
Rise: 2368.00
9318
Rise: 2368.00
9318
Rise: 2368.00
9319
Rise: 2369.00
9319
Rise: 2369.00
9319
Rise: 2369.00
9319
Rise: 2379.00
9329
Rise: 2379.00
9329
Rise: 2379.00
9330
Rise: 2380.00
9330
Rise: 2380.00
9330
Rise: 2380.00
9330
Rise: 2390.00
9340
Rise: 2390.00
9340
Rise: 2391.00
9341
Rise: 2391.00
9341
Rise: 2391.00
9341
Rise: 2391.00
9341
