Rise: 1.68
Rise: 1.82
Rise: 1.87
Rise: 1.92
Rise: 2.09
Rise: 2.14
Rise: 2.19
Rise: 2.35
Rise: 2.40
Rise: 2.45
Rise: 2.62
Rise: 2.66
Rise: 2.71
Rise: 2.88
Rise: 2.93
Rise: 2.98
Rise: 3.14
Rise: 3.19
Rise: 3.24
Rise: 3.40
Rise: 3.45
Rise: 3.50
Rise: 3.67
Rise: 3.72
Rise: 3.77
Rise: 3.93
Rise: 3.98
Rise: 4.04
Rise: 4.20
Rise: 4.25
Rise: 4.30
Rise: 4.46
Rise: 4.51
Rise: 4.56
Rise: 4.72
Rise: 4.77
Rise: 4.82
Rise: 4.99
Rise: 5.04
Rise: 5.09
Rise: 5.25
Rise: 5.30
Rise: 5.35
Rise: 5.51
Rise: 5.56
Rise: 5.61
Rise: 5.78
Rise: 5.83
Rise: 5.88
Rise: 6.04
Rise: 6.09
Rise: 6.14
Rise: 6.30
Rise: 6.35
Rise: 6.40
Rise: 6.56
Rise: 6.61
Rise: 6.66
Rise: 6.83
Rise: 6.88
Rise: 6.93
Rise: 7.09
Rise: 7.14
Rise: 7.20
Rise: 7.36
Rise: 7.41
Rise: 7.46
Rise: 7.63
Rise: 7.68
Rise: 7.73
Rise: 7.89
Rise: 7.94
Rise: 7.99
Rise: 8.16
Rise: 8.21
Rise: 8.26
Rise: 8.42
Rise: 8.47
Rise: 8.52
Rise: 8.68
Rise: 8.73
Rise: 8.78
Rise: 8.94
Rise: 8.99
Rise: 9.04
Rise: 9.21
Rise: 9.26
Rise: 9.31
Rise: 9.47
Rise: 9.52
Rise: 9.57
Rise: 9.74
Rise: 9.79
Rise: 9.84
Rise: 10.00
Rise: 10.05
Rise: 10.10
Rise: 10.26
Rise: 10.31
Rise: 10.36
Rise: 10.53
Rise: 10.58
Rise: 10.63
Rise: 10.79
Rise: 10.84
Rise: 10.89
Rise: 11.05
Rise: 11.10
Rise: 11.15
Rise: 11.31
Rise: 11.36
Rise: 11.41
Rise: 11.57
Rise: 11.62
Rise: 11.67
Rise: 11.84
Rise: 11.89
Rise: 11.94
Rise: 12.10
Rise: 12.15
Rise: 12.20
Rise: 12.36
Rise: 12.41
Rise: 12.46
Rise: 12.63
Rise: 12.68
Rise: 12.73
Rise: 12.89
Rise: 12.94
Rise: 12.99
Rise: 13.15
Rise: 13.20
Rise: 13.25
Rise: 13.41
Rise: 13.47
Rise: 13.52
Rise: 13.68
Rise: 13.73
Rise: 13.78
Rise: 13.94
Rise: 13.99
Rise: 14.04
Rise: 14.20
Rise: 14.25
Rise: 14.30
Rise: 14.47
Rise: 14.52
Rise: 14.57
Rise: 14.73
Rise: 14.78
Rise: 14.83
Rise: 15.00
Rise: 15.05
Rise: 15.10
Rise: 15.26
Rise: 15.31
Rise: 15.36
Rise: 15.53
Rise: 15.58
Rise: 15.63
Rise: 15.79
Rise: 15.84
Rise: 15.89
Rise: 16.05
Rise: 16.10
Rise: 16.15
Rise: 16.31
Rise: 16.36
Rise: 16.41
Rise: 16.57
Rise: 16.62
Rise: 16.67
Rise: 16.83
Rise: 16.88
Rise: 16.93
Rise: 17.10
Rise: 17.15
Rise: 17.20
Rise: 17.36
Rise: 17.41
Rise: 17.46
Rise: 17.63
Rise: 17.68
Rise: 17.73
Rise: 17.89
Rise: 17.94
Rise: 17.99
Rise: 18.16
Rise: 18.20
Rise: 18.25
Rise: 18.42
Rise: 18.47
Rise: 18.52
Rise: 18.68
Rise: 18.73
Rise: 18.78
Rise: 18.94
Rise: 18.99
Rise: 19.04
Rise: 19.20
Rise: 19.25
Rise: 19.30
Rise: 19.47
Rise: 19.52
Rise: 19.57
Rise: 19.73
Rise: 19.78
Rise: 19.83
Rise: 19.99
Rise: 20.04
Rise: 20.09
Rise: 20.25
Rise: 20.30
Rise: 20.35
Rise: 20.52
Rise: 20.57
Rise: 20.62
Rise: 20.78
Rise: 20.83
Rise: 20.88
Rise: 21.05
Rise: 21.09
Rise: 21.14
Rise: 21.31
Rise: 21.36
Rise: 21.41
Rise: 21.57
Rise: 21.62
Rise: 21.67
Rise: 21.84
Rise: 21.89
Rise: 21.94
Rise: 22.10
Rise: 22.15
Rise: 22.20
Rise: 22.37
Rise: 22.42
Rise: 22.47
Rise: 22.63
Rise: 22.68
Rise: 22.73
Rise: 22.89
Rise: 22.94
Rise: 22.99
Rise: 23.16
Rise: 23.21
Rise: 23.26
Rise: 23.42
Rise: 23.47
Rise: 23.52
Rise: 23.68
Rise: 23.73
Rise: 23.78
Rise: 23.95
Rise: 24.00
Rise: 24.05
Rise: 24.21
Rise: 24.26
Rise: 24.32
Rise: 24.48
Rise: 24.53
Rise: 24.58
Rise: 24.75
Rise: 24.80
Rise: 24.84
Rise: 25.01
Rise: 25.06
Rise: 25.11
Rise: 25.27
Rise: 25.32
Rise: 25.37
Rise: 25.54
Rise: 25.59
Rise: 25.64
Rise: 25.80
Rise: 25.85
Rise: 25.90
Rise: 26.06
Rise: 26.11
Rise: 26.16
Rise: 26.33
Rise: 26.38
Rise: 26.43
Rise: 26.59
Rise: 26.64
Rise: 26.69
Rise: 26.86
Rise: 26.91
Rise: 26.96
Rise: 27.12
Rise: 27.17
Rise: 27.22
Rise: 27.38
Rise: 27.43
Rise: 27.48
Rise: 27.65
Rise: 27.70
Rise: 27.75
Rise: 27.91
Rise: 27.96
Rise: 28.01
Rise: 28.17
Rise: 28.22
Rise: 28.27
Rise: 28.43
Rise: 28.48
Rise: 28.53
Rise: 28.70
Rise: 28.75
Rise: 28.80
Rise: 28.96
Rise: 29.01
Rise: 29.06
Rise: 29.23
Rise: 29.28
Rise: 29.33
Rise: 29.49
Rise: 29.54
Rise: 29.59
Rise: 29.75
Rise: 29.80
Rise: 29.85
Rise: 30.01
Rise: 30.06
Rise: 30.11
Rise: 30.28
Rise: 30.33
Rise: 30.38
Rise: 30.54
Rise: 30.59
Rise: 30.64
Rise: 30.80
Rise: 30.85
Rise: 30.90
Rise: 31.06
Rise: 31.11
Rise: 31.16
Rise: 31.32
Rise: 31.37
Rise: 31.42
Rise: 31.59
Rise: 31.64
Rise: 31.69
Rise: 31.85
Rise: 31.90
Rise: 31.95
Rise: 32.12
Rise: 32.17
Rise: 32.22
Rise: 32.38
Rise: 32.43
Rise: 32.48
Rise: 32.64
Rise: 32.69
Rise: 32.74
Rise: 32.91
Rise: 32.96
Rise: 33.01
Rise: 33.17
Rise: 33.22
Rise: 33.27
Rise: 33.43
Rise: 33.48
Rise: 33.53
Rise: 33.70
Rise: 33.75
Rise: 33.80
Rise: 33.96
Rise: 34.01
Rise: 34.06
Rise: 34.23
Rise: 34.28
Rise: 34.33
Rise: 34.49
Rise: 34.54
Rise: 34.59
Rise: 34.76
Rise: 34.81
Rise: 34.86
Rise: 35.02
Rise: 35.07
Rise: 35.12
Rise: 35.28
Rise: 35.33
Rise: 35.38
Rise: 35.55
Rise: 35.60
Rise: 35.65
Rise: 35.81
Rise: 35.86
Rise: 35.91
Rise: 36.07
Rise: 36.12
Rise: 36.17
Rise: 36.34
Rise: 36.39
Rise: 36.44
Rise: 36.60
Rise: 36.65
Rise: 36.70
Rise: 36.86
Rise: 36.91
Rise: 36.96
Rise: 37.12
Rise: 37.17
Rise: 37.22
Rise: 37.38
Rise: 37.43
Rise: 37.48
Rise: 37.65
Rise: 37.70
Rise: 37.75
Rise: 37.91
Rise: 37.96
Rise: 38.01
Rise: 38.17
Rise: 38.22
Rise: 38.27
Rise: 38.44
Rise: 38.49
Rise: 38.53
Rise: 38.70
Rise: 38.75
Rise: 38.80
Rise: 38.96
Rise: 39.01
Rise: 39.06
Rise: 39.22
Rise: 39.27
Rise: 39.32
Rise: 39.49
Rise: 39.54
Rise: 39.59
Rise: 39.75
Rise: 39.80
Rise: 39.85
