50.00
50.00
200000.00
40000.00
50.00
50.00
200000.00
40000.00
50.00
50.00
200000.00
40000.00
50.00
50.00
200000.00
40000.00
50.00
50.00
200000.00
40000.00
50.00
50.00
200000.00
40000.00
50.00
50.00
200000.00
40000.00
50.00
50.00
200000.00
40000.00
50.00
50.00
200000.00
40000.00
50.00
50.00
200000.00
40000.00
50.00
50.00
200000.00
40000.00
50.00
50.00
200000.00
40000.00
50.00
50.00
200000.00
40000.00
50.00
50.00
200000.00
40000.00
50.00
50.00
200000.00
40000.00
50.00
50.00
200000.00
40000.00
50.00
50.00
200000.00
40000.00
50.00
50.00
200000.00
40000.00
50.00
50.00
200000.00
40000.00
50.00
50.00
200000.00
40000.00
50.00
50.00
200000.00
40000.00
50.00
50.00
200000.00
40000.00
50.00
50.00
200000.00
40000.00
50.00
50.00
200000.00
40000.00
50.00
50.00
200000.00
40000.00
50.00
50.00
200000.00
40000.00
50.00
50.00
200000.00
40000.00
50.00
50.00
200000.00
40000.00
50.00
50.00
200000.00
40000.00
50.00
50.00
200000.00
40000.00
50.00
50.00
200000.00
40000.00
50.00
50.00
200000.00
40000.00
50.00
50.00
200000.00
40000.00
50.00
50.00
200000.00
40000.00
50.00
50.00
200000.00
40000.00
50.00
50.00
200000.00
40000.00
50.00
50.00
200000.00
40000.00
50.00
50.00
200000.00
40000.00
50.00
50.00
200000.00
40000.00
50.00
50.00
200000.00
40000.00
50.00
50.00
200000.00
40000.00
50.00
50.00
200000.00
40000.00
50.00
50.00
200000.00
40000.00
50.00
50.00
200000.00
40000.00
50.00
50.00
200000.00
40000.00
50.00
50.00
200000.00
40000.00
50.00
50.00
200000.00
40000.00
50.00
50.00
200000.00
40000.00
50.00
50.00
200000.00
40000.00
50.00
50.00
200000.00
40000.00
50.00
50.00
200000.00
40000.00
50.00
50.00
200000.00
40000.00
50.00
50.00
200000.00
40000.00
Rise: 0.09
Rise: 0.20
Rise: 0.30
Rise: 0.41
Rise: 0.51
Rise: 0.62
Rise: 0.71
Rise: 0.82
Rise: 0.91
Rise: 1.01
Rise: 1.12
Rise: 1.22
Rise: 1.32
Rise: 1.42
Rise: 1.52
Rise: 1.62
Rise: 1.72
Rise: 1.83
Rise: 1.93
Rise: 2.04
Rise: 2.14
Rise: 2.24
Rise: 2.34
Rise: 2.44
Rise: 2.54
Rise: 2.65
Rise: 2.75
Rise: 2.85
Rise: 2.95
Rise: 3.05
Rise: 3.15
Rise: 3.25
Rise: 3.35
Rise: 3.46
Rise: 3.56
Rise: 3.66
Rise: 3.77
Rise: 3.87
Rise: 3.98
Rise: 4.08
Rise: 4.18
Rise: 4.29
Rise: 4.39
Rise: 4.49
Rise: 4.59
Rise: 4.69
Rise: 4.79
Rise: 4.89
Rise: 4.99
Rise: 5.09
Rise: 5.19
Rise: 5.29
Rise: 5.39
Rise: 5.50
Rise: 5.60
Rise: 5.70
Rise: 5.80
Rise: 5.89
Rise: 6.00
Rise: 6.11
Rise: 6.21
Rise: 6.31
Rise: 6.41
Rise: 6.52
Rise: 6.57
Rise: 6.62
Rise: 6.67
Rise: 6.72
Rise: 6.77
Rise: 6.83
Rise: 6.88
Rise: 6.93
Rise: 6.98
Rise: 7.03
Rise: 7.08
Rise: 7.13
Rise: 7.18
Rise: 7.23
Rise: 7.28
Rise: 7.33
Rise: 7.39
Rise: 7.44
Rise: 7.49
Rise: 7.54
Rise: 7.59
Rise: 7.64
Rise: 7.69
Rise: 7.74
Rise: 7.86
Rise: 7.91
Rise: 7.96
Rise: 8.01
Rise: 8.12
Rise: 8.17
Rise: 8.22
Rise: 8.27
Rise: 8.38
Rise: 8.43
Rise: 8.48
Rise: 8.53
Rise: 8.64
Rise: 8.69
Rise: 8.74
Rise: 8.79
Rise: 8.91
Rise: 8.96
Rise: 9.01
Rise: 9.06
Rise: 9.17
Rise: 9.22
Rise: 9.27
Rise: 9.32
Rise: 9.44
Rise: 9.49
Rise: 9.54
Rise: 9.59
Rise: 9.70
Rise: 9.75
Rise: 9.80
Rise: 9.85
Rise: 9.97
Rise: 10.02
Rise: 10.07
Rise: 10.12
Rise: 10.23
Rise: 10.28
Rise: 10.33
Rise: 10.38
Rise: 10.49
Rise: 10.54
Rise: 10.59
Rise: 10.64
Rise: 10.76
Rise: 10.81
Rise: 10.86
Rise: 10.91
Rise: 11.02
Rise: 11.07
Rise: 11.12
Rise: 11.17
Rise: 11.28
Rise: 11.33
Rise: 11.38
Rise: 11.43
Rise: 11.54
Rise: 11.59
Rise: 11.64
Rise: 11.69
Rise: 11.80
Rise: 11.86
Rise: 11.91
Rise: 11.96
Rise: 12.07
Rise: 12.12
Rise: 12.17
Rise: 12.22
Rise: 12.34
Rise: 12.39
Rise: 12.44
Rise: 12.49
Rise: 12.60
Rise: 12.65
Rise: 12.70
Rise: 12.75
Rise: 12.86
Rise: 12.91
Rise: 12.97
Rise: 13.02
Rise: 13.13
Rise: 13.18
Rise: 13.23
Rise: 13.28
Rise: 13.39
Rise: 13.44
Rise: 13.49
Rise: 13.54
Rise: 13.65
Rise: 13.70
Rise: 13.75
Rise: 13.80
Rise: 13.92
Rise: 13.97
Rise: 14.02
Rise: 14.07
Rise: 14.18
Rise: 14.23
Rise: 14.28
Rise: 14.33
Rise: 14.45
Rise: 14.50
Rise: 14.55
Rise: 14.60
Rise: 14.71
Rise: 14.76
Rise: 14.81
Rise: 14.86
Rise: 14.97
Rise: 15.02
Rise: 15.07
Rise: 15.12
Rise: 15.23
Rise: 15.29
Rise: 15.34
Rise: 15.39
Rise: 15.50
Rise: 15.55
Rise: 15.60
Rise: 15.65
Rise: 15.76
Rise: 15.81
Rise: 15.86
Rise: 15.91
Rise: 16.03
Rise: 16.08
Rise: 16.13
Rise: 16.18
Rise: 16.29
Rise: 16.34
Rise: 16.39
Rise: 16.44
Rise: 16.56
Rise: 16.61
Rise: 16.66
Rise: 16.71
Rise: 16.82
Rise: 16.87
Rise: 16.92
Rise: 16.98
Rise: 17.09
Rise: 17.14
Rise: 17.19
Rise: 17.24
Rise: 17.35
Rise: 17.40
Rise: 17.45
Rise: 17.50
Rise: 17.62
Rise: 17.67
Rise: 17.72
Rise: 17.77
Rise: 17.88
Rise: 17.93
Rise: 17.98
Rise: 18.03
Rise: 18.14
Rise: 18.19
Rise: 18.24
Rise: 18.29
Rise: 18.41
Rise: 18.46
Rise: 18.51
Rise: 18.56
Rise: 18.67
Rise: 18.72
Rise: 18.77
Rise: 18.82
Rise: 18.93
Rise: 18.98
Rise: 19.03
Rise: 19.08
Rise: 19.20
Rise: 19.25
Rise: 19.30
Rise: 19.35
Rise: 19.46
Rise: 19.51
Rise: 19.56
Rise: 19.61
Rise: 19.72
Rise: 19.77
Rise: 19.82
Rise: 19.87
Rise: 19.98
Fall: 20.03
Fall: 20.08
Fall: 20.14
Fall: 20.24
Fall: 20.30
Fall: 20.34
Fall: 20.39
Fall: 20.50
Fall: 20.56
Fall: 20.61
Fall: 20.66
Fall: 20.76
Fall: 20.82
Fall: 20.87
Fall: 20.92
Fall: 21.03
Fall: 21.08
Fall: 21.13
Fall: 21.18
Fall: 21.29
Fall: 21.34
Fall: 21.39
Fall: 21.44
Fall: 21.55
Fall: 21.60
Fall: 21.66
Fall: 21.70
Fall: 21.82
Fall: 21.87
Fall: 21.92
Fall: 21.97
Fall: 22.08
Fall: 22.13
Fall: 22.18
Fall: 22.23
Fall: 22.35
Fall: 22.40
Fall: 22.45
Fall: 22.50
Fall: 22.61
Fall: 22.66
Fall: 22.71
Fall: 22.76
Fall: 22.87
Fall: 22.92
Fall: 22.97
Fall: 23.02
Fall: 23.13
Fall: 23.18
Fall: 23.23
Fall: 23.28
Fall: 23.40
Fall: 23.45
Fall: 23.50
Fall: 23.55
Fall: 23.66
Fall: 23.71
Fall: 23.76
Fall: 23.81
Fall: 23.92
Fall: 23.98
Fall: 24.03
Fall: 24.08
Fall: 24.19
Fall: 24.24
Fall: 24.29
Fall: 24.34
Fall: 24.45
Fall: 24.50
Fall: 24.55
Fall: 24.60
Fall: 24.71
Fall: 24.77
Fall: 24.82
Fall: 24.87
Fall: 24.98
Fall: 25.03
Fall: 25.08
Fall: 25.13
Fall: 25.24
Fall: 25.30
Fall: 25.34
Fall: 25.39
Fall: 25.51
Fall: 25.56
Fall: 25.61
Fall: 25.66
Fall: 25.77
Fall: 25.82
Fall: 25.87
Fall: 25.92
Fall: 26.03
Fall: 26.08
Fall: 26.14
Fall: 26.18
Fall: 26.29
Fall: 26.34
Fall: 26.39
Fall: 26.44
Fall: 26.56
Fall: 26.61
Fall: 26.66
Fall: 26.71
Fall: 26.82
Fall: 26.87
Fall: 26.92
Fall: 26.97
Fall: 27.08
Fall: 27.13
Fall: 27.18
Fall: 27.23
Fall: 27.34
Fall: 27.40
Fall: 27.45
Fall: 27.50
Fall: 27.61
Fall: 27.66
Fall: 27.71
Fall: 27.76
Fall: 27.87
Fall: 27.92
Fall: 27.97
Fall: 28.02
Fall: 28.14
Fall: 28.19
Fall: 28.24
Fall: 28.29
Fall: 28.40
Fall: 28.45
Fall: 28.50
Fall: 28.55
Fall: 28.66
Fall: 28.71
Fall: 28.76
Fall: 28.81
Fall: 28.92
Fall: 28.97
Fall: 29.02
Fall: 29.07
Fall: 29.18
Fall: 29.23
Fall: 29.28
Fall: 29.33
Fall: 29.45
Fall: 29.50
Fall: 29.55
Fall: 29.60
Fall: 29.71
Fall: 29.76
Fall: 29.81
Fall: 29.86
Fall: 29.97
Fall: 30.02
Fall: 30.07
Fall: 30.12
Fall: 30.23
Fall: 30.28
Fall: 30.33
Fall: 30.38
Fall: 30.50
Fall: 30.55
Fall: 30.60
Fall: 30.65
Fall: 30.75
Fall: 30.81
Fall: 30.86
Fall: 30.91
Fall: 31.02
Fall: 31.07
Fall: 31.12
Fall: 31.17
Fall: 31.28
Fall: 31.33
Fall: 31.38
Fall: 31.43
Fall: 31.55
Fall: 31.60
Fall: 31.65
Fall: 31.70
Fall: 31.81
Fall: 31.86
Fall: 31.91
Fall: 31.96
Fall: 32.07
Fall: 32.12
Fall: 32.17
Fall: 32.22
Fall: 32.34
Fall: 32.39
Fall: 32.44
Fall: 32.49
Fall: 32.60
Fall: 32.65
Fall: 32.70
Fall: 32.75
Fall: 32.86
Fall: 32.91
Fall: 32.96
Fall: 33.01
Fall: 33.13
Fall: 33.18
Fall: 33.23
Fall: 33.28
Fall: 33.39
Fall: 33.44
Fall: 33.49
Fall: 33.54
Fall: 33.65
Fall: 33.71
Fall: 33.76
Fall: 33.81
Fall: 33.92
Fall: 33.97
Fall: 34.02
Fall: 34.07
Fall: 34.18
Fall: 34.23
Fall: 34.28
Fall: 34.33
Fall: 34.45
Fall: 34.50
Fall: 34.55
Fall: 34.60
Fall: 34.71
Fall: 34.76
Fall: 34.81
Fall: 34.86
Fall: 34.97
Fall: 35.02
Fall: 35.07
Fall: 35.12
Fall: 35.24
Fall: 35.29
Fall: 35.34
Fall: 35.39
Fall: 35.50
Fall: 35.55
Fall: 35.60
Fall: 35.65
Fall: 35.77
Fall: 35.82
Fall: 35.87
Fall: 35.92
Fall: 36.03
Fall: 36.08
Fall: 36.13
Fall: 36.18
Fall: 36.29
Fall: 36.34
Fall: 36.39
Fall: 36.44
Fall: 36.56
Fall: 36.61
Fall: 36.66
Fall: 36.71
Fall: 36.82
Fall: 36.87
Fall: 36.92
Fall: 36.97
Fall: 37.08
Fall: 37.13
Fall: 37.18
Fall: 37.23
Fall: 37.35
Fall: 37.40
Fall: 37.45
Fall: 37.50
Fall: 37.61
Fall: 37.66
Fall: 37.71
Fall: 37.76
Fall: 37.87
Fall: 37.92
Fall: 37.97
Fall: 38.02
Fall: 38.14
Fall: 38.19
Fall: 38.24
Fall: 38.29
Fall: 38.40
Fall: 38.45
Fall: 38.50
Fall: 38.55
Fall: 38.66
Fall: 38.71
Fall: 38.76
Fall: 38.81
Fall: 38.92
Fall: 38.97
Fall: 39.02
Fall: 39.07
Fall: 39.18
Fall: 39.23
Fall: 39.28
Fall: 39.33
Fall: 39.44
Fall: 39.50
Fall: 39.55
Fall: 39.60
Fall: 39.71
Fall: 39.76
Fall: 39.81
Fall: 39.86
Fall: 39.97

assert failed: xQueueGenericSend queue.c:832 (pxQueue->pcHead != ((void *)0) || pxQueue->u.xSemaphore.xMutexHolder == ((void *)0) || pxQueue->u.xSemaphore.xMutexHolder == xTaskGetCurrentTaskHandle())


Backtrace: 0x4037775a:0x3fca2250 0x4037aa95:0x3fca2270 0x4038028d:0x3fca2290 0x4037b2c3:0x3fca23c0 0x4200f599:0x3fca2400 0x42002f4f:0x3fca2420 0x420062f2:0x3fca2440 0x42007add:0x3fca2530 0x4200970e:0x3fca2560 0x4200b55d:0x3fca25b0 0x420026f5:0x3fca2600




ELF file SHA256: fde9c7859a4aada1

Rebooting...
ESP-ROM:esp32s3-20210327
Build:Mar 27 2021
rst:0xc (RTC_SW_CPU_RST),boot:0x8 (SPI_FAST_FLASH_BOOT)
Saved PC:0x4203a07a
SPIWP:0xee
mode:DIO, clock div:1
load:0x3fce3808,len:0x4bc
load:0x403c9700,len:0xbd8
load:0x403cc700,len:0x2a0c
entry 0x403c98d0
[  2505][E][esp32-hal-cpu.c:110] addApbChangeCallback(): duplicate func=0x4200f938 arg=0x3fc91dc4
