Rise: 1.00
Rise: 1.00
Rise: 1.00
Rise: 1.00
Rise: 1.00
Rise: 1.00
Rise: 1.00
Rise: 1.00
Rise: 1.00
Rise: 2.00
Rise: 2.00
Rise: 2.00
Rise: 2.00
Rise: 2.00
Rise: 2.00
Rise: 2.00
Rise: 2.00
Rise: 2.00
Rise: 2.00
Rise: 3.00
Rise: 3.00
Rise: 3.00
Rise: 3.00
Rise: 3.00
Rise: 3.00
Rise: 3.00
Rise: 3.00
Rise: 3.00
Rise: 3.00
Rise: 4.00
Rise: 4.00
Rise: 4.00
Rise: 4.00
Rise: 4.00
Rise: 4.00
Rise: 4.00
Rise: 4.00
Rise: 4.00
Rise: 5.00
Rise: 6.00
Rise: 6.00
Rise: 6.00
Rise: 6.00
Rise: 6.00
Rise: 6.00
Rise: 6.00
Rise: 6.00
Rise: 6.00
Rise: 6.00
Rise: 6.00
Rise: 7.00
Rise: 7.00
Rise: 7.00
Rise: 7.00
Rise: 7.00
Rise: 7.00
Rise: 7.00
Rise: 7.00
Rise: 7.00
Rise: 7.00
Rise: 7.00
Rise: 8.00
Rise: 8.00
Rise: 8.00
Rise: 8.00
Rise: 8.00
Rise: 8.00
Rise: 8.00
Rise: 8.00
Rise: 8.00
Rise: 8.00
Rise: 8.00
Rise: 9.00
Rise: 9.00
Rise: 9.00
Rise: 9.00
Rise: 9.00
Rise: 9.00
Rise: 9.00
Rise: 9.00
Rise: 9.00
Rise: 9.00
Rise: 9.00
Rise: 9.00
Rise: 10.00
Rise: 10.00
Rise: 10.00
Rise: 10.00
Rise: 10.00
Rise: 10.00
Rise: 10.00
Rise: 10.00
Rise: 10.00
Rise: 10.00
Rise: 10.00
Rise: 10.00
Rise: 11.00
Rise: 11.00
Rise: 11.00
Rise: 11.00
Rise: 11.00
Rise: 11.00
Rise: 11.00
Rise: 11.00
Rise: 11.00
Rise: 11.00
Rise: 11.00
Rise: 12.00
Rise: 12.00
Rise: 12.00
Rise: 12.00
Rise: 12.00
Rise: 12.00
Rise: 12.00
Rise: 12.00
Rise: 12.00
Rise: 12.00
Rise: 13.00
Rise: 13.00
Rise: 13.00
Rise: 13.00
Rise: 13.00
Rise: 13.00
Rise: 13.00
Rise: 13.00
Rise: 13.00
Rise: 13.00
Rise: 13.00
Rise: 13.00
Rise: 14.00
Rise: 14.00
Rise: 14.00
Rise: 14.00
Rise: 14.00
Rise: 14.00
Rise: 14.00
Rise: 14.00
Rise: 14.00
Rise: 14.00
Rise: 14.00
Rise: 14.00
Rise: 15.00
Rise: 15.00
Rise: 15.00
Rise: 15.00
Rise: 15.00
Rise: 15.00
Rise: 15.00
Rise: 15.00
Rise: 15.00
Rise: 15.00
Rise: 15.00
Rise: 16.00
Rise: 16.00
Rise: 16.00
Rise: 16.00
Rise: 16.00
Rise: 16.00
Rise: 16.00
Rise: 16.00
Rise: 16.00
Rise: 16.00
Rise: 16.00
Rise: 17.00
Rise: 17.00
Rise: 17.00
Rise: 17.00
Rise: 17.00
Rise: 17.00
Rise: 17.00
Rise: 17.00
Rise: 17.00
Rise: 17.00
Rise: 17.00
Rise: 18.00
Rise: 18.00
Rise: 18.00
Rise: 18.00
Rise: 18.00
Rise: 18.00
Rise: 18.00
Rise: 18.00
Rise: 18.00
Rise: 18.00
Rise: 19.00
Rise: 19.00
Rise: 19.00
Rise: 19.00
Rise: 19.00
Rise: 19.00
Rise: 19.00
Rise: 19.00
Rise: 19.00
Rise: 19.00
Rise: 19.00
Fall: 20.00
Fall: 20.00
Fall: 20.00
Fall: 20.00
Fall: 20.00
Fall: 20.00
Fall: 20.00
Fall: 20.00
Fall: 20.00
Fall: 20.00
Fall: 21.00
Fall: 21.00
Fall: 21.00
Fall: 21.00
Fall: 21.00
Fall: 21.00
Fall: 21.00
Fall: 21.00
Fall: 21.00
Fall: 21.00
Fall: 22.00
Fall: 22.00
Fall: 22.00
Fall: 22.00
Fall: 22.00
Fall: 22.00
Fall: 22.00
Fall: 22.00
Fall: 22.00
Fall: 22.00
Fall: 22.00
Fall: 23.00
Fall: 23.00
Fall: 23.00
Fall: 23.00
Fall: 23.00
Fall: 23.00
Fall: 23.00
Fall: 23.00
Fall: 23.00
Fall: 23.00
Fall: 23.00
Fall: 24.00
Fall: 24.00
Fall: 24.00
Fall: 24.00
Fall: 24.00
Fall: 24.00
Fall: 24.00
Fall: 24.00
Fall: 24.00
Fall: 24.00
Fall: 24.00
Fall: 24.00
Fall: 25.00
Fall: 25.00
Fall: 25.00
Fall: 25.00
Fall: 25.00
Fall: 25.00
Fall: 25.00
Fall: 25.00
Fall: 25.00
Fall: 25.00
Fall: 25.00
Fall: 25.00
Fall: 26.00
Fall: 26.00
Fall: 26.00
Fall: 26.00
Fall: 26.00
Fall: 26.00
Fall: 26.00
Fall: 26.00
Fall: 26.00
Fall: 26.00
Fall: 26.00
Fall: 27.00
Fall: 27.00
Fall: 27.00
Fall: 27.00
Fall: 27.00
Fall: 27.00
Fall: 27.00
Fall: 27.00
Fall: 27.00
Fall: 27.00
Fall: 27.00
Fall: 28.00
Fall: 28.00
Fall: 28.00
Fall: 28.00
Fall: 28.00
Fall: 28.00
Fall: 28.00
Fall: 28.00
Fall: 28.00
Fall: 28.00
Fall: 29.00
Fall: 29.00
Fall: 29.00
Fall: 29.00
Fall: 29.00
Fall: 29.00
Fall: 29.00
Fall: 29.00
Fall: 29.00
Fall: 29.00
Fall: 29.00
Fall: 30.00
Fall: 30.00
Fall: 30.00
Fall: 30.00
Fall: 30.00
Fall: 30.00
Fall: 30.00
Fall: 30.00
Fall: 30.00
Fall: 30.00
Fall: 30.00
Fall: 31.00
Fall: 31.00
Fall: 31.00
Fall: 31.00
Fall: 31.00
Fall: 31.00
Fall: 31.00
Fall: 31.00
Fall: 31.00
Fall: 31.00
Fall: 31.00
Fall: 31.00
Fall: 32.00
Fall: 32.00
Fall: 32.00
Fall: 32.00
Fall: 32.00
Fall: 32.00
Fall: 32.00
Fall: 32.00
Fall: 32.00
Fall: 32.00
Fall: 32.00
Fall: 33.00
Fall: 33.00
Fall: 33.00
Fall: 33.00
Fall: 33.00
Fall: 33.00
Fall: 33.00
Fall: 33.00
Fall: 33.00
Fall: 33.00
Fall: 33.00
Fall: 34.00
Fall: 34.00
Fall: 34.00
Fall: 34.00
Fall: 34.00
Fall: 34.00
Fall: 34.00
Fall: 34.00
Fall: 34.00
Fall: 34.00
Fall: 34.00
Fall: 35.00
Fall: 35.00
Fall: 35.00
Fall: 35.00
Fall: 35.00
Fall: 35.00
Fall: 35.00
Fall: 35.00
Fall: 35.00
Fall: 35.00
Fall: 35.00
Fall: 35.00
Fall: 36.00
Fall: 36.00
Fall: 36.00
Fall: 36.00
Fall: 36.00
Fall: 36.00
Fall: 36.00
Fall: 36.00
Fall: 36.00
Fall: 36.00
Fall: 36.00
Fall: 36.00
Fall: 37.00
Fall: 37.00
Fall: 37.00
Fall: 37.00
Fall: 37.00
Fall: 37.00
Fall: 37.00
Fall: 37.00
Fall: 37.00
Fall: 37.00
Fall: 37.00
Fall: 38.00
Fall: 38.00
Fall: 38.00
Fall: 38.00
Fall: 38.00
Fall: 38.00
Fall: 38.00
Fall: 38.00
Fall: 38.00
Fall: 38.00
Fall: 38.00
Fall: 39.00
Fall: 39.00
Fall: 39.00
Fall: 39.00
Fall: 39.00
Fall: 39.00
Fall: 39.00
Fall: 39.00
Fall: 39.00
Fall: 39.00
Fall: 39.00
2
Fall: 40.00
Fall: 40.00
Fall: 40.00
Fall: 40.00
Fall: 40.00
Fall: 40.00
Fall: 40.00
Fall: 40.00
Fall: 40.00
Fall: 40.00
Fall: 40.00
Fall: 40.00
Fall: 41.00
Fall: 41.00
Fall: 41.00
Fall: 41.00
Fall: 41.00
Fall: 41.00
Fall: 41.00
Fall: 41.00
Fall: 41.00
Fall: 41.00
Fall: 41.00
Fall: 41.00
Fall: 42.00
Fall: 42.00
Fall: 42.00
Fall: 42.00
Fall: 42.00
Fall: 42.00
Fall: 42.00
Fall: 42.00
Fall: 42.00
Fall: 42.00
Fall: 43.00
Fall: 43.00
Fall: 43.00
Fall: 43.00
Fall: 43.00
Fall: 43.00
Fall: 43.00
Fall: 43.00
Fall: 43.00
Fall: 43.00
Fall: 43.00
Fall: 44.00
Fall: 44.00
Fall: 44.00
Fall: 44.00
Fall: 44.00
Fall: 44.00
Fall: 44.00
Fall: 44.00
Fall: 44.00
Fall: 44.00
Fall: 44.00
Fall: 44.00
Fall: 45.00
Fall: 45.00
Fall: 45.00
Fall: 45.00
Fall: 45.00
Fall: 45.00
Fall: 45.00
Fall: 45.00
Fall: 45.00
Fall: 45.00
Fall: 45.00
Fall: 45.00
Fall: 46.00
Fall: 46.00
Fall: 46.00
Fall: 46.00
Fall: 46.00
Fall: 46.00
Fall: 46.00
Fall: 46.00
Fall: 46.00
Fall: 47.00
Fall: 47.00
Fall: 47.00
Fall: 47.00
Fall: 47.00
Fall: 47.00
Fall: 47.00
Fall: 47.00
Fall: 47.00
Fall: 47.00
Fall: 47.00
Fall: 47.00
Fall: 48.00
Fall: 48.00
Fall: 48.00
Fall: 48.00
Fall: 48.00
Fall: 48.00
Fall: 48.00
Fall: 48.00
Fall: 48.00
Fall: 48.00
Fall: 48.00
Fall: 49.00
Fall: 49.00
Fall: 49.00
Fall: 49.00
Fall: 49.00
Fall: 49.00
Fall: 49.00
Fall: 49.00
Fall: 49.00
Fall: 49.00
Fall: 49.00
Fall: 50.00
Fall: 50.00
Fall: 50.00
Fall: 50.00
Fall: 50.00
Fall: 50.00
Fall: 50.00
Fall: 50.00
Fall: 50.00
Fall: 50.00
Fall: 50.00
Fall: 51.00
Fall: 51.00
Fall: 51.00
Fall: 51.00
Fall: 51.00
Fall: 51.00
Fall: 51.00
Fall: 51.00
Fall: 51.00
Fall: 51.00
Fall: 51.00
Fall: 51.00
Fall: 52.00
Fall: 52.00
Fall: 52.00
Fall: 52.00
Fall: 52.00
Fall: 52.00
Fall: 52.00
Fall: 52.00
Fall: 52.00
Fall: 52.00
Fall: 52.00
Fall: 52.00
Fall: 53.00
Fall: 53.00
Fall: 53.00
Fall: 53.00
Fall: 53.00
Fall: 53.00
Fall: 53.00
Fall: 53.00
Fall: 53.00
Fall: 53.00
Fall: 53.00
Fall: 54.00
Fall: 54.00
Fall: 54.00
Fall: 54.00
Fall: 54.00
Fall: 54.00
Fall: 54.00
Fall: 54.00
Fall: 54.00
Fall: 54.00
Fall: 55.00
Fall: 55.00
Fall: 55.00
Fall: 55.00
Fall: 55.00
Fall: 55.00
Fall: 55.00
Fall: 55.00
Fall: 55.00
Fall: 55.00
Fall: 55.00
Fall: 55.00
Fall: 56.00
Fall: 56.00
Fall: 56.00
Fall: 56.00
Fall: 56.00
Fall: 56.00
Fall: 56.00
Fall: 56.00
Fall: 56.00
Fall: 56.00
Fall: 56.00
Fall: 56.00
Fall: 57.00
Fall: 57.00
Fall: 57.00
Fall: 57.00
Fall: 57.00
Fall: 57.00
Fall: 57.00
Fall: 57.00
Fall: 57.00
Fall: 58.00
Fall: 58.00
Fall: 58.00
Fall: 58.00
Fall: 58.00
Fall: 58.00
Fall: 58.00
Fall: 58.00
Fall: 58.00
Fall: 58.00
Fall: 58.00
Fall: 58.00
Fall: 59.00
Fall: 59.00
Fall: 59.00
Fall: 59.00
Fall: 59.00
Fall: 59.00
Fall: 59.00
Fall: 59.00
Fall: 59.00
Fall: 59.00
Fall: 59.00
Fall: 60.00
Fall: 60.00
Fall: 60.00
Fall: 60.00
Fall: 60.00
Fall: 60.00
Fall: 60.00
Fall: 60.00
Fall: 60.00
Fall: 60.00
Fall: 60.00
Fall: 61.00
Fall: 61.00
Fall: 61.00
Fall: 61.00
Fall: 61.00
Fall: 61.00
Fall: 61.00
Fall: 61.00
Fall: 61.00
Fall: 61.00
Fall: 61.00
Fall: 62.00
Fall: 62.00
Fall: 62.00
Fall: 62.00
Fall: 62.00
Fall: 62.00
Fall: 62.00
Fall: 62.00
Fall: 62.00
Fall: 62.00
Fall: 63.00
Fall: 63.00
Fall: 63.00
Fall: 63.00
Fall: 63.00
Fall: 63.00
Fall: 63.00
Fall: 63.00
Fall: 63.00
Fall: 63.00
Fall: 63.00
Fall: 64.00
Fall: 64.00
Fall: 64.00
Fall: 64.00
Fall: 64.00
Fall: 64.00
Fall: 64.00
Fall: 64.00
Fall: 64.00
Fall: 64.00
Fall: 64.00
Fall: 64.00
Fall: 65.00
Fall: 65.00
Fall: 65.00
Fall: 65.00
Fall: 65.00
Fall: 65.00
Fall: 65.00
Fall: 65.00
Fall: 65.00
Fall: 65.00
Fall: 65.00
Fall: 66.00
Fall: 66.00
Fall: 66.00
Fall: 66.00
Fall: 66.00
Fall: 66.00
Fall: 66.00
Fall: 66.00
Fall: 66.00
Fall: 66.00
Fall: 66.00
Fall: 67.00
Fall: 67.00
Fall: 67.00
Fall: 67.00
Fall: 67.00
Fall: 67.00
Fall: 67.00
Fall: 67.00
Fall: 67.00
Fall: 67.00
Fall: 67.00
Fall: 68.00
Fall: 68.00
Fall: 68.00
Fall: 68.00
Fall: 68.00
Fall: 68.00
Fall: 68.00
Fall: 68.00
Fall: 68.00
Fall: 69.00
Fall: 69.00
Fall: 69.00
Fall: 69.00
Fall: 69.00
Fall: 69.00
Fall: 69.00
Fall: 69.00
Fall: 69.00
Fall: 69.00
Fall: 69.00
Fall: 69.00
Fall: 70.00
Fall: 70.00
Fall: 70.00
Fall: 70.00
Fall: 70.00
Fall: 70.00
Fall: 70.00
Fall: 70.00
Fall: 70.00
Fall: 70.00
Fall: 71.00
Fall: 71.00
Fall: 71.00
Fall: 71.00
Fall: 71.00
Fall: 71.00
Fall: 71.00
Fall: 71.00
Fall: 71.00
Fall: 71.00
Fall: 71.00
Fall: 72.00
Fall: 72.00
Fall: 72.00
Fall: 72.00
Fall: 72.00
Fall: 72.00
Fall: 72.00
Fall: 72.00
Fall: 72.00
Fall: 72.00
Fall: 72.00
Fall: 72.00
Fall: 73.00
Fall: 73.00
Fall: 73.00
Fall: 73.00
Fall: 73.00
Fall: 73.00
Fall: 73.00
Fall: 73.00
Fall: 73.00
Fall: 73.00
Fall: 73.00
Fall: 73.00
Fall: 74.00
Fall: 74.00
Fall: 74.00
Fall: 74.00
Fall: 74.00
Fall: 74.00
Fall: 74.00
Fall: 74.00
Fall: 74.00
Fall: 74.00
Fall: 74.00
Fall: 75.00
Fall: 75.00
Fall: 75.00
Fall: 75.00
Fall: 75.00
Fall: 75.00
Fall: 75.00
Fall: 75.00
Fall: 75.00
Fall: 75.00
Fall: 75.00
Fall: 76.00
Fall: 76.00
Fall: 76.00
Fall: 76.00
Fall: 76.00
Fall: 76.00
Fall: 76.00
Fall: 76.00
Fall: 76.00
Fall: 76.00
Fall: 76.00
Fall: 77.00
Fall: 77.00
Fall: 77.00
Fall: 77.00
Fall: 77.00
Fall: 77.00
Fall: 77.00
Fall: 77.00
Fall: 77.00
Fall: 77.00
Fall: 78.00
Fall: 78.00
Fall: 78.00
Fall: 78.00
Fall: 78.00
Fall: 78.00
Fall: 78.00
Fall: 78.00
Fall: 78.00
Fall: 78.00
Fall: 78.00
Fall: 79.00
Fall: 79.00
Fall: 79.00
Fall: 79.00
Fall: 79.00
Fall: 79.00
Fall: 79.00
Fall: 79.00
Fall: 79.00
Fall: 79.00
Fall: 79.00
Fall: 79.00
3
Fall: 80.00
Fall: 80.00
Fall: 80.00
Fall: 80.00
Fall: 80.00
Fall: 80.00
Fall: 80.00
Fall: 80.00
Fall: 80.00
Fall: 80.00
Fall: 80.00
Fall: 80.00
Fall: 81.00
Fall: 81.00
Fall: 81.00
Fall: 81.00
Fall: 81.00
Fall: 81.00
Fall: 81.00
Fall: 81.00
Fall: 81.00
Fall: 81.00
Fall: 81.00
Fall: 82.00
Fall: 82.00
Fall: 82.00
Fall: 82.00
Fall: 82.00
Fall: 82.00
Fall: 82.00
Fall: 82.00
Fall: 82.00
Fall: 82.00
Fall: 83.00
Fall: 83.00
Fall: 83.00
Fall: 83.00
Fall: 83.00
Fall: 83.00
Fall: 83.00
Fall: 83.00
Fall: 83.00
Fall: 83.00
Fall: 83.00
Fall: 83.00
Fall: 84.00
Fall: 84.00
Fall: 84.00
Fall: 84.00
Fall: 84.00
Fall: 84.00
Fall: 84.00
Fall: 84.00
Fall: 84.00
Fall: 84.00
Fall: 84.00
Fall: 84.00
Fall: 85.00
Fall: 85.00
Fall: 85.00
Fall: 85.00
Fall: 85.00
Fall: 85.00
Fall: 85.00
Fall: 85.00
Fall: 85.00
Fall: 85.00
Fall: 85.00
Fall: 86.00
Fall: 86.00
Fall: 86.00
Fall: 86.00
Fall: 86.00
Fall: 86.00
Fall: 86.00
Fall: 86.00
Fall: 86.00
Fall: 86.00
Fall: 86.00
Fall: 87.00
Fall: 87.00
Fall: 87.00
Fall: 87.00
Fall: 87.00
Fall: 87.00
Fall: 87.00
Fall: 87.00
Fall: 87.00
Fall: 87.00
Fall: 87.00
Fall: 88.00
Fall: 88.00
Fall: 88.00
Fall: 88.00
Fall: 88.00
Fall: 88.00
Fall: 88.00
Fall: 88.00
Fall: 88.00
Fall: 88.00
Fall: 88.00
Fall: 88.00
Fall: 89.00
Fall: 89.00
Fall: 89.00
Fall: 89.00
Fall: 89.00
Fall: 89.00
Fall: 89.00
Fall: 89.00
Fall: 89.00
Fall: 89.00
Fall: 89.00
Fall: 89.00
Fall: 90.00
Fall: 90.00
Fall: 90.00
Fall: 90.00
Fall: 90.00
Fall: 90.00
Fall: 90.00
Fall: 90.00
Fall: 90.00
Fall: 90.00
Fall: 91.00
Fall: 91.00
Fall: 91.00
Fall: 91.00
Fall: 91.00
Fall: 91.00
Fall: 91.00
Fall: 91.00
Fall: 91.00
Fall: 91.00
Fall: 91.00
Fall: 92.00
Fall: 92.00
Fall: 92.00
Fall: 92.00
Fall: 92.00
Fall: 92.00
Fall: 92.00
Fall: 92.00
Fall: 92.00
Fall: 92.00
Fall: 92.00
Fall: 92.00
Fall: 93.00
Fall: 93.00
Fall: 93.00
Fall: 93.00
Fall: 93.00
Fall: 93.00
Fall: 93.00
Fall: 93.00
Fall: 93.00
Fall: 93.00
Fall: 93.00
Fall: 93.00
Fall: 94.00
Fall: 94.00
Fall: 94.00
Fall: 94.00
Fall: 94.00
Fall: 94.00
Fall: 94.00
Fall: 94.00
Fall: 94.00
Fall: 94.00
Fall: 94.00
Fall: 95.00
Fall: 95.00
Fall: 95.00
Fall: 95.00
Fall: 95.00
Fall: 95.00
Fall: 95.00
Fall: 95.00
Fall: 95.00
Fall: 95.00
Fall: 96.00
Fall: 96.00
Fall: 96.00
Fall: 96.00
Fall: 96.00
Fall: 96.00
Fall: 96.00
Fall: 96.00
Fall: 96.00
Fall: 96.00
Fall: 96.00
Fall: 97.00
Fall: 97.00
Fall: 97.00
Fall: 97.00
Fall: 97.00
Fall: 97.00
Fall: 97.00
Fall: 97.00
Fall: 97.00
Fall: 97.00
Fall: 97.00
Fall: 98.00
Fall: 98.00
Fall: 98.00
Fall: 98.00
Fall: 98.00
Fall: 98.00
Fall: 98.00
Fall: 98.00
Fall: 98.00
Fall: 98.00
Fall: 99.00
Fall: 99.00
Fall: 99.00
Fall: 99.00
Fall: 99.00
Fall: 99.00
Fall: 99.00
Fall: 99.00
Fall: 99.00
Fall: 99.00
Fall: 99.00
Fall: 100.00
Fall: 100.00
Fall: 100.00
Fall: 100.00
Fall: 100.00
Fall: 100.00
Fall: 100.00
Fall: 100.00
Fall: 100.00
Fall: 100.00
Fall: 100.00
Fall: 101.00
Fall: 101.00
Fall: 101.00
Fall: 101.00
Fall: 101.00
Fall: 101.00
Fall: 101.00
Fall: 101.00
Fall: 101.00
Fall: 101.00
Fall: 101.00
Fall: 101.00
Fall: 102.00
Fall: 102.00
Fall: 102.00
Fall: 102.00
Fall: 102.00
Fall: 102.00
Fall: 102.00
Fall: 102.00
Fall: 102.00
Fall: 102.00
Fall: 102.00
Fall: 102.00
Fall: 103.00
Fall: 103.00
Fall: 103.00
Fall: 103.00
Fall: 103.00
Fall: 103.00
Fall: 103.00
Fall: 103.00
Fall: 103.00
Fall: 103.00
Fall: 103.00
Fall: 104.00
Fall: 104.00
Fall: 104.00
Fall: 104.00
Fall: 104.00
Fall: 104.00
Fall: 104.00
Fall: 104.00
Fall: 104.00
Fall: 104.00
Fall: 104.00
Fall: 105.00
Fall: 105.00
Fall: 105.00
Fall: 105.00
Fall: 105.00
Fall: 105.00
Fall: 105.00
Fall: 105.00
Fall: 105.00
Fall: 105.00
Fall: 105.00
Fall: 106.00
Fall: 106.00
Fall: 106.00
Fall: 106.00
Fall: 106.00
Fall: 106.00
Fall: 106.00
Fall: 106.00
Fall: 106.00
Fall: 106.00
Fall: 107.00
Fall: 107.00
Fall: 107.00
Fall: 107.00
Fall: 107.00
Fall: 107.00
Fall: 107.00
Fall: 107.00
Fall: 107.00
Fall: 107.00
Fall: 107.00
Fall: 108.00
Fall: 108.00
Fall: 108.00
Fall: 108.00
Fall: 108.00
Fall: 108.00
Fall: 108.00
Fall: 108.00
Fall: 108.00
Fall: 108.00
Fall: 108.00
Fall: 108.00
Fall: 109.00
Fall: 109.00
Fall: 109.00
Fall: 109.00
Fall: 109.00
Fall: 109.00
Fall: 109.00
Fall: 109.00
Fall: 109.00
Fall: 109.00
Fall: 109.00
Fall: 109.00
Fall: 110.00
Fall: 110.00
Fall: 110.00
Fall: 110.00
Fall: 110.00
Fall: 110.00
Fall: 110.00
Fall: 110.00
Fall: 110.00
Fall: 110.00
Fall: 111.00
Fall: 111.00
Fall: 111.00
Fall: 111.00
Fall: 111.00
Fall: 111.00
Fall: 111.00
Fall: 111.00
Fall: 111.00
Fall: 111.00
Fall: 111.00
Fall: 112.00
Fall: 112.00
Fall: 112.00
Fall: 112.00
Fall: 112.00
Fall: 112.00
Fall: 112.00
Fall: 112.00
Fall: 112.00
Fall: 112.00
Fall: 112.00
Fall: 112.00
Fall: 113.00
Fall: 113.00
Fall: 113.00
Fall: 113.00
Fall: 113.00
Fall: 113.00
Fall: 113.00
Fall: 113.00
Fall: 113.00
Fall: 113.00
Fall: 113.00
Fall: 113.00
Fall: 114.00
Fall: 114.00
Fall: 114.00
Fall: 114.00
Fall: 114.00
Fall: 114.00
Fall: 114.00
Fall: 114.00
Fall: 114.00
Fall: 114.00
Fall: 114.00
Fall: 115.00
Fall: 115.00
Fall: 115.00
Fall: 115.00
Fall: 115.00
Fall: 115.00
Fall: 115.00
Fall: 115.00
Fall: 115.00
Fall: 115.00
Fall: 115.00
Fall: 116.00
Fall: 116.00
Fall: 116.00
Fall: 116.00
Fall: 116.00
Fall: 116.00
Fall: 116.00
Fall: 116.00
Fall: 116.00
Fall: 116.00
Fall: 116.00
Fall: 117.00
Fall: 117.00
Fall: 117.00
Fall: 117.00
Fall: 117.00
Fall: 117.00
Fall: 117.00
Fall: 117.00
Fall: 117.00
Fall: 117.00
Fall: 117.00
Fall: 117.00
Fall: 118.00
Fall: 118.00
Fall: 118.00
Fall: 118.00
Fall: 118.00
Fall: 118.00
Fall: 118.00
Fall: 118.00
Fall: 118.00
Fall: 118.00
Fall: 118.00
Fall: 118.00
Fall: 119.00
Fall: 119.00
Fall: 119.00
Fall: 119.00
Fall: 119.00
Fall: 119.00
Fall: 119.00
Fall: 119.00
Fall: 119.00
Fall: 119.00
4
Fall: 120.00
Fall: 120.00
Fall: 120.00
Fall: 120.00
Fall: 120.00
Fall: 120.00
Fall: 120.00
Fall: 120.00
Fall: 120.00
Fall: 120.00
Fall: 121.00
Fall: 121.00
Fall: 121.00
Fall: 121.00
Fall: 121.00
Fall: 121.00
Fall: 121.00
Fall: 121.00
Fall: 121.00
Fall: 121.00
Fall: 121.00
Fall: 122.00
Fall: 122.00
Fall: 122.00
Fall: 122.00
Fall: 122.00
Fall: 122.00
Fall: 122.00
Fall: 122.00
Fall: 122.00
Fall: 122.00
Fall: 122.00
Fall: 123.00
Fall: 123.00
Fall: 123.00
Fall: 123.00
Fall: 123.00
Fall: 123.00
Fall: 123.00
Fall: 123.00
Fall: 123.00
Fall: 123.00
Fall: 123.00
Fall: 123.00
Fall: 124.00
Fall: 124.00
Fall: 124.00
Fall: 124.00
Fall: 124.00
Fall: 124.00
Fall: 124.00
Fall: 124.00
Fall: 124.00
Fall: 124.00
Fall: 124.00
Fall: 124.00
Fall: 125.00
Fall: 125.00
Fall: 125.00
Fall: 125.00
Fall: 125.00
Fall: 125.00
Fall: 125.00
Fall: 125.00
Fall: 125.00
Fall: 125.00
Fall: 125.00
Fall: 126.00
Fall: 126.00
Fall: 126.00
Fall: 126.00
Fall: 126.00
Fall: 126.00
Fall: 126.00
Fall: 126.00
Fall: 126.00
Fall: 126.00
Fall: 126.00
Fall: 127.00
Fall: 127.00
Fall: 127.00
Fall: 127.00
Fall: 127.00
Fall: 127.00
Fall: 127.00
Fall: 127.00
Fall: 127.00
Fall: 127.00
Fall: 127.00
Fall: 128.00
Fall: 128.00
Fall: 128.00
Fall: 128.00
Fall: 128.00
Fall: 128.00
Fall: 128.00
Fall: 128.00
Fall: 128.00
Fall: 128.00
Fall: 128.00
Fall: 128.00
Fall: 129.00
Fall: 129.00
Fall: 129.00
Fall: 129.00
Fall: 129.00
Fall: 129.00
Fall: 129.00
Fall: 129.00
Fall: 129.00
Fall: 129.00
Fall: 129.00
Fall: 129.00
Fall: 130.00
Fall: 130.00
Fall: 130.00
Fall: 130.00
Fall: 130.00
Fall: 130.00
Fall: 130.00
Fall: 130.00
Fall: 130.00
Fall: 130.00
Fall: 131.00
Fall: 131.00
Fall: 131.00
Fall: 131.00
Fall: 131.00
Fall: 131.00
Fall: 131.00
Fall: 131.00
Fall: 131.00
Fall: 131.00
Fall: 131.00
Fall: 132.00
Fall: 132.00
Fall: 132.00
Fall: 132.00
Fall: 132.00
Fall: 132.00
Fall: 132.00
Fall: 132.00
Fall: 132.00
Fall: 132.00
Fall: 132.00
Fall: 132.00
Fall: 133.00
Fall: 133.00
Fall: 133.00
Fall: 133.00
Fall: 133.00
Fall: 133.00
Fall: 133.00
Fall: 133.00
Fall: 133.00
Fall: 133.00
Fall: 133.00
Fall: 133.00
Fall: 134.00
Fall: 134.00
Fall: 134.00
Fall: 134.00
Fall: 134.00
Fall: 134.00
Fall: 134.00
Fall: 134.00
Fall: 134.00
Fall: 134.00
Fall: 134.00
Fall: 135.00
Fall: 135.00
Fall: 135.00
Fall: 135.00
Fall: 135.00
Fall: 135.00
Fall: 135.00
Fall: 135.00
Fall: 135.00
Fall: 135.00
Fall: 135.00
Fall: 136.00
Fall: 136.00
Fall: 136.00
Fall: 136.00
Fall: 136.00
Fall: 136.00
Fall: 136.00
Fall: 136.00
Fall: 136.00
Fall: 136.00
Fall: 136.00
Fall: 137.00
Fall: 137.00
Fall: 137.00
Fall: 137.00
Fall: 137.00
Fall: 137.00
Fall: 137.00
Fall: 137.00
Fall: 137.00
Fall: 137.00
Fall: 137.00
Fall: 137.00
Fall: 138.00
Fall: 138.00
Fall: 138.00
Fall: 138.00
Fall: 138.00
Fall: 138.00
Fall: 138.00
Fall: 138.00
Fall: 138.00
Fall: 139.00
Fall: 139.00
Fall: 139.00
Fall: 139.00
Fall: 139.00
Fall: 139.00
Fall: 139.00
Fall: 139.00
Fall: 139.00
Fall: 139.00
Fall: 139.00
Fall: 139.00
Fall: 140.00
Fall: 140.00
Fall: 140.00
Fall: 140.00
Fall: 140.00
Fall: 140.00
Fall: 140.00
Fall: 140.00
Fall: 140.00
Fall: 140.00
Fall: 140.00
Fall: 140.00
Fall: 141.00
Fall: 141.00
Fall: 141.00
Fall: 141.00
Fall: 141.00
Fall: 141.00
Fall: 141.00
Fall: 141.00
Fall: 141.00
Fall: 141.00
Fall: 141.00
Fall: 142.00
Fall: 142.00
Fall: 142.00
Fall: 142.00
Fall: 142.00
Fall: 142.00
Fall: 142.00
Fall: 142.00
Fall: 142.00
Fall: 142.00
Fall: 143.00
Fall: 143.00
Fall: 143.00
Fall: 143.00
Fall: 143.00
Fall: 143.00
Fall: 143.00
Fall: 143.00
Fall: 143.00
Fall: 143.00
Fall: 143.00
Fall: 143.00
Fall: 144.00
Fall: 144.00
Fall: 144.00
Fall: 144.00
Fall: 144.00
Fall: 144.00
Fall: 144.00
Fall: 144.00
Fall: 144.00
Fall: 144.00
Fall: 144.00
Fall: 144.00
Fall: 145.00
Fall: 145.00
Fall: 145.00
Fall: 145.00
Fall: 145.00
Fall: 145.00
Fall: 145.00
Fall: 145.00
Fall: 145.00
Fall: 145.00
Fall: 145.00
Fall: 146.00
Fall: 146.00
Fall: 146.00
Fall: 146.00
Fall: 146.00
Fall: 146.00
Fall: 146.00
Fall: 146.00
Fall: 146.00
Fall: 146.00
Fall: 146.00
Fall: 147.00
Fall: 147.00
Fall: 147.00
Fall: 147.00
Fall: 147.00
Fall: 147.00
Fall: 147.00
Fall: 147.00
Fall: 147.00
Fall: 147.00
Fall: 147.00
Fall: 148.00
Fall: 148.00
Fall: 148.00
Fall: 148.00
Fall: 148.00
Fall: 148.00
Fall: 148.00
Fall: 148.00
Fall: 148.00
Fall: 148.00
Fall: 148.00
Fall: 148.00
Fall: 149.00
Fall: 149.00
Fall: 149.00
Fall: 149.00
Fall: 149.00
Fall: 149.00
Fall: 149.00
Fall: 149.00
Fall: 149.00
Fall: 149.00
Fall: 149.00
Fall: 149.00
Fall: 150.00
Fall: 150.00
Fall: 150.00
Fall: 150.00
Fall: 150.00
Fall: 150.00
Fall: 150.00
Fall: 150.00
Fall: 150.00
Fall: 150.00
Fall: 150.00
Fall: 151.00
Fall: 151.00
Fall: 151.00
Fall: 151.00
Fall: 151.00
Fall: 151.00
Fall: 151.00
Fall: 151.00
Fall: 151.00
Fall: 151.00
Fall: 151.00
Fall: 152.00
Fall: 152.00
Fall: 152.00
Fall: 152.00
Fall: 152.00
Fall: 152.00
Fall: 152.00
Fall: 152.00
Fall: 152.00
Fall: 152.00
Fall: 152.00
Fall: 153.00
Fall: 153.00
Fall: 153.00
Fall: 153.00
Fall: 153.00
Fall: 153.00
Fall: 153.00
Fall: 153.00
Fall: 153.00
Fall: 153.00
Fall: 153.00
Fall: 153.00
Fall: 154.00
Fall: 154.00
Fall: 154.00
Fall: 154.00
Fall: 154.00
Fall: 154.00
Fall: 154.00
Fall: 154.00
Fall: 154.00
Fall: 154.00
Fall: 154.00
Fall: 154.00
Fall: 155.00
Fall: 155.00
Fall: 155.00
Fall: 155.00
Fall: 155.00
Fall: 155.00
Fall: 155.00
Fall: 155.00
Fall: 155.00
Fall: 155.00
Fall: 155.00
Fall: 156.00
Fall: 156.00
Fall: 156.00
Fall: 156.00
Fall: 156.00
Fall: 156.00
Fall: 156.00
Fall: 156.00
Fall: 156.00
Fall: 156.00
Fall: 157.00
Fall: 157.00
Fall: 157.00
Fall: 157.00
Fall: 157.00
Fall: 157.00
Fall: 157.00
Fall: 157.00
Fall: 157.00
Fall: 157.00
Fall: 157.00
Fall: 157.00
Fall: 158.00
Fall: 158.00
Fall: 158.00
Fall: 158.00
Fall: 158.00
Fall: 158.00
Fall: 158.00
Fall: 158.00
Fall: 158.00
Fall: 158.00
Fall: 158.00
Fall: 158.00
Fall: 159.00
Fall: 159.00
Fall: 159.00
Fall: 159.00
Fall: 159.00
Fall: 159.00
Fall: 159.00
Fall: 159.00
Fall: 159.00
Fall: 160.00
5
Fall: 160.00
Fall: 160.00
Fall: 160.00
Fall: 160.00
Fall: 160.00
Fall: 160.00
Fall: 160.00
Fall: 160.00
Fall: 160.00
Fall: 160.00
Fall: 160.00
Fall: 161.00
Fall: 161.00
Fall: 161.00
Fall: 161.00
Fall: 161.00
Fall: 161.00
Fall: 161.00
Fall: 161.00
Fall: 161.00
Fall: 161.00
Fall: 161.00
Fall: 162.00
Fall: 162.00
Fall: 162.00
Fall: 162.00
Fall: 162.00
Fall: 162.00
Fall: 162.00
Fall: 162.00
Fall: 162.00
Fall: 162.00
Fall: 162.00
Fall: 163.00
Fall: 163.00
Fall: 163.00
Fall: 163.00
Fall: 163.00
Fall: 163.00
Fall: 163.00
Fall: 163.00
Fall: 163.00
Fall: 163.00
Fall: 163.00
Fall: 164.00
Fall: 164.00
Fall: 164.00
Fall: 164.00
Fall: 164.00
Fall: 164.00
Fall: 164.00
Fall: 164.00
Fall: 164.00
Fall: 164.00
Fall: 164.00
Fall: 164.00
Fall: 165.00
Fall: 165.00
Fall: 165.00
Fall: 165.00
Fall: 165.00
Fall: 165.00
Fall: 165.00
Fall: 165.00
Fall: 165.00
Fall: 165.00
Fall: 165.00
Fall: 165.00
Fall: 166.00
Fall: 166.00
Fall: 166.00
Fall: 166.00
Fall: 166.00
Fall: 166.00
Fall: 166.00
Fall: 166.00
Fall: 166.00
Fall: 166.00
Fall: 166.00
Fall: 167.00
Fall: 167.00
Fall: 167.00
Fall: 167.00
Fall: 167.00
Fall: 167.00
Fall: 167.00
Fall: 167.00
Fall: 167.00
Fall: 167.00
Fall: 167.00
Fall: 168.00
Fall: 168.00
Fall: 168.00
Fall: 168.00
Fall: 168.00
Fall: 168.00
Fall: 168.00
Fall: 168.00
Fall: 168.00
Fall: 168.00
Fall: 168.00
Fall: 169.00
Fall: 169.00
Fall: 169.00
Fall: 169.00
Fall: 169.00
Fall: 169.00
Fall: 169.00
Fall: 169.00
Fall: 169.00
Fall: 169.00
Fall: 169.00
Fall: 169.00
Fall: 170.00
Fall: 170.00
Fall: 170.00
Fall: 170.00
Fall: 170.00
Fall: 170.00
Fall: 170.00
Fall: 170.00
Fall: 170.00
Fall: 170.00
Fall: 170.00
Fall: 171.00
Fall: 171.00
Fall: 171.00
Fall: 171.00
Fall: 171.00
Fall: 171.00
Fall: 171.00
Fall: 171.00
Fall: 171.00
Fall: 171.00
Fall: 171.00
Fall: 172.00
Fall: 172.00
Fall: 172.00
Fall: 172.00
Fall: 172.00
Fall: 172.00
Fall: 172.00
Fall: 172.00
Fall: 172.00
Fall: 172.00
Fall: 172.00
Fall: 173.00
Fall: 173.00
Fall: 173.00
Fall: 173.00
Fall: 173.00
Fall: 173.00
Fall: 173.00
Fall: 173.00
Fall: 173.00
Fall: 173.00
Fall: 173.00
Fall: 173.00
Fall: 174.00
Fall: 174.00
Fall: 174.00
Fall: 174.00
Fall: 174.00
Fall: 174.00
Fall: 174.00
Fall: 174.00
Fall: 174.00
Fall: 174.00
Fall: 174.00
Fall: 174.00
Fall: 175.00
Fall: 175.00
Fall: 175.00
Fall: 175.00
Fall: 175.00
Fall: 175.00
Fall: 175.00
Fall: 175.00
Fall: 175.00
Fall: 175.00
Fall: 175.00
Fall: 176.00
Fall: 176.00
Fall: 176.00
Fall: 176.00
Fall: 176.00
Fall: 176.00
Fall: 176.00
Fall: 176.00
Fall: 176.00
Fall: 176.00
Fall: 176.00
Fall: 177.00
Fall: 177.00
Fall: 177.00
Fall: 177.00
Fall: 177.00
Fall: 177.00
Fall: 177.00
Fall: 177.00
Fall: 177.00
Fall: 177.00
Fall: 177.00
Fall: 178.00
Fall: 178.00
Fall: 178.00
Fall: 178.00
Fall: 178.00
Fall: 178.00
Fall: 178.00
Fall: 178.00
Fall: 178.00
Fall: 178.00
Fall: 178.00
Fall: 178.00
Fall: 179.00
Fall: 179.00
Fall: 179.00
Fall: 179.00
Fall: 179.00
Fall: 179.00
Fall: 179.00
Fall: 179.00
Fall: 179.00
Fall: 179.00
Fall: 179.00
Fall: 179.00
Fall: 180.00
Fall: 180.00
Fall: 180.00
Fall: 180.00
Fall: 180.00
Fall: 180.00
Fall: 180.00
Fall: 180.00
Fall: 180.00
Fall: 180.00
Fall: 180.00
Fall: 181.00
Fall: 181.00
Fall: 181.00
Fall: 181.00
Fall: 181.00
Fall: 181.00
Fall: 181.00
Fall: 181.00
Fall: 181.00
Fall: 181.00
Fall: 181.00
Fall: 182.00
Fall: 182.00
Fall: 182.00
Fall: 182.00
Fall: 182.00
Fall: 182.00
Fall: 182.00
Fall: 182.00
Fall: 182.00
Fall: 182.00
Fall: 182.00
Fall: 183.00
Fall: 183.00
Fall: 183.00
Fall: 183.00
Fall: 183.00
Fall: 183.00
Fall: 183.00
Fall: 183.00
Fall: 183.00
Fall: 183.00
Fall: 183.00
Fall: 183.00
Fall: 184.00
Fall: 184.00
Fall: 184.00
Fall: 184.00
Fall: 184.00
Fall: 184.00
Fall: 184.00
Fall: 184.00
Fall: 184.00
Fall: 184.00
Fall: 184.00
Fall: 185.00
Fall: 185.00
Fall: 185.00
Fall: 185.00
Fall: 185.00
Fall: 185.00
Fall: 185.00
Fall: 185.00
Fall: 185.00
Fall: 185.00
Fall: 185.00
Fall: 186.00
Fall: 186.00
Fall: 186.00
Fall: 186.00
Fall: 186.00
Fall: 186.00
Fall: 186.00
Fall: 186.00
Fall: 186.00
Fall: 186.00
Fall: 186.00
Fall: 187.00
Fall: 187.00
Fall: 187.00
Fall: 187.00
Fall: 187.00
Fall: 187.00
Fall: 187.00
Fall: 187.00
Fall: 187.00
Fall: 187.00
Fall: 187.00
Fall: 187.00
Fall: 188.00
Fall: 188.00
Fall: 188.00
Fall: 188.00
Fall: 188.00
Fall: 188.00
Fall: 188.00
Fall: 188.00
Fall: 188.00
Fall: 188.00
Fall: 188.00
Fall: 188.00
Fall: 189.00
Fall: 189.00
Fall: 189.00
Fall: 189.00
Fall: 189.00
Fall: 189.00
Fall: 189.00
Fall: 189.00
Fall: 189.00
Fall: 189.00
Fall: 189.00
Fall: 190.00
Fall: 190.00
Fall: 190.00
Fall: 190.00
Fall: 190.00
Fall: 190.00
Fall: 190.00
Fall: 190.00
Fall: 190.00
Fall: 190.00
Fall: 191.00
Fall: 191.00
Fall: 191.00
Fall: 191.00
Fall: 191.00
Fall: 191.00
Fall: 191.00
Fall: 191.00
Fall: 191.00
Fall: 191.00
Fall: 191.00
Fall: 192.00
Fall: 192.00
Fall: 192.00
Fall: 192.00
Fall: 192.00
Fall: 192.00
Fall: 192.00
Fall: 192.00
Fall: 192.00
Fall: 192.00
Fall: 192.00
Fall: 193.00
Fall: 193.00
Fall: 193.00
Fall: 193.00
Fall: 193.00
Fall: 193.00
Fall: 193.00
Fall: 193.00
Fall: 193.00
Fall: 193.00
Fall: 193.00
Fall: 194.00
Fall: 194.00
Fall: 194.00
Fall: 194.00
Fall: 194.00
Fall: 194.00
Fall: 194.00
Fall: 194.00
Fall: 194.00
Fall: 194.00
Fall: 194.00
Fall: 194.00
Fall: 195.00
Fall: 195.00
Fall: 195.00
Fall: 195.00
Fall: 195.00
Fall: 195.00
Fall: 195.00
Fall: 195.00
Fall: 195.00
Fall: 195.00
Fall: 195.00
Fall: 195.00
Fall: 196.00
Fall: 196.00
Fall: 196.00
Fall: 196.00
Fall: 196.00
Fall: 196.00
Fall: 196.00
Fall: 196.00
Fall: 196.00
Fall: 196.00
Fall: 196.00
Fall: 197.00
Fall: 197.00
Fall: 197.00
Fall: 197.00
Fall: 197.00
Fall: 197.00
Fall: 197.00
Fall: 197.00
Fall: 197.00
Fall: 197.00
Fall: 198.00
Fall: 198.00
Fall: 198.00
Fall: 198.00
Fall: 198.00
Fall: 198.00
Fall: 198.00
Fall: 198.00
Fall: 198.00
Fall: 198.00
Fall: 198.00
Fall: 198.00
Fall: 199.00
Fall: 199.00
Fall: 199.00
Fall: 199.00
Fall: 199.00
Fall: 199.00
Fall: 199.00
Fall: 199.00
Fall: 199.00
Fall: 199.00
Fall: 199.00
Fall: 199.00
6
