Rise: 80.00
Rise: 100.00
Rise: 213.00
Rise: 213.00
Rise: 319.00
Rise: 319.00
Rise: 350.00
Rise: 430.00
Rise: 450.00
Rise: 538.00
Rise: 550.00
Rise: 655.00
Rise: 655.00
Rise: 765.00
Rise: 765.00
Rise: 800.00
Rise: 877.00
Rise: 900.00
Rise: 985.00
Rise: 1000.00
Rise: 1097.00
Rise: 1100.00
Rise: 1206.00
Rise: 1206.00
Rise: 1320.00
Rise: 1320.00
Rise: 1350.00
Rise: 1436.00
Rise: 1450.00
Rise: 1545.00
Rise: 1550.00
Rise: 1651.00
Rise: 1651.00
Rise: 1762.00
Rise: 1762.00
Rise: 1871.00
Rise: 1871.00
Rise: 1900.00
Rise: 1978.00
Rise: 2000.00
Rise: 2090.00
Rise: 2100.00
Rise: 2200.00
Rise: 2200.00
Rise: 2306.00
Rise: 2306.00
Rise: 2412.00
Rise: 2412.00
Rise: 2516.00
Rise: 2516.00
Rise: 2550.00
