Rise: 1.00
Rise: 251.00
Rise: 558.00
Rise: 763.00
Rise: 1064.00
Rise: 1268.00
Rise: 1572.00
Rise: 1781.00
Rise: 2001.00
Rise: 2294.00
Rise: 2501.00
Rise: 2802.00
Rise: 3006.00
Rise: 3311.00
Rise: 3515.00
Rise: 3815.00
Rise: 4016.00
Rise: 4320.00
Rise: 4518.00
Rise: 4817.00
Rise: 5041.00
Rise: 5251.00
Rise: 5549.00
Rise: 5751.00
Rise: 6051.00
Rise: 6255.00
Rise: 6501.00
Rise: 6785.00
Rise: 7001.00
Rise: 7310.00
Rise: 7520.00
Rise: 7751.00
Rise: 8052.00
Rise: 8256.00
Rise: 8501.00
Rise: 8777.00
Rise: 9001.00
Rise: 9292.00
Rise: 9501.00
Rise: 9807.00
Rise: 10015.00
Rise: 10250.00
Rise: 10532.00
Rise: 10751.00
Rise: 11055.00
Rise: 11254.00
Rise: 11553.00
Rise: 11751.00
Rise: 12066.00
Rise: 12268.00
Rise: 12501.00
Rise: 12775.00
Rise: 13001.00
Rise: 13284.00
Rise: 13501.00
Rise: 13804.00
Rise: 14001.00
Rise: 14309.00
Rise: 14523.00
Rise: 14751.00
Rise: 15033.00
Rise: 15251.00
Rise: 15545.00
Rise: 15751.00
Rise: 16049.00
Rise: 16254.00
Rise: 16558.00
Rise: 16763.00
Rise: 17069.00
Rise: 17275.00
Rise: 17501.00
Rise: 17782.00
Rise: 18001.00
Rise: 18288.00
Rise: 18501.00
Rise: 18797.00
Rise: 19005.00
Rise: 19251.00
Rise: 19500.00
Rise: 19750.00
Fall: 20000.00
Fall: 20299.00
Fall: 20562.00
Fall: 20824.00
Fall: 21000.00
Fall: 21250.00
Fall: 21500.00
Fall: 21750.00
Fall: 22000.00
Fall: 22250.00
Fall: 22500.00
Fall: 22750.00
Fall: 23001.00
Fall: 23251.00
Fall: 23501.00
Fall: 23751.00
Fall: 24001.00
Fall: 24255.00
Fall: 24519.00
Fall: 24782.00
Fall: 25047.00
Fall: 25312.00
Fall: 25500.00
Fall: 25750.00
Fall: 26000.00
Fall: 26250.00
Fall: 26500.00
Fall: 26750.00
Fall: 27000.00
Fall: 27250.00
Fall: 27500.00
Fall: 27751.00
Fall: 28001.00
Fall: 28251.00
Fall: 28501.00
Fall: 28755.00
Fall: 29023.00
Fall: 29287.00
Fall: 29550.00
Fall: 29817.00
Fall: 30000.00
Fall: 30250.00
Fall: 30500.00
Fall: 30750.00
Fall: 31000.00
Fall: 31250.00
Fall: 31500.00
Fall: 31750.00
Fall: 32000.00
Fall: 32250.00
Fall: 32501.00
Fall: 32751.00
Fall: 33001.00
Fall: 33251.00
Fall: 33501.00
Fall: 33766.00
Fall: 34027.00
Fall: 34290.00
Fall: 34555.00
Fall: 34817.00
Fall: 35000.00
Fall: 35250.00
Fall: 35500.00
Fall: 35750.00
Fall: 36000.00
Fall: 36250.00
Fall: 36500.00
Fall: 36750.00
Fall: 37000.00
Fall: 37251.00
Fall: 37501.00
Fall: 37751.00
Fall: 38001.00
Fall: 38259.00
Fall: 38528.00
Fall: 38794.00
Fall: 39066.00
Fall: 39250.00
Fall: 39500.00
Fall: 39750.00
2
Rise: 40250.00
Rise: 40500.00
Rise: 40750.00
Rise: 41000.00
Rise: 41250.00
Rise: 41501.00
Rise: 41751.00
Rise: 42001.00
Rise: 42251.00
Rise: 42501.00
Rise: 42757.00
Rise: 43021.00
Rise: 43285.00
Rise: 43551.00
Rise: 43816.00
Rise: 44000.00
Rise: 44250.00
Rise: 44500.00
Rise: 44750.00
Rise: 45000.00
Rise: 45250.00
Rise: 45500.00
Rise: 45750.00
Rise: 46000.00
Rise: 46251.00
Rise: 46501.00
Rise: 46751.00
Rise: 47001.00
Rise: 47251.00
Rise: 47506.00
Rise: 47773.00
Rise: 48036.00
Rise: 48299.00
Rise: 48565.00
Rise: 48750.00
Rise: 49000.00
Rise: 49250.00
Rise: 49500.00
Rise: 49750.00
Rise: 50000.00
Rise: 50250.00
Rise: 50500.00
Rise: 50750.00
Rise: 51001.00
Rise: 51251.00
Rise: 51501.00
Rise: 51751.00
Rise: 52001.00
Rise: 52266.00
Rise: 52530.00
Rise: 52795.00
Rise: 53059.00
Rise: 53321.00
Rise: 53500.00
Rise: 53750.00
Rise: 54000.00
Rise: 54250.00
Rise: 54500.00
Rise: 54750.00
Rise: 55000.00
Rise: 55250.00
Rise: 55500.00
Rise: 55751.00
Rise: 56001.00
Rise: 56251.00
Rise: 56501.00
Rise: 56770.00
Rise: 57034.00
Rise: 57296.00
Rise: 57557.00
Rise: 57820.00
Rise: 58000.00
Rise: 58250.00
Rise: 58500.00
Rise: 58750.00
Rise: 59000.00
Rise: 59250.00
Rise: 59500.00
Rise: 59750.00
Rise: 60000.00
Fall: 60251.00
Fall: 60501.00
Fall: 60751.00
Fall: 61001.00
Fall: 61252.00
Fall: 61513.00
Fall: 61774.00
Fall: 62045.00
Fall: 62308.00
Fall: 62573.00
Fall: 62750.00
Fall: 63000.00
Fall: 63250.00
Fall: 63500.00
Fall: 63750.00
Fall: 64000.00
Fall: 64250.00
Fall: 64500.00
Fall: 64750.00
Fall: 65001.00
Fall: 65251.00
Fall: 65501.00
Fall: 65751.00
Fall: 66011.00
Fall: 66275.00
Fall: 66538.00
Fall: 66807.00
Fall: 67072.00
Fall: 67250.00
Fall: 67500.00
Fall: 67750.00
Fall: 68000.00
Fall: 68250.00
Fall: 68500.00
Fall: 68750.00
Fall: 69000.00
Fall: 69250.00
Fall: 69501.00
Fall: 69751.00
Fall: 70001.00
Fall: 70251.00
Fall: 70508.00
Fall: 70773.00
Fall: 71038.00
Fall: 71299.00
Fall: 71566.00
Fall: 71750.00
Fall: 72000.00
Fall: 72250.00
Fall: 72500.00
Fall: 72750.00
Fall: 73000.00
Fall: 73250.00
Fall: 73500.00
Fall: 73750.00
Fall: 74000.00
Fall: 74251.00
Fall: 74501.00
Fall: 74751.00
Fall: 75004.00
Fall: 75267.00
Fall: 75530.00
Fall: 75796.00
Fall: 76061.00
Fall: 76322.00
Fall: 76500.00
Fall: 76750.00
Fall: 77000.00
Fall: 77250.00
Fall: 77500.00
Fall: 77750.00
Fall: 78000.00
Fall: 78250.00
Fall: 78500.00
Fall: 78751.00
Fall: 79001.00
Fall: 79251.00
Fall: 79501.00
Fall: 79751.00
Fall: 80011.00
3
Rise: 80542.00
Rise: 80812.00
Rise: 81000.00
Rise: 81250.00
Rise: 81500.00
Rise: 81750.00
Rise: 82000.00
Rise: 82250.00
Rise: 82500.00
Rise: 82750.00
Rise: 83000.00
Rise: 83250.00
Rise: 83500.00
Rise: 83798.00
Rise: 84001.00
