Rise: 25.00
Rise: 0.00
Rise: 122.00
Rise: 123.00
Rise: 150.00
Rise: 271.00
Rise: 272.00
Rise: 300.00
Rise: 376.00
Rise: 400.00
Rise: 479.00
Rise: 500.00
Rise: 579.00
Rise: 600.00
Rise: 685.00
Rise: 700.00
Rise: 787.00
Rise: 800.00
Rise: 891.00
Rise: 900.00
Rise: 993.00
Rise: 1000.00
Rise: 1098.00
Rise: 1100.00
Rise: 1199.00
Rise: 1200.00
Rise: 1301.00
Rise: 1302.00
Rise: 1406.00
Rise: 1407.00
Rise: 1509.00
Rise: 1510.00
Rise: 1613.00
Rise: 1614.00
Rise: 1716.00
Rise: 1717.00
Rise: 1816.00
Rise: 1817.00
Rise: 1913.00
Rise: 1914.00
Rise: 2014.00
Rise: 2015.00
Rise: 2050.00
