Rise: 128.00
Rise: 242.00
Rise: 355.00
Rise: 463.00
Rise: 573.00
Rise: 600.00
Rise: 700.00
Rise: 800.00
Rise: 900.00
Rise: 1011.00
Rise: 1126.00
Rise: 1234.00
Rise: 1339.00
Rise: 1445.00
Rise: 1556.00
Rise: 1668.00
Rise: 1700.00
Rise: 1800.00
Rise: 1900.00
Rise: 2000.00
Rise: 2110.00
Rise: 2215.00
Rise: 2329.00
Rise: 2438.00
Rise: 2543.00
Rise: 2653.00
Rise: 2765.00
Rise: 2799.00
Rise: 2900.00
Rise: 3000.00
Rise: 3102.00
Rise: 3214.00
Rise: 3325.00
Rise: 3431.00
Rise: 3541.00
Rise: 3600.00
