Rise: 67.00
Rise: 102.00
Rise: 188.00
Rise: 204.00
Rise: 291.00
Rise: 306.00
Rise: 392.00
Rise: 408.00
Rise: 494.00
Rise: 510.00
Rise: 595.00
Rise: 612.00
Rise: 696.00
Rise: 714.00
Rise: 803.00
Rise: 816.00
Rise: 909.00
Rise: 918.00
Rise: 1013.00
Rise: 1019.00
Rise: 1121.00
Rise: 1122.00
Rise: 1222.00
Rise: 1224.00
Rise: 1321.00
Rise: 1326.00
Rise: 1421.00
Rise: 1428.00
Rise: 1525.00
Rise: 1529.00
Rise: 1628.00
Rise: 1631.00
Rise: 1727.00
Rise: 1733.00
Rise: 1826.00
Rise: 1834.00
Rise: 1935.00
Rise: 1936.00
Rise: 1987.00
Rise: 2073.00
