Rise: 5423.00
Rise: 5423.00
Rise: 5450.00
Rise: 5534.00
Rise: 5550.00
Rise: 5638.00
Rise: 5650.00
Rise: 5743.00
Rise: 5750.00
Rise: 5860.00
Rise: 5860.00
Rise: 5974.00
Rise: 5974.00
Rise: 6000.00
Rise: 6079.00
Rise: 6100.00
Rise: 6184.00
Rise: 6200.00
Rise: 6293.00
Rise: 6300.00
Rise: 6406.00
Rise: 6406.00
Rise: 6513.00
Rise: 6513.00
Rise: 6620.00
Rise: 6620.00
Rise: 6650.00
Rise: 6727.00
Rise: 6750.00
Rise: 6840.00
Rise: 6850.00
Rise: 6954.00
Rise: 6954.00
Rise: 7070.00
Rise: 7070.00
Rise: 7100.00
Rise: 7180.00
Rise: 7200.00
Rise: 7296.00
Rise: 7300.00
Rise: 7411.00
Rise: 7411.00
Rise: 7524.00
Rise: 7524.00
Rise: 7550.00
Rise: 7642.00
Rise: 7650.00
Rise: 7747.00
Rise: 7750.00
Rise: 7861.00
Rise: 7861.00
Rise: 7900.00
Rise: 7977.00
Rise: 8000.00
Rise: 8083.00
Rise: 8100.00
Rise: 8197.00
Rise: 8200.00
Rise: 8307.00
Rise: 8307.00
Rise: 8350.00
