50
50
50
50
50
50
50
50
50
50
50
50
50
50
50
50
50
50
50
50
50
50
50
50
50
50
50
50
50
50
50
50
50
50
50
50
50
50
50
50
50
50
50
50
50
50
50
50
50
50
50
50
50
50
50
50
50
50
50
50
50
50
50
50
50
50
50
50
50
50
50
50
50
50
50
50
50
50
50
50
50
50
50
50
50
50
50
50
50
50
50
50
50
50
50
50
50
50
50
50
50
Rise: 0.00
Rise: 109.00
Rise: 210.00
Rise: 310.00
Rise: 413.00
Rise: 521.00
Rise: 620.00
Rise: 724.00
Rise: 828.00
Rise: 928.00
Rise: 1028.00
Rise: 1128.00
Rise: 1236.00
Rise: 1334.00
Rise: 1440.00
Rise: 1543.00
Rise: 1642.00
Rise: 1742.00
Rise: 1847.00
Rise: 1946.00
Rise: 2048.00
Rise: 2152.00
Rise: 2250.00
Rise: 2352.00
Rise: 2456.00
Rise: 2568.00
Rise: 2670.00
Rise: 2770.00
Rise: 2872.00
Rise: 2980.00
Rise: 3082.00
Rise: 3183.00
Rise: 3289.00
Rise: 3391.00
Rise: 3494.00
Rise: 3593.00
Rise: 3692.00
Rise: 3799.00
Rise: 3905.00
Rise: 4008.00
Rise: 4109.00
Rise: 4211.00
Rise: 4317.00
Rise: 4423.00
Rise: 4527.00
Rise: 4636.00
Rise: 4731.00
Rise: 4835.00
Rise: 4938.00
Rise: 5041.00
Rise: 5144.00
Rise: 5249.00
Rise: 5346.00
Rise: 5448.00
Rise: 5553.00
Rise: 5655.00
Rise: 5758.00
Rise: 5861.00
Rise: 5959.00
Rise: 6063.00
Rise: 6160.00
Rise: 6265.00
Rise: 6373.00
Rise: 6473.00
Rise: 6579.00
Rise: 6692.00
Rise: 6796.00
Rise: 6896.00
Rise: 6999.00
Rise: 7107.00
Rise: 7204.00
Rise: 7307.00
Rise: 7416.00
Rise: 7520.00
Rise: 7620.00
Rise: 7720.00
Rise: 7826.00
Rise: 7932.00
Rise: 8034.00
Rise: 8138.00
Rise: 8239.00
Rise: 8347.00
Rise: 8449.00
Rise: 8552.00
Rise: 8651.00
Rise: 8755.00
Rise: 8861.00
Rise: 8959.00
Rise: 9065.00
Rise: 9168.00
Rise: 9264.00
Rise: 9368.00
Rise: 9467.00
Rise: 9569.00
Rise: 9679.00
Rise: 9782.00
Rise: 9887.00
Rise: 9990.00
Rise: 10090.00
Rise: 10200.00
Rise: 10304.00
Rise: 10405.00
Rise: 10504.00
Rise: 10611.00
Rise: 10716.00
Rise: 10819.00
Rise: 10917.00
Rise: 11016.00
Rise: 11121.00
Rise: 11220.00
Rise: 11328.00
Rise: 11433.00
Rise: 11532.00
Rise: 11633.00
Rise: 11734.00
Rise: 11840.00
Rise: 11940.00
Rise: 12040.00
Rise: 12138.00
Rise: 12240.00
Rise: 12341.00
Rise: 12441.00
Rise: 12544.00
Rise: 12648.00
Rise: 12755.00
Rise: 12855.00
Rise: 12951.00
Rise: 13053.00
Rise: 13155.00
Rise: 13257.00
Rise: 13357.00
Rise: 13462.00
Rise: 13563.00
Rise: 13667.00
Rise: 13769.00
Rise: 13869.00
Rise: 13977.00
Rise: 14082.00
Rise: 14185.00
Rise: 14289.00
Rise: 14389.00
Rise: 14488.00
Rise: 14588.00
Rise: 14688.00
Rise: 14792.00
Rise: 14891.00
Rise: 14995.00
Rise: 15098.00
Rise: 15206.00
Rise: 15315.00
Rise: 15417.00
Rise: 15521.00
Rise: 15619.00
Rise: 15725.00
Rise: 15831.00
Rise: 15933.00
Rise: 16038.00
Rise: 16144.00
Rise: 16246.00
Rise: 16348.00
Rise: 16449.00
Rise: 16549.00
Rise: 16650.00
Rise: 16752.00
Rise: 16852.00
Rise: 16951.00
Rise: 17054.00
Rise: 17151.00
Rise: 17254.00
Rise: 17356.00
Rise: 17455.00
Rise: 17558.00
Rise: 17663.00
Rise: 17769.00
Rise: 17874.00
Rise: 17978.00
Rise: 18079.00
Rise: 18189.00
Rise: 18292.00
Rise: 18392.00
Rise: 18491.00
Rise: 18595.00
Rise: 18702.00
Rise: 18810.00
Rise: 18914.00
Rise: 19017.00
Rise: 19125.00
Rise: 19226.00
Rise: 19333.00
Rise: 19442.00
Rise: 19543.00
Rise: 19640.00
Rise: 19740.00
Rise: 19843.00
Rise: 19941.00
Rise: 20041.00
Rise: 20151.00
Rise: 20253.00
Rise: 20355.00
Rise: 20460.00
Rise: 20570.00
Rise: 20677.00
Rise: 20779.00
Rise: 20884.00
Rise: 20983.00
Rise: 21086.00
Rise: 21189.00
Rise: 21289.00
Rise: 21394.00
Rise: 21495.00
Rise: 21598.00
Rise: 21701.00
Rise: 21805.00
Rise: 21908.00
Rise: 22017.00
Rise: 22112.00
Rise: 22213.00
Rise: 22318.00
Rise: 22419.00
Rise: 22522.00
Rise: 22625.00
Rise: 22734.00
Rise: 22831.00
Rise: 22931.00
Rise: 23028.00
Rise: 23125.00
Rise: 23232.00
Rise: 23334.00
Rise: 23437.00
Rise: 23536.00
Rise: 23637.00
Rise: 23739.00
Rise: 23842.00
Rise: 23950.00
Rise: 24050.00
Rise: 24155.00
Rise: 24261.00
Rise: 24366.00
Rise: 24474.00
Rise: 24582.00
Rise: 24685.00
Rise: 24791.00
Rise: 24890.00
Rise: 24994.00
Rise: 25092.00
Rise: 25193.00
Rise: 25295.00
Rise: 25398.00
Rise: 25495.00
Rise: 25597.00
Rise: 25704.00
Rise: 25810.00
Rise: 25914.00
Rise: 26012.00
Rise: 26119.00
Rise: 26227.00
Rise: 26331.00
Rise: 26431.00
Rise: 26534.00
Rise: 26640.00
Rise: 26743.00
Rise: 26851.00
Rise: 26956.00
Rise: 27059.00
Rise: 27164.00
Rise: 27263.00
Rise: 27364.00
Rise: 27468.00
Rise: 27567.00
Rise: 27673.00
Rise: 27778.00
Rise: 27878.00
Rise: 27991.00
Rise: 28100.00
Rise: 28208.00
Rise: 28315.00
Rise: 28416.00
Rise: 28523.00
Rise: 28627.00
Rise: 28731.00
Rise: 28831.00
Rise: 28939.00
Rise: 29049.00
Rise: 29161.00
Rise: 29264.00
Rise: 29368.00
Rise: 29474.00
Rise: 29584.00
Rise: 29683.00
Rise: 29780.00
Rise: 29880.00
Rise: 29987.00
Rise: 30092.00
Rise: 30196.00
Rise: 30306.00
Rise: 30408.00
Rise: 30512.00
Rise: 30615.00
Rise: 30718.00
Rise: 30818.00
Rise: 30921.00
Rise: 31027.00
Rise: 31128.00
Rise: 31234.00
Rise: 31340.00
Rise: 31436.00
Rise: 31536.00
Rise: 31640.00
Rise: 31742.00
Rise: 31846.00
Rise: 31952.00
Rise: 32056.00
Rise: 32164.00
Rise: 32270.00
Rise: 32376.00
Rise: 32476.00
Rise: 32582.00
Rise: 32686.00
Rise: 32789.00
Rise: 32888.00
Rise: 32987.00
Rise: 33090.00
Rise: 33192.00
Rise: 33302.00
Rise: 33404.00
Rise: 33507.00
Rise: 33611.00
Rise: 33710.00
Rise: 33811.00
Rise: 33919.00
Rise: 34023.00
Rise: 34124.00
Rise: 34227.00
Rise: 34336.00
Rise: 34439.00
Rise: 34548.00
Rise: 34645.00
Rise: 34750.00
Rise: 34852.00
Rise: 34949.00
Rise: 35051.00
Rise: 35159.00
Rise: 35258.00
Rise: 35360.00
Rise: 35465.00
Rise: 35564.00
Rise: 35666.00
Rise: 35771.00
Rise: 35876.00
Rise: 35978.00
Rise: 36083.00
Rise: 36192.00
Rise: 36303.00
Rise: 36409.00
Rise: 36512.00
Rise: 36617.00
Rise: 36730.00
Rise: 36838.00
Rise: 36941.00
Rise: 37046.00
Rise: 37149.00
Rise: 37254.00
Rise: 37356.00
Rise: 37461.00
Rise: 37564.00
Rise: 37672.00
Rise: 37777.00
Rise: 37880.00
Rise: 37979.00
Rise: 38078.00
Rise: 38185.00
Rise: 38289.00
Rise: 38392.00
Rise: 38498.00
Rise: 38596.00
Rise: 38701.00
Rise: 38802.00
Rise: 38912.00
Rise: 39009.00
Rise: 39109.00
Rise: 39207.00
Rise: 39313.00
Rise: 39416.00
Rise: 39529.00
Rise: 39631.00
Rise: 39730.00
Rise: 39837.00
Rise: 39939.00
Rise: 40041.00
Rise: 40140.00
Rise: 40240.00
Rise: 40349.00
Rise: 40449.00
Rise: 40557.00
Rise: 40657.00
Rise: 40766.00
Rise: 40868.00
Rise: 40972.00
Rise: 41071.00
Rise: 41177.00
Rise: 41279.00
Rise: 41382.00
Rise: 41490.00
Rise: 41597.00
Rise: 41711.00
Rise: 41824.00
Rise: 41932.00
Rise: 42037.00
Rise: 42136.00
Rise: 42238.00
Rise: 42338.00
Rise: 42444.00
Rise: 42552.00
Rise: 42660.00
Rise: 42764.00
Rise: 42870.00
Rise: 42973.00
Rise: 43070.00
Rise: 43169.00
Rise: 43275.00
Rise: 43379.00
Rise: 43484.00
Rise: 43593.00
Rise: 43696.00
Rise: 43804.00
Rise: 43908.00
Rise: 44015.00
Rise: 44122.00
Rise: 44221.00
Rise: 44334.00
Rise: 44434.00
Rise: 44539.00
Rise: 44644.00
Rise: 44752.00
Rise: 44857.00
Rise: 44965.00
Rise: 45062.00
Rise: 45174.00
Rise: 45275.00
Rise: 45371.00
Rise: 45469.00
Rise: 45569.00
Rise: 45674.00
Rise: 45778.00
Rise: 45883.00
Rise: 45990.00
Rise: 46095.00
Rise: 46201.00
Rise: 46303.00
Rise: 46405.00
Rise: 46505.00
Rise: 46601.00
Rise: 46707.00
Rise: 46812.00
Rise: 46918.00
Rise: 47020.00
Rise: 47119.00
Rise: 47225.00
Rise: 47326.00
Rise: 47438.00
Rise: 47543.00
Rise: 47649.00
Rise: 47751.00
Rise: 47853.00
Rise: 47955.00
Rise: 48058.00
Rise: 48161.00
Rise: 48261.00
Rise: 48361.00
Rise: 48471.00
Rise: 48571.00
Rise: 48674.00
Rise: 48772.00
Rise: 48883.00
Rise: 48986.00
Rise: 49085.00
Rise: 49185.00
Rise: 49290.00
Rise: 49391.00
Rise: 49489.00
Rise: 49591.00
Rise: 49694.00
Rise: 49800.00
Rise: 49906.00
Rise: 50015.00
Rise: 50122.00
Rise: 50227.00
Rise: 50329.00
Rise: 50430.00
Rise: 50533.00
Rise: 50639.00
Rise: 50740.00
Rise: 50843.00
Rise: 50949.00
Rise: 51050.00
Rise: 51155.00
Rise: 51258.00
Rise: 51361.00
Rise: 51459.00
Rise: 51562.00
