50.00
50.00
200000.00
40000.00
50.00
50.00
200000.00
40000.00
50.00
50.00
200000.00
40000.00
50.00
50.00
200000.00
40000.00
50.00
50.00
200000.00
40000.00
50.00
50.00
200000.00
40000.00
50.00
50.00
200000.00
40000.00
50.00
50.00
200000.00
40000.00
50.00
50.00
200000.00
40000.00
50.00
50.00
200000.00
40000.00
50.00
50.00
200000.00
40000.00
50.00
50.00
200000.00
40000.00
50.00
50.00
200000.00
40000.00
50.00
50.00
200000.00
40000.00
50.00
50.00
200000.00
40000.00
50.00
50.00
200000.00
40000.00
50.00
50.00
200000.00
40000.00
50.00
50.00
200000.00
40000.00
50.00
50.00
200000.00
40000.00
50.00
50.00
200000.00
40000.00
50.00
50.00
200000.00
40000.00
50.00
50.00
200000.00
40000.00
50.00
50.00
200000.00
40000.00
50.00
50.00
200000.00
40000.00
50.00
50.00
200000.00
40000.00
50.00
50.00
200000.00
40000.00
50.00
50.00
200000.00
40000.00
50.00
50.00
200000.00
40000.00
50.00
50.00
200000.00
40000.00
50.00
50.00
200000.00
40000.00
50.00
50.00
200000.00
40000.00
50.00
50.00
200000.00
40000.00
50.00
50.00
200000.00
40000.00
50.00
50.00
200000.00
40000.00
50.00
50.00
200000.00
40000.00
50.00
50.00
200000.00
40000.00
50.00
50.00
200000.00
40000.00
50.00
50.00
200000.00
40000.00
50.00
50.00
200000.00
40000.00
50.00
50.00
200000.00
40000.00
50.00
50.00
200000.00
40000.00
50.00
50.00
200000.00
40000.00
50.00
50.00
200000.00
40000.00
50.00
50.00
200000.00
40000.00
50.00
50.00
200000.00
40000.00
50.00
50.00
200000.00
40000.00
50.00
50.00
200000.00
40000.00
50.00
50.00
200000.00
40000.00
50.00
50.00
200000.00
40000.00
50.00
50.00
200000.00
40000.00
50.00
50.00
200000.00
40000.00
50.00
50.00
200000.00
40000.00
50.00
50.00
200000.00
40000.00
50.00
50.00
200000.00
40000.00
50.00
50.00
200000.00
40000.00
50.00
50.00
200000.00
40000.00
50.00
50.00
200000.00
40000.00
Rise: 0.08
Rise: 0.20
Rise: 0.30
Rise: 0.40
Rise: 0.50
Rise: 0.60
Rise: 0.71
Rise: 0.81
Rise: 0.91
Rise: 1.01
Rise: 1.11
Rise: 1.22
Rise: 1.32
Rise: 1.42
Rise: 1.52
Rise: 1.62
Rise: 1.72
Rise: 1.83
Rise: 1.93
Rise: 2.04
Rise: 2.14
Rise: 2.24
Rise: 2.34
Rise: 2.44
Rise: 2.54
Rise: 2.64
Rise: 2.75
Rise: 2.85
Rise: 2.95
Rise: 3.05
Rise: 3.15
Rise: 3.25
Rise: 3.35
Rise: 3.45
Rise: 3.55
Rise: 3.65
Rise: 3.75
Rise: 3.81
Rise: 6.36
50.00
50.00
200000.00
40000.00
50.00
50.00
200000.00
40000.00
50.00
50.00
200000.00
40000.00
50.00
50.00
200000.00
40000.00
50.00
50.00
200000.00
40000.00
50.00
50.00
200000.00
40000.00
50.00
50.00
200000.00
40000.00
50.00
50.00
200000.00
40000.00
50.00
50.00
200000.00
40000.00
50.00
50.00
200000.00
40000.00
50.00
50.00
200000.00
40000.00
50.00
50.00
200000.00
40000.00
50.00
50.00
200000.00
40000.00
50.00
50.00
200000.00
40000.00
50.00
50.00
200000.00
40000.00
50.00
50.00
200000.00
40000.00
50.00
50.00
200000.00
40000.00
50.00
50.00
200000.00
40000.00
50.00
50.00
200000.00
40000.00
50.00
50.00
200000.00
40000.00
50.00
50.00
200000.00
40000.00
50.00
50.00
200000.00
40000.00
50.00
50.00
200000.00
40000.00
50.00
50.00
200000.00
40000.00
50.00
50.00
200000.00
40000.00
50.00
50.00
200000.00
40000.00
50.00
50.00
200000.00
40000.00
50.00
50.00
200000.00
40000.00
50.00
50.00
200000.00
40000.00
50.00
50.00
200000.00
40000.00
50.00
50.00
200000.00
40000.00
50.00
50.00
200000.00
40000.00
50.00
50.00
200000.00
40000.00
50.00
50.00
200000.00
40000.00
50.00
50.00
200000.00
40000.00
50.00
50.00
200000.00
40000.00
50.00
50.00
200000.00
40000.00
50.00
50.00
200000.00
40000.00
50.00
50.00
200000.00
40000.00
Rise: 0.07
Rise: 0.18
Rise: 0.28
Rise: 0.38
Rise: 0.48
Rise: 0.59
Rise: 0.69
Rise: 0.79
Rise: 0.89
Rise: 0.99
Rise: 1.09
Rise: 1.20
Rise: 1.30
Rise: 1.40
Rise: 1.50
Rise: 1.60
Rise: 1.71
Rise: 1.81
Rise: 1.91
Rise: 2.02
Rise: 2.12
Rise: 2.22
Rise: 2.32
Rise: 2.43
Rise: 2.53
Rise: 2.64
Rise: 2.73
Rise: 2.84
Rise: 2.94
Rise: 3.04
Rise: 3.15
Rise: 3.25
Rise: 3.35
Rise: 3.45
Rise: 3.55
Rise: 3.65
Rise: 3.75
Rise: 3.86
Rise: 3.96
Rise: 4.07
Rise: 4.16
Rise: 4.26
Rise: 4.37
Rise: 4.47
Rise: 4.57
Rise: 4.67
Rise: 4.77
Rise: 4.87
Rise: 4.96
Rise: 5.07
Rise: 5.17
Rise: 5.27
Rise: 5.37
Rise: 5.47
Rise: 5.57
Rise: 5.67
Rise: 5.78
Rise: 5.88
Rise: 5.98
Rise: 6.08
Rise: 6.18
Rise: 6.29
Rise: 6.39
Rise: 6.49
Rise: 6.59
Rise: 6.70
Rise: 6.80
Rise: 6.90
Rise: 7.00
Rise: 7.11
Rise: 7.21
Rise: 7.31
Rise: 7.41
Rise: 7.51
Rise: 7.61
Rise: 7.71
Rise: 7.81
Rise: 7.91
Rise: 8.01
Rise: 8.11
Rise: 8.22
Rise: 8.32
Rise: 8.41
Rise: 8.51
Rise: 8.61
Rise: 8.72
Rise: 8.81
Rise: 8.92
Rise: 9.02
Rise: 9.12
Rise: 9.22
Rise: 9.32
Rise: 9.42
Rise: 9.52
Rise: 9.62
Rise: 9.72
Rise: 9.82
Rise: 9.92
Rise: 10.02
Rise: 10.12
Rise: 10.22
Rise: 10.32
Rise: 10.42
Rise: 10.52
Rise: 10.62
Rise: 10.72
Rise: 10.82
Rise: 10.93
Rise: 11.03
Rise: 11.13
Rise: 11.23
Rise: 11.33
Rise: 11.44
Rise: 11.53
Rise: 11.63
Rise: 11.74
Rise: 11.84
Rise: 11.94
Rise: 12.04
Rise: 12.14
Rise: 12.25
Rise: 12.35
Rise: 12.45
Rise: 12.56
Rise: 12.66
Rise: 12.76
Rise: 12.86
Rise: 12.97
Rise: 13.07
Rise: 13.12
Rise: 13.20
Rise: 13.25
Rise: 13.30
Rise: 13.35
Rise: 13.40
Rise: 13.45
Rise: 13.50
Rise: 13.55
Rise: 13.61
Rise: 13.66
Rise: 13.71
Rise: 13.76
Rise: 13.81
Rise: 13.86
Rise: 13.91
Rise: 13.96
Rise: 14.01
Rise: 14.06
Rise: 14.12
Rise: 14.17
Rise: 14.22
Rise: 14.27
Rise: 14.32
Rise: 14.37
Rise: 14.42
Rise: 14.54
Rise: 14.59
Rise: 14.64
Rise: 14.69
Rise: 14.80
Rise: 14.86
Rise: 14.91
Rise: 14.96
Rise: 15.07
Rise: 15.12
Rise: 15.17
Rise: 15.22
Rise: 15.34
Rise: 15.39
Rise: 15.44
Rise: 15.49
Rise: 15.60
Rise: 15.65
Rise: 15.70
Rise: 15.75
Rise: 15.86
Rise: 15.91
Rise: 15.96
Rise: 16.01
Rise: 16.13
Rise: 16.18
Rise: 16.23
Rise: 16.28
Rise: 16.39
Rise: 16.44
Rise: 16.49
Rise: 16.54
Rise: 16.65
Rise: 16.70
Rise: 16.75
Rise: 16.80
Rise: 16.92
Rise: 16.97
Rise: 17.02
Rise: 17.07
Rise: 17.18
Rise: 17.23
Rise: 17.28
Rise: 17.33
Rise: 17.44
Rise: 17.50
Rise: 17.55
Rise: 17.59
Rise: 17.71
Rise: 17.76
Rise: 17.81
Rise: 17.86
Rise: 17.97
Rise: 18.02
Rise: 18.07
Rise: 18.12
Rise: 18.24
Rise: 18.29
Rise: 18.34
Rise: 18.39
Rise: 18.50
Rise: 18.55
Rise: 18.60
Rise: 18.65
Rise: 18.76
Rise: 18.81
Rise: 18.86
Rise: 18.91
Rise: 19.02
Rise: 19.07
Rise: 19.12
Rise: 19.17
Rise: 19.29
Rise: 19.34
Rise: 19.39
Rise: 19.44
Rise: 19.55
Rise: 19.60
Rise: 19.65
Rise: 19.70
Rise: 19.81
Rise: 19.86
Rise: 19.91
Rise: 19.96
Fall: 20.07
Fall: 20.12
Fall: 20.17
Fall: 20.23
Fall: 20.34
Fall: 20.39
Fall: 20.44
Fall: 20.49
Fall: 20.60
Fall: 20.65
Fall: 20.70
Fall: 20.75
Fall: 20.87
Fall: 20.92
Fall: 20.97
Fall: 21.02
Fall: 21.13
Fall: 21.18
Fall: 21.23
Fall: 21.28
Fall: 21.39
Fall: 21.45
Fall: 21.50
Fall: 21.55
Fall: 21.66
Fall: 21.71
Fall: 21.76
Fall: 21.81
Fall: 21.92
Fall: 21.97
Fall: 22.02
Fall: 22.07
Fall: 22.19
Fall: 22.24
Fall: 22.29
Fall: 22.34
Fall: 22.45
Fall: 22.50
Fall: 22.55
Fall: 22.60
Fall: 22.71
Fall: 22.76
Fall: 22.81
Fall: 22.86
Fall: 22.97
Fall: 23.02
Fall: 23.07
Fall: 23.12
Fall: 23.24
Fall: 23.29
Fall: 23.34
Fall: 23.39
Fall: 23.50
Fall: 23.55
Fall: 23.60
Fall: 23.65
Fall: 23.76
Fall: 23.82
Fall: 23.87
Fall: 23.92
Fall: 24.03
Fall: 24.08
Fall: 24.13
Fall: 24.18
Fall: 24.29
Fall: 24.34
Fall: 24.39
Fall: 24.44
Fall: 24.55
Fall: 24.61
Fall: 24.66
Fall: 24.71
Fall: 24.82
Fall: 24.87
Fall: 24.92
Fall: 24.97
Fall: 25.08
Fall: 25.14
Fall: 25.18
Fall: 25.23
Fall: 25.35
Fall: 25.40
Fall: 25.45
Fall: 25.50
Fall: 25.61
Fall: 25.66
Fall: 25.71
Fall: 25.76
Fall: 25.87
Fall: 25.92
Fall: 25.97
Fall: 26.02
Fall: 26.13
Fall: 26.18
Fall: 26.23
Fall: 26.28
Fall: 26.40
Fall: 26.45
Fall: 26.50
Fall: 26.55
Fall: 26.66
Fall: 26.71
Fall: 26.76
Fall: 26.81
Fall: 26.93
Fall: 26.98
Fall: 27.03
Fall: 27.08
Fall: 27.19
Fall: 27.24
Fall: 27.29
Fall: 27.34
Fall: 27.45
Fall: 27.50
Fall: 27.55
Fall: 27.60
Fall: 27.71
Fall: 27.76
Fall: 27.82
Fall: 27.86
Fall: 27.98
Fall: 28.03
Fall: 28.08
Fall: 28.13
Fall: 28.24
Fall: 28.30
Fall: 28.34
Fall: 28.39
Fall: 28.51
Fall: 28.56
Fall: 28.61
Fall: 28.66
Fall: 28.77
Fall: 28.82
Fall: 28.87
Fall: 28.92
Fall: 29.03
Fall: 29.09
Fall: 29.14
Fall: 29.19
Fall: 29.30
Fall: 29.35
Fall: 29.40
Fall: 29.45
Fall: 29.56
Fall: 29.61
Fall: 29.66
Fall: 29.71
Fall: 29.82
Fall: 29.88
Fall: 29.93
Fall: 29.98
Fall: 30.09
Fall: 30.14
Fall: 30.19
Fall: 30.24
Fall: 30.35
Fall: 30.41
Fall: 30.46
Fall: 30.51
Fall: 30.62
Fall: 30.67
Fall: 30.72
Fall: 30.77
Fall: 30.89
Fall: 30.94
Fall: 30.99
Fall: 31.04
Fall: 31.14
Fall: 31.20
Fall: 31.25
Fall: 31.30
Fall: 31.41
Fall: 31.46
Fall: 31.51
Fall: 31.56
Fall: 31.67
Fall: 31.72
Fall: 31.77
Fall: 31.82
Fall: 31.94
Fall: 31.99
Fall: 32.04
Fall: 32.09
Fall: 32.20
Fall: 32.25
Fall: 32.30
Fall: 32.35
Fall: 32.47
Fall: 32.52
Fall: 32.57
Fall: 32.62
Fall: 32.73
Fall: 32.78
Fall: 32.83
Fall: 32.88
Fall: 33.00
Fall: 33.05
Fall: 33.10
Fall: 33.15
Fall: 33.26
Fall: 33.31
Fall: 33.36
Fall: 33.41
Fall: 33.53
Fall: 33.58
Fall: 33.63
Fall: 33.68
Fall: 33.79
Fall: 33.84
Fall: 33.89
Fall: 33.94
Fall: 34.05
Fall: 34.10
Fall: 34.15
Fall: 34.20
Fall: 34.31
Fall: 34.36
Fall: 34.41
Fall: 34.46
Fall: 34.57
Fall: 34.63
Fall: 34.67
Fall: 34.73
Fall: 34.84
Fall: 34.89
Fall: 34.94
Fall: 34.99
Fall: 35.10
Fall: 35.15
Fall: 35.20
Fall: 35.25
Fall: 35.36
Fall: 35.41
Fall: 35.46
Fall: 35.51
Fall: 35.63
Fall: 35.68
Fall: 35.73
Fall: 35.78
Fall: 35.89
Fall: 35.95
Fall: 36.00
Fall: 36.05
Fall: 36.16
Fall: 36.21
Fall: 36.26
Fall: 36.31
Fall: 36.42
Fall: 36.47
Fall: 36.52
Fall: 36.57
Fall: 36.68
Fall: 36.74
Fall: 36.78
Fall: 36.84
Fall: 36.95
Fall: 37.00
Fall: 37.05
Fall: 37.10
Fall: 37.21
Fall: 37.27
Fall: 37.32
Fall: 37.37
Fall: 37.48
Fall: 37.53
Fall: 37.58
Fall: 37.63
Fall: 37.74
Fall: 37.79
Fall: 37.84
Fall: 37.89
Fall: 38.00
Fall: 38.05
Fall: 38.10
Fall: 38.15
Fall: 38.27
Fall: 38.32
Fall: 38.37
Fall: 38.42
Fall: 38.53
Fall: 38.58
Fall: 38.63
Fall: 38.68
Fall: 38.79
Fall: 38.84
Fall: 38.89
Fall: 38.94
Fall: 39.05
Fall: 39.10
Fall: 39.15
Fall: 39.20
Fall: 39.31
Fall: 39.37
Fall: 39.42
Fall: 39.47
Fall: 39.58
Fall: 39.63
Fall: 39.68
Fall: 39.73
Fall: 39.84
Fall: 39.89
Fall: 39.94
Fall: 39.99
6
Rise: 82.16
Rise: 82.21
50.00
50.00
200000.00
40000.00
50.00
50.00
200000.00
40000.00
50.00
50.00
200000.00
40000.00
50.00
50.00
200000.00
40000.00
50.00
50.00
200000.00
40000.00
50.00
50.00
200000.00
40000.00
50.00
50.00
200000.00
40000.00
50.00
50.00
200000.00
40000.00
50.00
50.00
200000.00
40000.00
50.00
50.00
200000.00
40000.00
50.00
50.00
200000.00
40000.00
50.00
50.00
200000.00
40000.00
50.00
50.00
200000.00
40000.00
50.00
50.00
200000.00
40000.00
50.00
50.00
200000.00
40000.00
50.00
50.00
200000.00
40000.00
50.00
50.00
200000.00
40000.00
50.00
50.00
200000.00
40000.00
50.00
50.00
200000.00
40000.00
50.00
50.00
200000.00
40000.00
50.00
50.00
200000.00
40000.00
50.00
50.00
200000.00
40000.00
50.00
50.00
200000.00
40000.00
50.00
50.00
200000.00
40000.00
50.00
50.00
200000.00
40000.00
50.00
50.00
200000.00
40000.00
50.00
50.00
200000.00
40000.00
50.00
50.00
200000.00
40000.00
50.00
50.00
200000.00
40000.00
50.00
50.00
200000.00
40000.00
50.00
50.00
200000.00
40000.00
Rise: 0.07
Rise: 0.12
Rise: 0.21
Rise: 0.27
Rise: 0.36
Rise: 0.41
Rise: 0.51
Rise: 0.56
Rise: 0.65
Rise: 0.70
Rise: 0.80
Rise: 0.85
Rise: 0.94
Rise: 0.99
Rise: 1.09
Rise: 1.14
Rise: 1.24
Rise: 1.29
Rise: 1.37
Rise: 1.47
Rise: 1.58
Rise: 1.68
Rise: 1.79
Rise: 1.90
Rise: 2.00
Rise: 2.10
Rise: 2.15
50.00
50.00
200000.00
40000.00
50.00
50.00
200000.00
40000.00
50.00
50.00
200000.00
40000.00
50.00
50.00
200000.00
40000.00
50.00
50.00
200000.00
40000.00
50.00
50.00
200000.00
40000.00
50.00
50.00
200000.00
40000.00
50.00
50.00
200000.00
40000.00
50.00
50.00
200000.00
40000.00
50.00
50.00
200000.00
40000.00
50.00
50.00
200000.00
40000.00
50.00
50.00
200000.00
40000.00
50.00
50.00
200000.00
40000.00
50.00
50.00
200000.00
40000.00
50.00
50.00
200000.00
40000.00
50.00
50.00
200000.00
40000.00
50.00
50.00
200000.00
40000.00
50.00
50.00
200000.00
40000.00
50.00
50.00
200000.00
40000.00
50.00
50.00
200000.00
40000.00
50.00
50.00
200000.00
40000.00
50.00
50.00
200000.00
40000.00
50.00
50.00
200000.00
40000.00
50.00
50.00
200000.00
40000.00
50.00
50.00
200000.00
40000.00
50.00
50.00
200000.00
40000.00
50.00
50.00
200000.00
40000.00
50.00
50.00
200000.00
40000.00
50.00
50.00
200000.00
40000.00
50.00
50.00
200000.00
40000.00
50.00
50.00
200000.00
40000.00
50.00
50.00
200000.00
40000.00
50.00
50.00
200000.00
40000.00
50.00
50.00
200000.00
40000.00
50.00
50.00
200000.00
40000.00
50.00
50.00
200000.00
40000.00
50.00
50.00
200000.00
40000.00
50.00
50.00
200000.00
40000.00
50.00
50.00
200000.00
40000.00
50.00
50.00
200000.00
40000.00
50.00
50.00
200000.00
40000.00
50.00
50.00
200000.00
40000.00
50.00
50.00
200000.00
40000.00
50.00
50.00
200000.00
40000.00
50.00
50.00
200000.00
40000.00
50.00
50.00
200000.00
40000.00
Rise: 0.08
Rise: 0.13
Rise: 0.23
Rise: 0.28
Rise: 0.38
Rise: 0.43
Rise: 0.53
Rise: 0.58
Rise: 0.67
Rise: 0.79
Rise: 0.90
Rise: 1.00
Rise: 1.10
Rise: 1.20
Rise: 1.30
Rise: 1.40
Rise: 1.50
Rise: 1.60
Rise: 1.71
Rise: 1.81
Rise: 1.91
Rise: 2.02
Rise: 2.12
Rise: 2.22
Rise: 2.32
Rise: 2.43
Rise: 2.53
Rise: 2.64
Rise: 2.74
Rise: 2.84
Rise: 2.94
Rise: 3.04
Rise: 3.15
Rise: 3.25
Rise: 3.30
Rise: 3.35
Rise: 3.41
Rise: 3.46
Rise: 3.51
Rise: 3.56
Rise: 3.61
Rise: 3.66
Rise: 3.71
Rise: 3.76
Rise: 3.81
Rise: 3.87
Rise: 3.92
Rise: 3.97
Rise: 4.02
Rise: 4.07
Rise: 4.12
Rise: 4.17
Rise: 4.22
Rise: 4.27
Rise: 4.32
Rise: 4.37
Rise: 4.42
Rise: 4.47
Rise: 4.59
Rise: 4.64
Rise: 4.70
Rise: 4.75
Rise: 4.86
Rise: 4.91
Rise: 4.96
Rise: 5.01
Rise: 5.12
Rise: 5.17
Rise: 5.22
Rise: 5.27
Rise: 5.38
Rise: 5.44
Rise: 5.49
Rise: 5.54
Rise: 5.65
Rise: 5.70
Rise: 5.75
Rise: 5.80
Rise: 5.91
Rise: 5.96
Rise: 6.01
Rise: 6.06
Rise: 6.17
Rise: 6.23
Rise: 6.28
Rise: 6.33
Rise: 6.44
Rise: 6.49
Rise: 6.54
Rise: 6.59
Rise: 6.71
Rise: 6.76
Rise: 6.81
Rise: 6.86
Rise: 6.97
Rise: 7.02
Rise: 7.07
Rise: 7.12
Rise: 7.23
Rise: 7.28
Rise: 7.33
Rise: 7.38
Rise: 7.49
Rise: 7.54
Rise: 7.59
Rise: 7.64
Rise: 7.76
Rise: 7.81
Rise: 7.86
Rise: 7.91
Rise: 8.02
Rise: 8.07
Rise: 8.12
Rise: 8.17
Rise: 8.28
Rise: 8.33
Rise: 8.38
Rise: 8.43
Rise: 8.54
Rise: 8.59
Rise: 8.64
Rise: 8.69
Rise: 8.80
Rise: 8.85
Rise: 8.90
Rise: 8.95
Rise: 9.07
Rise: 9.12
Rise: 9.17
Rise: 9.22
Rise: 9.33
Rise: 9.38
Rise: 9.43
Rise: 9.48
Rise: 9.59
Rise: 9.64
Rise: 9.69
Rise: 9.74
Rise: 9.86
Rise: 9.91
Rise: 9.96
Rise: 10.01
Rise: 10.12
Rise: 10.17
Rise: 10.22
Rise: 10.27
Rise: 10.38
Rise: 10.43
Rise: 10.48
Rise: 10.53
Rise: 10.64
Rise: 10.69
Rise: 10.74
Rise: 10.79
Rise: 10.90
Rise: 10.95
Rise: 11.00
Rise: 11.05
Rise: 11.17
Rise: 11.22
Rise: 11.27
Rise: 11.32
Rise: 11.43
Rise: 11.48
Rise: 11.53
Rise: 11.58
Rise: 11.69
Rise: 11.75
Rise: 11.80
Rise: 11.85
Rise: 11.96
Rise: 12.01
Rise: 12.06
Rise: 12.11
Rise: 12.22
Rise: 12.27
Rise: 12.32
Rise: 12.37
Rise: 12.48
Rise: 12.53
Rise: 12.58
Rise: 12.63
Rise: 12.75
Rise: 12.80
Rise: 12.85
Rise: 12.90
Rise: 13.01
Rise: 13.06
Rise: 13.11
Rise: 13.16
Rise: 13.27
Rise: 13.32
Rise: 13.37
Rise: 13.42
Rise: 13.53
Rise: 13.58
Rise: 13.63
Rise: 13.68
Rise: 13.79
Rise: 13.85
Rise: 13.90
Rise: 13.95
Rise: 14.06
Rise: 14.11
Rise: 14.16
Rise: 14.21
Rise: 14.32
Rise: 14.37
Rise: 14.42
Rise: 14.47
Rise: 14.58
Rise: 14.63
Rise: 14.68
Rise: 14.73
Rise: 14.84
Rise: 14.90
Rise: 14.95
Rise: 15.00
Rise: 15.11
Rise: 15.16
Rise: 15.21
Rise: 15.26
Rise: 15.38
Rise: 15.43
Rise: 15.48
Rise: 15.53
Rise: 15.64
Rise: 15.69
Rise: 15.74
Rise: 15.79
Rise: 15.90
Rise: 15.95
Rise: 16.00
Rise: 16.05
Rise: 16.16
Rise: 16.21
Rise: 16.26
Rise: 16.32
Rise: 16.43
Rise: 16.48
Rise: 16.53
Rise: 16.58
Rise: 16.69
Rise: 16.74
Rise: 16.79
Rise: 16.84
Rise: 16.95
Rise: 17.00
Rise: 17.05
Rise: 17.10
Rise: 17.22
Rise: 17.27
Rise: 17.32
Rise: 17.37
Rise: 17.48
Rise: 17.53
Rise: 17.58
Rise: 17.63
Rise: 17.74
Rise: 17.79
Rise: 17.84
Rise: 17.89
Rise: 18.01
Rise: 18.06
Rise: 18.11
Rise: 18.16
Rise: 18.27
Rise: 18.32
Rise: 18.37
Rise: 18.42
Rise: 18.54
Rise: 18.59
Rise: 18.64
Rise: 18.69
Rise: 18.80
Rise: 18.85
Rise: 18.90
Rise: 18.95
Rise: 19.07
Rise: 19.12
Rise: 19.17
Rise: 19.22
Rise: 19.32
Rise: 19.38
Rise: 19.43
Rise: 19.48
Rise: 19.59
Rise: 19.64
Rise: 19.69
Rise: 19.74
Rise: 19.85
Rise: 19.90
Rise: 19.95
Fall: 20.00
Fall: 20.11
Fall: 20.16
Fall: 20.21
Fall: 20.26
Fall: 20.38
Fall: 20.43
Fall: 20.48
Fall: 20.53
Fall: 20.64
Fall: 20.69
Fall: 20.75
Fall: 20.80
Fall: 20.91
Fall: 20.96
Fall: 21.01
Fall: 21.06
Fall: 21.17
Fall: 21.22
Fall: 21.27
Fall: 21.32
Fall: 21.43
Fall: 21.48
Fall: 21.53
Fall: 21.58
Fall: 21.69
Fall: 21.75
Fall: 21.80
Fall: 21.84
Fall: 21.96
Fall: 22.01
Fall: 22.06
Fall: 22.11
Fall: 22.22
Fall: 22.27
Fall: 22.32
Fall: 22.37
Fall: 22.49
Fall: 22.54
Fall: 22.59
Fall: 22.64
Fall: 22.75
Fall: 22.80
Fall: 22.85
Fall: 22.90
Fall: 23.01
Fall: 23.06
Fall: 23.11
Fall: 23.16
Fall: 23.27
Fall: 23.32
Fall: 23.37
Fall: 23.42
Fall: 23.54
Fall: 23.59
Fall: 23.64
Fall: 23.69
Fall: 23.80
Fall: 23.85
Fall: 23.91
Fall: 23.95
Fall: 24.07
Fall: 24.12
Fall: 24.17
Fall: 24.22
Fall: 24.33
Fall: 24.38
Fall: 24.43
Fall: 24.48
Fall: 24.59
Fall: 24.64
Fall: 24.69
Fall: 24.74
Fall: 24.86
Fall: 24.91
Fall: 24.96
Fall: 25.01
Fall: 25.12
Fall: 25.17
Fall: 25.22
Fall: 25.27
Fall: 25.38
Fall: 25.43
Fall: 25.48
Fall: 25.53
Fall: 25.64
Fall: 25.69
Fall: 25.74
Fall: 25.79
Fall: 25.90
Fall: 25.95
Fall: 26.00
Fall: 26.05
Fall: 26.16
Fall: 26.21
Fall: 26.26
Fall: 26.32
Fall: 26.42
Fall: 26.48
Fall: 26.53
Fall: 26.58
Fall: 26.69
Fall: 26.74
Fall: 26.79
Fall: 26.84
Fall: 26.95
Fall: 27.00
Fall: 27.05
Fall: 27.10
Fall: 27.21
Fall: 27.26
Fall: 27.32
Fall: 27.36
Fall: 27.47
Fall: 27.52
Fall: 27.57
Fall: 27.62
Fall: 27.73
Fall: 27.79
Fall: 27.84
Fall: 27.89
Fall: 28.00
Fall: 28.05
Fall: 28.10
Fall: 28.15
Fall: 28.26
Fall: 28.31
Fall: 28.36
Fall: 28.41
Fall: 28.52
Fall: 28.57
Fall: 28.62
Fall: 28.67
Fall: 28.79
Fall: 28.84
Fall: 28.89
Fall: 28.94
Fall: 29.05
Fall: 29.10
Fall: 29.15
Fall: 29.20
Fall: 29.31
Fall: 29.36
Fall: 29.41
Fall: 29.46
Fall: 29.58
Fall: 29.63
Fall: 29.68
Fall: 29.73
Fall: 29.84
Fall: 29.89
Fall: 29.94
Fall: 29.99
Fall: 30.10
Fall: 30.16
Fall: 30.20
Fall: 30.25
Fall: 30.37
Fall: 30.42
Fall: 30.47
Fall: 30.52
Fall: 30.63
Fall: 30.68
Fall: 30.73
Fall: 30.78
Fall: 30.90
Fall: 30.95
Fall: 31.00
Fall: 31.05
Fall: 31.16
Fall: 31.21
Fall: 31.26
Fall: 31.31
Fall: 31.42
Fall: 31.47
Fall: 31.52
Fall: 31.57
Fall: 31.68
Fall: 31.74
Fall: 31.79
Fall: 31.84
Fall: 31.95
Fall: 32.00
Fall: 32.05
Fall: 32.10
Fall: 32.21
Fall: 32.26
Fall: 32.31
Fall: 32.36
Fall: 32.47
Fall: 32.52
Fall: 32.57
Fall: 32.62
Fall: 32.74
Fall: 32.79
Fall: 32.84
Fall: 32.89
Fall: 33.00
Fall: 33.05
Fall: 33.10
Fall: 33.15
Fall: 33.27
Fall: 33.32
Fall: 33.37
Fall: 33.42
Fall: 33.53
Fall: 33.58
Fall: 33.63
Fall: 33.68
Fall: 33.79
Fall: 33.85
Fall: 33.90
Fall: 33.95
Fall: 34.06
Fall: 34.11
Fall: 34.16
Fall: 34.21
Fall: 34.33
Fall: 34.38
Fall: 34.43
Fall: 34.48
Fall: 34.59
Fall: 34.64
Fall: 34.69
Fall: 34.74
Fall: 34.85
Fall: 34.91
Fall: 34.96
Fall: 35.01
Fall: 35.12
Fall: 35.17
Fall: 35.22
Fall: 35.27
Fall: 35.38
Fall: 35.43
Fall: 35.48
Fall: 35.53
Fall: 35.64
Fall: 35.69
Fall: 35.74
Fall: 35.79
Fall: 35.90
Fall: 35.95
Fall: 36.00
Fall: 36.05
Fall: 36.16
Fall: 36.21
Fall: 36.26
Fall: 36.31
Fall: 36.42
Fall: 36.48
Fall: 36.53
Fall: 36.58
Fall: 36.69
Fall: 36.74
Fall: 36.79
Fall: 36.84
Fall: 36.95
Fall: 37.00
Fall: 37.05
Fall: 37.10
Fall: 37.21
Fall: 37.26
Fall: 37.31
Fall: 37.36
Fall: 37.48
Fall: 37.53
Fall: 37.58
Fall: 37.63
Fall: 37.75
Fall: 37.80
Fall: 37.85
Fall: 37.90
Fall: 38.01
Fall: 38.06
Fall: 38.11
Fall: 38.16
Fall: 38.28
Fall: 38.33
Fall: 38.38
Fall: 38.43
Fall: 38.55
Fall: 38.60
Fall: 38.65
Fall: 38.70
Fall: 38.81
Fall: 38.86
Fall: 38.91
Fall: 38.96
Fall: 39.07
Fall: 39.12
Fall: 39.17
Fall: 39.22
Fall: 39.33
Fall: 39.38
Fall: 39.43
Fall: 39.48
Fall: 39.60
Fall: 39.65
Fall: 39.70
Fall: 39.75
Fall: 39.86
Fall: 39.91
Fall: 39.96
6
