Rise: 25.00
Rise: 0.00
Rise: 116.00
Rise: 117.00
Rise: 217.00
Rise: 218.00
Rise: 319.00
Rise: 320.00
Rise: 350.00
Rise: 429.00
Rise: 450.00
Rise: 533.00
Rise: 550.00
Rise: 643.00
Rise: 650.00
Rise: 745.00
Rise: 750.00
Rise: 850.00
Rise: 851.00
Rise: 951.00
Rise: 952.00
Rise: 1057.00
Rise: 1058.00
Rise: 1152.00
Rise: 1153.00
Rise: 1252.00
Rise: 1253.00
Rise: 1359.00
Rise: 1360.00
Rise: 1463.00
Rise: 1464.00
Rise: 1568.00
Rise: 1569.00
Rise: 1671.00
Rise: 1672.00
Rise: 1700.00
Rise: 1775.00
Rise: 1800.00
Rise: 1877.00
Rise: 1900.00
Rise: 1980.00
Rise: 2000.00
Rise: 2078.00
Rise: 2100.00
Rise: 2181.00
Rise: 2200.00
Rise: 2285.00
Rise: 2300.00
Rise: 2388.00
Rise: 2400.00
Rise: 2491.00
Rise: 2500.00
Rise: 2593.00
Rise: 2600.00
Rise: 2650.00
