Rise: 172.00
Rise: 206.00
Rise: 204.00
Rise: 206.00
Rise: 207.00
Rise: 207.00
Rise: 206.00
Rise: 203.00
Rise: 205.00
Rise: 212.00
Rise: 215.00
Rise: 204.00
Rise: 206.00
Rise: 208.00
Rise: 205.00
Rise: 203.00
Rise: 199.00
Rise: 201.00
Rise: 211.00
Rise: 203.00
Rise: 206.00
Rise: 208.00
Rise: 209.00
Rise: 208.00
Rise: 204.00
Rise: 205.00
Rise: 210.00
Rise: 204.00
Rise: 203.00
Rise: 198.00
Rise: 205.00
Rise: 199.00
Rise: 200.00
Rise: 203.00
Rise: 201.00
Rise: 202.00
Rise: 199.00
Rise: 198.00
Rise: 211.00
Rise: 201.00
Rise: 208.00
Rise: 207.00
Rise: 209.00
Rise: 206.00
Rise: 203.00
Rise: 204.00
Rise: 207.00
Rise: 206.00
Rise: 200.00
Rise: 203.00
Rise: 212.00
Rise: 285.00
