Rise: 68.00
Rise: 177.00
Rise: 276.00
Rise: 384.00
Rise: 485.00
Rise: 590.00
Rise: 695.00
Rise: 798.00
Rise: 899.00
Rise: 1001.00
Rise: 1108.00
Rise: 1209.00
Rise: 1314.00
Rise: 1422.00
Rise: 1523.00
Rise: 1624.00
Rise: 1728.00
Rise: 1832.00
Rise: 1936.00
Rise: 2036.00
Rise: 2140.00
Rise: 2239.00
Rise: 2342.00
Rise: 2448.00
Rise: 2548.00
Rise: 2651.00
Rise: 2754.00
Rise: 2858.00
Rise: 2964.00
Rise: 3062.00
Rise: 3164.00
Rise: 3274.00
Rise: 3379.00
Rise: 3477.00
Rise: 3577.00
Rise: 3680.00
Rise: 3783.00
Rise: 3884.00
Rise: 3983.00
Rise: 4092.00
Rise: 4196.00
Rise: 4312.00
Rise: 4415.00
Rise: 4516.00
Rise: 4617.00
Rise: 4723.00
Rise: 4826.00
Rise: 4929.00
Rise: 5031.00
Rise: 5132.00
Rise: 5240.00
Rise: 5339.00
Rise: 5445.00
Rise: 5544.00
Rise: 5647.00
Rise: 5752.00
Rise: 5863.00
Rise: 5965.00
Rise: 6073.00
Rise: 6179.00
Rise: 6281.00
Rise: 6382.00
Rise: 6486.00
Rise: 6591.00
Rise: 6690.00
Rise: 6793.00
Rise: 6893.00
Rise: 6998.00
Rise: 7097.00
Rise: 7197.00
Rise: 7304.00
Rise: 7403.00
Rise: 7501.00
Rise: 7606.00
Rise: 7713.00
Rise: 7817.00
Rise: 7919.00
Rise: 8017.00
Rise: 8122.00
Rise: 8223.00
Rise: 8326.00
Rise: 8435.00
Rise: 8541.00
Rise: 8643.00
Rise: 8744.00
Rise: 8844.00
Rise: 8947.00
Rise: 9049.00
Rise: 9154.00
Rise: 9261.00
Rise: 9364.00
Rise: 9469.00
Rise: 9578.00
Rise: 9683.00
Rise: 9781.00
Rise: 9880.00
Rise: 9982.00
Rise: 10089.00
Rise: 10193.00
Rise: 10291.00
Rise: 10392.00
Rise: 10499.00
Rise: 10605.00
Rise: 10708.00
Rise: 10816.00
Rise: 10917.00
Rise: 11019.00
Rise: 11118.00
Rise: 11220.00
Rise: 11321.00
Rise: 11424.00
Rise: 11526.00
Rise: 11626.00
Rise: 11726.00
Rise: 11829.00
Rise: 11929.00
Rise: 12030.00
Rise: 12130.00
Rise: 12235.00
Rise: 12336.00
Rise: 12442.00
Rise: 12542.00
Rise: 12648.00
Rise: 12751.00
Rise: 12858.00
Rise: 12959.00
Rise: 13065.00
Rise: 13165.00
Rise: 13268.00
Rise: 13367.00
Rise: 13472.00
Rise: 13576.00
Rise: 13684.00
Rise: 13788.00
Rise: 13888.00
Rise: 13994.00
Rise: 14097.00
Rise: 14197.00
Rise: 14296.00
Rise: 14402.00
Rise: 14502.00
Rise: 14614.00
Rise: 14723.00
Rise: 14823.00
Rise: 14925.00
Rise: 15033.00
Rise: 15137.00
Rise: 15246.00
Rise: 15357.00
Rise: 15460.00
Rise: 15566.00
Rise: 15669.00
Rise: 15768.00
Rise: 15872.00
Rise: 15972.00
Rise: 16078.00
Rise: 16180.00
Rise: 16282.00
Rise: 16389.00
Rise: 16494.00
Rise: 16597.00
Rise: 16704.00
Rise: 16808.00
Rise: 16918.00
Rise: 17020.00
Rise: 17126.00
Rise: 17231.00
Rise: 17330.00
Rise: 17435.00
Rise: 17542.00
Rise: 17645.00
Rise: 17749.00
Rise: 17851.00
Rise: 17956.00
Rise: 18062.00
Rise: 18160.00
Rise: 18269.00
Rise: 18370.00
Rise: 18472.00
Rise: 18570.00
Rise: 18673.00
Rise: 18776.00
Rise: 18880.00
Rise: 18982.00
Rise: 19083.00
Rise: 19188.00
Rise: 19291.00
Rise: 19393.00
Rise: 19492.00
Rise: 19590.00
Rise: 19694.00
Rise: 19800.00
Rise: 19901.00
Rise: 20006.00
Fall: 20107.00
2
Rise: 20207.00
Rise: 20310.00
Rise: 20414.00
Rise: 20513.00
Rise: 20616.00
Rise: 20724.00
Rise: 20827.00
Rise: 20931.00
Rise: 21033.00
Rise: 21138.00
Rise: 21239.00
Rise: 21345.00
Rise: 21448.00
Rise: 21558.00
Rise: 21656.00
Rise: 21754.00
Rise: 21853.00
Rise: 21958.00
Rise: 22055.00
Rise: 22153.00
Rise: 22255.00
Rise: 22351.00
Rise: 22463.00
Rise: 22566.00
Rise: 22668.00
Rise: 22771.00
Rise: 22869.00
Rise: 22973.00
Rise: 23076.00
Rise: 23178.00
Rise: 23281.00
Rise: 23385.00
Rise: 23488.00
Rise: 23587.00
Rise: 23691.00
Rise: 23792.00
Rise: 23897.00
Rise: 24003.00
Rise: 24110.00
Rise: 24210.00
Rise: 24312.00
Rise: 24414.00
Rise: 24518.00
Rise: 24618.00
Rise: 24715.00
Rise: 24813.00
Rise: 24913.00
Rise: 25014.00
Rise: 25114.00
Rise: 25219.00
Rise: 25317.00
Rise: 25416.00
Rise: 25517.00
Rise: 25620.00
Rise: 25722.00
Rise: 25829.00
Rise: 25940.00
Rise: 26043.00
Rise: 26143.00
Rise: 26242.00
Rise: 26344.00
Rise: 26449.00
Rise: 26550.00
Rise: 26649.00
Rise: 26753.00
Rise: 26856.00
Rise: 26954.00
Rise: 27054.00
Rise: 27155.00
Rise: 27253.00
Rise: 27358.00
Rise: 27461.00
Rise: 27561.00
Rise: 27665.00
Rise: 27764.00
Rise: 27868.00
Rise: 27977.00
Rise: 28081.00
Rise: 28190.00
Rise: 28290.00
Rise: 28388.00
Rise: 28492.00
Rise: 28595.00
Rise: 28697.00
Rise: 28802.00
Rise: 28903.00
Rise: 29005.00
Rise: 29099.00
Rise: 29200.00
Rise: 29305.00
Rise: 29407.00
Rise: 29507.00
Rise: 29610.00
Rise: 29716.00
Rise: 29816.00
Rise: 29914.00
Rise: 30015.00
Rise: 30116.00
Rise: 30216.00
Rise: 30313.00
Rise: 30418.00
Rise: 30520.00
Rise: 30628.00
Rise: 30732.00
Rise: 30839.00
Rise: 30941.00
Rise: 31042.00
Rise: 31150.00
Rise: 31263.00
Rise: 31364.00
Rise: 31470.00
Rise: 31569.00
Rise: 31670.00
Rise: 31771.00
Rise: 31877.00
Rise: 31981.00
Rise: 32085.00
Rise: 32191.00
Rise: 32297.00
Rise: 32398.00
Rise: 32504.00
Rise: 32605.00
Rise: 32708.00
Rise: 32815.00
Rise: 32914.00
Rise: 33023.00
Rise: 33129.00
Rise: 33230.00
Rise: 33334.00
