Rise: 1.00
Rise: 21.00
Rise: 75.00
Rise: 501.00
Rise: 1001.00
Rise: 1501.00
Rise: 2008.00
Rise: 2532.00
Rise: 3049.00
Rise: 3552.00
Rise: 4001.00
Rise: 4501.00
Rise: 5018.00
Rise: 5537.00
Rise: 6044.00
Rise: 6553.00
Rise: 7061.00
Rise: 7501.00
Rise: 8001.00
Rise: 8512.00
Rise: 9038.00
Rise: 9553.00
Rise: 10000.00
Rise: 10501.00
Rise: 11001.00
Rise: 11521.00
Rise: 12023.00
Rise: 12538.00
Rise: 13058.00
Rise: 13501.00
Rise: 14001.00
Rise: 14501.00
Rise: 15005.00
Rise: 15511.00
Rise: 16018.00
Rise: 16526.00
Rise: 17046.00
Rise: 17555.00
Rise: 18067.00
Rise: 18501.00
Rise: 19001.00
Rise: 19506.00
Rise: 20019.00
Rise: 20521.00
Rise: 21022.00
Rise: 21534.00
Rise: 22044.00
Rise: 22566.00
Rise: 23071.00
Rise: 23501.00
Rise: 24001.00
Rise: 24521.00
Rise: 25033.00
Rise: 25552.00
Rise: 26059.00
Rise: 26501.00
Rise: 27001.00
Rise: 27501.00
Rise: 28002.00
Rise: 28524.00
Rise: 29040.00
Rise: 29548.00
Rise: 30073.00
Rise: 30501.00
Rise: 31003.00
Rise: 31526.00
Rise: 32028.00
Rise: 32537.00
Rise: 33056.00
Rise: 33575.00
Rise: 34001.00
Rise: 34501.00
Rise: 35004.00
Rise: 35508.00
Rise: 36016.00
Rise: 36529.00
Rise: 37039.00
Rise: 37558.00
Rise: 38000.00
Rise: 38501.00
Rise: 39001.00
Rise: 39510.00
Rise: 40016.00
Rise: 40538.00
Rise: 41052.00
Rise: 41570.00
Rise: 42001.00
Rise: 42509.00
Rise: 43012.00
Rise: 43521.00
Rise: 44032.00
Rise: 44550.00
Rise: 45059.00
Rise: 45570.00
Rise: 46001.00
Rise: 46501.00
Rise: 47001.00
Rise: 47507.00
Rise: 48021.00
Rise: 48529.00
Rise: 49045.00
Rise: 49557.00
Rise: 50072.00
Rise: 50574.00
Rise: 51001.00
Rise: 51509.00
Rise: 52027.00
Rise: 52537.00
Rise: 53065.00
Rise: 53501.00
Rise: 54001.00
Rise: 54507.00
Rise: 55029.00
Rise: 55538.00
Rise: 56041.00
Rise: 56560.00
Rise: 57074.00
Rise: 57501.00
Rise: 58003.00
Rise: 58520.00
Rise: 59031.00
Rise: 59550.00
Rise: 60069.00
Rise: 60501.00
Rise: 61001.00
Rise: 61508.00
Rise: 62024.00
Rise: 62539.00
Rise: 63044.00
Rise: 63558.00
Rise: 64064.00
Rise: 64564.00
Rise: 65075.00
