Rise: 25.00
Rise: 0.00
Rise: 122.00
Rise: 123.00
Rise: 150.00
Rise: 255.00
Rise: 256.00
Rise: 356.00
Rise: 357.00
Rise: 457.00
Rise: 458.00
Rise: 565.00
Rise: 566.00
Rise: 665.00
Rise: 666.00
Rise: 767.00
Rise: 768.00
Rise: 869.00
Rise: 870.00
Rise: 972.00
Rise: 973.00
Rise: 1000.00
Rise: 1080.00
Rise: 1100.00
Rise: 1180.00
Rise: 1200.00
Rise: 1280.00
Rise: 1300.00
Rise: 1387.00
Rise: 1400.00
Rise: 1484.00
Rise: 1500.00
Rise: 1586.00
Rise: 1600.00
Rise: 1690.00
Rise: 1700.00
Rise: 1799.00
Rise: 1800.00
Rise: 1902.00
Rise: 1903.00
Rise: 2009.00
Rise: 2010.00
Rise: 2109.00
Rise: 2110.00
Rise: 2208.00
Rise: 2209.00
Rise: 2313.00
Rise: 2314.00
Rise: 2413.00
Rise: 2414.00
Rise: 2517.00
Rise: 2518.00
Rise: 2617.00
Rise: 2618.00
Rise: 2650.00
