Rise: 78.00
Rise: 78.00
Rise: 78.00
Rise: 78.00
Rise: 78.00
Rise: 79.00
Rise: 79.00
Rise: 80.00
Rise: 90.00
Rise: 100.00
Rise: 110.00
Rise: 120.00
Rise: 197.00
Rise: 197.00
Rise: 197.00
Rise: 197.00
Rise: 197.00
Rise: 198.00
Rise: 198.00
Rise: 200.00
Rise: 210.00
Rise: 220.00
Rise: 230.00
Rise: 309.00
Rise: 309.00
Rise: 309.00
Rise: 309.00
Rise: 309.00
Rise: 310.00
Rise: 310.00
Rise: 310.00
Rise: 320.00
Rise: 330.00
Rise: 340.00
Rise: 423.00
Rise: 423.00
Rise: 423.00
Rise: 423.00
Rise: 423.00
Rise: 424.00
Rise: 424.00
Rise: 424.00
Rise: 430.00
Rise: 440.00
Rise: 450.00
Rise: 530.00
Rise: 530.00
Rise: 530.00
Rise: 530.00
Rise: 530.00
Rise: 531.00
Rise: 531.00
Rise: 531.00
Rise: 540.00
Rise: 550.00
Rise: 560.00
Rise: 636.00
Rise: 636.00
Rise: 636.00
Rise: 636.00
Rise: 636.00
Rise: 637.00
Rise: 637.00
Rise: 640.00
Rise: 650.00
Rise: 660.00
Rise: 670.00
Rise: 750.00
Rise: 750.00
Rise: 750.00
Rise: 750.00
Rise: 750.00
Rise: 751.00
Rise: 751.00
Rise: 751.00
Rise: 760.00
Rise: 770.00
Rise: 780.00
Rise: 864.00
Rise: 864.00
Rise: 864.00
Rise: 864.00
Rise: 864.00
Rise: 865.00
Rise: 865.00
Rise: 865.00
Rise: 870.00
Rise: 880.00
Rise: 890.00
Rise: 899.00
Rise: 975.00
Rise: 975.00
Rise: 975.00
Rise: 975.00
Rise: 975.00
Rise: 976.00
Rise: 976.00
Rise: 980.00
Rise: 990.00
Rise: 1000.00
Rise: 1010.00
Rise: 1086.00
Rise: 1086.00
Rise: 1086.00
Rise: 1086.00
Rise: 1086.00
Rise: 1087.00
Rise: 1087.00
Rise: 1090.00
Rise: 1100.00
Rise: 1110.00
Rise: 1191.00
Rise: 1191.00
Rise: 1191.00
Rise: 1191.00
Rise: 1191.00
Rise: 1192.00
Rise: 1192.00
Rise: 1192.00
Rise: 1200.00
Rise: 1210.00
Rise: 1220.00
Rise: 1298.00
Rise: 1298.00
Rise: 1298.00
Rise: 1298.00
Rise: 1298.00
Rise: 1299.00
Rise: 1299.00
Rise: 1300.00
Rise: 1310.00
Rise: 1320.00
Rise: 1330.00
Rise: 1408.00
Rise: 1408.00
Rise: 1408.00
Rise: 1408.00
Rise: 1408.00
Rise: 1409.00
Rise: 1409.00
Rise: 1410.00
Rise: 1420.00
Rise: 1430.00
Rise: 1440.00
Rise: 1519.00
Rise: 1519.00
Rise: 1519.00
Rise: 1519.00
Rise: 1519.00
Rise: 1520.00
Rise: 1520.00
Rise: 1520.00
Rise: 1530.00
Rise: 1540.00
Rise: 1550.00
Rise: 1560.00
Rise: 1635.00
Rise: 1635.00
Rise: 1635.00
Rise: 1635.00
Rise: 1635.00
Rise: 1636.00
Rise: 1636.00
Rise: 1640.00
Rise: 1650.00
Rise: 1660.00
Rise: 1670.00
Rise: 1748.00
Rise: 1748.00
Rise: 1748.00
Rise: 1748.00
Rise: 1748.00
Rise: 1749.00
Rise: 1749.00
Rise: 1750.00
Rise: 1760.00
Rise: 1770.00
Rise: 1780.00
Rise: 1859.00
Rise: 1859.00
Rise: 1859.00
Rise: 1859.00
Rise: 1859.00
Rise: 1860.00
Rise: 1860.00
Rise: 1860.00
Rise: 1870.00
Rise: 1880.00
Rise: 1890.00
Rise: 1965.00
Rise: 1965.00
Rise: 1965.00
Rise: 1965.00
Rise: 1965.00
Rise: 1966.00
Rise: 1966.00
Rise: 1970.00
Rise: 1980.00
Rise: 1990.00
Rise: 2000.00
Rise: 2078.00
Rise: 2078.00
Rise: 2078.00
Rise: 2078.00
Rise: 2078.00
Rise: 2079.00
Rise: 2079.00
Rise: 2080.00
Rise: 2090.00
Rise: 2100.00
Rise: 2110.00
Rise: 2185.00
Rise: 2185.00
Rise: 2185.00
Rise: 2185.00
Rise: 2185.00
Rise: 2186.00
Rise: 2186.00
Rise: 2190.00
Rise: 2200.00
Rise: 2210.00
Rise: 2295.00
Rise: 2295.00
Rise: 2295.00
Rise: 2295.00
Rise: 2295.00
Rise: 2296.00
Rise: 2296.00
Rise: 2296.00
Rise: 2300.00
Rise: 2310.00
Rise: 2320.00
Rise: 2401.00
Rise: 2401.00
Rise: 2401.00
Rise: 2401.00
Rise: 2401.00
Rise: 2402.00
Rise: 2402.00
Rise: 2402.00
Rise: 2410.00
Rise: 2420.00
Rise: 2430.00
Rise: 2514.00
Rise: 2514.00
Rise: 2514.00
Rise: 2514.00
Rise: 2514.00
Rise: 2515.00
Rise: 2515.00
Rise: 2515.00
Rise: 2520.00
Rise: 2530.00
Rise: 2540.00
Rise: 2622.00
Rise: 2622.00
Rise: 2622.00
Rise: 2622.00
Rise: 2622.00
Rise: 2623.00
Rise: 2623.00
Rise: 2623.00
Rise: 2630.00
Rise: 2640.00
Rise: 2650.00
Rise: 2660.00
Rise: 2670.00
Rise: 2680.00
Rise: 2690.00
Rise: 2700.00
