1: 0
2: 0
1: 0
2: 0
1: 0
2: 0
1: 0
2: 0
1: 0
2: 0
1: 0
2: 0
1: 0
2: 0
1: 0
2: 0
1: 0
2: 0
1: 0
2: 0
1: 0
2: 0
1: 0
2: 0
1: 0
2: 0
1: 0
2: 0
1: 0
2: 0
1: 0
2: 0
1: 0
2: 0
1: 0
2: 0
1: 0
2: 0
1: 0
2: 0
1: 0
2: 0
1: 0
2: 0
1: 0
2: 0
1: 0
2: 0
1: 0
2: 0
1: 0
2: 0
1: 0
2: 0
1: 0
2: 0
1: 0
2: 0
1: 0
2: 0
1: 0
2: 0
1: 0
2: 0
1: 0
2: 0
1: 0
2: 0
1: 0
2: 0
1: 0
2: 0
1: 0
2: 0
1: 0
2: 0
1: 0
2: 0
1: 0
2: 0
1: 0
2: 0
1: 0
2: 0
1: 0
2: 0
1: 0
2: 0
1: 0
2: 0
1: 0
2: 0
1: 0
2: 0
1: 0
2: 0
1: 0
2: 0
1: 0
2: 0
1: 0
2: 0
1: 0
2: 0
1: 0
2: 0
1: 0
2: 0
1: 0
2: 0
1: 0
2: 0
1: 0
2: 0
1: 0
2: 0
1: 0
2: 0
1: 0
2: 0
1: 0
2: 0
1: 0
2: 0
1: 0
2: 0
1: 0
2: 0
1: 0
2: 0
1: 0
2: 0
1: 0
2: 0
1: 0
2: 0
1: 0
2: 0
1: 0
2: 0
1: 0
2: 0
1: 0
2: 0
1: 0
2: 0
1: 0
2: 0
1: 0
2: 0
1: 0
2: 0
1: 0
2: 0
1: 0
2: 0
1: 0
2: 0
1: 0
2: 0
1: 0
2: 0
1: 0
2: 0
1: 0
2: 0
1: 0
2: 0
1: 0
2: 0
1: 0
2: 0
1: 0
2: 0
1: 0
2: 0
1: 1
2: 0
ESP-ROM:esp32s3-20210327
Build:Mar 27 2021
rst:0x1 (POWERON),boot:0xa (SPI_FAST_FLASH_BOOT)
SPIWP:0xee
mode:DIO, clock div:1
load:0x3fce3808,len:0x4bc
load:0x403c9700,len:0xbd8
load:0x403cc700,len:0x2a0c
entry 0x403c98d0
[  2499][E][esp32-hal-cpu.c:110] addApbChangeCallback(): duplicate func=0x4200f8e8 arg=0x3fc91dc4
