Rise: 321.00
Rise: 427.00
Rise: 531.00
Rise: 634.00
Rise: 738.00
Rise: 842.00
Rise: 940.00
Rise: 1043.00
Rise: 1147.00
Rise: 1248.00
Rise: 1354.00
Rise: 1459.00
Rise: 1556.00
Rise: 1659.00
Rise: 1764.00
Rise: 1866.00
Rise: 1971.00
Rise: 2072.00
Rise: 2171.00
Rise: 2268.00
Rise: 2364.00
Rise: 2469.00
Rise: 2572.00
Rise: 2673.00
Rise: 2779.00
Rise: 2884.00
Rise: 2989.00
Rise: 3091.00
Rise: 3198.00
Rise: 3302.00
Rise: 3399.00
Rise: 3503.00
Rise: 3606.00
Rise: 3709.00
Rise: 3808.00
Rise: 3912.00
Rise: 4012.00
Rise: 4116.00
Rise: 4223.00
Rise: 4325.00
Rise: 4422.00
Rise: 4524.00
Rise: 4625.00
Rise: 4675.00
