50.00
50.00
200000.00
40000.00
50.00
50.00
200000.00
40000.00
50.00
50.00
200000.00
40000.00
50.00
50.00
200000.00
40000.00
50.00
50.00
200000.00
40000.00
50.00
50.00
200000.00
40000.00
50.00
50.00
200000.00
40000.00
50.00
50.00
200000.00
40000.00
50.00
50.00
200000.00
40000.00
50.00
50.00
200000.00
40000.00
50.00
50.00
200000.00
40000.00
50.00
50.00
200000.00
40000.00
50.00
50.00
200000.00
40000.00
50.00
50.00
200000.00
40000.00
50.00
50.00
200000.00
40000.00
50.00
50.00
200000.00
40000.00
50.00
50.00
200000.00
40000.00
50.00
50.00
200000.00
40000.00
50.00
50.00
200000.00
40000.00
50.00
50.00
200000.00
40000.00
Rise: 8.90
Rise: 22.16
Fall: 29.85
Fall: 35.29
Fall: 38.38
