0.00
0.10
0.10
50.00
50.00
200000.00
40000.00
0.00
0.10
0.10
50.00
50.00
200000.00
40000.00
0.00
0.10
0.10
50.00
50.00
200000.00
40000.00
0.00
0.10
0.10
50.00
50.00
200000.00
40000.00
0.00
0.10
0.10
50.00
50.00
200000.00
40000.00
0.00
0.10
0.10
50.00
50.00
200000.00
40000.00
0.00
0.10
0.10
50.00
50.00
200000.00
40000.00
0.00
0.10
0.10
50.00
50.00
200000.00
40000.00
0.00
0.10
0.10
50.00
50.00
200000.00
40000.00
0.00
0.10
0.10
50.00
50.00
200000.00
40000.00
0.00
0.10
0.10
50.00
50.00
200000.00
40000.00
0.00
0.10
0.10
50.00
50.00
200000.00
40000.00
0.00
0.10
0.10
50.00
50.00
200000.00
40000.00
0.00
0.10
0.10
50.00
50.00
200000.00
40000.00
0.00
0.10
0.10
50.00
50.00
200000.00
40000.00
0.00
0.10
0.10
50.00
50.00
200000.00
40000.00
0.00
0.10
0.10
50.00
50.00
200000.00
40000.00
0.00
0.10
0.10
50.00
50.00
200000.00
40000.00
Rise: 17.23
Rise: 17.37
Rise: 17.42
Rise: 17.47
Rise: 17.64
Rise: 17.68
Rise: 17.73
Rise: 17.90
Rise: 17.95
Rise: 18.00
Rise: 18.16
Rise: 18.21
Rise: 18.26
Rise: 18.43
Rise: 18.48
Rise: 18.53
Rise: 18.69
Rise: 18.74
Rise: 18.79
Rise: 18.95
Rise: 19.00
Rise: 19.05
Rise: 19.22
Rise: 19.27
Rise: 19.32
Rise: 19.48
Rise: 19.53
Rise: 19.58
Rise: 19.75
Rise: 19.80
Rise: 19.85
Fall: 20.01
Fall: 20.06
Fall: 20.11
Fall: 20.27
Fall: 20.32
Fall: 20.37
Fall: 20.54
Fall: 20.59
Fall: 20.64
Fall: 20.80
Fall: 20.85
Fall: 20.90
Fall: 21.06
Fall: 21.11
Fall: 21.16
Fall: 21.33
Fall: 21.38
Fall: 21.43
Fall: 21.59
Fall: 21.64
Fall: 21.69
Fall: 21.85
Fall: 21.91
Fall: 21.95
Fall: 22.12
Fall: 22.17
Fall: 22.22
Fall: 22.38
Fall: 22.43
Fall: 22.48
Fall: 22.64
Fall: 22.69
Fall: 22.75
Fall: 22.91
Fall: 22.96
Fall: 23.01
Fall: 23.17
Fall: 23.22
Fall: 23.27
Fall: 23.43
Fall: 23.48
Fall: 23.53
Fall: 23.70
Fall: 23.75
Fall: 23.80
Fall: 23.96
Fall: 24.01
Fall: 24.06
Fall: 24.23
Fall: 24.28
Fall: 24.33
Fall: 24.49
Fall: 24.54
Fall: 24.59
Fall: 24.75
Fall: 24.80
Fall: 24.85
Fall: 25.02
Fall: 25.07
Fall: 25.12
Fall: 25.28
Fall: 25.33
Fall: 25.38
Fall: 25.54
Fall: 25.59
Fall: 25.64
Fall: 25.81
Fall: 25.86
Fall: 25.91
Fall: 26.07
Fall: 26.12
Fall: 26.17
Fall: 26.34
Fall: 26.39
Fall: 26.44
Fall: 26.60
Fall: 26.65
Fall: 26.70
Fall: 26.87
Fall: 26.92
Fall: 26.97
Fall: 27.13
Fall: 27.18
Fall: 27.23
Fall: 27.40
Fall: 27.45
Fall: 27.50
Fall: 27.66
Fall: 27.71
Fall: 27.76
Fall: 27.92
Fall: 27.97
Fall: 28.02
Fall: 28.19
Fall: 28.24
Fall: 28.29
Fall: 28.45
Fall: 28.50
Fall: 28.55
Fall: 28.71
Fall: 28.76
Fall: 28.81
Fall: 28.98
Fall: 29.03
Fall: 29.08
Fall: 29.25
Fall: 29.30
Fall: 29.35
Fall: 29.51
Fall: 29.56
Fall: 29.61
Fall: 29.77
Fall: 29.82
Fall: 29.87
Fall: 30.04
Fall: 30.09
Fall: 30.14
Fall: 30.30
Fall: 30.35
Fall: 30.40
Fall: 30.57
Fall: 30.61
Fall: 30.66
Fall: 30.83
Fall: 30.88
Fall: 30.93
Fall: 31.09
Fall: 31.14
Fall: 31.19
Fall: 31.35
Fall: 31.41
Fall: 31.45
Fall: 31.62
Fall: 31.67
Fall: 31.72
Fall: 31.88
Fall: 31.93
Fall: 31.98
Fall: 32.14
Fall: 32.19
Fall: 32.24
Fall: 32.41
Fall: 32.46
Fall: 32.51
Fall: 32.67
Fall: 32.72
Fall: 32.77
Fall: 32.94
Fall: 32.99
Fall: 33.03
Fall: 33.20
Fall: 33.25
Fall: 33.30
Fall: 33.46
Fall: 33.51
Fall: 33.56
Fall: 33.72
Fall: 33.77
Fall: 33.82
Fall: 33.99
Fall: 34.04
Fall: 34.09
Fall: 34.25
Fall: 34.30
Fall: 34.35
Fall: 34.52
Fall: 34.57
Fall: 34.62
Fall: 34.78
Fall: 34.83
Fall: 34.88
Fall: 35.05
Fall: 35.10
Fall: 35.15
Fall: 35.31
Fall: 35.36
Fall: 35.41
Fall: 35.58
Fall: 35.63
Fall: 35.68
Fall: 35.84
Fall: 35.89
Fall: 35.94
Fall: 36.10
Fall: 36.15
Fall: 36.20
Fall: 36.37
Fall: 36.42
Fall: 36.47
Fall: 36.63
Fall: 36.68
Fall: 36.73
Fall: 36.89
Fall: 36.94
Fall: 36.99
Fall: 37.16
Fall: 37.21
Fall: 37.26
Fall: 37.42
Fall: 37.47
Fall: 37.52
Fall: 37.69
Fall: 37.74
Fall: 37.78
Fall: 37.95
Fall: 38.00
Fall: 38.05
Fall: 38.21
Fall: 38.26
Fall: 38.31
Fall: 38.48
Fall: 38.53
Fall: 38.58
Fall: 38.75
Fall: 38.80
Fall: 38.85
Fall: 39.01
Fall: 39.06
Fall: 39.11
Fall: 39.27
Fall: 39.32
Fall: 39.37
Fall: 39.54
Fall: 39.59
Fall: 39.64
Fall: 39.80
Fall: 39.85
Fall: 39.90
6
