Rise: 65.00
Rise: 65.00
Rise: 187.00
Rise: 187.00
Rise: 295.00
Rise: 295.00
Rise: 406.00
Rise: 406.00
Rise: 516.00
Rise: 516.00
Rise: 629.00
Rise: 629.00
Rise: 742.00
Rise: 742.00
Rise: 852.00
Rise: 852.00
Rise: 961.00
Rise: 961.00
Rise: 1078.00
Rise: 1078.00
Rise: 1190.00
Rise: 1190.00
Rise: 1300.00
Rise: 1300.00
Rise: 1411.00
Rise: 1411.00
Rise: 1523.00
Rise: 1523.00
Rise: 1636.00
Rise: 1636.00
Rise: 1748.00
Rise: 1748.00
Rise: 1857.00
Rise: 1857.00
Rise: 1970.00
Rise: 1970.00
Rise: 2074.00
Rise: 2074.00
Rise: 2183.00
Rise: 2183.00
Rise: 2294.00
Rise: 2294.00
Rise: 2404.00
Rise: 2404.00
Rise: 2519.00
Rise: 2519.00
Rise: 2630.00
Rise: 2630.00
Rise: 2736.00
Rise: 2736.00
Rise: 2842.00
Rise: 2842.00
Rise: 2950.00
Rise: 2950.00
Rise: 3060.00
Rise: 3060.00
Rise: 3177.00
Rise: 3177.00
Rise: 3296.00
Rise: 3296.00
Rise: 3404.00
Rise: 3404.00
Rise: 3506.00
Rise: 3506.00
Rise: 3616.00
Rise: 3616.00
Rise: 3722.00
Rise: 3722.00
Rise: 3827.00
Rise: 3827.00
Rise: 3935.00
Rise: 3935.00
Rise: 4045.00
Rise: 4045.00
Rise: 4155.00
Rise: 4155.00
Rise: 4264.00
Rise: 4264.00
Rise: 4374.00
Rise: 4374.00
Rise: 4485.00
Rise: 4485.00
Rise: 4595.00
Rise: 4595.00
Rise: 4710.00
Rise: 4710.00
Rise: 4823.00
Rise: 4823.00
Rise: 4932.00
Rise: 4932.00
Rise: 5034.00
Rise: 5034.00
Rise: 5145.00
Rise: 5145.00
Rise: 5257.00
Rise: 5257.00
Rise: 5371.00
Rise: 5371.00
Rise: 5480.00
Rise: 5480.00
Rise: 5594.00
Rise: 5594.00
Rise: 5700.00
Rise: 5700.00
Rise: 5815.00
Rise: 5815.00
Rise: 5928.00
Rise: 5928.00
Rise: 6039.00
Rise: 6039.00
Rise: 6152.00
Rise: 6152.00
Rise: 6269.00
Rise: 6269.00
Rise: 6379.00
Rise: 6379.00
Rise: 6494.00
Rise: 6494.00
Rise: 6607.00
Rise: 6607.00
Rise: 6718.00
Rise: 6718.00
Rise: 6833.00
Rise: 6833.00
Rise: 6942.00
Rise: 6942.00
Rise: 7050.00
Rise: 7050.00
Rise: 7159.00
Rise: 7159.00
Rise: 7268.00
Rise: 7268.00
Rise: 7375.00
Rise: 7375.00
Rise: 7485.00
Rise: 7485.00
Rise: 7588.00
Rise: 7588.00
Rise: 7697.00
Rise: 7697.00
Rise: 7807.00
Rise: 7807.00
Rise: 7918.00
Rise: 7918.00
Rise: 8028.00
Rise: 8028.00
Rise: 8141.00
Rise: 8141.00
Rise: 8261.00
Rise: 8261.00
Rise: 8367.00
Rise: 8367.00
Rise: 8472.00
Rise: 8472.00
Rise: 8588.00
Rise: 8588.00
Rise: 8699.00
Rise: 8699.00
Rise: 8812.00
Rise: 8812.00
Rise: 8924.00
Rise: 8924.00
Rise: 9033.00
Rise: 9033.00
Rise: 9138.00
Rise: 9138.00
Rise: 9247.00
Rise: 9247.00
Rise: 9362.00
Rise: 9362.00
Rise: 9465.00
Rise: 9465.00
Rise: 9570.00
Rise: 9570.00
Rise: 9682.00
Rise: 9682.00
Rise: 9792.00
Rise: 9792.00
Rise: 9901.00
Rise: 9901.00
Rise: 10010.00
Rise: 10010.00
Rise: 10127.00
Rise: 10127.00
Rise: 10235.00
Rise: 10235.00
Rise: 10346.00
Rise: 10346.00
Rise: 10462.00
Rise: 10462.00
Rise: 10565.00
Rise: 10565.00
Rise: 10675.00
Rise: 10675.00
Rise: 10787.00
Rise: 10787.00
Rise: 10897.00
Rise: 10897.00
Rise: 11000.00
Rise: 11000.00
Rise: 11105.00
Rise: 11105.00
Rise: 11208.00
Rise: 11208.00
Rise: 11309.00
Rise: 11309.00
Rise: 11421.00
Rise: 11421.00
Rise: 11527.00
Rise: 11527.00
Rise: 11640.00
Rise: 11640.00
Rise: 11750.00
Rise: 11750.00
Rise: 11862.00
Rise: 11862.00
Rise: 11976.00
Rise: 11976.00
Rise: 12086.00
Rise: 12086.00
Rise: 12197.00
Rise: 12197.00
Rise: 12309.00
Rise: 12309.00
Rise: 12414.00
Rise: 12414.00
Rise: 12529.00
Rise: 12529.00
Rise: 12641.00
Rise: 12641.00
Rise: 12751.00
Rise: 12751.00
Rise: 12860.00
Rise: 12860.00
Rise: 12976.00
Rise: 12976.00
Rise: 13087.00
Rise: 13087.00
Rise: 13198.00
Rise: 13198.00
Rise: 13307.00
Rise: 13307.00
Rise: 13410.00
Rise: 13410.00
Rise: 13522.00
Rise: 13522.00
Rise: 13633.00
Rise: 13633.00
Rise: 13744.00
Rise: 13744.00
Rise: 13858.00
Rise: 13858.00
Rise: 13966.00
Rise: 13966.00
Rise: 14078.00
Rise: 14078.00
Rise: 14189.00
Rise: 14189.00
Rise: 14300.00
Rise: 14300.00
Rise: 14409.00
Rise: 14409.00
Rise: 14517.00
Rise: 14517.00
Rise: 14622.00
Rise: 14622.00
Rise: 14728.00
Rise: 14728.00
Rise: 14839.00
Rise: 14839.00
Rise: 14943.00
Rise: 14943.00
Rise: 15052.00
Rise: 15052.00
Rise: 15163.00
Rise: 15163.00
Rise: 15275.00
Rise: 15275.00
Rise: 15379.00
Rise: 15379.00
Rise: 15488.00
Rise: 15488.00
Rise: 15602.00
Rise: 15602.00
Rise: 15711.00
Rise: 15711.00
Rise: 15817.00
Rise: 15817.00
Rise: 15929.00
Rise: 15929.00
Rise: 16044.00
Rise: 16044.00
Rise: 16157.00
Rise: 16157.00
Rise: 16260.00
Rise: 16260.00
Rise: 16371.00
Rise: 16371.00
Rise: 16482.00
Rise: 16482.00
Rise: 16595.00
Rise: 16595.00
Rise: 16704.00
Rise: 16704.00
Rise: 16821.00
Rise: 16821.00
Rise: 16934.00
Rise: 16934.00
Rise: 17043.00
Rise: 17043.00
Rise: 17157.00
Rise: 17157.00
Rise: 17263.00
Rise: 17263.00
Rise: 17373.00
Rise: 17373.00
Rise: 17485.00
Rise: 17485.00
Rise: 17591.00
Rise: 17591.00
Rise: 17703.00
Rise: 17703.00
Rise: 17818.00
Rise: 17818.00
Rise: 17923.00
Rise: 17923.00
Rise: 18035.00
Rise: 18035.00
Rise: 18146.00
Rise: 18146.00
Rise: 18257.00
Rise: 18257.00
Rise: 18376.00
Rise: 18376.00
Rise: 18481.00
Rise: 18481.00
Rise: 18591.00
Rise: 18591.00
Rise: 18704.00
Rise: 18704.00
Rise: 18809.00
Rise: 18809.00
Rise: 18915.00
Rise: 18915.00
Rise: 19034.00
Rise: 19034.00
Rise: 19145.00
Rise: 19145.00
Rise: 19251.00
Rise: 19251.00
Rise: 19365.00
Rise: 19365.00
Rise: 19476.00
Rise: 19476.00
Rise: 19588.00
Rise: 19588.00
Rise: 19696.00
Rise: 19696.00
Rise: 19802.00
Rise: 19802.00
Rise: 19915.00
Rise: 19915.00
Rise: 20029.00
2
Rise: 20029.00
Rise: 20143.00
Rise: 20143.00
Rise: 20256.00
Rise: 20256.00
Rise: 20371.00
Rise: 20371.00
Rise: 20481.00
Rise: 20481.00
Rise: 20590.00
Rise: 20590.00
Rise: 20701.00
Rise: 20701.00
Rise: 20814.00
Rise: 20814.00
Rise: 20925.00
Rise: 20925.00
Rise: 21039.00
Rise: 21039.00
Rise: 21151.00
Rise: 21151.00
Rise: 21262.00
Rise: 21262.00
Rise: 21371.00
Rise: 21371.00
Rise: 21483.00
Rise: 21483.00
Rise: 21588.00
Rise: 21588.00
Rise: 21701.00
Rise: 21701.00
Rise: 21813.00
Rise: 21813.00
Rise: 21923.00
Rise: 21923.00
Rise: 22031.00
Rise: 22031.00
Rise: 22147.00
Rise: 22147.00
Rise: 22257.00
Rise: 22257.00
Rise: 22368.00
Rise: 22368.00
Rise: 22479.00
Rise: 22479.00
Rise: 22587.00
Rise: 22587.00
Rise: 22693.00
Rise: 22693.00
Rise: 22803.00
Rise: 22803.00
Rise: 22919.00
Rise: 22919.00
Rise: 23031.00
Rise: 23031.00
Rise: 23143.00
Rise: 23143.00
Rise: 23248.00
Rise: 23248.00
Rise: 23361.00
Rise: 23361.00
Rise: 23470.00
Rise: 23470.00
Rise: 23580.00
Rise: 23580.00
Rise: 23691.00
Rise: 23691.00
Rise: 23810.00
Rise: 23810.00
Rise: 23915.00
Rise: 23915.00
Rise: 24026.00
Rise: 24026.00
Rise: 24139.00
Rise: 24139.00
Rise: 24250.00
Rise: 24250.00
Rise: 24362.00
Rise: 24362.00
Rise: 24473.00
Rise: 24473.00
Rise: 24582.00
Rise: 24582.00
Rise: 24697.00
Rise: 24697.00
Rise: 24806.00
Rise: 24806.00
Rise: 24910.00
Rise: 24910.00
Rise: 25019.00
Rise: 25019.00
Rise: 25134.00
Rise: 25134.00
Rise: 25249.00
Rise: 25249.00
Rise: 25359.00
Rise: 25359.00
Rise: 25466.00
Rise: 25466.00
Rise: 25574.00
Rise: 25574.00
Rise: 25682.00
Rise: 25682.00
Rise: 25791.00
Rise: 25791.00
Rise: 25894.00
Rise: 25894.00
Rise: 25998.00
Rise: 25998.00
Rise: 26111.00
Rise: 26111.00
Rise: 26228.00
Rise: 26228.00
Rise: 26339.00
Rise: 26339.00
Rise: 26455.00
Rise: 26455.00
Rise: 26561.00
Rise: 26561.00
Rise: 26667.00
Rise: 26667.00
Rise: 26776.00
Rise: 26776.00
Rise: 26892.00
Rise: 26892.00
Rise: 27002.00
Rise: 27002.00
Rise: 27116.00
Rise: 27116.00
Rise: 27227.00
Rise: 27227.00
Rise: 27341.00
Rise: 27341.00
Rise: 27450.00
Rise: 27450.00
Rise: 27566.00
Rise: 27566.00
Rise: 27680.00
Rise: 27680.00
Rise: 27785.00
Rise: 27785.00
Rise: 27894.00
Rise: 27894.00
Rise: 28010.00
Rise: 28010.00
Rise: 28129.00
Rise: 28129.00
Rise: 28242.00
Rise: 28242.00
Rise: 28347.00
Rise: 28347.00
Rise: 28460.00
Rise: 28460.00
Rise: 28570.00
Rise: 28570.00
Rise: 28685.00
Rise: 28685.00
Rise: 28798.00
Rise: 28798.00
Rise: 28909.00
Rise: 28909.00
Rise: 29018.00
Rise: 29018.00
Rise: 29130.00
Rise: 29130.00
Rise: 29241.00
Rise: 29241.00
Rise: 29357.00
Rise: 29357.00
Rise: 29470.00
Rise: 29470.00
Rise: 29576.00
Rise: 29576.00
Rise: 29680.00
Rise: 29680.00
Rise: 29786.00
Rise: 29786.00
Rise: 29892.00
Rise: 29892.00
Rise: 30003.00
Rise: 30003.00
Rise: 30106.00
Rise: 30106.00
Rise: 30214.00
Rise: 30214.00
Rise: 30327.00
Rise: 30327.00
Rise: 30437.00
Rise: 30437.00
Rise: 30548.00
Rise: 30548.00
Rise: 30657.00
Rise: 30657.00
Rise: 30763.00
Rise: 30763.00
Rise: 30871.00
Rise: 30871.00
Rise: 30984.00
Rise: 30984.00
Rise: 31101.00
Rise: 31101.00
Rise: 31206.00
Rise: 31206.00
Rise: 31316.00
Rise: 31316.00
Rise: 31431.00
Rise: 31431.00
Rise: 31543.00
Rise: 31543.00
Rise: 31653.00
Rise: 31653.00
Rise: 31765.00
Rise: 31765.00
Rise: 31875.00
Rise: 31875.00
Rise: 31977.00
Rise: 31977.00
Rise: 32083.00
Rise: 32083.00
Rise: 32196.00
Rise: 32196.00
Rise: 32306.00
Rise: 32306.00
Rise: 32420.00
Rise: 32420.00
Rise: 32531.00
Rise: 32531.00
Rise: 32647.00
Rise: 32647.00
Rise: 32757.00
Rise: 32757.00
Rise: 32869.00
Rise: 32869.00
Rise: 32979.00
Rise: 32979.00
Rise: 33091.00
Rise: 33091.00
Rise: 33203.00
Rise: 33203.00
Rise: 33315.00
Rise: 33315.00
Rise: 33421.00
Rise: 33421.00
Rise: 33526.00
Rise: 33526.00
Rise: 33636.00
Rise: 33636.00
Rise: 33744.00
Rise: 33744.00
Rise: 33851.00
Rise: 33851.00
Rise: 33960.00
Rise: 33960.00
Rise: 34071.00
Rise: 34071.00
Rise: 34187.00
Rise: 34187.00
Rise: 34298.00
Rise: 34298.00
Rise: 34414.00
Rise: 34414.00
Rise: 34523.00
Rise: 34523.00
Rise: 34630.00
Rise: 34630.00
Rise: 34742.00
Rise: 34742.00
Rise: 34852.00
Rise: 34852.00
Rise: 34963.00
Rise: 34963.00
Rise: 35079.00
Rise: 35079.00
Rise: 35182.00
Rise: 35182.00
Rise: 35294.00
Rise: 35294.00
Rise: 35402.00
Rise: 35402.00
Rise: 35518.00
Rise: 35518.00
Rise: 35629.00
Rise: 35629.00
Rise: 35741.00
Rise: 35741.00
Rise: 35853.00
Rise: 35853.00
Rise: 35965.00
Rise: 35965.00
Rise: 36074.00
Rise: 36074.00
Rise: 36187.00
Rise: 36187.00
Rise: 36302.00
Rise: 36302.00
Rise: 36408.00
Rise: 36408.00
Rise: 36513.00
Rise: 36513.00
Rise: 36634.00
Rise: 36634.00
Rise: 36748.00
Rise: 36748.00
Rise: 36858.00
Rise: 36858.00
Rise: 36974.00
Rise: 36974.00
Rise: 37089.00
Rise: 37089.00
Rise: 37201.00
Rise: 37201.00
Rise: 37307.00
Rise: 37307.00
Rise: 37409.00
Rise: 37409.00
Rise: 37526.00
Rise: 37526.00
Rise: 37636.00
Rise: 37636.00
Rise: 37744.00
Rise: 37744.00
Rise: 37853.00
Rise: 37853.00
Rise: 37962.00
Rise: 37962.00
Rise: 38072.00
Rise: 38072.00
Rise: 38183.00
Rise: 38183.00
Rise: 38291.00
Rise: 38291.00
Rise: 38412.00
Rise: 38412.00
Rise: 38518.00
Rise: 38518.00
Rise: 38631.00
Rise: 38631.00
Rise: 38740.00
Rise: 38740.00
Rise: 38852.00
Rise: 38852.00
Rise: 38964.00
Rise: 38964.00
Rise: 39077.00
Rise: 39077.00
Rise: 39186.00
Rise: 39186.00
Rise: 39294.00
Rise: 39294.00
Rise: 39405.00
Rise: 39405.00
Rise: 39511.00
Rise: 39511.00
Rise: 39624.00
Rise: 39624.00
Rise: 39737.00
Rise: 39737.00
Rise: 39851.00
Rise: 39851.00
Rise: 39961.00
Rise: 39961.00
Fall: 40070.00
3
Rise: 40070.00
Rise: 40179.00
Rise: 40179.00
Rise: 40286.00
Rise: 40286.00
Rise: 40395.00
Rise: 40395.00
Rise: 40503.00
Rise: 40503.00
Rise: 40608.00
Rise: 40608.00
Rise: 40713.00
Rise: 40713.00
Rise: 40824.00
Rise: 40824.00
Rise: 40933.00
Rise: 40933.00
Rise: 41049.00
Rise: 41049.00
Rise: 41156.00
Rise: 41156.00
Rise: 41261.00
Rise: 41261.00
Rise: 41371.00
Rise: 41371.00
Rise: 41481.00
Rise: 41481.00
