50.00
50.00
200000.00
40000.00
50.00
50.00
200000.00
40000.00
50.00
50.00
200000.00
40000.00
50.00
50.00
200000.00
40000.00
50.00
50.00
200000.00
40000.00
50.00
50.00
200000.00
40000.00
50.00
50.00
200000.00
40000.00
50.00
50.00
200000.00
40000.00
50.00
50.00
200000.00
40000.00
50.00
50.00
200000.00
40000.00
50.00
50.00
200000.00
40000.00
50.00
50.00
200000.00
40000.00
50.00
50.00
200000.00
40000.00
50.00
50.00
200000.00
40000.00
50.00
50.00
200000.00
40000.00
50.00
50.00
200000.00
40000.00
50.00
50.00
200000.00
40000.00
50.00
50.00
200000.00
40000.00
50.00
50.00
200000.00
40000.00
50.00
50.00
200000.00
40000.00
Rise: 24.09
Fall: 24.23
Fall: 24.28
Fall: 24.33
Fall: 24.50
Fall: 24.55
Fall: 24.60
Fall: 24.76
Fall: 24.81
Fall: 24.86
Fall: 25.02
Fall: 25.07
Fall: 25.12
Fall: 25.29
Fall: 25.34
Fall: 25.39
Fall: 25.55
Fall: 25.60
Fall: 25.65
Fall: 25.82
Fall: 25.87
Fall: 25.92
Fall: 26.08
Fall: 26.13
Fall: 26.18
Fall: 26.34
Fall: 26.39
Fall: 26.44
Fall: 26.61
Fall: 26.66
Fall: 26.71
Fall: 26.88
Fall: 26.93
Fall: 26.98
Fall: 27.14
Fall: 27.19
Fall: 27.24
Fall: 27.40
Fall: 27.45
Fall: 27.50
Fall: 27.66
Fall: 27.71
Fall: 27.76
Fall: 27.93
Fall: 27.98
Fall: 28.03
Fall: 28.19
Fall: 28.24
Fall: 28.29
Fall: 28.46
Fall: 28.51
Fall: 28.56
Fall: 28.72
Fall: 28.77
Fall: 28.82
Fall: 28.98
Fall: 29.03
Fall: 29.08
Fall: 29.25
Fall: 29.30
Fall: 29.34
Fall: 29.51
Fall: 29.56
Fall: 29.61
Fall: 29.77
Fall: 29.82
Fall: 29.87
Fall: 30.04
Fall: 30.09
Fall: 30.14
Fall: 30.30
Fall: 30.35
Fall: 30.40
Fall: 30.56
Fall: 30.61
Fall: 30.66
Fall: 30.83
Fall: 30.88
Fall: 30.93
Fall: 31.09
Fall: 31.14
Fall: 31.19
Fall: 31.35
Fall: 31.41
Fall: 31.45
Fall: 31.62
Fall: 32.68
Fall: 32.77
Fall: 37.03
Fall: 37.16
Fall: 37.21
Fall: 37.26
Fall: 37.43
Fall: 37.48
Fall: 37.53
Fall: 37.69
Fall: 37.74
Fall: 37.79
Fall: 37.96
Fall: 38.01
Fall: 38.06
Fall: 38.22
Fall: 38.27
Fall: 38.32
Fall: 38.48
Fall: 38.53
Fall: 38.58
Fall: 38.75
Fall: 38.80
Fall: 38.85
Fall: 39.01
Fall: 39.06
Fall: 39.11
Fall: 39.28
6
