Rise: 11.21
Rise: 11.32
Rise: 11.42
Rise: 11.53
Rise: 11.63
Rise: 11.78
Rise: 13.39
Rise: 13.50
Rise: 13.60
Rise: 13.71
Rise: 13.81
Rise: 13.92
Rise: 14.03
Rise: 15.09
Rise: 15.23
Rise: 15.28
Rise: 15.33
Rise: 15.50
Rise: 15.55
Rise: 15.60
Rise: 15.76
Rise: 15.81
Rise: 15.86
Rise: 16.03
Rise: 16.08
Rise: 16.13
Rise: 16.29
Rise: 16.34
Rise: 16.39
Rise: 16.56
Rise: 16.61
Rise: 16.66
Rise: 16.82
Rise: 16.87
Rise: 16.92
Rise: 17.23
Rise: 17.28
Rise: 17.33
Rise: 17.49
Rise: 17.54
Rise: 17.59
Rise: 17.76
Rise: 17.81
Rise: 17.86
Rise: 18.02
Rise: 18.07
Rise: 18.12
Rise: 18.28
Rise: 18.33
Rise: 18.39
Rise: 18.55
Rise: 18.60
Rise: 18.65
Rise: 18.82
Rise: 18.87
Rise: 18.92
Rise: 19.08
Rise: 19.13
Rise: 19.18
Rise: 19.34
Rise: 19.39
Rise: 19.44
Rise: 19.61
Rise: 19.66
Rise: 19.71
Rise: 19.88
Rise: 19.93
Rise: 19.98
Rise: 20.14
Rise: 20.19
Rise: 20.24
Rise: 20.40
Rise: 20.45
Rise: 20.50
Rise: 20.67
Rise: 20.72
Rise: 20.77
Rise: 20.93
Rise: 20.98
Rise: 21.03
Rise: 21.20
Rise: 21.25
Rise: 21.30
Rise: 21.46
Rise: 21.51
Rise: 21.56
Rise: 21.72
Rise: 21.77
Rise: 21.82
Rise: 21.99
Rise: 22.04
Rise: 22.09
Rise: 22.25
Rise: 22.30
Rise: 22.35
Rise: 22.52
Rise: 22.57
Rise: 22.62
Rise: 22.78
Rise: 22.83
Rise: 22.88
Rise: 23.04
Rise: 23.09
Rise: 23.14
Rise: 23.31
Rise: 23.36
Rise: 23.41
Rise: 23.57
Rise: 23.62
Rise: 23.67
Rise: 23.84
Rise: 23.89
Rise: 23.94
Rise: 24.10
Rise: 24.15
Rise: 24.20
Rise: 24.37
Rise: 24.42
Rise: 24.47
Rise: 24.63
Rise: 24.68
Rise: 24.73
Rise: 24.90
Rise: 24.95
Rise: 25.00
Rise: 25.16
Rise: 25.21
Rise: 25.26
Rise: 25.42
Rise: 25.47
Rise: 25.52
Rise: 25.69
Rise: 25.74
Rise: 25.79
Rise: 25.95
Rise: 26.00
Rise: 26.05
Rise: 26.22
Rise: 26.27
Rise: 26.32
Rise: 26.48
Rise: 26.53
Rise: 26.58
Rise: 26.75
Rise: 26.80
Rise: 26.85
Rise: 27.02
Rise: 27.07
Rise: 27.12
Rise: 27.28
Rise: 27.33
Rise: 27.38
Rise: 27.55
Rise: 27.60
Rise: 27.65
Rise: 27.81
Rise: 27.86
Rise: 27.91
Rise: 28.08
Rise: 28.13
Rise: 28.18
Rise: 28.34
Rise: 28.39
Rise: 28.44
Rise: 28.60
Rise: 28.65
Rise: 28.70
Rise: 28.87
Rise: 28.92
Rise: 28.97
Rise: 29.13
Rise: 29.18
Rise: 29.23
Rise: 29.40
Rise: 29.45
Rise: 29.50
Rise: 29.66
Rise: 29.71
Rise: 29.76
Rise: 29.92
Rise: 29.97
Rise: 30.02
Rise: 30.19
Rise: 30.24
Rise: 30.29
Rise: 30.45
Rise: 30.50
Rise: 30.55
Rise: 30.72
Rise: 30.77
Rise: 30.82
Rise: 30.98
Fall: 31.03
Fall: 31.08
Fall: 31.25
Fall: 31.30
Fall: 31.35
Fall: 31.52
Fall: 31.57
Fall: 31.62
Fall: 31.78
Fall: 31.83
Fall: 31.88
Fall: 32.04
Fall: 32.09
Fall: 32.14
Fall: 32.31
Fall: 32.36
Fall: 32.41
Fall: 32.57
Fall: 33.62
Fall: 33.71
Fall: 33.81
Fall: 33.91
Fall: 34.02
Fall: 34.12
Fall: 34.23
Fall: 34.33
Fall: 34.44
Fall: 34.55
Fall: 34.65
Fall: 34.75
Fall: 34.86
Fall: 34.97
Fall: 35.07
Fall: 35.18
Fall: 35.28
Fall: 35.38
Fall: 35.49
Fall: 35.59
Fall: 35.72
Fall: 36.79
Fall: 36.93
Fall: 36.98
Fall: 37.03
Fall: 37.19
Fall: 37.24
Fall: 37.29
Fall: 37.46
Fall: 37.51
Fall: 37.56
Fall: 37.72
Fall: 37.77
Fall: 37.82
Fall: 37.99
Fall: 38.04
Fall: 38.09
Fall: 38.26
Fall: 38.31
Fall: 38.36
Fall: 38.52
Fall: 38.57
Fall: 38.62
Fall: 38.79
Fall: 38.84
Fall: 38.89
Fall: 39.05
Fall: 39.10
Fall: 39.15
Fall: 39.32
Fall: 39.37
Fall: 39.42
Fall: 39.58
Fall: 39.63
Fall: 39.68
Fall: 39.84
Fall: 39.89
Fall: 39.94
Fall: 40.11
Fall: 40.16
Fall: 40.21
Fall: 40.39
Fall: 40.44
Fall: 40.49
Fall: 40.67
Fall: 40.72
Fall: 40.77
Fall: 40.94
Fall: 40.99
Fall: 41.04
Fall: 41.20
Fall: 42.26
Fall: 42.35
Fall: 42.46
Fall: 42.56
Fall: 42.67
Fall: 46.40
Fall: 46.51
Fall: 46.62
Fall: 46.72
Fall: 46.82
Fall: 46.92
Fall: 47.03
Fall: 47.13
Fall: 47.24
Fall: 47.34
Fall: 47.44
Fall: 47.55
Fall: 47.65
Fall: 47.76
Fall: 47.86
Fall: 47.96
Fall: 48.06
Fall: 48.16
Fall: 48.27
Fall: 48.37
Fall: 48.47
Fall: 48.58
Fall: 48.73
